[7.737s] Invoking command in '/root/dev_ws/src/origincar/line_follower_pkg': PYTHONPATH=/root/dev_ws/build/line_follower_pkg/prefix_override:/usr/lib/python3/dist-packages/colcon_core/task/python/colcon_distutils_commands:/root/dev_ws/install/line_follower_pkg/lib/python3.10/site-packages:${PYTHONPATH} /usr/bin/python3 -W ignore:setup.py install is deprecated -W ignore:easy_install command is deprecated setup.py egg_info --egg-base ../../../build/line_follower_pkg build --build-base /root/dev_ws/build/line_follower_pkg/build install --record /root/dev_ws/build/line_follower_pkg/install.log --single-version-externally-managed install_data
[9.541s] running egg_info
[9.553s] writing ../../../build/line_follower_pkg/line_follower_pkg.egg-info/PKG-INFO
[9.556s] writing dependency_links to ../../../build/line_follower_pkg/line_follower_pkg.egg-info/dependency_links.txt
[9.556s] writing entry points to ../../../build/line_follower_pkg/line_follower_pkg.egg-info/entry_points.txt
[9.557s] writing requirements to ../../../build/line_follower_pkg/line_follower_pkg.egg-info/requires.txt
[9.558s] writing top-level names to ../../../build/line_follower_pkg/line_follower_pkg.egg-info/top_level.txt
[9.567s] reading manifest file '../../../build/line_follower_pkg/line_follower_pkg.egg-info/SOURCES.txt'
[9.573s] writing manifest file '../../../build/line_follower_pkg/line_follower_pkg.egg-info/SOURCES.txt'
[9.573s] running build
[9.574s] running build_py
[9.577s] running install
[9.578s] running install_lib
[9.584s] running install_data
[9.585s] running install_egg_info
[9.596s] removing '/root/dev_ws/install/line_follower_pkg/lib/python3.10/site-packages/line_follower_pkg-0.0.1-py3.10.egg-info' (and everything under it)
[9.598s] Copying ../../../build/line_follower_pkg/line_follower_pkg.egg-info to /root/dev_ws/install/line_follower_pkg/lib/python3.10/site-packages/line_follower_pkg-0.0.1-py3.10.egg-info
[9.603s] running install_scripts
[9.735s] Installing line_follower script to /root/dev_ws/install/line_follower_pkg/lib/line_follower_pkg
[9.738s] writing list of installed files to '/root/dev_ws/build/line_follower_pkg/install.log'
[9.953s] Invoked command in '/root/dev_ws/src/origincar/line_follower_pkg' returned '0': PYTHONPATH=/root/dev_ws/build/line_follower_pkg/prefix_override:/usr/lib/python3/dist-packages/colcon_core/task/python/colcon_distutils_commands:/root/dev_ws/install/line_follower_pkg/lib/python3.10/site-packages:${PYTHONPATH} /usr/bin/python3 -W ignore:setup.py install is deprecated -W ignore:easy_install command is deprecated setup.py egg_info --egg-base ../../../build/line_follower_pkg build --build-base /root/dev_ws/build/line_follower_pkg/build install --record /root/dev_ws/build/line_follower_pkg/install.log --single-version-externally-managed install_data
