[0.298s] Invoking command in '/root/dev_ws/build/lslidar_msgs': CMAKE_PREFIX_PATH=${CMAKE_PREFIX_PATH}:/root/dev_ws/install/line_follower_pkg:/root/dev_ws/install/laser_tf_publisher:/userdata/dev_ws/install/utils:/userdata/dev_ws/install/origincar_base:/userdata/dev_ws/install/serial:/userdata/dev_ws/install/origincar_msg:/userdata/dev_ws/install/origincar_description:/userdata/dev_ws/install/origincar_bringup:/userdata/dev_ws/install/line_follower_pkg:/userdata/dev_ws/install/ackermann_msgs:/opt/tros/humble:/opt/ros/humble /usr/bin/cmake --build /root/dev_ws/build/lslidar_msgs -- -j8 -l8
[4.731s] [  0%] Built target lslidar_msgs__cpp
[4.731s] [ 12%] Built target lslidar_msgs__rosidl_generator_c
[4.732s] [ 12%] Built target ament_cmake_python_copy_lslidar_msgs
[4.732s] [ 24%] Built target lslidar_msgs__rosidl_typesupport_fastrtps_cpp
[4.733s] [ 38%] Built target lslidar_msgs__rosidl_typesupport_cpp
[4.733s] [ 48%] Built target lslidar_msgs__rosidl_typesupport_introspection_cpp
[4.733s] [ 60%] Built target lslidar_msgs__rosidl_typesupport_introspection_c
[4.734s] [ 72%] Built target lslidar_msgs__rosidl_typesupport_fastrtps_c
[4.734s] [ 84%] Built target lslidar_msgs__rosidl_typesupport_c
[4.735s] [ 84%] Built target lslidar_msgs
[4.735s] [ 85%] Built target lslidar_msgs__py
[4.736s] [ 96%] Built target lslidar_msgs__rosidl_generator_py
[4.736s] [ 97%] Built target lslidar_msgs__rosidl_typesupport_fastrtps_c__pyext
[4.736s] [ 99%] Built target lslidar_msgs__rosidl_typesupport_introspection_c__pyext
[4.737s] [100%] Built target lslidar_msgs__rosidl_typesupport_c__pyext
[4.737s] running egg_info
[4.738s] writing lslidar_msgs.egg-info/PKG-INFO
[4.738s] writing dependency_links to lslidar_msgs.egg-info/dependency_links.txt
[4.739s] writing top-level names to lslidar_msgs.egg-info/top_level.txt
[4.739s] reading manifest file 'lslidar_msgs.egg-info/SOURCES.txt'
[4.740s] writing manifest file 'lslidar_msgs.egg-info/SOURCES.txt'
[4.740s] [100%] Built target ament_cmake_python_build_lslidar_msgs_egg
[4.795s] Invoked command in '/root/dev_ws/build/lslidar_msgs' returned '0': CMAKE_PREFIX_PATH=${CMAKE_PREFIX_PATH}:/root/dev_ws/install/line_follower_pkg:/root/dev_ws/install/laser_tf_publisher:/userdata/dev_ws/install/utils:/userdata/dev_ws/install/origincar_base:/userdata/dev_ws/install/serial:/userdata/dev_ws/install/origincar_msg:/userdata/dev_ws/install/origincar_description:/userdata/dev_ws/install/origincar_bringup:/userdata/dev_ws/install/line_follower_pkg:/userdata/dev_ws/install/ackermann_msgs:/opt/tros/humble:/opt/ros/humble /usr/bin/cmake --build /root/dev_ws/build/lslidar_msgs -- -j8 -l8
[4.803s] Invoking command in '/root/dev_ws/build/lslidar_msgs': CMAKE_PREFIX_PATH=${CMAKE_PREFIX_PATH}:/root/dev_ws/install/line_follower_pkg:/root/dev_ws/install/laser_tf_publisher:/userdata/dev_ws/install/utils:/userdata/dev_ws/install/origincar_base:/userdata/dev_ws/install/serial:/userdata/dev_ws/install/origincar_msg:/userdata/dev_ws/install/origincar_description:/userdata/dev_ws/install/origincar_bringup:/userdata/dev_ws/install/line_follower_pkg:/userdata/dev_ws/install/ackermann_msgs:/opt/tros/humble:/opt/ros/humble /usr/bin/cmake --install /root/dev_ws/build/lslidar_msgs
[4.984s] -- Install configuration: ""
[4.985s] -- Up-to-date: /root/dev_ws/install/lslidar_msgs/share/ament_index/resource_index/rosidl_interfaces/lslidar_msgs
[4.988s] -- Up-to-date: /root/dev_ws/install/lslidar_msgs/include/lslidar_msgs/lslidar_msgs
[4.989s] -- Up-to-date: /root/dev_ws/install/lslidar_msgs/include/lslidar_msgs/lslidar_msgs/msg
[4.990s] -- Up-to-date: /root/dev_ws/install/lslidar_msgs/include/lslidar_msgs/lslidar_msgs/msg/lslidar_information.h
[4.992s] -- Up-to-date: /root/dev_ws/install/lslidar_msgs/include/lslidar_msgs/lslidar_msgs/msg/lslidar_packet.h
[4.994s] -- Up-to-date: /root/dev_ws/install/lslidar_msgs/include/lslidar_msgs/lslidar_msgs/msg/rosidl_generator_c__visibility_control.h
[4.999s] -- Up-to-date: /root/dev_ws/install/lslidar_msgs/include/lslidar_msgs/lslidar_msgs/msg/detail
[5.011s] -- Up-to-date: /root/dev_ws/install/lslidar_msgs/include/lslidar_msgs/lslidar_msgs/msg/detail/lslidar_packet__struct.h
[5.012s] -- Up-to-date: /root/dev_ws/install/lslidar_msgs/include/lslidar_msgs/lslidar_msgs/msg/detail/lslidar_information__struct.h
[5.014s] -- Up-to-date: /root/dev_ws/install/lslidar_msgs/include/lslidar_msgs/lslidar_msgs/msg/detail/lslidar_information__functions.h
[5.015s] -- Up-to-date: /root/dev_ws/install/lslidar_msgs/include/lslidar_msgs/lslidar_msgs/msg/detail/lslidar_packet__type_support.h
[5.021s] -- Up-to-date: /root/dev_ws/install/lslidar_msgs/include/lslidar_msgs/lslidar_msgs/msg/detail/lslidar_packet__functions.h
[5.026s] -- Up-to-date: /root/dev_ws/install/lslidar_msgs/include/lslidar_msgs/lslidar_msgs/msg/detail/lslidar_information__functions.c
[5.027s] -- Up-to-date: /root/dev_ws/install/lslidar_msgs/include/lslidar_msgs/lslidar_msgs/msg/detail/lslidar_information__type_support.h
[5.028s] -- Up-to-date: /root/dev_ws/install/lslidar_msgs/include/lslidar_msgs/lslidar_msgs/msg/detail/lslidar_packet__functions.c
[5.033s] -- Up-to-date: /root/dev_ws/install/lslidar_msgs/include/lslidar_msgs/lslidar_msgs/srv
[5.034s] -- Up-to-date: /root/dev_ws/install/lslidar_msgs/include/lslidar_msgs/lslidar_msgs/srv/angle_distortion_correction.h
[5.036s] -- Up-to-date: /root/dev_ws/install/lslidar_msgs/include/lslidar_msgs/lslidar_msgs/srv/power_control.h
[5.041s] -- Up-to-date: /root/dev_ws/install/lslidar_msgs/include/lslidar_msgs/lslidar_msgs/srv/tail_removal.h
[5.042s] -- Up-to-date: /root/dev_ws/install/lslidar_msgs/include/lslidar_msgs/lslidar_msgs/srv/invalid_data.h
[5.045s] -- Up-to-date: /root/dev_ws/install/lslidar_msgs/include/lslidar_msgs/lslidar_msgs/srv/motor_speed.h
[5.050s] -- Up-to-date: /root/dev_ws/install/lslidar_msgs/include/lslidar_msgs/lslidar_msgs/srv/time_mode.h
[5.053s] -- Up-to-date: /root/dev_ws/install/lslidar_msgs/include/lslidar_msgs/lslidar_msgs/srv/frame_rate.h
[5.054s] -- Up-to-date: /root/dev_ws/install/lslidar_msgs/include/lslidar_msgs/lslidar_msgs/srv/standby_mode.h
[5.055s] -- Up-to-date: /root/dev_ws/install/lslidar_msgs/include/lslidar_msgs/lslidar_msgs/srv/ip_and_port.h
[5.056s] -- Up-to-date: /root/dev_ws/install/lslidar_msgs/include/lslidar_msgs/lslidar_msgs/srv/rfd_removal.h
[5.057s] -- Up-to-date: /root/dev_ws/install/lslidar_msgs/include/lslidar_msgs/lslidar_msgs/srv/detail
[5.058s] -- Up-to-date: /root/dev_ws/install/lslidar_msgs/include/lslidar_msgs/lslidar_msgs/srv/detail/tail_removal__struct.h
[5.059s] -- Up-to-date: /root/dev_ws/install/lslidar_msgs/include/lslidar_msgs/lslidar_msgs/srv/detail/standby_mode__type_support.h
[5.060s] -- Up-to-date: /root/dev_ws/install/lslidar_msgs/include/lslidar_msgs/lslidar_msgs/srv/detail/frame_rate__struct.h
[5.061s] -- Up-to-date: /root/dev_ws/install/lslidar_msgs/include/lslidar_msgs/lslidar_msgs/srv/detail/angle_distortion_correction__functions.h
[5.062s] -- Up-to-date: /root/dev_ws/install/lslidar_msgs/include/lslidar_msgs/lslidar_msgs/srv/detail/power_control__functions.c
[5.063s] -- Up-to-date: /root/dev_ws/install/lslidar_msgs/include/lslidar_msgs/lslidar_msgs/srv/detail/motor_speed__functions.c
[5.063s] -- Up-to-date: /root/dev_ws/install/lslidar_msgs/include/lslidar_msgs/lslidar_msgs/srv/detail/power_control__struct.h
[5.064s] -- Up-to-date: /root/dev_ws/install/lslidar_msgs/include/lslidar_msgs/lslidar_msgs/srv/detail/angle_distortion_correction__type_support.h
[5.065s] -- Up-to-date: /root/dev_ws/install/lslidar_msgs/include/lslidar_msgs/lslidar_msgs/srv/detail/ip_and_port__functions.h
[5.065s] -- Up-to-date: /root/dev_ws/install/lslidar_msgs/include/lslidar_msgs/lslidar_msgs/srv/detail/motor_control__type_support.h
[5.066s] -- Up-to-date: /root/dev_ws/install/lslidar_msgs/include/lslidar_msgs/lslidar_msgs/srv/detail/time_mode__struct.h
[5.067s] -- Up-to-date: /root/dev_ws/install/lslidar_msgs/include/lslidar_msgs/lslidar_msgs/srv/detail/frame_rate__functions.h
[5.068s] -- Up-to-date: /root/dev_ws/install/lslidar_msgs/include/lslidar_msgs/lslidar_msgs/srv/detail/time_mode__type_support.h
[5.068s] -- Up-to-date: /root/dev_ws/install/lslidar_msgs/include/lslidar_msgs/lslidar_msgs/srv/detail/ip_and_port__struct.h
[5.069s] -- Up-to-date: /root/dev_ws/install/lslidar_msgs/include/lslidar_msgs/lslidar_msgs/srv/detail/power_control__functions.h
[5.070s] -- Up-to-date: /root/dev_ws/install/lslidar_msgs/include/lslidar_msgs/lslidar_msgs/srv/detail/rfd_removal__functions.h
[5.071s] -- Up-to-date: /root/dev_ws/install/lslidar_msgs/include/lslidar_msgs/lslidar_msgs/srv/detail/motor_speed__functions.h
[5.141s] -- Up-to-date: /root/dev_ws/install/lslidar_msgs/include/lslidar_msgs/lslidar_msgs/srv/detail/motor_control__functions.h
[5.142s] -- Up-to-date: /root/dev_ws/install/lslidar_msgs/include/lslidar_msgs/lslidar_msgs/srv/detail/time_mode__functions.c
[5.145s] -- Up-to-date: /root/dev_ws/install/lslidar_msgs/include/lslidar_msgs/lslidar_msgs/srv/detail/rfd_removal__functions.c
[5.146s] -- Up-to-date: /root/dev_ws/install/lslidar_msgs/include/lslidar_msgs/lslidar_msgs/srv/detail/motor_control__functions.c
[5.147s] -- Up-to-date: /root/dev_ws/install/lslidar_msgs/include/lslidar_msgs/lslidar_msgs/srv/detail/rfd_removal__struct.h
[5.149s] -- Up-to-date: /root/dev_ws/install/lslidar_msgs/include/lslidar_msgs/lslidar_msgs/srv/detail/tail_removal__type_support.h
[5.150s] -- Up-to-date: /root/dev_ws/install/lslidar_msgs/include/lslidar_msgs/lslidar_msgs/srv/detail/invalid_data__functions.h
[5.153s] -- Up-to-date: /root/dev_ws/install/lslidar_msgs/include/lslidar_msgs/lslidar_msgs/srv/detail/invalid_data__type_support.h
[5.157s] -- Up-to-date: /root/dev_ws/install/lslidar_msgs/include/lslidar_msgs/lslidar_msgs/srv/detail/motor_control__struct.h
[5.158s] -- Up-to-date: /root/dev_ws/install/lslidar_msgs/include/lslidar_msgs/lslidar_msgs/srv/detail/tail_removal__functions.c
[5.160s] -- Up-to-date: /root/dev_ws/install/lslidar_msgs/include/lslidar_msgs/lslidar_msgs/srv/detail/rfd_removal__type_support.h
[5.167s] -- Up-to-date: /root/dev_ws/install/lslidar_msgs/include/lslidar_msgs/lslidar_msgs/srv/detail/standby_mode__functions.h
[5.169s] -- Up-to-date: /root/dev_ws/install/lslidar_msgs/include/lslidar_msgs/lslidar_msgs/srv/detail/power_control__type_support.h
[5.173s] -- Up-to-date: /root/dev_ws/install/lslidar_msgs/include/lslidar_msgs/lslidar_msgs/srv/detail/frame_rate__functions.c
[5.174s] -- Up-to-date: /root/dev_ws/install/lslidar_msgs/include/lslidar_msgs/lslidar_msgs/srv/detail/motor_speed__struct.h
[5.175s] -- Up-to-date: /root/dev_ws/install/lslidar_msgs/include/lslidar_msgs/lslidar_msgs/srv/detail/angle_distortion_correction__functions.c
[5.179s] -- Up-to-date: /root/dev_ws/install/lslidar_msgs/include/lslidar_msgs/lslidar_msgs/srv/detail/frame_rate__type_support.h
[5.189s] -- Up-to-date: /root/dev_ws/install/lslidar_msgs/include/lslidar_msgs/lslidar_msgs/srv/detail/time_mode__functions.h
[5.192s] -- Up-to-date: /root/dev_ws/install/lslidar_msgs/include/lslidar_msgs/lslidar_msgs/srv/detail/tail_removal__functions.h
[5.200s] -- Up-to-date: /root/dev_ws/install/lslidar_msgs/include/lslidar_msgs/lslidar_msgs/srv/detail/ip_and_port__type_support.h
[5.203s] -- Up-to-date: /root/dev_ws/install/lslidar_msgs/include/lslidar_msgs/lslidar_msgs/srv/detail/invalid_data__functions.c
[5.207s] -- Up-to-date: /root/dev_ws/install/lslidar_msgs/include/lslidar_msgs/lslidar_msgs/srv/detail/standby_mode__functions.c
[5.208s] -- Up-to-date: /root/dev_ws/install/lslidar_msgs/include/lslidar_msgs/lslidar_msgs/srv/detail/motor_speed__type_support.h
[5.209s] -- Up-to-date: /root/dev_ws/install/lslidar_msgs/include/lslidar_msgs/lslidar_msgs/srv/detail/invalid_data__struct.h
[5.211s] -- Up-to-date: /root/dev_ws/install/lslidar_msgs/include/lslidar_msgs/lslidar_msgs/srv/detail/ip_and_port__functions.c
[5.212s] -- Up-to-date: /root/dev_ws/install/lslidar_msgs/include/lslidar_msgs/lslidar_msgs/srv/detail/angle_distortion_correction__struct.h
[5.214s] -- Up-to-date: /root/dev_ws/install/lslidar_msgs/include/lslidar_msgs/lslidar_msgs/srv/detail/standby_mode__struct.h
[5.215s] -- Up-to-date: /root/dev_ws/install/lslidar_msgs/include/lslidar_msgs/lslidar_msgs/srv/motor_control.h
[5.217s] -- Up-to-date: /root/dev_ws/install/lslidar_msgs/share/lslidar_msgs/environment/library_path.sh
[5.219s] -- Up-to-date: /root/dev_ws/install/lslidar_msgs/share/lslidar_msgs/environment/library_path.dsv
[5.221s] -- Up-to-date: /root/dev_ws/install/lslidar_msgs/lib/liblslidar_msgs__rosidl_generator_c.so
[5.222s] -- Up-to-date: /root/dev_ws/install/lslidar_msgs/include/lslidar_msgs/lslidar_msgs
[5.224s] -- Up-to-date: /root/dev_ws/install/lslidar_msgs/include/lslidar_msgs/lslidar_msgs/msg
[5.225s] -- Up-to-date: /root/dev_ws/install/lslidar_msgs/include/lslidar_msgs/lslidar_msgs/msg/rosidl_typesupport_fastrtps_c__visibility_control.h
[5.226s] -- Up-to-date: /root/dev_ws/install/lslidar_msgs/include/lslidar_msgs/lslidar_msgs/msg/detail
[5.227s] -- Up-to-date: /root/dev_ws/install/lslidar_msgs/include/lslidar_msgs/lslidar_msgs/msg/detail/lslidar_packet__rosidl_typesupport_fastrtps_c.h
[5.228s] -- Up-to-date: /root/dev_ws/install/lslidar_msgs/include/lslidar_msgs/lslidar_msgs/msg/detail/lslidar_information__rosidl_typesupport_fastrtps_c.h
[5.228s] -- Up-to-date: /root/dev_ws/install/lslidar_msgs/include/lslidar_msgs/lslidar_msgs/srv
[5.229s] -- Up-to-date: /root/dev_ws/install/lslidar_msgs/include/lslidar_msgs/lslidar_msgs/srv/detail
[5.233s] -- Up-to-date: /root/dev_ws/install/lslidar_msgs/include/lslidar_msgs/lslidar_msgs/srv/detail/invalid_data__rosidl_typesupport_fastrtps_c.h
[5.235s] -- Up-to-date: /root/dev_ws/install/lslidar_msgs/include/lslidar_msgs/lslidar_msgs/srv/detail/motor_speed__rosidl_typesupport_fastrtps_c.h
[5.236s] -- Up-to-date: /root/dev_ws/install/lslidar_msgs/include/lslidar_msgs/lslidar_msgs/srv/detail/rfd_removal__rosidl_typesupport_fastrtps_c.h
[5.237s] -- Up-to-date: /root/dev_ws/install/lslidar_msgs/include/lslidar_msgs/lslidar_msgs/srv/detail/standby_mode__rosidl_typesupport_fastrtps_c.h
[5.238s] -- Up-to-date: /root/dev_ws/install/lslidar_msgs/include/lslidar_msgs/lslidar_msgs/srv/detail/ip_and_port__rosidl_typesupport_fastrtps_c.h
[5.239s] -- Up-to-date: /root/dev_ws/install/lslidar_msgs/include/lslidar_msgs/lslidar_msgs/srv/detail/frame_rate__rosidl_typesupport_fastrtps_c.h
[5.240s] -- Up-to-date: /root/dev_ws/install/lslidar_msgs/include/lslidar_msgs/lslidar_msgs/srv/detail/power_control__rosidl_typesupport_fastrtps_c.h
[5.241s] -- Up-to-date: /root/dev_ws/install/lslidar_msgs/include/lslidar_msgs/lslidar_msgs/srv/detail/time_mode__rosidl_typesupport_fastrtps_c.h
[5.242s] -- Up-to-date: /root/dev_ws/install/lslidar_msgs/include/lslidar_msgs/lslidar_msgs/srv/detail/motor_control__rosidl_typesupport_fastrtps_c.h
[5.243s] -- Up-to-date: /root/dev_ws/install/lslidar_msgs/include/lslidar_msgs/lslidar_msgs/srv/detail/angle_distortion_correction__rosidl_typesupport_fastrtps_c.h
[5.244s] -- Up-to-date: /root/dev_ws/install/lslidar_msgs/include/lslidar_msgs/lslidar_msgs/srv/detail/tail_removal__rosidl_typesupport_fastrtps_c.h
[5.245s] -- Up-to-date: /root/dev_ws/install/lslidar_msgs/lib/liblslidar_msgs__rosidl_typesupport_fastrtps_c.so
[5.246s] -- Up-to-date: /root/dev_ws/install/lslidar_msgs/include/lslidar_msgs/lslidar_msgs
[5.246s] -- Up-to-date: /root/dev_ws/install/lslidar_msgs/include/lslidar_msgs/lslidar_msgs/msg
[5.247s] -- Up-to-date: /root/dev_ws/install/lslidar_msgs/include/lslidar_msgs/lslidar_msgs/msg/rosidl_typesupport_introspection_c__visibility_control.h
[5.247s] -- Up-to-date: /root/dev_ws/install/lslidar_msgs/include/lslidar_msgs/lslidar_msgs/msg/detail
[5.248s] -- Up-to-date: /root/dev_ws/install/lslidar_msgs/include/lslidar_msgs/lslidar_msgs/msg/detail/lslidar_packet__type_support.c
[5.249s] -- Up-to-date: /root/dev_ws/install/lslidar_msgs/include/lslidar_msgs/lslidar_msgs/msg/detail/lslidar_information__type_support.c
[5.254s] -- Up-to-date: /root/dev_ws/install/lslidar_msgs/include/lslidar_msgs/lslidar_msgs/msg/detail/lslidar_packet__rosidl_typesupport_introspection_c.h
[5.255s] -- Up-to-date: /root/dev_ws/install/lslidar_msgs/include/lslidar_msgs/lslidar_msgs/msg/detail/lslidar_information__rosidl_typesupport_introspection_c.h
[5.257s] -- Up-to-date: /root/dev_ws/install/lslidar_msgs/include/lslidar_msgs/lslidar_msgs/srv
[5.259s] -- Up-to-date: /root/dev_ws/install/lslidar_msgs/include/lslidar_msgs/lslidar_msgs/srv/detail
[5.260s] -- Up-to-date: /root/dev_ws/install/lslidar_msgs/include/lslidar_msgs/lslidar_msgs/srv/detail/tail_removal__type_support.c
[5.261s] -- Up-to-date: /root/dev_ws/install/lslidar_msgs/include/lslidar_msgs/lslidar_msgs/srv/detail/motor_speed__type_support.c
[5.264s] -- Up-to-date: /root/dev_ws/install/lslidar_msgs/include/lslidar_msgs/lslidar_msgs/srv/detail/standby_mode__rosidl_typesupport_introspection_c.h
[5.265s] -- Up-to-date: /root/dev_ws/install/lslidar_msgs/include/lslidar_msgs/lslidar_msgs/srv/detail/ip_and_port__rosidl_typesupport_introspection_c.h
[5.266s] -- Up-to-date: /root/dev_ws/install/lslidar_msgs/include/lslidar_msgs/lslidar_msgs/srv/detail/rfd_removal__rosidl_typesupport_introspection_c.h
[5.268s] -- Up-to-date: /root/dev_ws/install/lslidar_msgs/include/lslidar_msgs/lslidar_msgs/srv/detail/invalid_data__rosidl_typesupport_introspection_c.h
[5.272s] -- Up-to-date: /root/dev_ws/install/lslidar_msgs/include/lslidar_msgs/lslidar_msgs/srv/detail/motor_control__rosidl_typesupport_introspection_c.h
[5.275s] -- Up-to-date: /root/dev_ws/install/lslidar_msgs/include/lslidar_msgs/lslidar_msgs/srv/detail/time_mode__rosidl_typesupport_introspection_c.h
[5.277s] -- Up-to-date: /root/dev_ws/install/lslidar_msgs/include/lslidar_msgs/lslidar_msgs/srv/detail/frame_rate__type_support.c
[5.278s] -- Up-to-date: /root/dev_ws/install/lslidar_msgs/include/lslidar_msgs/lslidar_msgs/srv/detail/invalid_data__type_support.c
[5.279s] -- Up-to-date: /root/dev_ws/install/lslidar_msgs/include/lslidar_msgs/lslidar_msgs/srv/detail/standby_mode__type_support.c
[5.280s] -- Up-to-date: /root/dev_ws/install/lslidar_msgs/include/lslidar_msgs/lslidar_msgs/srv/detail/tail_removal__rosidl_typesupport_introspection_c.h
[5.281s] -- Up-to-date: /root/dev_ws/install/lslidar_msgs/include/lslidar_msgs/lslidar_msgs/srv/detail/time_mode__type_support.c
[5.284s] -- Up-to-date: /root/dev_ws/install/lslidar_msgs/include/lslidar_msgs/lslidar_msgs/srv/detail/angle_distortion_correction__rosidl_typesupport_introspection_c.h
[5.284s] -- Up-to-date: /root/dev_ws/install/lslidar_msgs/include/lslidar_msgs/lslidar_msgs/srv/detail/frame_rate__rosidl_typesupport_introspection_c.h
[5.286s] -- Up-to-date: /root/dev_ws/install/lslidar_msgs/include/lslidar_msgs/lslidar_msgs/srv/detail/power_control__type_support.c
[5.288s] -- Up-to-date: /root/dev_ws/install/lslidar_msgs/include/lslidar_msgs/lslidar_msgs/srv/detail/angle_distortion_correction__type_support.c
[5.289s] -- Up-to-date: /root/dev_ws/install/lslidar_msgs/include/lslidar_msgs/lslidar_msgs/srv/detail/rfd_removal__type_support.c
[5.289s] -- Up-to-date: /root/dev_ws/install/lslidar_msgs/include/lslidar_msgs/lslidar_msgs/srv/detail/ip_and_port__type_support.c
[5.291s] -- Up-to-date: /root/dev_ws/install/lslidar_msgs/include/lslidar_msgs/lslidar_msgs/srv/detail/motor_control__type_support.c
[5.293s] -- Up-to-date: /root/dev_ws/install/lslidar_msgs/include/lslidar_msgs/lslidar_msgs/srv/detail/power_control__rosidl_typesupport_introspection_c.h
[5.294s] -- Up-to-date: /root/dev_ws/install/lslidar_msgs/include/lslidar_msgs/lslidar_msgs/srv/detail/motor_speed__rosidl_typesupport_introspection_c.h
[5.295s] -- Up-to-date: /root/dev_ws/install/lslidar_msgs/lib/liblslidar_msgs__rosidl_typesupport_introspection_c.so
[5.312s] -- Up-to-date: /root/dev_ws/install/lslidar_msgs/lib/liblslidar_msgs__rosidl_typesupport_c.so
[5.313s] -- Up-to-date: /root/dev_ws/install/lslidar_msgs/include/lslidar_msgs/lslidar_msgs
[5.314s] -- Up-to-date: /root/dev_ws/install/lslidar_msgs/include/lslidar_msgs/lslidar_msgs/msg
[5.314s] -- Up-to-date: /root/dev_ws/install/lslidar_msgs/include/lslidar_msgs/lslidar_msgs/msg/lslidar_information.hpp
[5.315s] -- Up-to-date: /root/dev_ws/install/lslidar_msgs/include/lslidar_msgs/lslidar_msgs/msg/lslidar_packet.hpp
[5.316s] -- Up-to-date: /root/dev_ws/install/lslidar_msgs/include/lslidar_msgs/lslidar_msgs/msg/detail
[5.325s] -- Up-to-date: /root/dev_ws/install/lslidar_msgs/include/lslidar_msgs/lslidar_msgs/msg/detail/lslidar_information__builder.hpp
[5.325s] -- Up-to-date: /root/dev_ws/install/lslidar_msgs/include/lslidar_msgs/lslidar_msgs/msg/detail/lslidar_packet__builder.hpp
[5.326s] -- Up-to-date: /root/dev_ws/install/lslidar_msgs/include/lslidar_msgs/lslidar_msgs/msg/detail/lslidar_information__struct.hpp
[5.327s] -- Up-to-date: /root/dev_ws/install/lslidar_msgs/include/lslidar_msgs/lslidar_msgs/msg/detail/lslidar_information__traits.hpp
[5.327s] -- Up-to-date: /root/dev_ws/install/lslidar_msgs/include/lslidar_msgs/lslidar_msgs/msg/detail/lslidar_packet__traits.hpp
[5.328s] -- Up-to-date: /root/dev_ws/install/lslidar_msgs/include/lslidar_msgs/lslidar_msgs/msg/detail/lslidar_packet__struct.hpp
[5.329s] -- Up-to-date: /root/dev_ws/install/lslidar_msgs/include/lslidar_msgs/lslidar_msgs/srv
[5.329s] -- Up-to-date: /root/dev_ws/install/lslidar_msgs/include/lslidar_msgs/lslidar_msgs/srv/rfd_removal.hpp
[5.330s] -- Up-to-date: /root/dev_ws/install/lslidar_msgs/include/lslidar_msgs/lslidar_msgs/srv/invalid_data.hpp
[5.331s] -- Up-to-date: /root/dev_ws/install/lslidar_msgs/include/lslidar_msgs/lslidar_msgs/srv/power_control.hpp
[5.331s] -- Up-to-date: /root/dev_ws/install/lslidar_msgs/include/lslidar_msgs/lslidar_msgs/srv/angle_distortion_correction.hpp
[5.332s] -- Up-to-date: /root/dev_ws/install/lslidar_msgs/include/lslidar_msgs/lslidar_msgs/srv/ip_and_port.hpp
[5.332s] -- Up-to-date: /root/dev_ws/install/lslidar_msgs/include/lslidar_msgs/lslidar_msgs/srv/standby_mode.hpp
[5.333s] -- Up-to-date: /root/dev_ws/install/lslidar_msgs/include/lslidar_msgs/lslidar_msgs/srv/tail_removal.hpp
[5.338s] -- Up-to-date: /root/dev_ws/install/lslidar_msgs/include/lslidar_msgs/lslidar_msgs/srv/frame_rate.hpp
[5.339s] -- Up-to-date: /root/dev_ws/install/lslidar_msgs/include/lslidar_msgs/lslidar_msgs/srv/motor_control.hpp
[5.339s] -- Up-to-date: /root/dev_ws/install/lslidar_msgs/include/lslidar_msgs/lslidar_msgs/srv/time_mode.hpp
[5.340s] -- Up-to-date: /root/dev_ws/install/lslidar_msgs/include/lslidar_msgs/lslidar_msgs/srv/detail
[5.341s] -- Up-to-date: /root/dev_ws/install/lslidar_msgs/include/lslidar_msgs/lslidar_msgs/srv/detail/power_control__traits.hpp
[5.341s] -- Up-to-date: /root/dev_ws/install/lslidar_msgs/include/lslidar_msgs/lslidar_msgs/srv/detail/angle_distortion_correction__traits.hpp
[5.342s] -- Up-to-date: /root/dev_ws/install/lslidar_msgs/include/lslidar_msgs/lslidar_msgs/srv/detail/motor_control__struct.hpp
[5.343s] -- Up-to-date: /root/dev_ws/install/lslidar_msgs/include/lslidar_msgs/lslidar_msgs/srv/detail/time_mode__struct.hpp
[5.345s] -- Up-to-date: /root/dev_ws/install/lslidar_msgs/include/lslidar_msgs/lslidar_msgs/srv/detail/motor_speed__builder.hpp
[5.345s] -- Up-to-date: /root/dev_ws/install/lslidar_msgs/include/lslidar_msgs/lslidar_msgs/srv/detail/rfd_removal__struct.hpp
[5.346s] -- Up-to-date: /root/dev_ws/install/lslidar_msgs/include/lslidar_msgs/lslidar_msgs/srv/detail/power_control__builder.hpp
[5.356s] -- Up-to-date: /root/dev_ws/install/lslidar_msgs/include/lslidar_msgs/lslidar_msgs/srv/detail/rfd_removal__traits.hpp
[5.357s] -- Up-to-date: /root/dev_ws/install/lslidar_msgs/include/lslidar_msgs/lslidar_msgs/srv/detail/ip_and_port__builder.hpp
[5.358s] -- Up-to-date: /root/dev_ws/install/lslidar_msgs/include/lslidar_msgs/lslidar_msgs/srv/detail/motor_speed__traits.hpp
[5.359s] -- Up-to-date: /root/dev_ws/install/lslidar_msgs/include/lslidar_msgs/lslidar_msgs/srv/detail/tail_removal__struct.hpp
[5.360s] -- Up-to-date: /root/dev_ws/install/lslidar_msgs/include/lslidar_msgs/lslidar_msgs/srv/detail/frame_rate__struct.hpp
[5.361s] -- Up-to-date: /root/dev_ws/install/lslidar_msgs/include/lslidar_msgs/lslidar_msgs/srv/detail/rfd_removal__builder.hpp
[5.362s] -- Up-to-date: /root/dev_ws/install/lslidar_msgs/include/lslidar_msgs/lslidar_msgs/srv/detail/tail_removal__traits.hpp
[5.363s] -- Up-to-date: /root/dev_ws/install/lslidar_msgs/include/lslidar_msgs/lslidar_msgs/srv/detail/frame_rate__traits.hpp
[5.364s] -- Up-to-date: /root/dev_ws/install/lslidar_msgs/include/lslidar_msgs/lslidar_msgs/srv/detail/motor_speed__struct.hpp
[5.366s] -- Up-to-date: /root/dev_ws/install/lslidar_msgs/include/lslidar_msgs/lslidar_msgs/srv/detail/standby_mode__builder.hpp
[5.367s] -- Up-to-date: /root/dev_ws/install/lslidar_msgs/include/lslidar_msgs/lslidar_msgs/srv/detail/standby_mode__struct.hpp
[5.369s] -- Up-to-date: /root/dev_ws/install/lslidar_msgs/include/lslidar_msgs/lslidar_msgs/srv/detail/frame_rate__builder.hpp
[5.370s] -- Up-to-date: /root/dev_ws/install/lslidar_msgs/include/lslidar_msgs/lslidar_msgs/srv/detail/invalid_data__struct.hpp
[5.371s] -- Up-to-date: /root/dev_ws/install/lslidar_msgs/include/lslidar_msgs/lslidar_msgs/srv/detail/ip_and_port__struct.hpp
[5.371s] -- Up-to-date: /root/dev_ws/install/lslidar_msgs/include/lslidar_msgs/lslidar_msgs/srv/detail/invalid_data__builder.hpp
[5.372s] -- Up-to-date: /root/dev_ws/install/lslidar_msgs/include/lslidar_msgs/lslidar_msgs/srv/detail/time_mode__traits.hpp
[5.373s] -- Up-to-date: /root/dev_ws/install/lslidar_msgs/include/lslidar_msgs/lslidar_msgs/srv/detail/tail_removal__builder.hpp
[5.373s] -- Up-to-date: /root/dev_ws/install/lslidar_msgs/include/lslidar_msgs/lslidar_msgs/srv/detail/invalid_data__traits.hpp
[5.374s] -- Up-to-date: /root/dev_ws/install/lslidar_msgs/include/lslidar_msgs/lslidar_msgs/srv/detail/motor_control__traits.hpp
[5.381s] -- Up-to-date: /root/dev_ws/install/lslidar_msgs/include/lslidar_msgs/lslidar_msgs/srv/detail/standby_mode__traits.hpp
[5.405s] -- Up-to-date: /root/dev_ws/install/lslidar_msgs/include/lslidar_msgs/lslidar_msgs/srv/detail/motor_control__builder.hpp
[5.406s] -- Up-to-date: /root/dev_ws/install/lslidar_msgs/include/lslidar_msgs/lslidar_msgs/srv/detail/angle_distortion_correction__struct.hpp
[5.406s] -- Up-to-date: /root/dev_ws/install/lslidar_msgs/include/lslidar_msgs/lslidar_msgs/srv/detail/time_mode__builder.hpp
[5.407s] -- Up-to-date: /root/dev_ws/install/lslidar_msgs/include/lslidar_msgs/lslidar_msgs/srv/detail/angle_distortion_correction__builder.hpp
[5.408s] -- Up-to-date: /root/dev_ws/install/lslidar_msgs/include/lslidar_msgs/lslidar_msgs/srv/detail/ip_and_port__traits.hpp
[5.409s] -- Up-to-date: /root/dev_ws/install/lslidar_msgs/include/lslidar_msgs/lslidar_msgs/srv/detail/power_control__struct.hpp
[5.409s] -- Up-to-date: /root/dev_ws/install/lslidar_msgs/include/lslidar_msgs/lslidar_msgs/srv/motor_speed.hpp
[5.410s] -- Up-to-date: /root/dev_ws/install/lslidar_msgs/include/lslidar_msgs/lslidar_msgs
[5.414s] -- Up-to-date: /root/dev_ws/install/lslidar_msgs/include/lslidar_msgs/lslidar_msgs/msg
[5.415s] -- Up-to-date: /root/dev_ws/install/lslidar_msgs/include/lslidar_msgs/lslidar_msgs/msg/detail
[5.415s] -- Up-to-date: /root/dev_ws/install/lslidar_msgs/include/lslidar_msgs/lslidar_msgs/msg/detail/dds_fastrtps
[5.416s] -- Up-to-date: /root/dev_ws/install/lslidar_msgs/include/lslidar_msgs/lslidar_msgs/msg/detail/lslidar_packet__rosidl_typesupport_fastrtps_cpp.hpp
[5.416s] -- Up-to-date: /root/dev_ws/install/lslidar_msgs/include/lslidar_msgs/lslidar_msgs/msg/detail/lslidar_information__rosidl_typesupport_fastrtps_cpp.hpp
[5.419s] -- Up-to-date: /root/dev_ws/install/lslidar_msgs/include/lslidar_msgs/lslidar_msgs/msg/rosidl_typesupport_fastrtps_cpp__visibility_control.h
[5.420s] -- Up-to-date: /root/dev_ws/install/lslidar_msgs/include/lslidar_msgs/lslidar_msgs/srv
[5.421s] -- Up-to-date: /root/dev_ws/install/lslidar_msgs/include/lslidar_msgs/lslidar_msgs/srv/detail
[5.421s] -- Up-to-date: /root/dev_ws/install/lslidar_msgs/include/lslidar_msgs/lslidar_msgs/srv/detail/angle_distortion_correction__rosidl_typesupport_fastrtps_cpp.hpp
[5.424s] -- Up-to-date: /root/dev_ws/install/lslidar_msgs/include/lslidar_msgs/lslidar_msgs/srv/detail/standby_mode__rosidl_typesupport_fastrtps_cpp.hpp
[5.425s] -- Up-to-date: /root/dev_ws/install/lslidar_msgs/include/lslidar_msgs/lslidar_msgs/srv/detail/tail_removal__rosidl_typesupport_fastrtps_cpp.hpp
[5.426s] -- Up-to-date: /root/dev_ws/install/lslidar_msgs/include/lslidar_msgs/lslidar_msgs/srv/detail/invalid_data__rosidl_typesupport_fastrtps_cpp.hpp
[5.428s] -- Up-to-date: /root/dev_ws/install/lslidar_msgs/include/lslidar_msgs/lslidar_msgs/srv/detail/dds_fastrtps
[5.428s] -- Up-to-date: /root/dev_ws/install/lslidar_msgs/include/lslidar_msgs/lslidar_msgs/srv/detail/motor_speed__rosidl_typesupport_fastrtps_cpp.hpp
[5.429s] -- Up-to-date: /root/dev_ws/install/lslidar_msgs/include/lslidar_msgs/lslidar_msgs/srv/detail/rfd_removal__rosidl_typesupport_fastrtps_cpp.hpp
[5.435s] -- Up-to-date: /root/dev_ws/install/lslidar_msgs/include/lslidar_msgs/lslidar_msgs/srv/detail/power_control__rosidl_typesupport_fastrtps_cpp.hpp
[5.435s] -- Up-to-date: /root/dev_ws/install/lslidar_msgs/include/lslidar_msgs/lslidar_msgs/srv/detail/motor_control__rosidl_typesupport_fastrtps_cpp.hpp
[5.436s] -- Up-to-date: /root/dev_ws/install/lslidar_msgs/include/lslidar_msgs/lslidar_msgs/srv/detail/ip_and_port__rosidl_typesupport_fastrtps_cpp.hpp
[5.438s] -- Up-to-date: /root/dev_ws/install/lslidar_msgs/include/lslidar_msgs/lslidar_msgs/srv/detail/time_mode__rosidl_typesupport_fastrtps_cpp.hpp
[5.478s] -- Up-to-date: /root/dev_ws/install/lslidar_msgs/include/lslidar_msgs/lslidar_msgs/srv/detail/frame_rate__rosidl_typesupport_fastrtps_cpp.hpp
[5.482s] -- Up-to-date: /root/dev_ws/install/lslidar_msgs/lib/liblslidar_msgs__rosidl_typesupport_fastrtps_cpp.so
[5.482s] -- Up-to-date: /root/dev_ws/install/lslidar_msgs/include/lslidar_msgs/lslidar_msgs
[5.483s] -- Up-to-date: /root/dev_ws/install/lslidar_msgs/include/lslidar_msgs/lslidar_msgs/msg
[5.484s] -- Up-to-date: /root/dev_ws/install/lslidar_msgs/include/lslidar_msgs/lslidar_msgs/msg/detail
[5.484s] -- Up-to-date: /root/dev_ws/install/lslidar_msgs/include/lslidar_msgs/lslidar_msgs/msg/detail/lslidar_information__type_support.cpp
[5.485s] -- Up-to-date: /root/dev_ws/install/lslidar_msgs/include/lslidar_msgs/lslidar_msgs/msg/detail/lslidar_packet__rosidl_typesupport_introspection_cpp.hpp
[5.485s] -- Up-to-date: /root/dev_ws/install/lslidar_msgs/include/lslidar_msgs/lslidar_msgs/msg/detail/lslidar_packet__type_support.cpp
[5.486s] -- Up-to-date: /root/dev_ws/install/lslidar_msgs/include/lslidar_msgs/lslidar_msgs/msg/detail/lslidar_information__rosidl_typesupport_introspection_cpp.hpp
[5.487s] -- Up-to-date: /root/dev_ws/install/lslidar_msgs/include/lslidar_msgs/lslidar_msgs/srv
[5.487s] -- Up-to-date: /root/dev_ws/install/lslidar_msgs/include/lslidar_msgs/lslidar_msgs/srv/detail
[5.488s] -- Up-to-date: /root/dev_ws/install/lslidar_msgs/include/lslidar_msgs/lslidar_msgs/srv/detail/frame_rate__type_support.cpp
[5.491s] -- Up-to-date: /root/dev_ws/install/lslidar_msgs/include/lslidar_msgs/lslidar_msgs/srv/detail/standby_mode__type_support.cpp
[5.491s] -- Up-to-date: /root/dev_ws/install/lslidar_msgs/include/lslidar_msgs/lslidar_msgs/srv/detail/tail_removal__rosidl_typesupport_introspection_cpp.hpp
[5.492s] -- Up-to-date: /root/dev_ws/install/lslidar_msgs/include/lslidar_msgs/lslidar_msgs/srv/detail/motor_speed__rosidl_typesupport_introspection_cpp.hpp
[5.494s] -- Up-to-date: /root/dev_ws/install/lslidar_msgs/include/lslidar_msgs/lslidar_msgs/srv/detail/frame_rate__rosidl_typesupport_introspection_cpp.hpp
[5.495s] -- Up-to-date: /root/dev_ws/install/lslidar_msgs/include/lslidar_msgs/lslidar_msgs/srv/detail/motor_speed__type_support.cpp
[5.496s] -- Up-to-date: /root/dev_ws/install/lslidar_msgs/include/lslidar_msgs/lslidar_msgs/srv/detail/motor_control__type_support.cpp
[5.498s] -- Up-to-date: /root/dev_ws/install/lslidar_msgs/include/lslidar_msgs/lslidar_msgs/srv/detail/invalid_data__rosidl_typesupport_introspection_cpp.hpp
[5.499s] -- Up-to-date: /root/dev_ws/install/lslidar_msgs/include/lslidar_msgs/lslidar_msgs/srv/detail/time_mode__type_support.cpp
[5.501s] -- Up-to-date: /root/dev_ws/install/lslidar_msgs/include/lslidar_msgs/lslidar_msgs/srv/detail/time_mode__rosidl_typesupport_introspection_cpp.hpp
[5.503s] -- Up-to-date: /root/dev_ws/install/lslidar_msgs/include/lslidar_msgs/lslidar_msgs/srv/detail/rfd_removal__type_support.cpp
[5.504s] -- Up-to-date: /root/dev_ws/install/lslidar_msgs/include/lslidar_msgs/lslidar_msgs/srv/detail/angle_distortion_correction__rosidl_typesupport_introspection_cpp.hpp
[5.511s] -- Up-to-date: /root/dev_ws/install/lslidar_msgs/include/lslidar_msgs/lslidar_msgs/srv/detail/power_control__rosidl_typesupport_introspection_cpp.hpp
[5.516s] -- Up-to-date: /root/dev_ws/install/lslidar_msgs/include/lslidar_msgs/lslidar_msgs/srv/detail/rfd_removal__rosidl_typesupport_introspection_cpp.hpp
[5.517s] -- Up-to-date: /root/dev_ws/install/lslidar_msgs/include/lslidar_msgs/lslidar_msgs/srv/detail/ip_and_port__rosidl_typesupport_introspection_cpp.hpp
[5.519s] -- Up-to-date: /root/dev_ws/install/lslidar_msgs/include/lslidar_msgs/lslidar_msgs/srv/detail/tail_removal__type_support.cpp
[5.522s] -- Up-to-date: /root/dev_ws/install/lslidar_msgs/include/lslidar_msgs/lslidar_msgs/srv/detail/invalid_data__type_support.cpp
[5.522s] -- Up-to-date: /root/dev_ws/install/lslidar_msgs/include/lslidar_msgs/lslidar_msgs/srv/detail/power_control__type_support.cpp
[5.524s] -- Up-to-date: /root/dev_ws/install/lslidar_msgs/include/lslidar_msgs/lslidar_msgs/srv/detail/standby_mode__rosidl_typesupport_introspection_cpp.hpp
[5.525s] -- Up-to-date: /root/dev_ws/install/lslidar_msgs/include/lslidar_msgs/lslidar_msgs/srv/detail/angle_distortion_correction__type_support.cpp
[5.526s] -- Up-to-date: /root/dev_ws/install/lslidar_msgs/include/lslidar_msgs/lslidar_msgs/srv/detail/motor_control__rosidl_typesupport_introspection_cpp.hpp
[5.527s] -- Up-to-date: /root/dev_ws/install/lslidar_msgs/include/lslidar_msgs/lslidar_msgs/srv/detail/ip_and_port__type_support.cpp
[5.552s] -- Up-to-date: /root/dev_ws/install/lslidar_msgs/lib/liblslidar_msgs__rosidl_typesupport_introspection_cpp.so
[5.553s] -- Up-to-date: /root/dev_ws/install/lslidar_msgs/lib/liblslidar_msgs__rosidl_typesupport_cpp.so
[5.554s] -- Up-to-date: /root/dev_ws/install/lslidar_msgs/share/lslidar_msgs/environment/pythonpath.sh
[5.554s] -- Up-to-date: /root/dev_ws/install/lslidar_msgs/share/lslidar_msgs/environment/pythonpath.dsv
[5.555s] -- Up-to-date: /root/dev_ws/install/lslidar_msgs/local/lib/python3.10/dist-packages/lslidar_msgs-5.1.1-py3.10.egg-info
[5.556s] -- Installing: /root/dev_ws/install/lslidar_msgs/local/lib/python3.10/dist-packages/lslidar_msgs-5.1.1-py3.10.egg-info/SOURCES.txt
[5.557s] -- Installing: /root/dev_ws/install/lslidar_msgs/local/lib/python3.10/dist-packages/lslidar_msgs-5.1.1-py3.10.egg-info/PKG-INFO
[5.557s] -- Installing: /root/dev_ws/install/lslidar_msgs/local/lib/python3.10/dist-packages/lslidar_msgs-5.1.1-py3.10.egg-info/dependency_links.txt
[5.558s] -- Installing: /root/dev_ws/install/lslidar_msgs/local/lib/python3.10/dist-packages/lslidar_msgs-5.1.1-py3.10.egg-info/top_level.txt
[5.558s] -- Up-to-date: /root/dev_ws/install/lslidar_msgs/local/lib/python3.10/dist-packages/lslidar_msgs
[5.559s] -- Up-to-date: /root/dev_ws/install/lslidar_msgs/local/lib/python3.10/dist-packages/lslidar_msgs/_lslidar_msgs_s.ep.rosidl_typesupport_introspection_c.c
[5.560s] -- Up-to-date: /root/dev_ws/install/lslidar_msgs/local/lib/python3.10/dist-packages/lslidar_msgs/msg
[5.560s] -- Up-to-date: /root/dev_ws/install/lslidar_msgs/local/lib/python3.10/dist-packages/lslidar_msgs/msg/_lslidar_packet_s.c
[5.561s] -- Up-to-date: /root/dev_ws/install/lslidar_msgs/local/lib/python3.10/dist-packages/lslidar_msgs/msg/_lslidar_information.py
[5.562s] -- Up-to-date: /root/dev_ws/install/lslidar_msgs/local/lib/python3.10/dist-packages/lslidar_msgs/msg/_lslidar_information_s.c
[5.563s] -- Up-to-date: /root/dev_ws/install/lslidar_msgs/local/lib/python3.10/dist-packages/lslidar_msgs/msg/__init__.py
[5.564s] -- Up-to-date: /root/dev_ws/install/lslidar_msgs/local/lib/python3.10/dist-packages/lslidar_msgs/msg/_lslidar_packet.py
[5.564s] -- Up-to-date: /root/dev_ws/install/lslidar_msgs/local/lib/python3.10/dist-packages/lslidar_msgs/liblslidar_msgs__rosidl_generator_py.so
[5.565s] -- Up-to-date: /root/dev_ws/install/lslidar_msgs/local/lib/python3.10/dist-packages/lslidar_msgs/_lslidar_msgs_s.ep.rosidl_typesupport_c.c
[5.568s] -- Up-to-date: /root/dev_ws/install/lslidar_msgs/local/lib/python3.10/dist-packages/lslidar_msgs/lslidar_msgs_s__rosidl_typesupport_fastrtps_c.cpython-310-aarch64-linux-gnu.so
[5.570s] -- Up-to-date: /root/dev_ws/install/lslidar_msgs/local/lib/python3.10/dist-packages/lslidar_msgs/lslidar_msgs_s__rosidl_typesupport_c.cpython-310-aarch64-linux-gnu.so
[5.571s] -- Up-to-date: /root/dev_ws/install/lslidar_msgs/local/lib/python3.10/dist-packages/lslidar_msgs/srv
[5.571s] -- Up-to-date: /root/dev_ws/install/lslidar_msgs/local/lib/python3.10/dist-packages/lslidar_msgs/srv/_motor_speed_s.c
[5.572s] -- Up-to-date: /root/dev_ws/install/lslidar_msgs/local/lib/python3.10/dist-packages/lslidar_msgs/srv/_tail_removal.py
[5.573s] -- Up-to-date: /root/dev_ws/install/lslidar_msgs/local/lib/python3.10/dist-packages/lslidar_msgs/srv/_angle_distortion_correction.py
[5.575s] -- Up-to-date: /root/dev_ws/install/lslidar_msgs/local/lib/python3.10/dist-packages/lslidar_msgs/srv/_frame_rate.py
[5.576s] -- Up-to-date: /root/dev_ws/install/lslidar_msgs/local/lib/python3.10/dist-packages/lslidar_msgs/srv/_motor_speed.py
[5.577s] -- Up-to-date: /root/dev_ws/install/lslidar_msgs/local/lib/python3.10/dist-packages/lslidar_msgs/srv/_tail_removal_s.c
[5.578s] -- Up-to-date: /root/dev_ws/install/lslidar_msgs/local/lib/python3.10/dist-packages/lslidar_msgs/srv/_motor_control_s.c
[5.580s] -- Up-to-date: /root/dev_ws/install/lslidar_msgs/local/lib/python3.10/dist-packages/lslidar_msgs/srv/_frame_rate_s.c
[5.581s] -- Up-to-date: /root/dev_ws/install/lslidar_msgs/local/lib/python3.10/dist-packages/lslidar_msgs/srv/_angle_distortion_correction_s.c
[5.582s] -- Up-to-date: /root/dev_ws/install/lslidar_msgs/local/lib/python3.10/dist-packages/lslidar_msgs/srv/_time_mode.py
[5.583s] -- Up-to-date: /root/dev_ws/install/lslidar_msgs/local/lib/python3.10/dist-packages/lslidar_msgs/srv/_motor_control.py
[5.584s] -- Up-to-date: /root/dev_ws/install/lslidar_msgs/local/lib/python3.10/dist-packages/lslidar_msgs/srv/_power_control.py
[5.586s] -- Up-to-date: /root/dev_ws/install/lslidar_msgs/local/lib/python3.10/dist-packages/lslidar_msgs/srv/_rfd_removal.py
[5.589s] -- Up-to-date: /root/dev_ws/install/lslidar_msgs/local/lib/python3.10/dist-packages/lslidar_msgs/srv/_standby_mode_s.c
[5.616s] -- Up-to-date: /root/dev_ws/install/lslidar_msgs/local/lib/python3.10/dist-packages/lslidar_msgs/srv/_time_mode_s.c
[5.618s] -- Up-to-date: /root/dev_ws/install/lslidar_msgs/local/lib/python3.10/dist-packages/lslidar_msgs/srv/_invalid_data_s.c
[5.618s] -- Up-to-date: /root/dev_ws/install/lslidar_msgs/local/lib/python3.10/dist-packages/lslidar_msgs/srv/_ip_and_port.py
[5.620s] -- Up-to-date: /root/dev_ws/install/lslidar_msgs/local/lib/python3.10/dist-packages/lslidar_msgs/srv/__init__.py
[5.623s] -- Up-to-date: /root/dev_ws/install/lslidar_msgs/local/lib/python3.10/dist-packages/lslidar_msgs/srv/_standby_mode.py
[5.625s] -- Up-to-date: /root/dev_ws/install/lslidar_msgs/local/lib/python3.10/dist-packages/lslidar_msgs/srv/_ip_and_port_s.c
[5.627s] -- Up-to-date: /root/dev_ws/install/lslidar_msgs/local/lib/python3.10/dist-packages/lslidar_msgs/srv/_rfd_removal_s.c
[5.631s] -- Up-to-date: /root/dev_ws/install/lslidar_msgs/local/lib/python3.10/dist-packages/lslidar_msgs/srv/_power_control_s.c
[5.633s] -- Up-to-date: /root/dev_ws/install/lslidar_msgs/local/lib/python3.10/dist-packages/lslidar_msgs/srv/_invalid_data.py
[5.634s] -- Up-to-date: /root/dev_ws/install/lslidar_msgs/local/lib/python3.10/dist-packages/lslidar_msgs/lslidar_msgs_s__rosidl_typesupport_introspection_c.cpython-310-aarch64-linux-gnu.so
[5.635s] -- Up-to-date: /root/dev_ws/install/lslidar_msgs/local/lib/python3.10/dist-packages/lslidar_msgs/__init__.py
[5.635s] -- Up-to-date: /root/dev_ws/install/lslidar_msgs/local/lib/python3.10/dist-packages/lslidar_msgs/_lslidar_msgs_s.ep.rosidl_typesupport_fastrtps_c.c
[5.646s] Listing '/root/dev_ws/install/lslidar_msgs/local/lib/python3.10/dist-packages/lslidar_msgs'...
[5.647s] Listing '/root/dev_ws/install/lslidar_msgs/local/lib/python3.10/dist-packages/lslidar_msgs/msg'...
[5.648s] Listing '/root/dev_ws/install/lslidar_msgs/local/lib/python3.10/dist-packages/lslidar_msgs/srv'...
[5.662s] -- Up-to-date: /root/dev_ws/install/lslidar_msgs/local/lib/python3.10/dist-packages/lslidar_msgs/lslidar_msgs_s__rosidl_typesupport_fastrtps_c.cpython-310-aarch64-linux-gnu.so
[5.665s] -- Up-to-date: /root/dev_ws/install/lslidar_msgs/local/lib/python3.10/dist-packages/lslidar_msgs/lslidar_msgs_s__rosidl_typesupport_introspection_c.cpython-310-aarch64-linux-gnu.so
[5.665s] -- Up-to-date: /root/dev_ws/install/lslidar_msgs/local/lib/python3.10/dist-packages/lslidar_msgs/lslidar_msgs_s__rosidl_typesupport_c.cpython-310-aarch64-linux-gnu.so
[5.705s] -- Up-to-date: /root/dev_ws/install/lslidar_msgs/lib/liblslidar_msgs__rosidl_generator_py.so
[5.708s] -- Up-to-date: /root/dev_ws/install/lslidar_msgs/share/lslidar_msgs/msg/LslidarInformation.idl
[5.716s] -- Up-to-date: /root/dev_ws/install/lslidar_msgs/share/lslidar_msgs/msg/LslidarPacket.idl
[5.719s] -- Up-to-date: /root/dev_ws/install/lslidar_msgs/share/lslidar_msgs/srv/AngleDistortionCorrection.idl
[5.720s] -- Up-to-date: /root/dev_ws/install/lslidar_msgs/share/lslidar_msgs/srv/FrameRate.idl
[5.726s] -- Up-to-date: /root/dev_ws/install/lslidar_msgs/share/lslidar_msgs/srv/InvalidData.idl
[5.727s] -- Up-to-date: /root/dev_ws/install/lslidar_msgs/share/lslidar_msgs/srv/IpAndPort.idl
[5.728s] -- Up-to-date: /root/dev_ws/install/lslidar_msgs/share/lslidar_msgs/srv/MotorControl.idl
[5.729s] -- Up-to-date: /root/dev_ws/install/lslidar_msgs/share/lslidar_msgs/srv/MotorSpeed.idl
[5.730s] -- Up-to-date: /root/dev_ws/install/lslidar_msgs/share/lslidar_msgs/srv/PowerControl.idl
[5.731s] -- Up-to-date: /root/dev_ws/install/lslidar_msgs/share/lslidar_msgs/srv/RfdRemoval.idl
[5.732s] -- Up-to-date: /root/dev_ws/install/lslidar_msgs/share/lslidar_msgs/srv/StandbyMode.idl
[5.733s] -- Up-to-date: /root/dev_ws/install/lslidar_msgs/share/lslidar_msgs/srv/TailRemoval.idl
[5.735s] -- Up-to-date: /root/dev_ws/install/lslidar_msgs/share/lslidar_msgs/srv/TimeMode.idl
[5.736s] -- Up-to-date: /root/dev_ws/install/lslidar_msgs/share/lslidar_msgs/msg/LslidarInformation.msg
[5.737s] -- Up-to-date: /root/dev_ws/install/lslidar_msgs/share/lslidar_msgs/msg/LslidarPacket.msg
[5.737s] -- Up-to-date: /root/dev_ws/install/lslidar_msgs/share/lslidar_msgs/srv/AngleDistortionCorrection.srv
[5.738s] -- Up-to-date: /root/dev_ws/install/lslidar_msgs/share/lslidar_msgs/srv/AngleDistortionCorrection_Request.msg
[5.739s] -- Up-to-date: /root/dev_ws/install/lslidar_msgs/share/lslidar_msgs/srv/AngleDistortionCorrection_Response.msg
[5.769s] -- Up-to-date: /root/dev_ws/install/lslidar_msgs/share/lslidar_msgs/srv/FrameRate.srv
[5.771s] -- Up-to-date: /root/dev_ws/install/lslidar_msgs/share/lslidar_msgs/srv/FrameRate_Request.msg
[5.773s] -- Up-to-date: /root/dev_ws/install/lslidar_msgs/share/lslidar_msgs/srv/FrameRate_Response.msg
[5.774s] -- Up-to-date: /root/dev_ws/install/lslidar_msgs/share/lslidar_msgs/srv/InvalidData.srv
[5.775s] -- Up-to-date: /root/dev_ws/install/lslidar_msgs/share/lslidar_msgs/srv/InvalidData_Request.msg
[5.779s] -- Up-to-date: /root/dev_ws/install/lslidar_msgs/share/lslidar_msgs/srv/InvalidData_Response.msg
[5.784s] -- Up-to-date: /root/dev_ws/install/lslidar_msgs/share/lslidar_msgs/srv/IpAndPort.srv
[5.787s] -- Up-to-date: /root/dev_ws/install/lslidar_msgs/share/lslidar_msgs/srv/IpAndPort_Request.msg
[5.814s] -- Up-to-date: /root/dev_ws/install/lslidar_msgs/share/lslidar_msgs/srv/IpAndPort_Response.msg
[5.815s] -- Up-to-date: /root/dev_ws/install/lslidar_msgs/share/lslidar_msgs/srv/MotorControl.srv
[5.816s] -- Up-to-date: /root/dev_ws/install/lslidar_msgs/share/lslidar_msgs/srv/MotorControl_Request.msg
[5.817s] -- Up-to-date: /root/dev_ws/install/lslidar_msgs/share/lslidar_msgs/srv/MotorControl_Response.msg
[5.818s] -- Up-to-date: /root/dev_ws/install/lslidar_msgs/share/lslidar_msgs/srv/MotorSpeed.srv
[5.819s] -- Up-to-date: /root/dev_ws/install/lslidar_msgs/share/lslidar_msgs/srv/MotorSpeed_Request.msg
[5.820s] -- Up-to-date: /root/dev_ws/install/lslidar_msgs/share/lslidar_msgs/srv/MotorSpeed_Response.msg
[5.821s] -- Up-to-date: /root/dev_ws/install/lslidar_msgs/share/lslidar_msgs/srv/PowerControl.srv
[5.822s] -- Up-to-date: /root/dev_ws/install/lslidar_msgs/share/lslidar_msgs/srv/PowerControl_Request.msg
[5.823s] -- Up-to-date: /root/dev_ws/install/lslidar_msgs/share/lslidar_msgs/srv/PowerControl_Response.msg
[5.824s] -- Up-to-date: /root/dev_ws/install/lslidar_msgs/share/lslidar_msgs/srv/RfdRemoval.srv
[5.825s] -- Up-to-date: /root/dev_ws/install/lslidar_msgs/share/lslidar_msgs/srv/RfdRemoval_Request.msg
[5.826s] -- Up-to-date: /root/dev_ws/install/lslidar_msgs/share/lslidar_msgs/srv/RfdRemoval_Response.msg
[5.826s] -- Up-to-date: /root/dev_ws/install/lslidar_msgs/share/lslidar_msgs/srv/StandbyMode.srv
[5.827s] -- Up-to-date: /root/dev_ws/install/lslidar_msgs/share/lslidar_msgs/srv/StandbyMode_Request.msg
[5.828s] -- Up-to-date: /root/dev_ws/install/lslidar_msgs/share/lslidar_msgs/srv/StandbyMode_Response.msg
[5.828s] -- Up-to-date: /root/dev_ws/install/lslidar_msgs/share/lslidar_msgs/srv/TailRemoval.srv
[5.829s] -- Up-to-date: /root/dev_ws/install/lslidar_msgs/share/lslidar_msgs/srv/TailRemoval_Request.msg
[5.832s] -- Up-to-date: /root/dev_ws/install/lslidar_msgs/share/lslidar_msgs/srv/TailRemoval_Response.msg
[5.834s] -- Up-to-date: /root/dev_ws/install/lslidar_msgs/share/lslidar_msgs/srv/TimeMode.srv
[5.835s] -- Up-to-date: /root/dev_ws/install/lslidar_msgs/share/lslidar_msgs/srv/TimeMode_Request.msg
[5.836s] -- Up-to-date: /root/dev_ws/install/lslidar_msgs/share/lslidar_msgs/srv/TimeMode_Response.msg
[5.852s] -- Up-to-date: /root/dev_ws/install/lslidar_msgs/share/ament_index/resource_index/package_run_dependencies/lslidar_msgs
[5.853s] -- Up-to-date: /root/dev_ws/install/lslidar_msgs/share/ament_index/resource_index/parent_prefix_path/lslidar_msgs
[5.854s] -- Up-to-date: /root/dev_ws/install/lslidar_msgs/share/lslidar_msgs/environment/ament_prefix_path.sh
[5.856s] -- Up-to-date: /root/dev_ws/install/lslidar_msgs/share/lslidar_msgs/environment/ament_prefix_path.dsv
[5.857s] -- Up-to-date: /root/dev_ws/install/lslidar_msgs/share/lslidar_msgs/environment/path.sh
[5.859s] -- Up-to-date: /root/dev_ws/install/lslidar_msgs/share/lslidar_msgs/environment/path.dsv
[5.861s] -- Up-to-date: /root/dev_ws/install/lslidar_msgs/share/lslidar_msgs/local_setup.bash
[5.862s] -- Up-to-date: /root/dev_ws/install/lslidar_msgs/share/lslidar_msgs/local_setup.sh
[5.862s] -- Up-to-date: /root/dev_ws/install/lslidar_msgs/share/lslidar_msgs/local_setup.zsh
[5.866s] -- Up-to-date: /root/dev_ws/install/lslidar_msgs/share/lslidar_msgs/local_setup.dsv
[5.871s] -- Installing: /root/dev_ws/install/lslidar_msgs/share/lslidar_msgs/package.dsv
[5.874s] -- Up-to-date: /root/dev_ws/install/lslidar_msgs/share/ament_index/resource_index/packages/lslidar_msgs
[5.875s] -- Up-to-date: /root/dev_ws/install/lslidar_msgs/share/lslidar_msgs/cmake/export_lslidar_msgs__rosidl_generator_cExport.cmake
[5.876s] -- Up-to-date: /root/dev_ws/install/lslidar_msgs/share/lslidar_msgs/cmake/export_lslidar_msgs__rosidl_generator_cExport-noconfig.cmake
[5.879s] -- Up-to-date: /root/dev_ws/install/lslidar_msgs/share/lslidar_msgs/cmake/export_lslidar_msgs__rosidl_typesupport_fastrtps_cExport.cmake
[5.880s] -- Up-to-date: /root/dev_ws/install/lslidar_msgs/share/lslidar_msgs/cmake/export_lslidar_msgs__rosidl_typesupport_fastrtps_cExport-noconfig.cmake
[5.883s] -- Up-to-date: /root/dev_ws/install/lslidar_msgs/share/lslidar_msgs/cmake/lslidar_msgs__rosidl_typesupport_introspection_cExport.cmake
[5.884s] -- Up-to-date: /root/dev_ws/install/lslidar_msgs/share/lslidar_msgs/cmake/lslidar_msgs__rosidl_typesupport_introspection_cExport-noconfig.cmake
[5.885s] -- Up-to-date: /root/dev_ws/install/lslidar_msgs/share/lslidar_msgs/cmake/lslidar_msgs__rosidl_typesupport_cExport.cmake
[5.886s] -- Up-to-date: /root/dev_ws/install/lslidar_msgs/share/lslidar_msgs/cmake/lslidar_msgs__rosidl_typesupport_cExport-noconfig.cmake
[5.888s] -- Up-to-date: /root/dev_ws/install/lslidar_msgs/share/lslidar_msgs/cmake/export_lslidar_msgs__rosidl_generator_cppExport.cmake
[5.889s] -- Up-to-date: /root/dev_ws/install/lslidar_msgs/share/lslidar_msgs/cmake/export_lslidar_msgs__rosidl_typesupport_fastrtps_cppExport.cmake
[5.891s] -- Up-to-date: /root/dev_ws/install/lslidar_msgs/share/lslidar_msgs/cmake/export_lslidar_msgs__rosidl_typesupport_fastrtps_cppExport-noconfig.cmake
[5.893s] -- Up-to-date: /root/dev_ws/install/lslidar_msgs/share/lslidar_msgs/cmake/lslidar_msgs__rosidl_typesupport_introspection_cppExport.cmake
[5.894s] -- Up-to-date: /root/dev_ws/install/lslidar_msgs/share/lslidar_msgs/cmake/lslidar_msgs__rosidl_typesupport_introspection_cppExport-noconfig.cmake
[5.895s] -- Up-to-date: /root/dev_ws/install/lslidar_msgs/share/lslidar_msgs/cmake/lslidar_msgs__rosidl_typesupport_cppExport.cmake
[5.896s] -- Up-to-date: /root/dev_ws/install/lslidar_msgs/share/lslidar_msgs/cmake/lslidar_msgs__rosidl_typesupport_cppExport-noconfig.cmake
[5.897s] -- Up-to-date: /root/dev_ws/install/lslidar_msgs/share/lslidar_msgs/cmake/export_lslidar_msgs__rosidl_generator_pyExport.cmake
[5.898s] -- Up-to-date: /root/dev_ws/install/lslidar_msgs/share/lslidar_msgs/cmake/export_lslidar_msgs__rosidl_generator_pyExport-noconfig.cmake
[5.899s] -- Up-to-date: /root/dev_ws/install/lslidar_msgs/share/lslidar_msgs/cmake/rosidl_cmake-extras.cmake
[5.903s] -- Up-to-date: /root/dev_ws/install/lslidar_msgs/share/lslidar_msgs/cmake/ament_cmake_export_dependencies-extras.cmake
[5.906s] -- Up-to-date: /root/dev_ws/install/lslidar_msgs/share/lslidar_msgs/cmake/ament_cmake_export_include_directories-extras.cmake
[5.907s] -- Up-to-date: /root/dev_ws/install/lslidar_msgs/share/lslidar_msgs/cmake/ament_cmake_export_libraries-extras.cmake
[5.909s] -- Up-to-date: /root/dev_ws/install/lslidar_msgs/share/lslidar_msgs/cmake/ament_cmake_export_targets-extras.cmake
[5.909s] -- Up-to-date: /root/dev_ws/install/lslidar_msgs/share/lslidar_msgs/cmake/rosidl_cmake_export_typesupport_targets-extras.cmake
[5.910s] -- Up-to-date: /root/dev_ws/install/lslidar_msgs/share/lslidar_msgs/cmake/rosidl_cmake_export_typesupport_libraries-extras.cmake
[5.911s] -- Up-to-date: /root/dev_ws/install/lslidar_msgs/share/lslidar_msgs/cmake/lslidar_msgsConfig.cmake
[5.912s] -- Up-to-date: /root/dev_ws/install/lslidar_msgs/share/lslidar_msgs/cmake/lslidar_msgsConfig-version.cmake
[5.913s] -- Up-to-date: /root/dev_ws/install/lslidar_msgs/share/lslidar_msgs/package.xml
[5.981s] Invoked command in '/root/dev_ws/build/lslidar_msgs' returned '0': CMAKE_PREFIX_PATH=${CMAKE_PREFIX_PATH}:/root/dev_ws/install/line_follower_pkg:/root/dev_ws/install/laser_tf_publisher:/userdata/dev_ws/install/utils:/userdata/dev_ws/install/origincar_base:/userdata/dev_ws/install/serial:/userdata/dev_ws/install/origincar_msg:/userdata/dev_ws/install/origincar_description:/userdata/dev_ws/install/origincar_bringup:/userdata/dev_ws/install/line_follower_pkg:/userdata/dev_ws/install/ackermann_msgs:/opt/tros/humble:/opt/ros/humble /usr/bin/cmake --install /root/dev_ws/build/lslidar_msgs
