[0.000000] (-) TimerEvent: {}
[0.000414] (-) JobUnselected: {'identifier': 'ackermann_msgs'}
[0.001005] (-) JobUnselected: {'identifier': 'hobot_nav2'}
[0.001909] (-) JobUnselected: {'identifier': 'laser_tf_publisher'}
[0.002531] (-) JobUnselected: {'identifier': 'line_follower_pkg'}
[0.003203] (-) JobUnselected: {'identifier': 'lslidar_driver'}
[0.003418] (-) JobUnselected: {'identifier': 'lslidar_msgs'}
[0.003770] (-) JobUnselected: {'identifier': 'origincar_bringup'}
[0.003950] (-) JobUnselected: {'identifier': 'origincar_description'}
[0.004075] (-) JobUnselected: {'identifier': 'origincar_msg'}
[0.004200] (-) JobUnselected: {'identifier': 'serial'}
[0.004367] (-) JobUnselected: {'identifier': 'utils'}
[0.005153] (origincar_base) JobQueued: {'identifier': 'origincar_base', 'dependencies': OrderedDict([('ackermann_msgs', '/root/dev_ws/install/ackermann_msgs'), ('origincar_description', '/root/dev_ws/install/origincar_description'), ('origincar_msg', '/root/dev_ws/install/origincar_msg'), ('serial', '/root/dev_ws/install/serial')])}
[0.005385] (origincar_base) JobStarted: {'identifier': 'origincar_base'}
[0.085386] (origincar_base) JobProgress: {'identifier': 'origincar_base', 'progress': 'cmake'}
[0.089714] (origincar_base) JobProgress: {'identifier': 'origincar_base', 'progress': 'build'}
[0.094851] (origincar_base) Command: {'cmd': ['/usr/bin/cmake', '--build', '/root/dev_ws/build/origincar_base', '--', '-j8', '-l8'], 'cwd': '/root/dev_ws/build/origincar_base', 'env': OrderedDict([('LANGUAGE', 'en_US.UTF-8'), ('USER', 'root'), ('SSH_CLIENT', '192.168.0.101 65049 22'), ('XDG_SESSION_TYPE', 'tty'), ('SHLVL', '1'), ('LD_LIBRARY_PATH', '/root/dev_ws/install/origincar_msg/lib:/root/dev_ws/install/ackermann_msgs/lib:/root/dev_ws/install/origincar_base/lib:/root/dev_ws/install/serial/lib:/root/dev_ws/install/lslidar_driver/lib:/root/dev_ws/install/lslidar_msgs/lib:/userdata/dev_ws/install/origincar_base/lib:/userdata/dev_ws/install/serial/lib:/userdata/dev_ws/install/origincar_msg/lib:/userdata/dev_ws/install/ackermann_msgs/lib:/opt/tros/humble/lib/aarch64-linux-gnu:/opt/tros/humble/lib:/opt/ros/humble/opt/rviz_ogre_vendor/lib:/opt/ros/humble/lib/aarch64-linux-gnu:/opt/ros/humble/lib'), ('MOTD_SHOWN', 'pam'), ('HOME', '/root'), ('OLDPWD', '/root'), ('ROS_PYTHON_VERSION', '3'), ('DBUS_SESSION_BUS_ADDRESS', 'unix:path=/run/user/0/bus'), ('TROS_DISTRO', 'humble'), ('COLCON_PREFIX_PATH', '/root/dev_ws/install:/userdata/dev_ws/install'), ('ROS_DISTRO', 'humble'), ('LOGNAME', 'root'), ('_', '/usr/bin/colcon'), ('ROS_VERSION', '2'), ('XDG_SESSION_CLASS', 'user'), ('XDG_SESSION_ID', '5'), ('ROS_LOCALHOST_ONLY', '0'), ('PATH', '/opt/ros/humble/bin:/usr/local/sbin:/usr/local/bin:/usr/sbin:/usr/bin:/sbin:/bin:/usr/games:/usr/local/games:/snap/bin'), ('XDG_RUNTIME_DIR', '/run/user/0'), ('LANG', 'en_US.UTF-8'), ('AMENT_PREFIX_PATH', '/root/dev_ws/install/utils:/root/dev_ws/install/origincar_base:/root/dev_ws/install/serial:/root/dev_ws/install/origincar_msg:/root/dev_ws/install/origincar_description:/root/dev_ws/install/origincar_bringup:/root/dev_ws/install/lslidar_driver:/root/dev_ws/install/lslidar_msgs:/root/dev_ws/install/line_follower_pkg:/root/dev_ws/install/laser_tf_publisher:/root/dev_ws/install/hobot_nav2:/root/dev_ws/install/ackermann_msgs:/userdata/dev_ws/install/utils:/userdata/dev_ws/install/origincar_base:/userdata/dev_ws/install/serial:/userdata/dev_ws/install/origincar_msg:/userdata/dev_ws/install/origincar_description:/userdata/dev_ws/install/origincar_bringup:/userdata/dev_ws/install/line_follower_pkg:/userdata/dev_ws/install/ackermann_msgs:/opt/tros/humble:/opt/ros/humble'), ('SHELL', '/bin/bash'), ('PWD', '/root/dev_ws/build/origincar_base'), ('LC_ALL', 'C.UTF-8'), ('SSH_CONNECTION', '192.168.0.101 65049 192.168.0.102 22'), ('PYTHONPATH', '/root/dev_ws/install/origincar_base/local/lib/python3.10/dist-packages:/root/dev_ws/install/origincar_msg/local/lib/python3.10/dist-packages:/root/dev_ws/install/lslidar_msgs/local/lib/python3.10/dist-packages:/root/dev_ws/install/line_follower_pkg/lib/python3.10/site-packages:/root/dev_ws/install/laser_tf_publisher/lib/python3.10/site-packages:/root/dev_ws/install/ackermann_msgs/local/lib/python3.10/dist-packages:/userdata/dev_ws/install/origincar_base/local/lib/python3.10/dist-packages:/userdata/dev_ws/install/origincar_msg/local/lib/python3.10/dist-packages:/userdata/dev_ws/install/line_follower_pkg/lib/python3.10/site-packages:/userdata/dev_ws/install/ackermann_msgs/local/lib/python3.10/dist-packages:/opt/tros/humble/lib/python3.10/site-packages:/opt/tros/humble/local/lib/python3.10/dist-packages:/opt/ros/humble/lib/python3.10/site-packages:/opt/ros/humble/local/lib/python3.10/dist-packages'), ('COLCON', '1'), ('CMAKE_PREFIX_PATH', '/root/dev_ws/install/serial:/root/dev_ws/install/origincar_msg:/root/dev_ws/install/origincar_description:/root/dev_ws/install/ackermann_msgs:/root/dev_ws/install/utils:/root/dev_ws/install/origincar_base:/root/dev_ws/install/origincar_bringup:/root/dev_ws/install/lslidar_driver:/root/dev_ws/install/lslidar_msgs:/root/dev_ws/install/hobot_nav2:/root/dev_ws/install/line_follower_pkg:/root/dev_ws/install/laser_tf_publisher:/userdata/dev_ws/install/utils:/userdata/dev_ws/install/origincar_base:/userdata/dev_ws/install/serial:/userdata/dev_ws/install/origincar_msg:/userdata/dev_ws/install/origincar_description:/userdata/dev_ws/install/origincar_bringup:/userdata/dev_ws/install/line_follower_pkg:/userdata/dev_ws/install/ackermann_msgs:/opt/tros/humble:/opt/ros/humble')]), 'shell': False}
[0.100711] (-) TimerEvent: {}
[0.201075] (-) TimerEvent: {}
[0.301567] (-) TimerEvent: {}
[0.356402] (origincar_base) StderrLine: {'line': b"failed to create symbolic link '/root/dev_ws/build/origincar_base/ament_cmake_python/origincar_base/origincar_base' because existing path cannot be removed: Is a directory\n"}
[0.360559] (origincar_base) StdoutLine: {'line': b'[  8%] Built target origincar_base__cpp\n'}
[0.361629] (origincar_base) StdoutLine: {'line': b'[ 11%] Built target origincar_base__rosidl_generator_c\n'}
[0.362138] (origincar_base) StderrLine: {'line': b'gmake[2]: *** [CMakeFiles/ament_cmake_python_symlink_origincar_base.dir/build.make:70: CMakeFiles/ament_cmake_python_symlink_origincar_base] Error 1\n'}
[0.362617] (origincar_base) StderrLine: {'line': b'gmake[1]: *** [CMakeFiles/Makefile2:423: CMakeFiles/ament_cmake_python_symlink_origincar_base.dir/all] Error 2\n'}
[0.363100] (origincar_base) StderrLine: {'line': b'gmake[1]: *** Waiting for unfinished jobs....\n'}
[0.401764] (-) TimerEvent: {}
[0.421958] (origincar_base) StdoutLine: {'line': b'[ 20%] Built target origincar_base_node\n'}
[0.427439] (origincar_base) StderrLine: {'line': b'gmake: *** [Makefile:146: all] Error 2\n'}
[0.439774] (origincar_base) CommandEnded: {'returncode': 2}
[0.502782] (-) TimerEvent: {}
[0.539215] (origincar_base) JobEnded: {'identifier': 'origincar_base', 'rc': 2}
[0.550864] (-) EventReactorShutdown: {}
