[0.246s] Invoking command in '/root/dev_ws/build/serial': CMAKE_PREFIX_PATH=${CMAKE_PREFIX_PATH}:/root/dev_ws/install/line_follower_pkg:/root/dev_ws/install/laser_tf_publisher:/userdata/dev_ws/install/utils:/userdata/dev_ws/install/origincar_base:/userdata/dev_ws/install/serial:/userdata/dev_ws/install/origincar_msg:/userdata/dev_ws/install/origincar_description:/userdata/dev_ws/install/origincar_bringup:/userdata/dev_ws/install/line_follower_pkg:/userdata/dev_ws/install/ackermann_msgs:/opt/tros/humble:/opt/ros/humble /usr/bin/cmake --build /root/dev_ws/build/serial -- -j8 -l8
[4.523s] [100%] Built target serial
[4.556s] Invoked command in '/root/dev_ws/build/serial' returned '0': CMAKE_PREFIX_PATH=${CMAKE_PREFIX_PATH}:/root/dev_ws/install/line_follower_pkg:/root/dev_ws/install/laser_tf_publisher:/userdata/dev_ws/install/utils:/userdata/dev_ws/install/origincar_base:/userdata/dev_ws/install/serial:/userdata/dev_ws/install/origincar_msg:/userdata/dev_ws/install/origincar_description:/userdata/dev_ws/install/origincar_bringup:/userdata/dev_ws/install/line_follower_pkg:/userdata/dev_ws/install/ackermann_msgs:/opt/tros/humble:/opt/ros/humble /usr/bin/cmake --build /root/dev_ws/build/serial -- -j8 -l8
[4.563s] Invoking command in '/root/dev_ws/build/serial': CMAKE_PREFIX_PATH=${CMAKE_PREFIX_PATH}:/root/dev_ws/install/line_follower_pkg:/root/dev_ws/install/laser_tf_publisher:/userdata/dev_ws/install/utils:/userdata/dev_ws/install/origincar_base:/userdata/dev_ws/install/serial:/userdata/dev_ws/install/origincar_msg:/userdata/dev_ws/install/origincar_description:/userdata/dev_ws/install/origincar_bringup:/userdata/dev_ws/install/line_follower_pkg:/userdata/dev_ws/install/ackermann_msgs:/opt/tros/humble:/opt/ros/humble /usr/bin/cmake --install /root/dev_ws/build/serial
[4.700s] -- Install configuration: ""
[4.702s] -- Up-to-date: /root/dev_ws/install/serial/lib/libserial.a
[4.704s] -- Up-to-date: /root/dev_ws/install/serial/share/serial/environment/library_path.sh
[4.705s] -- Up-to-date: /root/dev_ws/install/serial/share/serial/environment/library_path.dsv
[4.707s] -- Up-to-date: /root/dev_ws/install/serial/include/serial
[4.716s] -- Up-to-date: /root/dev_ws/install/serial/include/serial/impl
[4.717s] -- Up-to-date: /root/dev_ws/install/serial/include/serial/impl/unix.h
[4.718s] -- Up-to-date: /root/dev_ws/install/serial/include/serial/impl/win.h
[4.720s] -- Up-to-date: /root/dev_ws/install/serial/include/serial/serial.h
[4.725s] -- Up-to-date: /root/dev_ws/install/serial/include/serial/v8stdint.h
[4.729s] -- Up-to-date: /root/dev_ws/install/serial/share/ament_index/resource_index/package_run_dependencies/serial
[4.730s] -- Up-to-date: /root/dev_ws/install/serial/share/ament_index/resource_index/parent_prefix_path/serial
[4.731s] -- Up-to-date: /root/dev_ws/install/serial/share/serial/environment/ament_prefix_path.sh
[4.733s] -- Up-to-date: /root/dev_ws/install/serial/share/serial/environment/ament_prefix_path.dsv
[4.734s] -- Up-to-date: /root/dev_ws/install/serial/share/serial/environment/path.sh
[4.736s] -- Up-to-date: /root/dev_ws/install/serial/share/serial/environment/path.dsv
[4.737s] -- Up-to-date: /root/dev_ws/install/serial/share/serial/local_setup.bash
[4.738s] -- Up-to-date: /root/dev_ws/install/serial/share/serial/local_setup.sh
[4.740s] -- Up-to-date: /root/dev_ws/install/serial/share/serial/local_setup.zsh
[4.741s] -- Up-to-date: /root/dev_ws/install/serial/share/serial/local_setup.dsv
[4.743s] -- Installing: /root/dev_ws/install/serial/share/serial/package.dsv
[4.748s] -- Up-to-date: /root/dev_ws/install/serial/share/ament_index/resource_index/packages/serial
[4.752s] -- Up-to-date: /root/dev_ws/install/serial/share/serial/cmake/ament_cmake_export_include_directories-extras.cmake
[4.756s] -- Up-to-date: /root/dev_ws/install/serial/share/serial/cmake/ament_cmake_export_libraries-extras.cmake
[4.757s] -- Up-to-date: /root/dev_ws/install/serial/share/serial/cmake/ament_cmake_export_dependencies-extras.cmake
[4.759s] -- Up-to-date: /root/dev_ws/install/serial/share/serial/cmake/serialConfig.cmake
[4.762s] -- Up-to-date: /root/dev_ws/install/serial/share/serial/cmake/serialConfig-version.cmake
[4.764s] -- Up-to-date: /root/dev_ws/install/serial/share/serial/package.xml
[5.530s] Invoked command in '/root/dev_ws/build/serial' returned '0': CMAKE_PREFIX_PATH=${CMAKE_PREFIX_PATH}:/root/dev_ws/install/line_follower_pkg:/root/dev_ws/install/laser_tf_publisher:/userdata/dev_ws/install/utils:/userdata/dev_ws/install/origincar_base:/userdata/dev_ws/install/serial:/userdata/dev_ws/install/origincar_msg:/userdata/dev_ws/install/origincar_description:/userdata/dev_ws/install/origincar_bringup:/userdata/dev_ws/install/line_follower_pkg:/userdata/dev_ws/install/ackermann_msgs:/opt/tros/humble:/opt/ros/humble /usr/bin/cmake --install /root/dev_ws/build/serial
