[0.256s] Invoking command in '/root/dev_ws/build/origincar_msg': CMAKE_PREFIX_PATH=${CMAKE_PREFIX_PATH}:/root/dev_ws/install/line_follower_pkg:/root/dev_ws/install/laser_tf_publisher:/userdata/dev_ws/install/utils:/userdata/dev_ws/install/origincar_base:/userdata/dev_ws/install/serial:/userdata/dev_ws/install/origincar_msg:/userdata/dev_ws/install/origincar_description:/userdata/dev_ws/install/origincar_bringup:/userdata/dev_ws/install/line_follower_pkg:/userdata/dev_ws/install/ackermann_msgs:/opt/tros/humble:/opt/ros/humble /usr/bin/cmake --build /root/dev_ws/build/origincar_msg -- -j8 -l8
[4.596s] [  2%] Built target origincar_msg__cpp
[4.596s] [ 12%] Built target origincar_msg__rosidl_generator_c
[4.597s] [ 12%] Built target ament_cmake_python_copy_origincar_msg
[4.597s] [ 23%] Built target origincar_msg__rosidl_typesupport_cpp
[4.598s] [ 33%] Built target origincar_msg__rosidl_typesupport_fastrtps_cpp
[4.598s] [ 43%] Built target origincar_msg__rosidl_typesupport_introspection_cpp
[4.599s] [ 53%] Built target origincar_msg__rosidl_typesupport_fastrtps_c
[4.599s] [ 64%] Built target origincar_msg__rosidl_typesupport_introspection_c
[4.600s] [ 74%] Built target origincar_msg__rosidl_typesupport_c
[4.600s] [ 74%] Built target origincar_msg
[4.600s] [ 76%] Built target origincar_msg__py
[4.601s] [ 84%] Built target origincar_msg__rosidl_generator_py
[4.601s] [ 89%] Built target origincar_msg__rosidl_typesupport_fastrtps_c__pyext
[4.602s] [ 94%] Built target origincar_msg__rosidl_typesupport_introspection_c__pyext
[4.602s] [100%] Built target origincar_msg__rosidl_typesupport_c__pyext
[4.603s] running egg_info
[4.603s] writing origincar_msg.egg-info/PKG-INFO
[4.603s] writing dependency_links to origincar_msg.egg-info/dependency_links.txt
[4.604s] writing top-level names to origincar_msg.egg-info/top_level.txt
[4.604s] reading manifest file 'origincar_msg.egg-info/SOURCES.txt'
[4.605s] writing manifest file 'origincar_msg.egg-info/SOURCES.txt'
[4.605s] [100%] Built target ament_cmake_python_build_origincar_msg_egg
[4.679s] Invoked command in '/root/dev_ws/build/origincar_msg' returned '0': CMAKE_PREFIX_PATH=${CMAKE_PREFIX_PATH}:/root/dev_ws/install/line_follower_pkg:/root/dev_ws/install/laser_tf_publisher:/userdata/dev_ws/install/utils:/userdata/dev_ws/install/origincar_base:/userdata/dev_ws/install/serial:/userdata/dev_ws/install/origincar_msg:/userdata/dev_ws/install/origincar_description:/userdata/dev_ws/install/origincar_bringup:/userdata/dev_ws/install/line_follower_pkg:/userdata/dev_ws/install/ackermann_msgs:/opt/tros/humble:/opt/ros/humble /usr/bin/cmake --build /root/dev_ws/build/origincar_msg -- -j8 -l8
[4.795s] Invoking command in '/root/dev_ws/build/origincar_msg': CMAKE_PREFIX_PATH=${CMAKE_PREFIX_PATH}:/root/dev_ws/install/line_follower_pkg:/root/dev_ws/install/laser_tf_publisher:/userdata/dev_ws/install/utils:/userdata/dev_ws/install/origincar_base:/userdata/dev_ws/install/serial:/userdata/dev_ws/install/origincar_msg:/userdata/dev_ws/install/origincar_description:/userdata/dev_ws/install/origincar_bringup:/userdata/dev_ws/install/line_follower_pkg:/userdata/dev_ws/install/ackermann_msgs:/opt/tros/humble:/opt/ros/humble /usr/bin/cmake --install /root/dev_ws/build/origincar_msg
[5.320s] -- Install configuration: ""
[5.321s] -- Up-to-date: /root/dev_ws/install/origincar_msg/share/ament_index/resource_index/rosidl_interfaces/origincar_msg
[5.322s] -- Up-to-date: /root/dev_ws/install/origincar_msg/include/origincar_msg/origincar_msg
[5.323s] -- Up-to-date: /root/dev_ws/install/origincar_msg/include/origincar_msg/origincar_msg/msg
[5.324s] -- Up-to-date: /root/dev_ws/install/origincar_msg/include/origincar_msg/origincar_msg/msg/rosidl_generator_c__visibility_control.h
[5.325s] -- Up-to-date: /root/dev_ws/install/origincar_msg/include/origincar_msg/origincar_msg/msg/sign.h
[5.326s] -- Up-to-date: /root/dev_ws/install/origincar_msg/include/origincar_msg/origincar_msg/msg/detail
[5.326s] -- Up-to-date: /root/dev_ws/install/origincar_msg/include/origincar_msg/origincar_msg/msg/detail/data__type_support.h
[5.327s] -- Up-to-date: /root/dev_ws/install/origincar_msg/include/origincar_msg/origincar_msg/msg/detail/sign__functions.h
[5.328s] -- Up-to-date: /root/dev_ws/install/origincar_msg/include/origincar_msg/origincar_msg/msg/detail/sign__struct.h
[5.329s] -- Up-to-date: /root/dev_ws/install/origincar_msg/include/origincar_msg/origincar_msg/msg/detail/data__functions.c
[5.330s] -- Up-to-date: /root/dev_ws/install/origincar_msg/include/origincar_msg/origincar_msg/msg/detail/data__functions.h
[5.331s] -- Up-to-date: /root/dev_ws/install/origincar_msg/include/origincar_msg/origincar_msg/msg/detail/sign__type_support.h
[5.334s] -- Up-to-date: /root/dev_ws/install/origincar_msg/include/origincar_msg/origincar_msg/msg/detail/sign__functions.c
[5.336s] -- Up-to-date: /root/dev_ws/install/origincar_msg/include/origincar_msg/origincar_msg/msg/detail/data__struct.h
[5.337s] -- Up-to-date: /root/dev_ws/install/origincar_msg/include/origincar_msg/origincar_msg/msg/data.h
[5.338s] -- Up-to-date: /root/dev_ws/install/origincar_msg/share/origincar_msg/environment/library_path.sh
[5.339s] -- Up-to-date: /root/dev_ws/install/origincar_msg/share/origincar_msg/environment/library_path.dsv
[5.341s] -- Up-to-date: /root/dev_ws/install/origincar_msg/lib/liborigincar_msg__rosidl_generator_c.so
[5.342s] -- Up-to-date: /root/dev_ws/install/origincar_msg/include/origincar_msg/origincar_msg
[5.343s] -- Up-to-date: /root/dev_ws/install/origincar_msg/include/origincar_msg/origincar_msg/msg
[5.344s] -- Up-to-date: /root/dev_ws/install/origincar_msg/include/origincar_msg/origincar_msg/msg/rosidl_typesupport_fastrtps_c__visibility_control.h
[5.345s] -- Up-to-date: /root/dev_ws/install/origincar_msg/include/origincar_msg/origincar_msg/msg/detail
[5.347s] -- Up-to-date: /root/dev_ws/install/origincar_msg/include/origincar_msg/origincar_msg/msg/detail/sign__rosidl_typesupport_fastrtps_c.h
[5.347s] -- Up-to-date: /root/dev_ws/install/origincar_msg/include/origincar_msg/origincar_msg/msg/detail/data__rosidl_typesupport_fastrtps_c.h
[5.349s] -- Up-to-date: /root/dev_ws/install/origincar_msg/lib/liborigincar_msg__rosidl_typesupport_fastrtps_c.so
[5.350s] -- Up-to-date: /root/dev_ws/install/origincar_msg/include/origincar_msg/origincar_msg
[5.354s] -- Up-to-date: /root/dev_ws/install/origincar_msg/include/origincar_msg/origincar_msg/msg
[5.357s] -- Up-to-date: /root/dev_ws/install/origincar_msg/include/origincar_msg/origincar_msg/msg/rosidl_typesupport_introspection_c__visibility_control.h
[5.360s] -- Up-to-date: /root/dev_ws/install/origincar_msg/include/origincar_msg/origincar_msg/msg/detail
[5.362s] -- Up-to-date: /root/dev_ws/install/origincar_msg/include/origincar_msg/origincar_msg/msg/detail/sign__rosidl_typesupport_introspection_c.h
[5.364s] -- Up-to-date: /root/dev_ws/install/origincar_msg/include/origincar_msg/origincar_msg/msg/detail/data__rosidl_typesupport_introspection_c.h
[5.365s] -- Up-to-date: /root/dev_ws/install/origincar_msg/include/origincar_msg/origincar_msg/msg/detail/data__type_support.c
[5.367s] -- Up-to-date: /root/dev_ws/install/origincar_msg/include/origincar_msg/origincar_msg/msg/detail/sign__type_support.c
[5.367s] -- Up-to-date: /root/dev_ws/install/origincar_msg/lib/liborigincar_msg__rosidl_typesupport_introspection_c.so
[5.369s] -- Up-to-date: /root/dev_ws/install/origincar_msg/lib/liborigincar_msg__rosidl_typesupport_c.so
[5.370s] -- Up-to-date: /root/dev_ws/install/origincar_msg/include/origincar_msg/origincar_msg
[5.398s] -- Up-to-date: /root/dev_ws/install/origincar_msg/include/origincar_msg/origincar_msg/msg
[5.399s] -- Up-to-date: /root/dev_ws/install/origincar_msg/include/origincar_msg/origincar_msg/msg/data.hpp
[5.400s] -- Up-to-date: /root/dev_ws/install/origincar_msg/include/origincar_msg/origincar_msg/msg/detail
[5.403s] -- Up-to-date: /root/dev_ws/install/origincar_msg/include/origincar_msg/origincar_msg/msg/detail/sign__traits.hpp
[5.405s] -- Up-to-date: /root/dev_ws/install/origincar_msg/include/origincar_msg/origincar_msg/msg/detail/sign__builder.hpp
[5.406s] -- Up-to-date: /root/dev_ws/install/origincar_msg/include/origincar_msg/origincar_msg/msg/detail/data__builder.hpp
[5.407s] -- Up-to-date: /root/dev_ws/install/origincar_msg/include/origincar_msg/origincar_msg/msg/detail/data__struct.hpp
[5.408s] -- Up-to-date: /root/dev_ws/install/origincar_msg/include/origincar_msg/origincar_msg/msg/detail/sign__struct.hpp
[5.409s] -- Up-to-date: /root/dev_ws/install/origincar_msg/include/origincar_msg/origincar_msg/msg/detail/data__traits.hpp
[5.410s] -- Up-to-date: /root/dev_ws/install/origincar_msg/include/origincar_msg/origincar_msg/msg/sign.hpp
[5.411s] -- Up-to-date: /root/dev_ws/install/origincar_msg/include/origincar_msg/origincar_msg
[5.412s] -- Up-to-date: /root/dev_ws/install/origincar_msg/include/origincar_msg/origincar_msg/msg
[5.413s] -- Up-to-date: /root/dev_ws/install/origincar_msg/include/origincar_msg/origincar_msg/msg/detail
[5.415s] -- Up-to-date: /root/dev_ws/install/origincar_msg/include/origincar_msg/origincar_msg/msg/detail/dds_fastrtps
[5.416s] -- Up-to-date: /root/dev_ws/install/origincar_msg/include/origincar_msg/origincar_msg/msg/detail/sign__rosidl_typesupport_fastrtps_cpp.hpp
[5.417s] -- Up-to-date: /root/dev_ws/install/origincar_msg/include/origincar_msg/origincar_msg/msg/detail/data__rosidl_typesupport_fastrtps_cpp.hpp
[5.423s] -- Up-to-date: /root/dev_ws/install/origincar_msg/include/origincar_msg/origincar_msg/msg/rosidl_typesupport_fastrtps_cpp__visibility_control.h
[5.425s] -- Up-to-date: /root/dev_ws/install/origincar_msg/lib/liborigincar_msg__rosidl_typesupport_fastrtps_cpp.so
[5.427s] -- Up-to-date: /root/dev_ws/install/origincar_msg/include/origincar_msg/origincar_msg
[5.428s] -- Up-to-date: /root/dev_ws/install/origincar_msg/include/origincar_msg/origincar_msg/msg
[5.429s] -- Up-to-date: /root/dev_ws/install/origincar_msg/include/origincar_msg/origincar_msg/msg/detail
[5.432s] -- Up-to-date: /root/dev_ws/install/origincar_msg/include/origincar_msg/origincar_msg/msg/detail/data__rosidl_typesupport_introspection_cpp.hpp
[5.433s] -- Up-to-date: /root/dev_ws/install/origincar_msg/include/origincar_msg/origincar_msg/msg/detail/data__type_support.cpp
[5.434s] -- Up-to-date: /root/dev_ws/install/origincar_msg/include/origincar_msg/origincar_msg/msg/detail/sign__rosidl_typesupport_introspection_cpp.hpp
[5.437s] -- Up-to-date: /root/dev_ws/install/origincar_msg/include/origincar_msg/origincar_msg/msg/detail/sign__type_support.cpp
[5.438s] -- Up-to-date: /root/dev_ws/install/origincar_msg/lib/liborigincar_msg__rosidl_typesupport_introspection_cpp.so
[5.439s] -- Up-to-date: /root/dev_ws/install/origincar_msg/lib/liborigincar_msg__rosidl_typesupport_cpp.so
[5.441s] -- Up-to-date: /root/dev_ws/install/origincar_msg/share/origincar_msg/environment/pythonpath.sh
[5.442s] -- Up-to-date: /root/dev_ws/install/origincar_msg/share/origincar_msg/environment/pythonpath.dsv
[5.443s] -- Up-to-date: /root/dev_ws/install/origincar_msg/local/lib/python3.10/dist-packages/origincar_msg-0.0.0-py3.10.egg-info
[5.444s] -- Installing: /root/dev_ws/install/origincar_msg/local/lib/python3.10/dist-packages/origincar_msg-0.0.0-py3.10.egg-info/SOURCES.txt
[5.449s] -- Installing: /root/dev_ws/install/origincar_msg/local/lib/python3.10/dist-packages/origincar_msg-0.0.0-py3.10.egg-info/PKG-INFO
[5.450s] -- Installing: /root/dev_ws/install/origincar_msg/local/lib/python3.10/dist-packages/origincar_msg-0.0.0-py3.10.egg-info/dependency_links.txt
[5.451s] -- Installing: /root/dev_ws/install/origincar_msg/local/lib/python3.10/dist-packages/origincar_msg-0.0.0-py3.10.egg-info/top_level.txt
[5.522s] -- Up-to-date: /root/dev_ws/install/origincar_msg/local/lib/python3.10/dist-packages/origincar_msg
[5.523s] -- Up-to-date: /root/dev_ws/install/origincar_msg/local/lib/python3.10/dist-packages/origincar_msg/_origincar_msg_s.ep.rosidl_typesupport_c.c
[5.525s] -- Up-to-date: /root/dev_ws/install/origincar_msg/local/lib/python3.10/dist-packages/origincar_msg/msg
[5.527s] -- Up-to-date: /root/dev_ws/install/origincar_msg/local/lib/python3.10/dist-packages/origincar_msg/msg/_sign_s.c
[5.528s] -- Up-to-date: /root/dev_ws/install/origincar_msg/local/lib/python3.10/dist-packages/origincar_msg/msg/_sign.py
[5.529s] -- Up-to-date: /root/dev_ws/install/origincar_msg/local/lib/python3.10/dist-packages/origincar_msg/msg/_data.py
[5.531s] -- Up-to-date: /root/dev_ws/install/origincar_msg/local/lib/python3.10/dist-packages/origincar_msg/msg/__init__.py
[5.532s] -- Up-to-date: /root/dev_ws/install/origincar_msg/local/lib/python3.10/dist-packages/origincar_msg/msg/_data_s.c
[5.534s] -- Up-to-date: /root/dev_ws/install/origincar_msg/local/lib/python3.10/dist-packages/origincar_msg/origincar_msg_s__rosidl_typesupport_introspection_c.cpython-310-aarch64-linux-gnu.so
[5.535s] -- Up-to-date: /root/dev_ws/install/origincar_msg/local/lib/python3.10/dist-packages/origincar_msg/__init__.py
[5.536s] -- Up-to-date: /root/dev_ws/install/origincar_msg/local/lib/python3.10/dist-packages/origincar_msg/origincar_msg_s__rosidl_typesupport_c.cpython-310-aarch64-linux-gnu.so
[5.537s] -- Up-to-date: /root/dev_ws/install/origincar_msg/local/lib/python3.10/dist-packages/origincar_msg/origincar_msg_s__rosidl_typesupport_fastrtps_c.cpython-310-aarch64-linux-gnu.so
[5.538s] -- Up-to-date: /root/dev_ws/install/origincar_msg/local/lib/python3.10/dist-packages/origincar_msg/_origincar_msg_s.ep.rosidl_typesupport_fastrtps_c.c
[5.539s] -- Up-to-date: /root/dev_ws/install/origincar_msg/local/lib/python3.10/dist-packages/origincar_msg/liborigincar_msg__rosidl_generator_py.so
[5.540s] -- Up-to-date: /root/dev_ws/install/origincar_msg/local/lib/python3.10/dist-packages/origincar_msg/_origincar_msg_s.ep.rosidl_typesupport_introspection_c.c
[5.556s] Listing '/root/dev_ws/install/origincar_msg/local/lib/python3.10/dist-packages/origincar_msg'...
[5.556s] Listing '/root/dev_ws/install/origincar_msg/local/lib/python3.10/dist-packages/origincar_msg/msg'...
[5.643s] -- Up-to-date: /root/dev_ws/install/origincar_msg/local/lib/python3.10/dist-packages/origincar_msg/origincar_msg_s__rosidl_typesupport_fastrtps_c.cpython-310-aarch64-linux-gnu.so
[5.648s] -- Up-to-date: /root/dev_ws/install/origincar_msg/local/lib/python3.10/dist-packages/origincar_msg/origincar_msg_s__rosidl_typesupport_introspection_c.cpython-310-aarch64-linux-gnu.so
[5.652s] -- Up-to-date: /root/dev_ws/install/origincar_msg/local/lib/python3.10/dist-packages/origincar_msg/origincar_msg_s__rosidl_typesupport_c.cpython-310-aarch64-linux-gnu.so
[5.659s] -- Up-to-date: /root/dev_ws/install/origincar_msg/lib/liborigincar_msg__rosidl_generator_py.so
[5.661s] -- Up-to-date: /root/dev_ws/install/origincar_msg/share/origincar_msg/msg/Data.idl
[5.670s] -- Up-to-date: /root/dev_ws/install/origincar_msg/share/origincar_msg/msg/Sign.idl
[5.672s] -- Up-to-date: /root/dev_ws/install/origincar_msg/share/origincar_msg/msg/Data.msg
[5.673s] -- Up-to-date: /root/dev_ws/install/origincar_msg/share/origincar_msg/msg/Sign.msg
[5.676s] -- Up-to-date: /root/dev_ws/install/origincar_msg/share/ament_index/resource_index/package_run_dependencies/origincar_msg
[5.686s] -- Up-to-date: /root/dev_ws/install/origincar_msg/share/ament_index/resource_index/parent_prefix_path/origincar_msg
[5.688s] -- Up-to-date: /root/dev_ws/install/origincar_msg/share/origincar_msg/environment/ament_prefix_path.sh
[5.692s] -- Up-to-date: /root/dev_ws/install/origincar_msg/share/origincar_msg/environment/ament_prefix_path.dsv
[5.693s] -- Up-to-date: /root/dev_ws/install/origincar_msg/share/origincar_msg/environment/path.sh
[5.695s] -- Up-to-date: /root/dev_ws/install/origincar_msg/share/origincar_msg/environment/path.dsv
[5.708s] -- Up-to-date: /root/dev_ws/install/origincar_msg/share/origincar_msg/local_setup.bash
[5.710s] -- Up-to-date: /root/dev_ws/install/origincar_msg/share/origincar_msg/local_setup.sh
[5.713s] -- Up-to-date: /root/dev_ws/install/origincar_msg/share/origincar_msg/local_setup.zsh
[5.718s] -- Up-to-date: /root/dev_ws/install/origincar_msg/share/origincar_msg/local_setup.dsv
[5.719s] -- Installing: /root/dev_ws/install/origincar_msg/share/origincar_msg/package.dsv
[5.727s] -- Up-to-date: /root/dev_ws/install/origincar_msg/share/ament_index/resource_index/packages/origincar_msg
[5.732s] -- Up-to-date: /root/dev_ws/install/origincar_msg/share/origincar_msg/cmake/export_origincar_msg__rosidl_generator_cExport.cmake
[5.733s] -- Up-to-date: /root/dev_ws/install/origincar_msg/share/origincar_msg/cmake/export_origincar_msg__rosidl_generator_cExport-noconfig.cmake
[5.734s] -- Up-to-date: /root/dev_ws/install/origincar_msg/share/origincar_msg/cmake/export_origincar_msg__rosidl_typesupport_fastrtps_cExport.cmake
[5.735s] -- Up-to-date: /root/dev_ws/install/origincar_msg/share/origincar_msg/cmake/export_origincar_msg__rosidl_typesupport_fastrtps_cExport-noconfig.cmake
[5.746s] -- Up-to-date: /root/dev_ws/install/origincar_msg/share/origincar_msg/cmake/origincar_msg__rosidl_typesupport_introspection_cExport.cmake
[5.747s] -- Up-to-date: /root/dev_ws/install/origincar_msg/share/origincar_msg/cmake/origincar_msg__rosidl_typesupport_introspection_cExport-noconfig.cmake
[5.753s] -- Up-to-date: /root/dev_ws/install/origincar_msg/share/origincar_msg/cmake/origincar_msg__rosidl_typesupport_cExport.cmake
[5.754s] -- Up-to-date: /root/dev_ws/install/origincar_msg/share/origincar_msg/cmake/origincar_msg__rosidl_typesupport_cExport-noconfig.cmake
[5.757s] -- Up-to-date: /root/dev_ws/install/origincar_msg/share/origincar_msg/cmake/export_origincar_msg__rosidl_generator_cppExport.cmake
[5.759s] -- Up-to-date: /root/dev_ws/install/origincar_msg/share/origincar_msg/cmake/export_origincar_msg__rosidl_typesupport_fastrtps_cppExport.cmake
[5.765s] -- Up-to-date: /root/dev_ws/install/origincar_msg/share/origincar_msg/cmake/export_origincar_msg__rosidl_typesupport_fastrtps_cppExport-noconfig.cmake
[5.765s] -- Up-to-date: /root/dev_ws/install/origincar_msg/share/origincar_msg/cmake/origincar_msg__rosidl_typesupport_introspection_cppExport.cmake
[5.766s] -- Up-to-date: /root/dev_ws/install/origincar_msg/share/origincar_msg/cmake/origincar_msg__rosidl_typesupport_introspection_cppExport-noconfig.cmake
[5.767s] -- Up-to-date: /root/dev_ws/install/origincar_msg/share/origincar_msg/cmake/origincar_msg__rosidl_typesupport_cppExport.cmake
[5.769s] -- Up-to-date: /root/dev_ws/install/origincar_msg/share/origincar_msg/cmake/origincar_msg__rosidl_typesupport_cppExport-noconfig.cmake
[5.773s] -- Up-to-date: /root/dev_ws/install/origincar_msg/share/origincar_msg/cmake/export_origincar_msg__rosidl_generator_pyExport.cmake
[5.775s] -- Up-to-date: /root/dev_ws/install/origincar_msg/share/origincar_msg/cmake/export_origincar_msg__rosidl_generator_pyExport-noconfig.cmake
[5.779s] -- Up-to-date: /root/dev_ws/install/origincar_msg/share/origincar_msg/cmake/rosidl_cmake-extras.cmake
[5.780s] -- Up-to-date: /root/dev_ws/install/origincar_msg/share/origincar_msg/cmake/ament_cmake_export_dependencies-extras.cmake
[5.782s] -- Up-to-date: /root/dev_ws/install/origincar_msg/share/origincar_msg/cmake/ament_cmake_export_include_directories-extras.cmake
[5.785s] -- Up-to-date: /root/dev_ws/install/origincar_msg/share/origincar_msg/cmake/ament_cmake_export_libraries-extras.cmake
[5.788s] -- Up-to-date: /root/dev_ws/install/origincar_msg/share/origincar_msg/cmake/ament_cmake_export_targets-extras.cmake
[5.791s] -- Up-to-date: /root/dev_ws/install/origincar_msg/share/origincar_msg/cmake/rosidl_cmake_export_typesupport_targets-extras.cmake
[5.793s] -- Up-to-date: /root/dev_ws/install/origincar_msg/share/origincar_msg/cmake/rosidl_cmake_export_typesupport_libraries-extras.cmake
[5.798s] -- Up-to-date: /root/dev_ws/install/origincar_msg/share/origincar_msg/cmake/origincar_msgConfig.cmake
[5.799s] -- Up-to-date: /root/dev_ws/install/origincar_msg/share/origincar_msg/cmake/origincar_msgConfig-version.cmake
[5.800s] -- Up-to-date: /root/dev_ws/install/origincar_msg/share/origincar_msg/package.xml
[5.858s] Invoked command in '/root/dev_ws/build/origincar_msg' returned '0': CMAKE_PREFIX_PATH=${CMAKE_PREFIX_PATH}:/root/dev_ws/install/line_follower_pkg:/root/dev_ws/install/laser_tf_publisher:/userdata/dev_ws/install/utils:/userdata/dev_ws/install/origincar_base:/userdata/dev_ws/install/serial:/userdata/dev_ws/install/origincar_msg:/userdata/dev_ws/install/origincar_description:/userdata/dev_ws/install/origincar_bringup:/userdata/dev_ws/install/line_follower_pkg:/userdata/dev_ws/install/ackermann_msgs:/opt/tros/humble:/opt/ros/humble /usr/bin/cmake --install /root/dev_ws/build/origincar_msg
