[0.287s] Invoking command in '/root/dev_ws/build/lslidar_msgs': CMAKE_PREFIX_PATH=${CMAKE_PREFIX_PATH}:/root/dev_ws/install/line_follower_pkg:/root/dev_ws/install/laser_tf_publisher:/userdata/dev_ws/install/utils:/userdata/dev_ws/install/origincar_base:/userdata/dev_ws/install/serial:/userdata/dev_ws/install/origincar_msg:/userdata/dev_ws/install/origincar_description:/userdata/dev_ws/install/origincar_bringup:/userdata/dev_ws/install/line_follower_pkg:/userdata/dev_ws/install/ackermann_msgs:/opt/tros/humble:/opt/ros/humble /usr/bin/cmake --build /root/dev_ws/build/lslidar_msgs -- -j8 -l8
[4.731s] [  0%] Built target lslidar_msgs__cpp
[4.731s] [ 12%] Built target lslidar_msgs__rosidl_generator_c
[4.732s] [ 12%] Built target ament_cmake_python_copy_lslidar_msgs
[4.732s] [ 24%] Built target lslidar_msgs__rosidl_typesupport_introspection_cpp
[4.733s] [ 36%] Built target lslidar_msgs__rosidl_typesupport_cpp
[4.733s] [ 48%] Built target lslidar_msgs__rosidl_typesupport_fastrtps_cpp
[4.734s] [ 60%] Built target lslidar_msgs__rosidl_typesupport_fastrtps_c
[4.734s] [ 72%] Built target lslidar_msgs__rosidl_typesupport_introspection_c
[4.734s] [ 84%] Built target lslidar_msgs__rosidl_typesupport_c
[4.735s] [ 84%] Built target lslidar_msgs
[4.735s] [ 85%] Built target lslidar_msgs__py
[4.736s] [ 96%] Built target lslidar_msgs__rosidl_generator_py
[4.736s] [ 98%] Built target lslidar_msgs__rosidl_typesupport_introspection_c__pyext
[4.737s] [ 99%] Built target lslidar_msgs__rosidl_typesupport_fastrtps_c__pyext
[4.737s] [100%] Built target lslidar_msgs__rosidl_typesupport_c__pyext
[4.738s] running egg_info
[4.738s] writing lslidar_msgs.egg-info/PKG-INFO
[4.738s] writing dependency_links to lslidar_msgs.egg-info/dependency_links.txt
[4.739s] writing top-level names to lslidar_msgs.egg-info/top_level.txt
[4.739s] reading manifest file 'lslidar_msgs.egg-info/SOURCES.txt'
[4.740s] writing manifest file 'lslidar_msgs.egg-info/SOURCES.txt'
[4.740s] [100%] Built target ament_cmake_python_build_lslidar_msgs_egg
[4.812s] Invoked command in '/root/dev_ws/build/lslidar_msgs' returned '0': CMAKE_PREFIX_PATH=${CMAKE_PREFIX_PATH}:/root/dev_ws/install/line_follower_pkg:/root/dev_ws/install/laser_tf_publisher:/userdata/dev_ws/install/utils:/userdata/dev_ws/install/origincar_base:/userdata/dev_ws/install/serial:/userdata/dev_ws/install/origincar_msg:/userdata/dev_ws/install/origincar_description:/userdata/dev_ws/install/origincar_bringup:/userdata/dev_ws/install/line_follower_pkg:/userdata/dev_ws/install/ackermann_msgs:/opt/tros/humble:/opt/ros/humble /usr/bin/cmake --build /root/dev_ws/build/lslidar_msgs -- -j8 -l8
[4.822s] Invoking command in '/root/dev_ws/build/lslidar_msgs': CMAKE_PREFIX_PATH=${CMAKE_PREFIX_PATH}:/root/dev_ws/install/line_follower_pkg:/root/dev_ws/install/laser_tf_publisher:/userdata/dev_ws/install/utils:/userdata/dev_ws/install/origincar_base:/userdata/dev_ws/install/serial:/userdata/dev_ws/install/origincar_msg:/userdata/dev_ws/install/origincar_description:/userdata/dev_ws/install/origincar_bringup:/userdata/dev_ws/install/line_follower_pkg:/userdata/dev_ws/install/ackermann_msgs:/opt/tros/humble:/opt/ros/humble /usr/bin/cmake --install /root/dev_ws/build/lslidar_msgs
[5.138s] -- Install configuration: ""
[5.139s] -- Up-to-date: /root/dev_ws/install/lslidar_msgs/share/ament_index/resource_index/rosidl_interfaces/lslidar_msgs
[5.142s] -- Up-to-date: /root/dev_ws/install/lslidar_msgs/include/lslidar_msgs/lslidar_msgs
[5.165s] -- Up-to-date: /root/dev_ws/install/lslidar_msgs/include/lslidar_msgs/lslidar_msgs/msg
[5.167s] -- Up-to-date: /root/dev_ws/install/lslidar_msgs/include/lslidar_msgs/lslidar_msgs/msg/lslidar_information.h
[5.168s] -- Up-to-date: /root/dev_ws/install/lslidar_msgs/include/lslidar_msgs/lslidar_msgs/msg/lslidar_packet.h
[5.202s] -- Up-to-date: /root/dev_ws/install/lslidar_msgs/include/lslidar_msgs/lslidar_msgs/msg/rosidl_generator_c__visibility_control.h
[5.207s] -- Up-to-date: /root/dev_ws/install/lslidar_msgs/include/lslidar_msgs/lslidar_msgs/msg/detail
[5.208s] -- Up-to-date: /root/dev_ws/install/lslidar_msgs/include/lslidar_msgs/lslidar_msgs/msg/detail/lslidar_packet__struct.h
[5.210s] -- Up-to-date: /root/dev_ws/install/lslidar_msgs/include/lslidar_msgs/lslidar_msgs/msg/detail/lslidar_information__struct.h
[5.211s] -- Up-to-date: /root/dev_ws/install/lslidar_msgs/include/lslidar_msgs/lslidar_msgs/msg/detail/lslidar_information__functions.h
[5.212s] -- Up-to-date: /root/dev_ws/install/lslidar_msgs/include/lslidar_msgs/lslidar_msgs/msg/detail/lslidar_packet__type_support.h
[5.214s] -- Up-to-date: /root/dev_ws/install/lslidar_msgs/include/lslidar_msgs/lslidar_msgs/msg/detail/lslidar_packet__functions.h
[5.215s] -- Up-to-date: /root/dev_ws/install/lslidar_msgs/include/lslidar_msgs/lslidar_msgs/msg/detail/lslidar_information__functions.c
[5.223s] -- Up-to-date: /root/dev_ws/install/lslidar_msgs/include/lslidar_msgs/lslidar_msgs/msg/detail/lslidar_information__type_support.h
[5.224s] -- Up-to-date: /root/dev_ws/install/lslidar_msgs/include/lslidar_msgs/lslidar_msgs/msg/detail/lslidar_packet__functions.c
[5.226s] -- Up-to-date: /root/dev_ws/install/lslidar_msgs/include/lslidar_msgs/lslidar_msgs/srv
[5.227s] -- Up-to-date: /root/dev_ws/install/lslidar_msgs/include/lslidar_msgs/lslidar_msgs/srv/angle_distortion_correction.h
[5.228s] -- Up-to-date: /root/dev_ws/install/lslidar_msgs/include/lslidar_msgs/lslidar_msgs/srv/power_control.h
[5.230s] -- Up-to-date: /root/dev_ws/install/lslidar_msgs/include/lslidar_msgs/lslidar_msgs/srv/tail_removal.h
[5.231s] -- Up-to-date: /root/dev_ws/install/lslidar_msgs/include/lslidar_msgs/lslidar_msgs/srv/invalid_data.h
[5.233s] -- Up-to-date: /root/dev_ws/install/lslidar_msgs/include/lslidar_msgs/lslidar_msgs/srv/motor_speed.h
[5.235s] -- Up-to-date: /root/dev_ws/install/lslidar_msgs/include/lslidar_msgs/lslidar_msgs/srv/time_mode.h
[5.236s] -- Up-to-date: /root/dev_ws/install/lslidar_msgs/include/lslidar_msgs/lslidar_msgs/srv/frame_rate.h
[5.236s] -- Up-to-date: /root/dev_ws/install/lslidar_msgs/include/lslidar_msgs/lslidar_msgs/srv/standby_mode.h
[5.237s] -- Up-to-date: /root/dev_ws/install/lslidar_msgs/include/lslidar_msgs/lslidar_msgs/srv/ip_and_port.h
[5.242s] -- Up-to-date: /root/dev_ws/install/lslidar_msgs/include/lslidar_msgs/lslidar_msgs/srv/rfd_removal.h
[5.243s] -- Up-to-date: /root/dev_ws/install/lslidar_msgs/include/lslidar_msgs/lslidar_msgs/srv/detail
[5.244s] -- Up-to-date: /root/dev_ws/install/lslidar_msgs/include/lslidar_msgs/lslidar_msgs/srv/detail/tail_removal__struct.h
[5.244s] -- Up-to-date: /root/dev_ws/install/lslidar_msgs/include/lslidar_msgs/lslidar_msgs/srv/detail/standby_mode__type_support.h
[5.245s] -- Up-to-date: /root/dev_ws/install/lslidar_msgs/include/lslidar_msgs/lslidar_msgs/srv/detail/frame_rate__struct.h
[5.249s] -- Up-to-date: /root/dev_ws/install/lslidar_msgs/include/lslidar_msgs/lslidar_msgs/srv/detail/angle_distortion_correction__functions.h
[5.250s] -- Up-to-date: /root/dev_ws/install/lslidar_msgs/include/lslidar_msgs/lslidar_msgs/srv/detail/power_control__functions.c
[5.252s] -- Up-to-date: /root/dev_ws/install/lslidar_msgs/include/lslidar_msgs/lslidar_msgs/srv/detail/motor_speed__functions.c
[5.254s] -- Up-to-date: /root/dev_ws/install/lslidar_msgs/include/lslidar_msgs/lslidar_msgs/srv/detail/power_control__struct.h
[5.255s] -- Up-to-date: /root/dev_ws/install/lslidar_msgs/include/lslidar_msgs/lslidar_msgs/srv/detail/angle_distortion_correction__type_support.h
[5.269s] -- Up-to-date: /root/dev_ws/install/lslidar_msgs/include/lslidar_msgs/lslidar_msgs/srv/detail/ip_and_port__functions.h
[5.272s] -- Up-to-date: /root/dev_ws/install/lslidar_msgs/include/lslidar_msgs/lslidar_msgs/srv/detail/motor_control__type_support.h
[5.275s] -- Up-to-date: /root/dev_ws/install/lslidar_msgs/include/lslidar_msgs/lslidar_msgs/srv/detail/time_mode__struct.h
[5.277s] -- Up-to-date: /root/dev_ws/install/lslidar_msgs/include/lslidar_msgs/lslidar_msgs/srv/detail/frame_rate__functions.h
[5.279s] -- Up-to-date: /root/dev_ws/install/lslidar_msgs/include/lslidar_msgs/lslidar_msgs/srv/detail/time_mode__type_support.h
[5.282s] -- Up-to-date: /root/dev_ws/install/lslidar_msgs/include/lslidar_msgs/lslidar_msgs/srv/detail/ip_and_port__struct.h
[5.283s] -- Up-to-date: /root/dev_ws/install/lslidar_msgs/include/lslidar_msgs/lslidar_msgs/srv/detail/power_control__functions.h
[5.285s] -- Up-to-date: /root/dev_ws/install/lslidar_msgs/include/lslidar_msgs/lslidar_msgs/srv/detail/rfd_removal__functions.h
[5.288s] -- Up-to-date: /root/dev_ws/install/lslidar_msgs/include/lslidar_msgs/lslidar_msgs/srv/detail/motor_speed__functions.h
[5.291s] -- Up-to-date: /root/dev_ws/install/lslidar_msgs/include/lslidar_msgs/lslidar_msgs/srv/detail/motor_control__functions.h
[5.295s] -- Up-to-date: /root/dev_ws/install/lslidar_msgs/include/lslidar_msgs/lslidar_msgs/srv/detail/time_mode__functions.c
[5.297s] -- Up-to-date: /root/dev_ws/install/lslidar_msgs/include/lslidar_msgs/lslidar_msgs/srv/detail/rfd_removal__functions.c
[5.298s] -- Up-to-date: /root/dev_ws/install/lslidar_msgs/include/lslidar_msgs/lslidar_msgs/srv/detail/motor_control__functions.c
[5.300s] -- Up-to-date: /root/dev_ws/install/lslidar_msgs/include/lslidar_msgs/lslidar_msgs/srv/detail/rfd_removal__struct.h
[5.301s] -- Up-to-date: /root/dev_ws/install/lslidar_msgs/include/lslidar_msgs/lslidar_msgs/srv/detail/tail_removal__type_support.h
[5.303s] -- Up-to-date: /root/dev_ws/install/lslidar_msgs/include/lslidar_msgs/lslidar_msgs/srv/detail/invalid_data__functions.h
[5.304s] -- Up-to-date: /root/dev_ws/install/lslidar_msgs/include/lslidar_msgs/lslidar_msgs/srv/detail/invalid_data__type_support.h
[5.306s] -- Up-to-date: /root/dev_ws/install/lslidar_msgs/include/lslidar_msgs/lslidar_msgs/srv/detail/motor_control__struct.h
[5.306s] -- Up-to-date: /root/dev_ws/install/lslidar_msgs/include/lslidar_msgs/lslidar_msgs/srv/detail/tail_removal__functions.c
[5.307s] -- Up-to-date: /root/dev_ws/install/lslidar_msgs/include/lslidar_msgs/lslidar_msgs/srv/detail/rfd_removal__type_support.h
[5.308s] -- Up-to-date: /root/dev_ws/install/lslidar_msgs/include/lslidar_msgs/lslidar_msgs/srv/detail/standby_mode__functions.h
[5.309s] -- Up-to-date: /root/dev_ws/install/lslidar_msgs/include/lslidar_msgs/lslidar_msgs/srv/detail/power_control__type_support.h
[5.310s] -- Up-to-date: /root/dev_ws/install/lslidar_msgs/include/lslidar_msgs/lslidar_msgs/srv/detail/frame_rate__functions.c
[5.311s] -- Up-to-date: /root/dev_ws/install/lslidar_msgs/include/lslidar_msgs/lslidar_msgs/srv/detail/motor_speed__struct.h
[5.314s] -- Up-to-date: /root/dev_ws/install/lslidar_msgs/include/lslidar_msgs/lslidar_msgs/srv/detail/angle_distortion_correction__functions.c
[5.319s] -- Up-to-date: /root/dev_ws/install/lslidar_msgs/include/lslidar_msgs/lslidar_msgs/srv/detail/frame_rate__type_support.h
[5.323s] -- Up-to-date: /root/dev_ws/install/lslidar_msgs/include/lslidar_msgs/lslidar_msgs/srv/detail/time_mode__functions.h
[5.326s] -- Up-to-date: /root/dev_ws/install/lslidar_msgs/include/lslidar_msgs/lslidar_msgs/srv/detail/tail_removal__functions.h
[5.328s] -- Up-to-date: /root/dev_ws/install/lslidar_msgs/include/lslidar_msgs/lslidar_msgs/srv/detail/ip_and_port__type_support.h
[5.329s] -- Up-to-date: /root/dev_ws/install/lslidar_msgs/include/lslidar_msgs/lslidar_msgs/srv/detail/invalid_data__functions.c
[5.330s] -- Up-to-date: /root/dev_ws/install/lslidar_msgs/include/lslidar_msgs/lslidar_msgs/srv/detail/standby_mode__functions.c
[5.330s] -- Up-to-date: /root/dev_ws/install/lslidar_msgs/include/lslidar_msgs/lslidar_msgs/srv/detail/motor_speed__type_support.h
[5.331s] -- Up-to-date: /root/dev_ws/install/lslidar_msgs/include/lslidar_msgs/lslidar_msgs/srv/detail/invalid_data__struct.h
[5.332s] -- Up-to-date: /root/dev_ws/install/lslidar_msgs/include/lslidar_msgs/lslidar_msgs/srv/detail/ip_and_port__functions.c
[5.333s] -- Up-to-date: /root/dev_ws/install/lslidar_msgs/include/lslidar_msgs/lslidar_msgs/srv/detail/angle_distortion_correction__struct.h
[5.333s] -- Up-to-date: /root/dev_ws/install/lslidar_msgs/include/lslidar_msgs/lslidar_msgs/srv/detail/standby_mode__struct.h
[5.334s] -- Up-to-date: /root/dev_ws/install/lslidar_msgs/include/lslidar_msgs/lslidar_msgs/srv/motor_control.h
[5.335s] -- Up-to-date: /root/dev_ws/install/lslidar_msgs/share/lslidar_msgs/environment/library_path.sh
[5.336s] -- Up-to-date: /root/dev_ws/install/lslidar_msgs/share/lslidar_msgs/environment/library_path.dsv
[5.346s] -- Up-to-date: /root/dev_ws/install/lslidar_msgs/lib/liblslidar_msgs__rosidl_generator_c.so
[5.347s] -- Up-to-date: /root/dev_ws/install/lslidar_msgs/include/lslidar_msgs/lslidar_msgs
[5.348s] -- Up-to-date: /root/dev_ws/install/lslidar_msgs/include/lslidar_msgs/lslidar_msgs/msg
[5.349s] -- Up-to-date: /root/dev_ws/install/lslidar_msgs/include/lslidar_msgs/lslidar_msgs/msg/rosidl_typesupport_fastrtps_c__visibility_control.h
[5.350s] -- Up-to-date: /root/dev_ws/install/lslidar_msgs/include/lslidar_msgs/lslidar_msgs/msg/detail
[5.350s] -- Up-to-date: /root/dev_ws/install/lslidar_msgs/include/lslidar_msgs/lslidar_msgs/msg/detail/lslidar_packet__rosidl_typesupport_fastrtps_c.h
[5.351s] -- Up-to-date: /root/dev_ws/install/lslidar_msgs/include/lslidar_msgs/lslidar_msgs/msg/detail/lslidar_information__rosidl_typesupport_fastrtps_c.h
[5.352s] -- Up-to-date: /root/dev_ws/install/lslidar_msgs/include/lslidar_msgs/lslidar_msgs/srv
[5.352s] -- Up-to-date: /root/dev_ws/install/lslidar_msgs/include/lslidar_msgs/lslidar_msgs/srv/detail
[5.353s] -- Up-to-date: /root/dev_ws/install/lslidar_msgs/include/lslidar_msgs/lslidar_msgs/srv/detail/invalid_data__rosidl_typesupport_fastrtps_c.h
[5.354s] -- Up-to-date: /root/dev_ws/install/lslidar_msgs/include/lslidar_msgs/lslidar_msgs/srv/detail/motor_speed__rosidl_typesupport_fastrtps_c.h
[5.354s] -- Up-to-date: /root/dev_ws/install/lslidar_msgs/include/lslidar_msgs/lslidar_msgs/srv/detail/rfd_removal__rosidl_typesupport_fastrtps_c.h
[5.355s] -- Up-to-date: /root/dev_ws/install/lslidar_msgs/include/lslidar_msgs/lslidar_msgs/srv/detail/standby_mode__rosidl_typesupport_fastrtps_c.h
[5.356s] -- Up-to-date: /root/dev_ws/install/lslidar_msgs/include/lslidar_msgs/lslidar_msgs/srv/detail/ip_and_port__rosidl_typesupport_fastrtps_c.h
[5.358s] -- Up-to-date: /root/dev_ws/install/lslidar_msgs/include/lslidar_msgs/lslidar_msgs/srv/detail/frame_rate__rosidl_typesupport_fastrtps_c.h
[5.359s] -- Up-to-date: /root/dev_ws/install/lslidar_msgs/include/lslidar_msgs/lslidar_msgs/srv/detail/power_control__rosidl_typesupport_fastrtps_c.h
[5.360s] -- Up-to-date: /root/dev_ws/install/lslidar_msgs/include/lslidar_msgs/lslidar_msgs/srv/detail/time_mode__rosidl_typesupport_fastrtps_c.h
[5.361s] -- Up-to-date: /root/dev_ws/install/lslidar_msgs/include/lslidar_msgs/lslidar_msgs/srv/detail/motor_control__rosidl_typesupport_fastrtps_c.h
[5.362s] -- Up-to-date: /root/dev_ws/install/lslidar_msgs/include/lslidar_msgs/lslidar_msgs/srv/detail/angle_distortion_correction__rosidl_typesupport_fastrtps_c.h
[5.363s] -- Up-to-date: /root/dev_ws/install/lslidar_msgs/include/lslidar_msgs/lslidar_msgs/srv/detail/tail_removal__rosidl_typesupport_fastrtps_c.h
[5.364s] -- Up-to-date: /root/dev_ws/install/lslidar_msgs/lib/liblslidar_msgs__rosidl_typesupport_fastrtps_c.so
[5.365s] -- Up-to-date: /root/dev_ws/install/lslidar_msgs/include/lslidar_msgs/lslidar_msgs
[5.367s] -- Up-to-date: /root/dev_ws/install/lslidar_msgs/include/lslidar_msgs/lslidar_msgs/msg
[5.368s] -- Up-to-date: /root/dev_ws/install/lslidar_msgs/include/lslidar_msgs/lslidar_msgs/msg/rosidl_typesupport_introspection_c__visibility_control.h
[5.370s] -- Up-to-date: /root/dev_ws/install/lslidar_msgs/include/lslidar_msgs/lslidar_msgs/msg/detail
[5.370s] -- Up-to-date: /root/dev_ws/install/lslidar_msgs/include/lslidar_msgs/lslidar_msgs/msg/detail/lslidar_packet__type_support.c
[5.371s] -- Up-to-date: /root/dev_ws/install/lslidar_msgs/include/lslidar_msgs/lslidar_msgs/msg/detail/lslidar_information__type_support.c
[5.372s] -- Up-to-date: /root/dev_ws/install/lslidar_msgs/include/lslidar_msgs/lslidar_msgs/msg/detail/lslidar_packet__rosidl_typesupport_introspection_c.h
[5.373s] -- Up-to-date: /root/dev_ws/install/lslidar_msgs/include/lslidar_msgs/lslidar_msgs/msg/detail/lslidar_information__rosidl_typesupport_introspection_c.h
[5.374s] -- Up-to-date: /root/dev_ws/install/lslidar_msgs/include/lslidar_msgs/lslidar_msgs/srv
[5.375s] -- Up-to-date: /root/dev_ws/install/lslidar_msgs/include/lslidar_msgs/lslidar_msgs/srv/detail
[5.376s] -- Up-to-date: /root/dev_ws/install/lslidar_msgs/include/lslidar_msgs/lslidar_msgs/srv/detail/tail_removal__type_support.c
[5.377s] -- Up-to-date: /root/dev_ws/install/lslidar_msgs/include/lslidar_msgs/lslidar_msgs/srv/detail/motor_speed__type_support.c
[5.379s] -- Up-to-date: /root/dev_ws/install/lslidar_msgs/include/lslidar_msgs/lslidar_msgs/srv/detail/standby_mode__rosidl_typesupport_introspection_c.h
[5.379s] -- Up-to-date: /root/dev_ws/install/lslidar_msgs/include/lslidar_msgs/lslidar_msgs/srv/detail/ip_and_port__rosidl_typesupport_introspection_c.h
[5.380s] -- Up-to-date: /root/dev_ws/install/lslidar_msgs/include/lslidar_msgs/lslidar_msgs/srv/detail/rfd_removal__rosidl_typesupport_introspection_c.h
[5.383s] -- Up-to-date: /root/dev_ws/install/lslidar_msgs/include/lslidar_msgs/lslidar_msgs/srv/detail/invalid_data__rosidl_typesupport_introspection_c.h
[5.384s] -- Up-to-date: /root/dev_ws/install/lslidar_msgs/include/lslidar_msgs/lslidar_msgs/srv/detail/motor_control__rosidl_typesupport_introspection_c.h
[5.384s] -- Up-to-date: /root/dev_ws/install/lslidar_msgs/include/lslidar_msgs/lslidar_msgs/srv/detail/time_mode__rosidl_typesupport_introspection_c.h
[5.385s] -- Up-to-date: /root/dev_ws/install/lslidar_msgs/include/lslidar_msgs/lslidar_msgs/srv/detail/frame_rate__type_support.c
[5.386s] -- Up-to-date: /root/dev_ws/install/lslidar_msgs/include/lslidar_msgs/lslidar_msgs/srv/detail/invalid_data__type_support.c
[5.386s] -- Up-to-date: /root/dev_ws/install/lslidar_msgs/include/lslidar_msgs/lslidar_msgs/srv/detail/standby_mode__type_support.c
[5.387s] -- Up-to-date: /root/dev_ws/install/lslidar_msgs/include/lslidar_msgs/lslidar_msgs/srv/detail/tail_removal__rosidl_typesupport_introspection_c.h
[5.387s] -- Up-to-date: /root/dev_ws/install/lslidar_msgs/include/lslidar_msgs/lslidar_msgs/srv/detail/time_mode__type_support.c
[5.395s] -- Up-to-date: /root/dev_ws/install/lslidar_msgs/include/lslidar_msgs/lslidar_msgs/srv/detail/angle_distortion_correction__rosidl_typesupport_introspection_c.h
[5.397s] -- Up-to-date: /root/dev_ws/install/lslidar_msgs/include/lslidar_msgs/lslidar_msgs/srv/detail/frame_rate__rosidl_typesupport_introspection_c.h
[5.398s] -- Up-to-date: /root/dev_ws/install/lslidar_msgs/include/lslidar_msgs/lslidar_msgs/srv/detail/power_control__type_support.c
[5.399s] -- Up-to-date: /root/dev_ws/install/lslidar_msgs/include/lslidar_msgs/lslidar_msgs/srv/detail/angle_distortion_correction__type_support.c
[5.399s] -- Up-to-date: /root/dev_ws/install/lslidar_msgs/include/lslidar_msgs/lslidar_msgs/srv/detail/rfd_removal__type_support.c
[5.400s] -- Up-to-date: /root/dev_ws/install/lslidar_msgs/include/lslidar_msgs/lslidar_msgs/srv/detail/ip_and_port__type_support.c
[5.402s] -- Up-to-date: /root/dev_ws/install/lslidar_msgs/include/lslidar_msgs/lslidar_msgs/srv/detail/motor_control__type_support.c
[5.404s] -- Up-to-date: /root/dev_ws/install/lslidar_msgs/include/lslidar_msgs/lslidar_msgs/srv/detail/power_control__rosidl_typesupport_introspection_c.h
[5.406s] -- Up-to-date: /root/dev_ws/install/lslidar_msgs/include/lslidar_msgs/lslidar_msgs/srv/detail/motor_speed__rosidl_typesupport_introspection_c.h
[5.409s] -- Up-to-date: /root/dev_ws/install/lslidar_msgs/lib/liblslidar_msgs__rosidl_typesupport_introspection_c.so
[5.411s] -- Up-to-date: /root/dev_ws/install/lslidar_msgs/lib/liblslidar_msgs__rosidl_typesupport_c.so
[5.419s] -- Up-to-date: /root/dev_ws/install/lslidar_msgs/include/lslidar_msgs/lslidar_msgs
[5.419s] -- Up-to-date: /root/dev_ws/install/lslidar_msgs/include/lslidar_msgs/lslidar_msgs/msg
[5.420s] -- Up-to-date: /root/dev_ws/install/lslidar_msgs/include/lslidar_msgs/lslidar_msgs/msg/lslidar_information.hpp
[5.421s] -- Up-to-date: /root/dev_ws/install/lslidar_msgs/include/lslidar_msgs/lslidar_msgs/msg/lslidar_packet.hpp
[5.421s] -- Up-to-date: /root/dev_ws/install/lslidar_msgs/include/lslidar_msgs/lslidar_msgs/msg/detail
[5.422s] -- Up-to-date: /root/dev_ws/install/lslidar_msgs/include/lslidar_msgs/lslidar_msgs/msg/detail/lslidar_information__builder.hpp
[5.423s] -- Up-to-date: /root/dev_ws/install/lslidar_msgs/include/lslidar_msgs/lslidar_msgs/msg/detail/lslidar_packet__builder.hpp
[5.424s] -- Up-to-date: /root/dev_ws/install/lslidar_msgs/include/lslidar_msgs/lslidar_msgs/msg/detail/lslidar_information__struct.hpp
[5.425s] -- Up-to-date: /root/dev_ws/install/lslidar_msgs/include/lslidar_msgs/lslidar_msgs/msg/detail/lslidar_information__traits.hpp
[5.425s] -- Up-to-date: /root/dev_ws/install/lslidar_msgs/include/lslidar_msgs/lslidar_msgs/msg/detail/lslidar_packet__traits.hpp
[5.426s] -- Up-to-date: /root/dev_ws/install/lslidar_msgs/include/lslidar_msgs/lslidar_msgs/msg/detail/lslidar_packet__struct.hpp
[5.427s] -- Up-to-date: /root/dev_ws/install/lslidar_msgs/include/lslidar_msgs/lslidar_msgs/srv
[5.427s] -- Up-to-date: /root/dev_ws/install/lslidar_msgs/include/lslidar_msgs/lslidar_msgs/srv/rfd_removal.hpp
[5.428s] -- Up-to-date: /root/dev_ws/install/lslidar_msgs/include/lslidar_msgs/lslidar_msgs/srv/invalid_data.hpp
[5.429s] -- Up-to-date: /root/dev_ws/install/lslidar_msgs/include/lslidar_msgs/lslidar_msgs/srv/power_control.hpp
[5.430s] -- Up-to-date: /root/dev_ws/install/lslidar_msgs/include/lslidar_msgs/lslidar_msgs/srv/angle_distortion_correction.hpp
[5.430s] -- Up-to-date: /root/dev_ws/install/lslidar_msgs/include/lslidar_msgs/lslidar_msgs/srv/ip_and_port.hpp
[5.431s] -- Up-to-date: /root/dev_ws/install/lslidar_msgs/include/lslidar_msgs/lslidar_msgs/srv/standby_mode.hpp
[5.432s] -- Up-to-date: /root/dev_ws/install/lslidar_msgs/include/lslidar_msgs/lslidar_msgs/srv/tail_removal.hpp
[5.432s] -- Up-to-date: /root/dev_ws/install/lslidar_msgs/include/lslidar_msgs/lslidar_msgs/srv/frame_rate.hpp
[5.433s] -- Up-to-date: /root/dev_ws/install/lslidar_msgs/include/lslidar_msgs/lslidar_msgs/srv/motor_control.hpp
[5.433s] -- Up-to-date: /root/dev_ws/install/lslidar_msgs/include/lslidar_msgs/lslidar_msgs/srv/time_mode.hpp
[5.434s] -- Up-to-date: /root/dev_ws/install/lslidar_msgs/include/lslidar_msgs/lslidar_msgs/srv/detail
[5.434s] -- Up-to-date: /root/dev_ws/install/lslidar_msgs/include/lslidar_msgs/lslidar_msgs/srv/detail/power_control__traits.hpp
[5.435s] -- Up-to-date: /root/dev_ws/install/lslidar_msgs/include/lslidar_msgs/lslidar_msgs/srv/detail/angle_distortion_correction__traits.hpp
[5.435s] -- Up-to-date: /root/dev_ws/install/lslidar_msgs/include/lslidar_msgs/lslidar_msgs/srv/detail/motor_control__struct.hpp
[5.436s] -- Up-to-date: /root/dev_ws/install/lslidar_msgs/include/lslidar_msgs/lslidar_msgs/srv/detail/time_mode__struct.hpp
[5.439s] -- Up-to-date: /root/dev_ws/install/lslidar_msgs/include/lslidar_msgs/lslidar_msgs/srv/detail/motor_speed__builder.hpp
[5.440s] -- Up-to-date: /root/dev_ws/install/lslidar_msgs/include/lslidar_msgs/lslidar_msgs/srv/detail/rfd_removal__struct.hpp
[5.441s] -- Up-to-date: /root/dev_ws/install/lslidar_msgs/include/lslidar_msgs/lslidar_msgs/srv/detail/power_control__builder.hpp
[5.442s] -- Up-to-date: /root/dev_ws/install/lslidar_msgs/include/lslidar_msgs/lslidar_msgs/srv/detail/rfd_removal__traits.hpp
[5.443s] -- Up-to-date: /root/dev_ws/install/lslidar_msgs/include/lslidar_msgs/lslidar_msgs/srv/detail/ip_and_port__builder.hpp
[5.443s] -- Up-to-date: /root/dev_ws/install/lslidar_msgs/include/lslidar_msgs/lslidar_msgs/srv/detail/motor_speed__traits.hpp
[5.445s] -- Up-to-date: /root/dev_ws/install/lslidar_msgs/include/lslidar_msgs/lslidar_msgs/srv/detail/tail_removal__struct.hpp
[5.445s] -- Up-to-date: /root/dev_ws/install/lslidar_msgs/include/lslidar_msgs/lslidar_msgs/srv/detail/frame_rate__struct.hpp
[5.447s] -- Up-to-date: /root/dev_ws/install/lslidar_msgs/include/lslidar_msgs/lslidar_msgs/srv/detail/rfd_removal__builder.hpp
[5.448s] -- Up-to-date: /root/dev_ws/install/lslidar_msgs/include/lslidar_msgs/lslidar_msgs/srv/detail/tail_removal__traits.hpp
[5.449s] -- Up-to-date: /root/dev_ws/install/lslidar_msgs/include/lslidar_msgs/lslidar_msgs/srv/detail/frame_rate__traits.hpp
[5.450s] -- Up-to-date: /root/dev_ws/install/lslidar_msgs/include/lslidar_msgs/lslidar_msgs/srv/detail/motor_speed__struct.hpp
[5.451s] -- Up-to-date: /root/dev_ws/install/lslidar_msgs/include/lslidar_msgs/lslidar_msgs/srv/detail/standby_mode__builder.hpp
[5.451s] -- Up-to-date: /root/dev_ws/install/lslidar_msgs/include/lslidar_msgs/lslidar_msgs/srv/detail/standby_mode__struct.hpp
[5.453s] -- Up-to-date: /root/dev_ws/install/lslidar_msgs/include/lslidar_msgs/lslidar_msgs/srv/detail/frame_rate__builder.hpp
[5.453s] -- Up-to-date: /root/dev_ws/install/lslidar_msgs/include/lslidar_msgs/lslidar_msgs/srv/detail/invalid_data__struct.hpp
[5.456s] -- Up-to-date: /root/dev_ws/install/lslidar_msgs/include/lslidar_msgs/lslidar_msgs/srv/detail/ip_and_port__struct.hpp
[5.457s] -- Up-to-date: /root/dev_ws/install/lslidar_msgs/include/lslidar_msgs/lslidar_msgs/srv/detail/invalid_data__builder.hpp
[5.458s] -- Up-to-date: /root/dev_ws/install/lslidar_msgs/include/lslidar_msgs/lslidar_msgs/srv/detail/time_mode__traits.hpp
[5.458s] -- Up-to-date: /root/dev_ws/install/lslidar_msgs/include/lslidar_msgs/lslidar_msgs/srv/detail/tail_removal__builder.hpp
[5.460s] -- Up-to-date: /root/dev_ws/install/lslidar_msgs/include/lslidar_msgs/lslidar_msgs/srv/detail/invalid_data__traits.hpp
[5.461s] -- Up-to-date: /root/dev_ws/install/lslidar_msgs/include/lslidar_msgs/lslidar_msgs/srv/detail/motor_control__traits.hpp
[5.462s] -- Up-to-date: /root/dev_ws/install/lslidar_msgs/include/lslidar_msgs/lslidar_msgs/srv/detail/standby_mode__traits.hpp
[5.463s] -- Up-to-date: /root/dev_ws/install/lslidar_msgs/include/lslidar_msgs/lslidar_msgs/srv/detail/motor_control__builder.hpp
[5.464s] -- Up-to-date: /root/dev_ws/install/lslidar_msgs/include/lslidar_msgs/lslidar_msgs/srv/detail/angle_distortion_correction__struct.hpp
[5.466s] -- Up-to-date: /root/dev_ws/install/lslidar_msgs/include/lslidar_msgs/lslidar_msgs/srv/detail/time_mode__builder.hpp
[5.467s] -- Up-to-date: /root/dev_ws/install/lslidar_msgs/include/lslidar_msgs/lslidar_msgs/srv/detail/angle_distortion_correction__builder.hpp
[5.468s] -- Up-to-date: /root/dev_ws/install/lslidar_msgs/include/lslidar_msgs/lslidar_msgs/srv/detail/ip_and_port__traits.hpp
[5.472s] -- Up-to-date: /root/dev_ws/install/lslidar_msgs/include/lslidar_msgs/lslidar_msgs/srv/detail/power_control__struct.hpp
[5.475s] -- Up-to-date: /root/dev_ws/install/lslidar_msgs/include/lslidar_msgs/lslidar_msgs/srv/motor_speed.hpp
[5.476s] -- Up-to-date: /root/dev_ws/install/lslidar_msgs/include/lslidar_msgs/lslidar_msgs
[5.478s] -- Up-to-date: /root/dev_ws/install/lslidar_msgs/include/lslidar_msgs/lslidar_msgs/msg
[5.479s] -- Up-to-date: /root/dev_ws/install/lslidar_msgs/include/lslidar_msgs/lslidar_msgs/msg/detail
[5.480s] -- Up-to-date: /root/dev_ws/install/lslidar_msgs/include/lslidar_msgs/lslidar_msgs/msg/detail/dds_fastrtps
[5.482s] -- Up-to-date: /root/dev_ws/install/lslidar_msgs/include/lslidar_msgs/lslidar_msgs/msg/detail/lslidar_packet__rosidl_typesupport_fastrtps_cpp.hpp
[5.483s] -- Up-to-date: /root/dev_ws/install/lslidar_msgs/include/lslidar_msgs/lslidar_msgs/msg/detail/lslidar_information__rosidl_typesupport_fastrtps_cpp.hpp
[5.484s] -- Up-to-date: /root/dev_ws/install/lslidar_msgs/include/lslidar_msgs/lslidar_msgs/msg/rosidl_typesupport_fastrtps_cpp__visibility_control.h
[5.485s] -- Up-to-date: /root/dev_ws/install/lslidar_msgs/include/lslidar_msgs/lslidar_msgs/srv
[5.487s] -- Up-to-date: /root/dev_ws/install/lslidar_msgs/include/lslidar_msgs/lslidar_msgs/srv/detail
[5.488s] -- Up-to-date: /root/dev_ws/install/lslidar_msgs/include/lslidar_msgs/lslidar_msgs/srv/detail/angle_distortion_correction__rosidl_typesupport_fastrtps_cpp.hpp
[5.488s] -- Up-to-date: /root/dev_ws/install/lslidar_msgs/include/lslidar_msgs/lslidar_msgs/srv/detail/standby_mode__rosidl_typesupport_fastrtps_cpp.hpp
[5.490s] -- Up-to-date: /root/dev_ws/install/lslidar_msgs/include/lslidar_msgs/lslidar_msgs/srv/detail/tail_removal__rosidl_typesupport_fastrtps_cpp.hpp
[5.491s] -- Up-to-date: /root/dev_ws/install/lslidar_msgs/include/lslidar_msgs/lslidar_msgs/srv/detail/invalid_data__rosidl_typesupport_fastrtps_cpp.hpp
[5.492s] -- Up-to-date: /root/dev_ws/install/lslidar_msgs/include/lslidar_msgs/lslidar_msgs/srv/detail/dds_fastrtps
[5.493s] -- Up-to-date: /root/dev_ws/install/lslidar_msgs/include/lslidar_msgs/lslidar_msgs/srv/detail/motor_speed__rosidl_typesupport_fastrtps_cpp.hpp
[5.494s] -- Up-to-date: /root/dev_ws/install/lslidar_msgs/include/lslidar_msgs/lslidar_msgs/srv/detail/rfd_removal__rosidl_typesupport_fastrtps_cpp.hpp
[5.495s] -- Up-to-date: /root/dev_ws/install/lslidar_msgs/include/lslidar_msgs/lslidar_msgs/srv/detail/power_control__rosidl_typesupport_fastrtps_cpp.hpp
[5.496s] -- Up-to-date: /root/dev_ws/install/lslidar_msgs/include/lslidar_msgs/lslidar_msgs/srv/detail/motor_control__rosidl_typesupport_fastrtps_cpp.hpp
[5.497s] -- Up-to-date: /root/dev_ws/install/lslidar_msgs/include/lslidar_msgs/lslidar_msgs/srv/detail/ip_and_port__rosidl_typesupport_fastrtps_cpp.hpp
[5.498s] -- Up-to-date: /root/dev_ws/install/lslidar_msgs/include/lslidar_msgs/lslidar_msgs/srv/detail/time_mode__rosidl_typesupport_fastrtps_cpp.hpp
[5.499s] -- Up-to-date: /root/dev_ws/install/lslidar_msgs/include/lslidar_msgs/lslidar_msgs/srv/detail/frame_rate__rosidl_typesupport_fastrtps_cpp.hpp
[5.500s] -- Up-to-date: /root/dev_ws/install/lslidar_msgs/lib/liblslidar_msgs__rosidl_typesupport_fastrtps_cpp.so
[5.500s] -- Up-to-date: /root/dev_ws/install/lslidar_msgs/include/lslidar_msgs/lslidar_msgs
[5.501s] -- Up-to-date: /root/dev_ws/install/lslidar_msgs/include/lslidar_msgs/lslidar_msgs/msg
[5.502s] -- Up-to-date: /root/dev_ws/install/lslidar_msgs/include/lslidar_msgs/lslidar_msgs/msg/detail
[5.506s] -- Up-to-date: /root/dev_ws/install/lslidar_msgs/include/lslidar_msgs/lslidar_msgs/msg/detail/lslidar_information__type_support.cpp
[5.508s] -- Up-to-date: /root/dev_ws/install/lslidar_msgs/include/lslidar_msgs/lslidar_msgs/msg/detail/lslidar_packet__rosidl_typesupport_introspection_cpp.hpp
[5.509s] -- Up-to-date: /root/dev_ws/install/lslidar_msgs/include/lslidar_msgs/lslidar_msgs/msg/detail/lslidar_packet__type_support.cpp
[5.510s] -- Up-to-date: /root/dev_ws/install/lslidar_msgs/include/lslidar_msgs/lslidar_msgs/msg/detail/lslidar_information__rosidl_typesupport_introspection_cpp.hpp
[5.510s] -- Up-to-date: /root/dev_ws/install/lslidar_msgs/include/lslidar_msgs/lslidar_msgs/srv
[5.511s] -- Up-to-date: /root/dev_ws/install/lslidar_msgs/include/lslidar_msgs/lslidar_msgs/srv/detail
[5.512s] -- Up-to-date: /root/dev_ws/install/lslidar_msgs/include/lslidar_msgs/lslidar_msgs/srv/detail/frame_rate__type_support.cpp
[5.513s] -- Up-to-date: /root/dev_ws/install/lslidar_msgs/include/lslidar_msgs/lslidar_msgs/srv/detail/standby_mode__type_support.cpp
[5.513s] -- Up-to-date: /root/dev_ws/install/lslidar_msgs/include/lslidar_msgs/lslidar_msgs/srv/detail/tail_removal__rosidl_typesupport_introspection_cpp.hpp
[5.514s] -- Up-to-date: /root/dev_ws/install/lslidar_msgs/include/lslidar_msgs/lslidar_msgs/srv/detail/motor_speed__rosidl_typesupport_introspection_cpp.hpp
[5.514s] -- Up-to-date: /root/dev_ws/install/lslidar_msgs/include/lslidar_msgs/lslidar_msgs/srv/detail/frame_rate__rosidl_typesupport_introspection_cpp.hpp
[5.516s] -- Up-to-date: /root/dev_ws/install/lslidar_msgs/include/lslidar_msgs/lslidar_msgs/srv/detail/motor_speed__type_support.cpp
[5.517s] -- Up-to-date: /root/dev_ws/install/lslidar_msgs/include/lslidar_msgs/lslidar_msgs/srv/detail/motor_control__type_support.cpp
[5.517s] -- Up-to-date: /root/dev_ws/install/lslidar_msgs/include/lslidar_msgs/lslidar_msgs/srv/detail/invalid_data__rosidl_typesupport_introspection_cpp.hpp
[5.519s] -- Up-to-date: /root/dev_ws/install/lslidar_msgs/include/lslidar_msgs/lslidar_msgs/srv/detail/time_mode__type_support.cpp
[5.519s] -- Up-to-date: /root/dev_ws/install/lslidar_msgs/include/lslidar_msgs/lslidar_msgs/srv/detail/time_mode__rosidl_typesupport_introspection_cpp.hpp
[5.520s] -- Up-to-date: /root/dev_ws/install/lslidar_msgs/include/lslidar_msgs/lslidar_msgs/srv/detail/rfd_removal__type_support.cpp
[5.520s] -- Up-to-date: /root/dev_ws/install/lslidar_msgs/include/lslidar_msgs/lslidar_msgs/srv/detail/angle_distortion_correction__rosidl_typesupport_introspection_cpp.hpp
[5.521s] -- Up-to-date: /root/dev_ws/install/lslidar_msgs/include/lslidar_msgs/lslidar_msgs/srv/detail/power_control__rosidl_typesupport_introspection_cpp.hpp
[5.521s] -- Up-to-date: /root/dev_ws/install/lslidar_msgs/include/lslidar_msgs/lslidar_msgs/srv/detail/rfd_removal__rosidl_typesupport_introspection_cpp.hpp
[5.522s] -- Up-to-date: /root/dev_ws/install/lslidar_msgs/include/lslidar_msgs/lslidar_msgs/srv/detail/ip_and_port__rosidl_typesupport_introspection_cpp.hpp
[5.523s] -- Up-to-date: /root/dev_ws/install/lslidar_msgs/include/lslidar_msgs/lslidar_msgs/srv/detail/tail_removal__type_support.cpp
[5.523s] -- Up-to-date: /root/dev_ws/install/lslidar_msgs/include/lslidar_msgs/lslidar_msgs/srv/detail/invalid_data__type_support.cpp
[5.524s] -- Up-to-date: /root/dev_ws/install/lslidar_msgs/include/lslidar_msgs/lslidar_msgs/srv/detail/power_control__type_support.cpp
[5.524s] -- Up-to-date: /root/dev_ws/install/lslidar_msgs/include/lslidar_msgs/lslidar_msgs/srv/detail/standby_mode__rosidl_typesupport_introspection_cpp.hpp
[5.527s] -- Up-to-date: /root/dev_ws/install/lslidar_msgs/include/lslidar_msgs/lslidar_msgs/srv/detail/angle_distortion_correction__type_support.cpp
[5.528s] -- Up-to-date: /root/dev_ws/install/lslidar_msgs/include/lslidar_msgs/lslidar_msgs/srv/detail/motor_control__rosidl_typesupport_introspection_cpp.hpp
[5.530s] -- Up-to-date: /root/dev_ws/install/lslidar_msgs/include/lslidar_msgs/lslidar_msgs/srv/detail/ip_and_port__type_support.cpp
[5.531s] -- Up-to-date: /root/dev_ws/install/lslidar_msgs/lib/liblslidar_msgs__rosidl_typesupport_introspection_cpp.so
[5.532s] -- Up-to-date: /root/dev_ws/install/lslidar_msgs/lib/liblslidar_msgs__rosidl_typesupport_cpp.so
[5.534s] -- Up-to-date: /root/dev_ws/install/lslidar_msgs/share/lslidar_msgs/environment/pythonpath.sh
[5.534s] -- Up-to-date: /root/dev_ws/install/lslidar_msgs/share/lslidar_msgs/environment/pythonpath.dsv
[5.535s] -- Up-to-date: /root/dev_ws/install/lslidar_msgs/local/lib/python3.10/dist-packages/lslidar_msgs-5.1.1-py3.10.egg-info
[5.536s] -- Installing: /root/dev_ws/install/lslidar_msgs/local/lib/python3.10/dist-packages/lslidar_msgs-5.1.1-py3.10.egg-info/SOURCES.txt
[5.538s] -- Installing: /root/dev_ws/install/lslidar_msgs/local/lib/python3.10/dist-packages/lslidar_msgs-5.1.1-py3.10.egg-info/PKG-INFO
[5.539s] -- Installing: /root/dev_ws/install/lslidar_msgs/local/lib/python3.10/dist-packages/lslidar_msgs-5.1.1-py3.10.egg-info/dependency_links.txt
[5.540s] -- Installing: /root/dev_ws/install/lslidar_msgs/local/lib/python3.10/dist-packages/lslidar_msgs-5.1.1-py3.10.egg-info/top_level.txt
[5.541s] -- Up-to-date: /root/dev_ws/install/lslidar_msgs/local/lib/python3.10/dist-packages/lslidar_msgs
[5.542s] -- Up-to-date: /root/dev_ws/install/lslidar_msgs/local/lib/python3.10/dist-packages/lslidar_msgs/_lslidar_msgs_s.ep.rosidl_typesupport_introspection_c.c
[5.544s] -- Up-to-date: /root/dev_ws/install/lslidar_msgs/local/lib/python3.10/dist-packages/lslidar_msgs/msg
[5.545s] -- Up-to-date: /root/dev_ws/install/lslidar_msgs/local/lib/python3.10/dist-packages/lslidar_msgs/msg/_lslidar_packet_s.c
[5.547s] -- Up-to-date: /root/dev_ws/install/lslidar_msgs/local/lib/python3.10/dist-packages/lslidar_msgs/msg/_lslidar_information.py
[5.547s] -- Up-to-date: /root/dev_ws/install/lslidar_msgs/local/lib/python3.10/dist-packages/lslidar_msgs/msg/_lslidar_information_s.c
[5.549s] -- Up-to-date: /root/dev_ws/install/lslidar_msgs/local/lib/python3.10/dist-packages/lslidar_msgs/msg/__init__.py
[5.550s] -- Up-to-date: /root/dev_ws/install/lslidar_msgs/local/lib/python3.10/dist-packages/lslidar_msgs/msg/_lslidar_packet.py
[5.551s] -- Up-to-date: /root/dev_ws/install/lslidar_msgs/local/lib/python3.10/dist-packages/lslidar_msgs/liblslidar_msgs__rosidl_generator_py.so
[5.551s] -- Up-to-date: /root/dev_ws/install/lslidar_msgs/local/lib/python3.10/dist-packages/lslidar_msgs/_lslidar_msgs_s.ep.rosidl_typesupport_c.c
[5.553s] -- Up-to-date: /root/dev_ws/install/lslidar_msgs/local/lib/python3.10/dist-packages/lslidar_msgs/lslidar_msgs_s__rosidl_typesupport_fastrtps_c.cpython-310-aarch64-linux-gnu.so
[5.555s] -- Up-to-date: /root/dev_ws/install/lslidar_msgs/local/lib/python3.10/dist-packages/lslidar_msgs/lslidar_msgs_s__rosidl_typesupport_c.cpython-310-aarch64-linux-gnu.so
[5.555s] -- Up-to-date: /root/dev_ws/install/lslidar_msgs/local/lib/python3.10/dist-packages/lslidar_msgs/srv
[5.557s] -- Up-to-date: /root/dev_ws/install/lslidar_msgs/local/lib/python3.10/dist-packages/lslidar_msgs/srv/_motor_speed_s.c
[5.560s] -- Up-to-date: /root/dev_ws/install/lslidar_msgs/local/lib/python3.10/dist-packages/lslidar_msgs/srv/_tail_removal.py
[5.564s] -- Up-to-date: /root/dev_ws/install/lslidar_msgs/local/lib/python3.10/dist-packages/lslidar_msgs/srv/_angle_distortion_correction.py
[5.566s] -- Up-to-date: /root/dev_ws/install/lslidar_msgs/local/lib/python3.10/dist-packages/lslidar_msgs/srv/_frame_rate.py
[5.567s] -- Up-to-date: /root/dev_ws/install/lslidar_msgs/local/lib/python3.10/dist-packages/lslidar_msgs/srv/_motor_speed.py
[5.568s] -- Up-to-date: /root/dev_ws/install/lslidar_msgs/local/lib/python3.10/dist-packages/lslidar_msgs/srv/_tail_removal_s.c
[5.571s] -- Up-to-date: /root/dev_ws/install/lslidar_msgs/local/lib/python3.10/dist-packages/lslidar_msgs/srv/_motor_control_s.c
[5.572s] -- Up-to-date: /root/dev_ws/install/lslidar_msgs/local/lib/python3.10/dist-packages/lslidar_msgs/srv/_frame_rate_s.c
[5.573s] -- Up-to-date: /root/dev_ws/install/lslidar_msgs/local/lib/python3.10/dist-packages/lslidar_msgs/srv/_angle_distortion_correction_s.c
[5.575s] -- Up-to-date: /root/dev_ws/install/lslidar_msgs/local/lib/python3.10/dist-packages/lslidar_msgs/srv/_time_mode.py
[5.576s] -- Up-to-date: /root/dev_ws/install/lslidar_msgs/local/lib/python3.10/dist-packages/lslidar_msgs/srv/_motor_control.py
[5.578s] -- Up-to-date: /root/dev_ws/install/lslidar_msgs/local/lib/python3.10/dist-packages/lslidar_msgs/srv/_power_control.py
[5.579s] -- Up-to-date: /root/dev_ws/install/lslidar_msgs/local/lib/python3.10/dist-packages/lslidar_msgs/srv/_rfd_removal.py
[5.580s] -- Up-to-date: /root/dev_ws/install/lslidar_msgs/local/lib/python3.10/dist-packages/lslidar_msgs/srv/_standby_mode_s.c
[5.581s] -- Up-to-date: /root/dev_ws/install/lslidar_msgs/local/lib/python3.10/dist-packages/lslidar_msgs/srv/_time_mode_s.c
[5.582s] -- Up-to-date: /root/dev_ws/install/lslidar_msgs/local/lib/python3.10/dist-packages/lslidar_msgs/srv/_invalid_data_s.c
[5.583s] -- Up-to-date: /root/dev_ws/install/lslidar_msgs/local/lib/python3.10/dist-packages/lslidar_msgs/srv/_ip_and_port.py
[5.585s] -- Up-to-date: /root/dev_ws/install/lslidar_msgs/local/lib/python3.10/dist-packages/lslidar_msgs/srv/__init__.py
[5.585s] -- Up-to-date: /root/dev_ws/install/lslidar_msgs/local/lib/python3.10/dist-packages/lslidar_msgs/srv/_standby_mode.py
[5.586s] -- Up-to-date: /root/dev_ws/install/lslidar_msgs/local/lib/python3.10/dist-packages/lslidar_msgs/srv/_ip_and_port_s.c
[5.587s] -- Up-to-date: /root/dev_ws/install/lslidar_msgs/local/lib/python3.10/dist-packages/lslidar_msgs/srv/_rfd_removal_s.c
[5.590s] -- Up-to-date: /root/dev_ws/install/lslidar_msgs/local/lib/python3.10/dist-packages/lslidar_msgs/srv/_power_control_s.c
[5.592s] -- Up-to-date: /root/dev_ws/install/lslidar_msgs/local/lib/python3.10/dist-packages/lslidar_msgs/srv/_invalid_data.py
[5.593s] -- Up-to-date: /root/dev_ws/install/lslidar_msgs/local/lib/python3.10/dist-packages/lslidar_msgs/lslidar_msgs_s__rosidl_typesupport_introspection_c.cpython-310-aarch64-linux-gnu.so
[5.593s] -- Up-to-date: /root/dev_ws/install/lslidar_msgs/local/lib/python3.10/dist-packages/lslidar_msgs/__init__.py
[5.594s] -- Up-to-date: /root/dev_ws/install/lslidar_msgs/local/lib/python3.10/dist-packages/lslidar_msgs/_lslidar_msgs_s.ep.rosidl_typesupport_fastrtps_c.c
[5.671s] Listing '/root/dev_ws/install/lslidar_msgs/local/lib/python3.10/dist-packages/lslidar_msgs'...
[5.672s] Listing '/root/dev_ws/install/lslidar_msgs/local/lib/python3.10/dist-packages/lslidar_msgs/msg'...
[5.673s] Listing '/root/dev_ws/install/lslidar_msgs/local/lib/python3.10/dist-packages/lslidar_msgs/srv'...
[5.712s] -- Up-to-date: /root/dev_ws/install/lslidar_msgs/local/lib/python3.10/dist-packages/lslidar_msgs/lslidar_msgs_s__rosidl_typesupport_fastrtps_c.cpython-310-aarch64-linux-gnu.so
[5.714s] -- Up-to-date: /root/dev_ws/install/lslidar_msgs/local/lib/python3.10/dist-packages/lslidar_msgs/lslidar_msgs_s__rosidl_typesupport_introspection_c.cpython-310-aarch64-linux-gnu.so
[5.717s] -- Up-to-date: /root/dev_ws/install/lslidar_msgs/local/lib/python3.10/dist-packages/lslidar_msgs/lslidar_msgs_s__rosidl_typesupport_c.cpython-310-aarch64-linux-gnu.so
[5.718s] -- Up-to-date: /root/dev_ws/install/lslidar_msgs/lib/liblslidar_msgs__rosidl_generator_py.so
[5.720s] -- Up-to-date: /root/dev_ws/install/lslidar_msgs/share/lslidar_msgs/msg/LslidarInformation.idl
[5.720s] -- Up-to-date: /root/dev_ws/install/lslidar_msgs/share/lslidar_msgs/msg/LslidarPacket.idl
[5.721s] -- Up-to-date: /root/dev_ws/install/lslidar_msgs/share/lslidar_msgs/srv/AngleDistortionCorrection.idl
[5.722s] -- Up-to-date: /root/dev_ws/install/lslidar_msgs/share/lslidar_msgs/srv/FrameRate.idl
[5.724s] -- Up-to-date: /root/dev_ws/install/lslidar_msgs/share/lslidar_msgs/srv/InvalidData.idl
[5.725s] -- Up-to-date: /root/dev_ws/install/lslidar_msgs/share/lslidar_msgs/srv/IpAndPort.idl
[5.725s] -- Up-to-date: /root/dev_ws/install/lslidar_msgs/share/lslidar_msgs/srv/MotorControl.idl
[5.726s] -- Up-to-date: /root/dev_ws/install/lslidar_msgs/share/lslidar_msgs/srv/MotorSpeed.idl
[5.730s] -- Up-to-date: /root/dev_ws/install/lslidar_msgs/share/lslidar_msgs/srv/PowerControl.idl
[5.733s] -- Up-to-date: /root/dev_ws/install/lslidar_msgs/share/lslidar_msgs/srv/RfdRemoval.idl
[5.736s] -- Up-to-date: /root/dev_ws/install/lslidar_msgs/share/lslidar_msgs/srv/StandbyMode.idl
[5.737s] -- Up-to-date: /root/dev_ws/install/lslidar_msgs/share/lslidar_msgs/srv/TailRemoval.idl
[5.738s] -- Up-to-date: /root/dev_ws/install/lslidar_msgs/share/lslidar_msgs/srv/TimeMode.idl
[5.741s] -- Up-to-date: /root/dev_ws/install/lslidar_msgs/share/lslidar_msgs/msg/LslidarInformation.msg
[5.742s] -- Up-to-date: /root/dev_ws/install/lslidar_msgs/share/lslidar_msgs/msg/LslidarPacket.msg
[5.743s] -- Up-to-date: /root/dev_ws/install/lslidar_msgs/share/lslidar_msgs/srv/AngleDistortionCorrection.srv
[5.746s] -- Up-to-date: /root/dev_ws/install/lslidar_msgs/share/lslidar_msgs/srv/AngleDistortionCorrection_Request.msg
[5.746s] -- Up-to-date: /root/dev_ws/install/lslidar_msgs/share/lslidar_msgs/srv/AngleDistortionCorrection_Response.msg
[5.747s] -- Up-to-date: /root/dev_ws/install/lslidar_msgs/share/lslidar_msgs/srv/FrameRate.srv
[5.749s] -- Up-to-date: /root/dev_ws/install/lslidar_msgs/share/lslidar_msgs/srv/FrameRate_Request.msg
[5.751s] -- Up-to-date: /root/dev_ws/install/lslidar_msgs/share/lslidar_msgs/srv/FrameRate_Response.msg
[5.751s] -- Up-to-date: /root/dev_ws/install/lslidar_msgs/share/lslidar_msgs/srv/InvalidData.srv
[5.753s] -- Up-to-date: /root/dev_ws/install/lslidar_msgs/share/lslidar_msgs/srv/InvalidData_Request.msg
[5.755s] -- Up-to-date: /root/dev_ws/install/lslidar_msgs/share/lslidar_msgs/srv/InvalidData_Response.msg
[5.756s] -- Up-to-date: /root/dev_ws/install/lslidar_msgs/share/lslidar_msgs/srv/IpAndPort.srv
[5.756s] -- Up-to-date: /root/dev_ws/install/lslidar_msgs/share/lslidar_msgs/srv/IpAndPort_Request.msg
[5.758s] -- Up-to-date: /root/dev_ws/install/lslidar_msgs/share/lslidar_msgs/srv/IpAndPort_Response.msg
[5.758s] -- Up-to-date: /root/dev_ws/install/lslidar_msgs/share/lslidar_msgs/srv/MotorControl.srv
[5.759s] -- Up-to-date: /root/dev_ws/install/lslidar_msgs/share/lslidar_msgs/srv/MotorControl_Request.msg
[5.764s] -- Up-to-date: /root/dev_ws/install/lslidar_msgs/share/lslidar_msgs/srv/MotorControl_Response.msg
[5.766s] -- Up-to-date: /root/dev_ws/install/lslidar_msgs/share/lslidar_msgs/srv/MotorSpeed.srv
[5.767s] -- Up-to-date: /root/dev_ws/install/lslidar_msgs/share/lslidar_msgs/srv/MotorSpeed_Request.msg
[5.768s] -- Up-to-date: /root/dev_ws/install/lslidar_msgs/share/lslidar_msgs/srv/MotorSpeed_Response.msg
[5.769s] -- Up-to-date: /root/dev_ws/install/lslidar_msgs/share/lslidar_msgs/srv/PowerControl.srv
[5.769s] -- Up-to-date: /root/dev_ws/install/lslidar_msgs/share/lslidar_msgs/srv/PowerControl_Request.msg
[5.771s] -- Up-to-date: /root/dev_ws/install/lslidar_msgs/share/lslidar_msgs/srv/PowerControl_Response.msg
[5.771s] -- Up-to-date: /root/dev_ws/install/lslidar_msgs/share/lslidar_msgs/srv/RfdRemoval.srv
[5.772s] -- Up-to-date: /root/dev_ws/install/lslidar_msgs/share/lslidar_msgs/srv/RfdRemoval_Request.msg
[5.773s] -- Up-to-date: /root/dev_ws/install/lslidar_msgs/share/lslidar_msgs/srv/RfdRemoval_Response.msg
[5.774s] -- Up-to-date: /root/dev_ws/install/lslidar_msgs/share/lslidar_msgs/srv/StandbyMode.srv
[5.774s] -- Up-to-date: /root/dev_ws/install/lslidar_msgs/share/lslidar_msgs/srv/StandbyMode_Request.msg
[5.775s] -- Up-to-date: /root/dev_ws/install/lslidar_msgs/share/lslidar_msgs/srv/StandbyMode_Response.msg
[5.776s] -- Up-to-date: /root/dev_ws/install/lslidar_msgs/share/lslidar_msgs/srv/TailRemoval.srv
[5.777s] -- Up-to-date: /root/dev_ws/install/lslidar_msgs/share/lslidar_msgs/srv/TailRemoval_Request.msg
[5.777s] -- Up-to-date: /root/dev_ws/install/lslidar_msgs/share/lslidar_msgs/srv/TailRemoval_Response.msg
[5.778s] -- Up-to-date: /root/dev_ws/install/lslidar_msgs/share/lslidar_msgs/srv/TimeMode.srv
[5.779s] -- Up-to-date: /root/dev_ws/install/lslidar_msgs/share/lslidar_msgs/srv/TimeMode_Request.msg
[5.779s] -- Up-to-date: /root/dev_ws/install/lslidar_msgs/share/lslidar_msgs/srv/TimeMode_Response.msg
[5.780s] -- Up-to-date: /root/dev_ws/install/lslidar_msgs/share/ament_index/resource_index/package_run_dependencies/lslidar_msgs
[5.780s] -- Up-to-date: /root/dev_ws/install/lslidar_msgs/share/ament_index/resource_index/parent_prefix_path/lslidar_msgs
[5.781s] -- Up-to-date: /root/dev_ws/install/lslidar_msgs/share/lslidar_msgs/environment/ament_prefix_path.sh
[5.782s] -- Up-to-date: /root/dev_ws/install/lslidar_msgs/share/lslidar_msgs/environment/ament_prefix_path.dsv
[5.782s] -- Up-to-date: /root/dev_ws/install/lslidar_msgs/share/lslidar_msgs/environment/path.sh
[5.783s] -- Up-to-date: /root/dev_ws/install/lslidar_msgs/share/lslidar_msgs/environment/path.dsv
[5.785s] -- Up-to-date: /root/dev_ws/install/lslidar_msgs/share/lslidar_msgs/local_setup.bash
[5.787s] -- Up-to-date: /root/dev_ws/install/lslidar_msgs/share/lslidar_msgs/local_setup.sh
[5.788s] -- Up-to-date: /root/dev_ws/install/lslidar_msgs/share/lslidar_msgs/local_setup.zsh
[5.790s] -- Up-to-date: /root/dev_ws/install/lslidar_msgs/share/lslidar_msgs/local_setup.dsv
[5.791s] -- Installing: /root/dev_ws/install/lslidar_msgs/share/lslidar_msgs/package.dsv
[5.792s] -- Up-to-date: /root/dev_ws/install/lslidar_msgs/share/ament_index/resource_index/packages/lslidar_msgs
[5.793s] -- Up-to-date: /root/dev_ws/install/lslidar_msgs/share/lslidar_msgs/cmake/export_lslidar_msgs__rosidl_generator_cExport.cmake
[5.794s] -- Up-to-date: /root/dev_ws/install/lslidar_msgs/share/lslidar_msgs/cmake/export_lslidar_msgs__rosidl_generator_cExport-noconfig.cmake
[5.796s] -- Up-to-date: /root/dev_ws/install/lslidar_msgs/share/lslidar_msgs/cmake/export_lslidar_msgs__rosidl_typesupport_fastrtps_cExport.cmake
[5.796s] -- Up-to-date: /root/dev_ws/install/lslidar_msgs/share/lslidar_msgs/cmake/export_lslidar_msgs__rosidl_typesupport_fastrtps_cExport-noconfig.cmake
[5.802s] -- Up-to-date: /root/dev_ws/install/lslidar_msgs/share/lslidar_msgs/cmake/lslidar_msgs__rosidl_typesupport_introspection_cExport.cmake
[5.804s] -- Up-to-date: /root/dev_ws/install/lslidar_msgs/share/lslidar_msgs/cmake/lslidar_msgs__rosidl_typesupport_introspection_cExport-noconfig.cmake
[5.807s] -- Up-to-date: /root/dev_ws/install/lslidar_msgs/share/lslidar_msgs/cmake/lslidar_msgs__rosidl_typesupport_cExport.cmake
[5.808s] -- Up-to-date: /root/dev_ws/install/lslidar_msgs/share/lslidar_msgs/cmake/lslidar_msgs__rosidl_typesupport_cExport-noconfig.cmake
[5.809s] -- Up-to-date: /root/dev_ws/install/lslidar_msgs/share/lslidar_msgs/cmake/export_lslidar_msgs__rosidl_generator_cppExport.cmake
[5.810s] -- Up-to-date: /root/dev_ws/install/lslidar_msgs/share/lslidar_msgs/cmake/export_lslidar_msgs__rosidl_typesupport_fastrtps_cppExport.cmake
[5.811s] -- Up-to-date: /root/dev_ws/install/lslidar_msgs/share/lslidar_msgs/cmake/export_lslidar_msgs__rosidl_typesupport_fastrtps_cppExport-noconfig.cmake
[5.813s] -- Up-to-date: /root/dev_ws/install/lslidar_msgs/share/lslidar_msgs/cmake/lslidar_msgs__rosidl_typesupport_introspection_cppExport.cmake
[5.814s] -- Up-to-date: /root/dev_ws/install/lslidar_msgs/share/lslidar_msgs/cmake/lslidar_msgs__rosidl_typesupport_introspection_cppExport-noconfig.cmake
[5.822s] -- Up-to-date: /root/dev_ws/install/lslidar_msgs/share/lslidar_msgs/cmake/lslidar_msgs__rosidl_typesupport_cppExport.cmake
[5.823s] -- Up-to-date: /root/dev_ws/install/lslidar_msgs/share/lslidar_msgs/cmake/lslidar_msgs__rosidl_typesupport_cppExport-noconfig.cmake
[5.826s] -- Up-to-date: /root/dev_ws/install/lslidar_msgs/share/lslidar_msgs/cmake/export_lslidar_msgs__rosidl_generator_pyExport.cmake
[5.826s] -- Up-to-date: /root/dev_ws/install/lslidar_msgs/share/lslidar_msgs/cmake/export_lslidar_msgs__rosidl_generator_pyExport-noconfig.cmake
[5.828s] -- Up-to-date: /root/dev_ws/install/lslidar_msgs/share/lslidar_msgs/cmake/rosidl_cmake-extras.cmake
[5.828s] -- Up-to-date: /root/dev_ws/install/lslidar_msgs/share/lslidar_msgs/cmake/ament_cmake_export_dependencies-extras.cmake
[5.830s] -- Up-to-date: /root/dev_ws/install/lslidar_msgs/share/lslidar_msgs/cmake/ament_cmake_export_include_directories-extras.cmake
[5.831s] -- Up-to-date: /root/dev_ws/install/lslidar_msgs/share/lslidar_msgs/cmake/ament_cmake_export_libraries-extras.cmake
[5.832s] -- Up-to-date: /root/dev_ws/install/lslidar_msgs/share/lslidar_msgs/cmake/ament_cmake_export_targets-extras.cmake
[5.834s] -- Up-to-date: /root/dev_ws/install/lslidar_msgs/share/lslidar_msgs/cmake/rosidl_cmake_export_typesupport_targets-extras.cmake
[5.835s] -- Up-to-date: /root/dev_ws/install/lslidar_msgs/share/lslidar_msgs/cmake/rosidl_cmake_export_typesupport_libraries-extras.cmake
[5.835s] -- Up-to-date: /root/dev_ws/install/lslidar_msgs/share/lslidar_msgs/cmake/lslidar_msgsConfig.cmake
[5.837s] -- Up-to-date: /root/dev_ws/install/lslidar_msgs/share/lslidar_msgs/cmake/lslidar_msgsConfig-version.cmake
[5.839s] -- Up-to-date: /root/dev_ws/install/lslidar_msgs/share/lslidar_msgs/package.xml
[5.869s] Invoked command in '/root/dev_ws/build/lslidar_msgs' returned '0': CMAKE_PREFIX_PATH=${CMAKE_PREFIX_PATH}:/root/dev_ws/install/line_follower_pkg:/root/dev_ws/install/laser_tf_publisher:/userdata/dev_ws/install/utils:/userdata/dev_ws/install/origincar_base:/userdata/dev_ws/install/serial:/userdata/dev_ws/install/origincar_msg:/userdata/dev_ws/install/origincar_description:/userdata/dev_ws/install/origincar_bringup:/userdata/dev_ws/install/line_follower_pkg:/userdata/dev_ws/install/ackermann_msgs:/opt/tros/humble:/opt/ros/humble /usr/bin/cmake --install /root/dev_ws/build/lslidar_msgs
