[0.229s] Invoking command in '/root/dev_ws/build/serial': CMAKE_PREFIX_PATH=/userdata/dev_ws/install/utils:/userdata/dev_ws/install/origincar_base:/userdata/dev_ws/install/serial:/userdata/dev_ws/install/origincar_msg:/userdata/dev_ws/install/origincar_description:/userdata/dev_ws/install/origincar_bringup:/userdata/dev_ws/install/line_follower_pkg:/userdata/dev_ws/install/ackermann_msgs:/opt/tros/humble:/opt/ros/humble /usr/bin/cmake --build /root/dev_ws/build/serial -- -j8 -l8
[4.417s] [100%] Built target serial
[4.453s] Invoked command in '/root/dev_ws/build/serial' returned '0': CMAKE_PREFIX_PATH=/userdata/dev_ws/install/utils:/userdata/dev_ws/install/origincar_base:/userdata/dev_ws/install/serial:/userdata/dev_ws/install/origincar_msg:/userdata/dev_ws/install/origincar_description:/userdata/dev_ws/install/origincar_bringup:/userdata/dev_ws/install/line_follower_pkg:/userdata/dev_ws/install/ackermann_msgs:/opt/tros/humble:/opt/ros/humble /usr/bin/cmake --build /root/dev_ws/build/serial -- -j8 -l8
[4.462s] Invoking command in '/root/dev_ws/build/serial': CMAKE_PREFIX_PATH=/userdata/dev_ws/install/utils:/userdata/dev_ws/install/origincar_base:/userdata/dev_ws/install/serial:/userdata/dev_ws/install/origincar_msg:/userdata/dev_ws/install/origincar_description:/userdata/dev_ws/install/origincar_bringup:/userdata/dev_ws/install/line_follower_pkg:/userdata/dev_ws/install/ackermann_msgs:/opt/tros/humble:/opt/ros/humble /usr/bin/cmake --install /root/dev_ws/build/serial
[4.615s] -- Install configuration: ""
[4.618s] -- Up-to-date: /root/dev_ws/install/serial/lib/libserial.a
[4.627s] -- Up-to-date: /root/dev_ws/install/serial/share/serial/environment/library_path.sh
[4.630s] -- Up-to-date: /root/dev_ws/install/serial/share/serial/environment/library_path.dsv
[4.631s] -- Up-to-date: /root/dev_ws/install/serial/include/serial
[4.632s] -- Up-to-date: /root/dev_ws/install/serial/include/serial/impl
[4.633s] -- Up-to-date: /root/dev_ws/install/serial/include/serial/impl/unix.h
[4.635s] -- Up-to-date: /root/dev_ws/install/serial/include/serial/impl/win.h
[4.636s] -- Up-to-date: /root/dev_ws/install/serial/include/serial/serial.h
[4.638s] -- Up-to-date: /root/dev_ws/install/serial/include/serial/v8stdint.h
[4.639s] -- Up-to-date: /root/dev_ws/install/serial/share/ament_index/resource_index/package_run_dependencies/serial
[4.641s] -- Up-to-date: /root/dev_ws/install/serial/share/ament_index/resource_index/parent_prefix_path/serial
[4.642s] -- Up-to-date: /root/dev_ws/install/serial/share/serial/environment/ament_prefix_path.sh
[4.644s] -- Up-to-date: /root/dev_ws/install/serial/share/serial/environment/ament_prefix_path.dsv
[4.645s] -- Up-to-date: /root/dev_ws/install/serial/share/serial/environment/path.sh
[4.647s] -- Up-to-date: /root/dev_ws/install/serial/share/serial/environment/path.dsv
[4.648s] -- Up-to-date: /root/dev_ws/install/serial/share/serial/local_setup.bash
[4.650s] -- Up-to-date: /root/dev_ws/install/serial/share/serial/local_setup.sh
[4.651s] -- Up-to-date: /root/dev_ws/install/serial/share/serial/local_setup.zsh
[4.652s] -- Up-to-date: /root/dev_ws/install/serial/share/serial/local_setup.dsv
[4.654s] -- Installing: /root/dev_ws/install/serial/share/serial/package.dsv
[4.673s] -- Up-to-date: /root/dev_ws/install/serial/share/ament_index/resource_index/packages/serial
[4.675s] -- Up-to-date: /root/dev_ws/install/serial/share/serial/cmake/ament_cmake_export_include_directories-extras.cmake
[4.676s] -- Up-to-date: /root/dev_ws/install/serial/share/serial/cmake/ament_cmake_export_libraries-extras.cmake
[4.677s] -- Up-to-date: /root/dev_ws/install/serial/share/serial/cmake/ament_cmake_export_dependencies-extras.cmake
[4.678s] -- Up-to-date: /root/dev_ws/install/serial/share/serial/cmake/serialConfig.cmake
[4.678s] -- Up-to-date: /root/dev_ws/install/serial/share/serial/cmake/serialConfig-version.cmake
[4.679s] -- Up-to-date: /root/dev_ws/install/serial/share/serial/package.xml
[5.385s] Invoked command in '/root/dev_ws/build/serial' returned '0': CMAKE_PREFIX_PATH=/userdata/dev_ws/install/utils:/userdata/dev_ws/install/origincar_base:/userdata/dev_ws/install/serial:/userdata/dev_ws/install/origincar_msg:/userdata/dev_ws/install/origincar_description:/userdata/dev_ws/install/origincar_bringup:/userdata/dev_ws/install/line_follower_pkg:/userdata/dev_ws/install/ackermann_msgs:/opt/tros/humble:/opt/ros/humble /usr/bin/cmake --install /root/dev_ws/build/serial
