[0.300s] Invoking command in '/root/dev_ws/build/ackermann_msgs': CMAKE_PREFIX_PATH=${CMAKE_PREFIX_PATH}:/root/dev_ws/install/line_follower_pkg:/root/dev_ws/install/laser_tf_publisher:/userdata/dev_ws/install/utils:/userdata/dev_ws/install/origincar_base:/userdata/dev_ws/install/serial:/userdata/dev_ws/install/origincar_msg:/userdata/dev_ws/install/origincar_description:/userdata/dev_ws/install/origincar_bringup:/userdata/dev_ws/install/line_follower_pkg:/userdata/dev_ws/install/ackermann_msgs:/opt/tros/humble:/opt/ros/humble /usr/bin/cmake --build /root/dev_ws/build/ackermann_msgs -- -j8 -l8
[4.573s] [  2%] Built target ackermann_msgs__cpp
[4.577s] [ 12%] Built target ackermann_msgs__rosidl_generator_c
[4.580s] [ 12%] Built target ament_cmake_python_copy_ackermann_msgs
[4.581s] [ 23%] Built target ackermann_msgs__rosidl_typesupport_cpp
[4.582s] [ 33%] Built target ackermann_msgs__rosidl_typesupport_fastrtps_cpp
[4.584s] [ 43%] Built target ackermann_msgs__rosidl_typesupport_introspection_cpp
[4.586s] [ 53%] Built target ackermann_msgs__rosidl_typesupport_fastrtps_c
[4.587s] [ 64%] Built target ackermann_msgs__rosidl_typesupport_c
[4.589s] [ 74%] Built target ackermann_msgs__rosidl_typesupport_introspection_c
[4.592s] [ 74%] Built target ackermann_msgs
[4.593s] [ 76%] Built target ackermann_msgs__py
[4.593s] [ 84%] Built target ackermann_msgs__rosidl_generator_py
[4.594s] [ 89%] Built target ackermann_msgs__rosidl_typesupport_introspection_c__pyext
[4.595s] [ 94%] Built target ackermann_msgs__rosidl_typesupport_fastrtps_c__pyext
[4.597s] [100%] Built target ackermann_msgs__rosidl_typesupport_c__pyext
[4.597s] running egg_info
[4.597s] writing ackermann_msgs.egg-info/PKG-INFO
[4.598s] writing dependency_links to ackermann_msgs.egg-info/dependency_links.txt
[4.598s] writing top-level names to ackermann_msgs.egg-info/top_level.txt
[4.599s] reading manifest file 'ackermann_msgs.egg-info/SOURCES.txt'
[4.599s] writing manifest file 'ackermann_msgs.egg-info/SOURCES.txt'
[4.600s] [100%] Built target ament_cmake_python_build_ackermann_msgs_egg
[4.678s] Invoked command in '/root/dev_ws/build/ackermann_msgs' returned '0': CMAKE_PREFIX_PATH=${CMAKE_PREFIX_PATH}:/root/dev_ws/install/line_follower_pkg:/root/dev_ws/install/laser_tf_publisher:/userdata/dev_ws/install/utils:/userdata/dev_ws/install/origincar_base:/userdata/dev_ws/install/serial:/userdata/dev_ws/install/origincar_msg:/userdata/dev_ws/install/origincar_description:/userdata/dev_ws/install/origincar_bringup:/userdata/dev_ws/install/line_follower_pkg:/userdata/dev_ws/install/ackermann_msgs:/opt/tros/humble:/opt/ros/humble /usr/bin/cmake --build /root/dev_ws/build/ackermann_msgs -- -j8 -l8
[4.685s] Invoking command in '/root/dev_ws/build/ackermann_msgs': CMAKE_PREFIX_PATH=${CMAKE_PREFIX_PATH}:/root/dev_ws/install/line_follower_pkg:/root/dev_ws/install/laser_tf_publisher:/userdata/dev_ws/install/utils:/userdata/dev_ws/install/origincar_base:/userdata/dev_ws/install/serial:/userdata/dev_ws/install/origincar_msg:/userdata/dev_ws/install/origincar_description:/userdata/dev_ws/install/origincar_bringup:/userdata/dev_ws/install/line_follower_pkg:/userdata/dev_ws/install/ackermann_msgs:/opt/tros/humble:/opt/ros/humble /usr/bin/cmake --install /root/dev_ws/build/ackermann_msgs
[4.964s] -- Install configuration: ""
[4.966s] -- Up-to-date: /root/dev_ws/install/ackermann_msgs/share/ament_index/resource_index/rosidl_interfaces/ackermann_msgs
[4.968s] -- Up-to-date: /root/dev_ws/install/ackermann_msgs/include/ackermann_msgs/ackermann_msgs
[4.970s] -- Up-to-date: /root/dev_ws/install/ackermann_msgs/include/ackermann_msgs/ackermann_msgs/msg
[4.971s] -- Up-to-date: /root/dev_ws/install/ackermann_msgs/include/ackermann_msgs/ackermann_msgs/msg/ackermann_drive.h
[4.976s] -- Up-to-date: /root/dev_ws/install/ackermann_msgs/include/ackermann_msgs/ackermann_msgs/msg/rosidl_generator_c__visibility_control.h
[4.977s] -- Up-to-date: /root/dev_ws/install/ackermann_msgs/include/ackermann_msgs/ackermann_msgs/msg/detail
[4.978s] -- Up-to-date: /root/dev_ws/install/ackermann_msgs/include/ackermann_msgs/ackermann_msgs/msg/detail/ackermann_drive_stamped__type_support.h
[4.979s] -- Up-to-date: /root/dev_ws/install/ackermann_msgs/include/ackermann_msgs/ackermann_msgs/msg/detail/ackermann_drive_stamped__functions.c
[4.981s] -- Up-to-date: /root/dev_ws/install/ackermann_msgs/include/ackermann_msgs/ackermann_msgs/msg/detail/ackermann_drive__type_support.h
[4.982s] -- Up-to-date: /root/dev_ws/install/ackermann_msgs/include/ackermann_msgs/ackermann_msgs/msg/detail/ackermann_drive_stamped__struct.h
[4.983s] -- Up-to-date: /root/dev_ws/install/ackermann_msgs/include/ackermann_msgs/ackermann_msgs/msg/detail/ackermann_drive__struct.h
[4.984s] -- Up-to-date: /root/dev_ws/install/ackermann_msgs/include/ackermann_msgs/ackermann_msgs/msg/detail/ackermann_drive__functions.h
[4.985s] -- Up-to-date: /root/dev_ws/install/ackermann_msgs/include/ackermann_msgs/ackermann_msgs/msg/detail/ackermann_drive_stamped__functions.h
[4.985s] -- Up-to-date: /root/dev_ws/install/ackermann_msgs/include/ackermann_msgs/ackermann_msgs/msg/detail/ackermann_drive__functions.c
[4.986s] -- Up-to-date: /root/dev_ws/install/ackermann_msgs/include/ackermann_msgs/ackermann_msgs/msg/ackermann_drive_stamped.h
[4.987s] -- Up-to-date: /root/dev_ws/install/ackermann_msgs/share/ackermann_msgs/environment/library_path.sh
[4.988s] -- Up-to-date: /root/dev_ws/install/ackermann_msgs/share/ackermann_msgs/environment/library_path.dsv
[5.104s] -- Up-to-date: /root/dev_ws/install/ackermann_msgs/lib/libackermann_msgs__rosidl_generator_c.so
[5.105s] -- Up-to-date: /root/dev_ws/install/ackermann_msgs/include/ackermann_msgs/ackermann_msgs
[5.107s] -- Up-to-date: /root/dev_ws/install/ackermann_msgs/include/ackermann_msgs/ackermann_msgs/msg
[5.108s] -- Up-to-date: /root/dev_ws/install/ackermann_msgs/include/ackermann_msgs/ackermann_msgs/msg/rosidl_typesupport_fastrtps_c__visibility_control.h
[5.109s] -- Up-to-date: /root/dev_ws/install/ackermann_msgs/include/ackermann_msgs/ackermann_msgs/msg/detail
[5.110s] -- Up-to-date: /root/dev_ws/install/ackermann_msgs/include/ackermann_msgs/ackermann_msgs/msg/detail/ackermann_drive_stamped__rosidl_typesupport_fastrtps_c.h
[5.111s] -- Up-to-date: /root/dev_ws/install/ackermann_msgs/include/ackermann_msgs/ackermann_msgs/msg/detail/ackermann_drive__rosidl_typesupport_fastrtps_c.h
[5.112s] -- Up-to-date: /root/dev_ws/install/ackermann_msgs/lib/libackermann_msgs__rosidl_typesupport_fastrtps_c.so
[5.115s] -- Up-to-date: /root/dev_ws/install/ackermann_msgs/include/ackermann_msgs/ackermann_msgs
[5.119s] -- Up-to-date: /root/dev_ws/install/ackermann_msgs/include/ackermann_msgs/ackermann_msgs/msg
[5.120s] -- Up-to-date: /root/dev_ws/install/ackermann_msgs/include/ackermann_msgs/ackermann_msgs/msg/rosidl_typesupport_introspection_c__visibility_control.h
[5.122s] -- Up-to-date: /root/dev_ws/install/ackermann_msgs/include/ackermann_msgs/ackermann_msgs/msg/detail
[5.123s] -- Up-to-date: /root/dev_ws/install/ackermann_msgs/include/ackermann_msgs/ackermann_msgs/msg/detail/ackermann_drive_stamped__type_support.c
[5.125s] -- Up-to-date: /root/dev_ws/install/ackermann_msgs/include/ackermann_msgs/ackermann_msgs/msg/detail/ackermann_drive__rosidl_typesupport_introspection_c.h
[5.127s] -- Up-to-date: /root/dev_ws/install/ackermann_msgs/include/ackermann_msgs/ackermann_msgs/msg/detail/ackermann_drive_stamped__rosidl_typesupport_introspection_c.h
[5.128s] -- Up-to-date: /root/dev_ws/install/ackermann_msgs/include/ackermann_msgs/ackermann_msgs/msg/detail/ackermann_drive__type_support.c
[5.129s] -- Up-to-date: /root/dev_ws/install/ackermann_msgs/lib/libackermann_msgs__rosidl_typesupport_introspection_c.so
[5.132s] -- Up-to-date: /root/dev_ws/install/ackermann_msgs/lib/libackermann_msgs__rosidl_typesupport_c.so
[5.133s] -- Up-to-date: /root/dev_ws/install/ackermann_msgs/include/ackermann_msgs/ackermann_msgs
[5.136s] -- Up-to-date: /root/dev_ws/install/ackermann_msgs/include/ackermann_msgs/ackermann_msgs/msg
[5.136s] -- Up-to-date: /root/dev_ws/install/ackermann_msgs/include/ackermann_msgs/ackermann_msgs/msg/ackermann_drive.hpp
[5.137s] -- Up-to-date: /root/dev_ws/install/ackermann_msgs/include/ackermann_msgs/ackermann_msgs/msg/detail
[5.138s] -- Up-to-date: /root/dev_ws/install/ackermann_msgs/include/ackermann_msgs/ackermann_msgs/msg/detail/ackermann_drive_stamped__struct.hpp
[5.140s] -- Up-to-date: /root/dev_ws/install/ackermann_msgs/include/ackermann_msgs/ackermann_msgs/msg/detail/ackermann_drive_stamped__traits.hpp
[5.141s] -- Up-to-date: /root/dev_ws/install/ackermann_msgs/include/ackermann_msgs/ackermann_msgs/msg/detail/ackermann_drive_stamped__builder.hpp
[5.170s] -- Up-to-date: /root/dev_ws/install/ackermann_msgs/include/ackermann_msgs/ackermann_msgs/msg/detail/ackermann_drive__builder.hpp
[5.171s] -- Up-to-date: /root/dev_ws/install/ackermann_msgs/include/ackermann_msgs/ackermann_msgs/msg/detail/ackermann_drive__struct.hpp
[5.172s] -- Up-to-date: /root/dev_ws/install/ackermann_msgs/include/ackermann_msgs/ackermann_msgs/msg/detail/ackermann_drive__traits.hpp
[5.172s] -- Up-to-date: /root/dev_ws/install/ackermann_msgs/include/ackermann_msgs/ackermann_msgs/msg/ackermann_drive_stamped.hpp
[5.173s] -- Up-to-date: /root/dev_ws/install/ackermann_msgs/include/ackermann_msgs/ackermann_msgs
[5.174s] -- Up-to-date: /root/dev_ws/install/ackermann_msgs/include/ackermann_msgs/ackermann_msgs/msg
[5.174s] -- Up-to-date: /root/dev_ws/install/ackermann_msgs/include/ackermann_msgs/ackermann_msgs/msg/detail
[5.175s] -- Up-to-date: /root/dev_ws/install/ackermann_msgs/include/ackermann_msgs/ackermann_msgs/msg/detail/dds_fastrtps
[5.176s] -- Up-to-date: /root/dev_ws/install/ackermann_msgs/include/ackermann_msgs/ackermann_msgs/msg/detail/ackermann_drive__rosidl_typesupport_fastrtps_cpp.hpp
[5.176s] -- Up-to-date: /root/dev_ws/install/ackermann_msgs/include/ackermann_msgs/ackermann_msgs/msg/detail/ackermann_drive_stamped__rosidl_typesupport_fastrtps_cpp.hpp
[5.177s] -- Up-to-date: /root/dev_ws/install/ackermann_msgs/include/ackermann_msgs/ackermann_msgs/msg/rosidl_typesupport_fastrtps_cpp__visibility_control.h
[5.178s] -- Up-to-date: /root/dev_ws/install/ackermann_msgs/lib/libackermann_msgs__rosidl_typesupport_fastrtps_cpp.so
[5.188s] -- Up-to-date: /root/dev_ws/install/ackermann_msgs/include/ackermann_msgs/ackermann_msgs
[5.189s] -- Up-to-date: /root/dev_ws/install/ackermann_msgs/include/ackermann_msgs/ackermann_msgs/msg
[5.190s] -- Up-to-date: /root/dev_ws/install/ackermann_msgs/include/ackermann_msgs/ackermann_msgs/msg/detail
[5.190s] -- Up-to-date: /root/dev_ws/install/ackermann_msgs/include/ackermann_msgs/ackermann_msgs/msg/detail/ackermann_drive__rosidl_typesupport_introspection_cpp.hpp
[5.192s] -- Up-to-date: /root/dev_ws/install/ackermann_msgs/include/ackermann_msgs/ackermann_msgs/msg/detail/ackermann_drive_stamped__type_support.cpp
[5.193s] -- Up-to-date: /root/dev_ws/install/ackermann_msgs/include/ackermann_msgs/ackermann_msgs/msg/detail/ackermann_drive__type_support.cpp
[5.194s] -- Up-to-date: /root/dev_ws/install/ackermann_msgs/include/ackermann_msgs/ackermann_msgs/msg/detail/ackermann_drive_stamped__rosidl_typesupport_introspection_cpp.hpp
[5.254s] -- Up-to-date: /root/dev_ws/install/ackermann_msgs/lib/libackermann_msgs__rosidl_typesupport_introspection_cpp.so
[5.254s] -- Up-to-date: /root/dev_ws/install/ackermann_msgs/lib/libackermann_msgs__rosidl_typesupport_cpp.so
[5.255s] -- Up-to-date: /root/dev_ws/install/ackermann_msgs/share/ackermann_msgs/environment/pythonpath.sh
[5.255s] -- Up-to-date: /root/dev_ws/install/ackermann_msgs/share/ackermann_msgs/environment/pythonpath.dsv
[5.260s] -- Up-to-date: /root/dev_ws/install/ackermann_msgs/local/lib/python3.10/dist-packages/ackermann_msgs-2.0.2-py3.10.egg-info
[5.270s] -- Installing: /root/dev_ws/install/ackermann_msgs/local/lib/python3.10/dist-packages/ackermann_msgs-2.0.2-py3.10.egg-info/SOURCES.txt
[5.271s] -- Installing: /root/dev_ws/install/ackermann_msgs/local/lib/python3.10/dist-packages/ackermann_msgs-2.0.2-py3.10.egg-info/PKG-INFO
[5.272s] -- Installing: /root/dev_ws/install/ackermann_msgs/local/lib/python3.10/dist-packages/ackermann_msgs-2.0.2-py3.10.egg-info/dependency_links.txt
[5.273s] -- Installing: /root/dev_ws/install/ackermann_msgs/local/lib/python3.10/dist-packages/ackermann_msgs-2.0.2-py3.10.egg-info/top_level.txt
[5.287s] -- Up-to-date: /root/dev_ws/install/ackermann_msgs/local/lib/python3.10/dist-packages/ackermann_msgs
[5.288s] -- Up-to-date: /root/dev_ws/install/ackermann_msgs/local/lib/python3.10/dist-packages/ackermann_msgs/_ackermann_msgs_s.ep.rosidl_typesupport_introspection_c.c
[5.288s] -- Up-to-date: /root/dev_ws/install/ackermann_msgs/local/lib/python3.10/dist-packages/ackermann_msgs/msg
[5.289s] -- Up-to-date: /root/dev_ws/install/ackermann_msgs/local/lib/python3.10/dist-packages/ackermann_msgs/msg/_ackermann_drive_stamped_s.c
[5.301s] -- Up-to-date: /root/dev_ws/install/ackermann_msgs/local/lib/python3.10/dist-packages/ackermann_msgs/msg/_ackermann_drive.py
[5.321s] -- Up-to-date: /root/dev_ws/install/ackermann_msgs/local/lib/python3.10/dist-packages/ackermann_msgs/msg/__init__.py
[5.322s] -- Up-to-date: /root/dev_ws/install/ackermann_msgs/local/lib/python3.10/dist-packages/ackermann_msgs/msg/_ackermann_drive_stamped.py
[5.323s] -- Up-to-date: /root/dev_ws/install/ackermann_msgs/local/lib/python3.10/dist-packages/ackermann_msgs/msg/_ackermann_drive_s.c
[5.332s] -- Up-to-date: /root/dev_ws/install/ackermann_msgs/local/lib/python3.10/dist-packages/ackermann_msgs/libackermann_msgs__rosidl_generator_py.so
[5.333s] -- Up-to-date: /root/dev_ws/install/ackermann_msgs/local/lib/python3.10/dist-packages/ackermann_msgs/__init__.py
[5.334s] -- Up-to-date: /root/dev_ws/install/ackermann_msgs/local/lib/python3.10/dist-packages/ackermann_msgs/ackermann_msgs_s__rosidl_typesupport_introspection_c.cpython-310-aarch64-linux-gnu.so
[5.336s] -- Up-to-date: /root/dev_ws/install/ackermann_msgs/local/lib/python3.10/dist-packages/ackermann_msgs/_ackermann_msgs_s.ep.rosidl_typesupport_fastrtps_c.c
[5.337s] -- Up-to-date: /root/dev_ws/install/ackermann_msgs/local/lib/python3.10/dist-packages/ackermann_msgs/ackermann_msgs_s__rosidl_typesupport_fastrtps_c.cpython-310-aarch64-linux-gnu.so
[5.337s] -- Up-to-date: /root/dev_ws/install/ackermann_msgs/local/lib/python3.10/dist-packages/ackermann_msgs/_ackermann_msgs_s.ep.rosidl_typesupport_c.c
[5.339s] -- Up-to-date: /root/dev_ws/install/ackermann_msgs/local/lib/python3.10/dist-packages/ackermann_msgs/ackermann_msgs_s__rosidl_typesupport_c.cpython-310-aarch64-linux-gnu.so
[5.509s] Listing '/root/dev_ws/install/ackermann_msgs/local/lib/python3.10/dist-packages/ackermann_msgs'...
[5.512s] Listing '/root/dev_ws/install/ackermann_msgs/local/lib/python3.10/dist-packages/ackermann_msgs/msg'...
[5.521s] -- Up-to-date: /root/dev_ws/install/ackermann_msgs/local/lib/python3.10/dist-packages/ackermann_msgs/ackermann_msgs_s__rosidl_typesupport_fastrtps_c.cpython-310-aarch64-linux-gnu.so
[5.521s] -- Up-to-date: /root/dev_ws/install/ackermann_msgs/local/lib/python3.10/dist-packages/ackermann_msgs/ackermann_msgs_s__rosidl_typesupport_introspection_c.cpython-310-aarch64-linux-gnu.so
[5.523s] -- Up-to-date: /root/dev_ws/install/ackermann_msgs/local/lib/python3.10/dist-packages/ackermann_msgs/ackermann_msgs_s__rosidl_typesupport_c.cpython-310-aarch64-linux-gnu.so
[5.524s] -- Up-to-date: /root/dev_ws/install/ackermann_msgs/lib/libackermann_msgs__rosidl_generator_py.so
[5.525s] -- Up-to-date: /root/dev_ws/install/ackermann_msgs/share/ackermann_msgs/msg/AckermannDrive.idl
[5.526s] -- Up-to-date: /root/dev_ws/install/ackermann_msgs/share/ackermann_msgs/msg/AckermannDriveStamped.idl
[5.527s] -- Up-to-date: /root/dev_ws/install/ackermann_msgs/share/ackermann_msgs/msg/AckermannDrive.msg
[5.528s] -- Up-to-date: /root/dev_ws/install/ackermann_msgs/share/ackermann_msgs/msg/AckermannDriveStamped.msg
[5.529s] -- Up-to-date: /root/dev_ws/install/ackermann_msgs/share/ament_index/resource_index/package_run_dependencies/ackermann_msgs
[5.530s] -- Up-to-date: /root/dev_ws/install/ackermann_msgs/share/ament_index/resource_index/parent_prefix_path/ackermann_msgs
[5.531s] -- Up-to-date: /root/dev_ws/install/ackermann_msgs/share/ackermann_msgs/environment/ament_prefix_path.sh
[5.532s] -- Up-to-date: /root/dev_ws/install/ackermann_msgs/share/ackermann_msgs/environment/ament_prefix_path.dsv
[5.533s] -- Up-to-date: /root/dev_ws/install/ackermann_msgs/share/ackermann_msgs/environment/path.sh
[5.533s] -- Up-to-date: /root/dev_ws/install/ackermann_msgs/share/ackermann_msgs/environment/path.dsv
[5.534s] -- Up-to-date: /root/dev_ws/install/ackermann_msgs/share/ackermann_msgs/local_setup.bash
[5.535s] -- Up-to-date: /root/dev_ws/install/ackermann_msgs/share/ackermann_msgs/local_setup.sh
[5.537s] -- Up-to-date: /root/dev_ws/install/ackermann_msgs/share/ackermann_msgs/local_setup.zsh
[5.541s] -- Up-to-date: /root/dev_ws/install/ackermann_msgs/share/ackermann_msgs/local_setup.dsv
[5.541s] -- Installing: /root/dev_ws/install/ackermann_msgs/share/ackermann_msgs/package.dsv
[5.542s] -- Up-to-date: /root/dev_ws/install/ackermann_msgs/share/ament_index/resource_index/packages/ackermann_msgs
[5.543s] -- Up-to-date: /root/dev_ws/install/ackermann_msgs/share/ackermann_msgs/cmake/export_ackermann_msgs__rosidl_generator_cExport.cmake
[5.544s] -- Up-to-date: /root/dev_ws/install/ackermann_msgs/share/ackermann_msgs/cmake/export_ackermann_msgs__rosidl_generator_cExport-noconfig.cmake
[5.545s] -- Up-to-date: /root/dev_ws/install/ackermann_msgs/share/ackermann_msgs/cmake/export_ackermann_msgs__rosidl_typesupport_fastrtps_cExport.cmake
[5.545s] -- Up-to-date: /root/dev_ws/install/ackermann_msgs/share/ackermann_msgs/cmake/export_ackermann_msgs__rosidl_typesupport_fastrtps_cExport-noconfig.cmake
[5.546s] -- Up-to-date: /root/dev_ws/install/ackermann_msgs/share/ackermann_msgs/cmake/ackermann_msgs__rosidl_typesupport_introspection_cExport.cmake
[5.547s] -- Up-to-date: /root/dev_ws/install/ackermann_msgs/share/ackermann_msgs/cmake/ackermann_msgs__rosidl_typesupport_introspection_cExport-noconfig.cmake
[5.547s] -- Up-to-date: /root/dev_ws/install/ackermann_msgs/share/ackermann_msgs/cmake/ackermann_msgs__rosidl_typesupport_cExport.cmake
[5.548s] -- Up-to-date: /root/dev_ws/install/ackermann_msgs/share/ackermann_msgs/cmake/ackermann_msgs__rosidl_typesupport_cExport-noconfig.cmake
[5.549s] -- Up-to-date: /root/dev_ws/install/ackermann_msgs/share/ackermann_msgs/cmake/export_ackermann_msgs__rosidl_generator_cppExport.cmake
[5.551s] -- Up-to-date: /root/dev_ws/install/ackermann_msgs/share/ackermann_msgs/cmake/export_ackermann_msgs__rosidl_typesupport_fastrtps_cppExport.cmake
[5.551s] -- Up-to-date: /root/dev_ws/install/ackermann_msgs/share/ackermann_msgs/cmake/export_ackermann_msgs__rosidl_typesupport_fastrtps_cppExport-noconfig.cmake
[5.552s] -- Up-to-date: /root/dev_ws/install/ackermann_msgs/share/ackermann_msgs/cmake/ackermann_msgs__rosidl_typesupport_introspection_cppExport.cmake
[5.552s] -- Up-to-date: /root/dev_ws/install/ackermann_msgs/share/ackermann_msgs/cmake/ackermann_msgs__rosidl_typesupport_introspection_cppExport-noconfig.cmake
[5.553s] -- Up-to-date: /root/dev_ws/install/ackermann_msgs/share/ackermann_msgs/cmake/ackermann_msgs__rosidl_typesupport_cppExport.cmake
[5.555s] -- Up-to-date: /root/dev_ws/install/ackermann_msgs/share/ackermann_msgs/cmake/ackermann_msgs__rosidl_typesupport_cppExport-noconfig.cmake
[5.556s] -- Up-to-date: /root/dev_ws/install/ackermann_msgs/share/ackermann_msgs/cmake/export_ackermann_msgs__rosidl_generator_pyExport.cmake
[5.556s] -- Up-to-date: /root/dev_ws/install/ackermann_msgs/share/ackermann_msgs/cmake/export_ackermann_msgs__rosidl_generator_pyExport-noconfig.cmake
[5.559s] -- Up-to-date: /root/dev_ws/install/ackermann_msgs/share/ackermann_msgs/cmake/rosidl_cmake-extras.cmake
[5.561s] -- Up-to-date: /root/dev_ws/install/ackermann_msgs/share/ackermann_msgs/cmake/ament_cmake_export_dependencies-extras.cmake
[5.561s] -- Up-to-date: /root/dev_ws/install/ackermann_msgs/share/ackermann_msgs/cmake/ament_cmake_export_include_directories-extras.cmake
[5.568s] -- Up-to-date: /root/dev_ws/install/ackermann_msgs/share/ackermann_msgs/cmake/ament_cmake_export_libraries-extras.cmake
[5.569s] -- Up-to-date: /root/dev_ws/install/ackermann_msgs/share/ackermann_msgs/cmake/ament_cmake_export_targets-extras.cmake
[5.570s] -- Up-to-date: /root/dev_ws/install/ackermann_msgs/share/ackermann_msgs/cmake/rosidl_cmake_export_typesupport_targets-extras.cmake
[5.572s] -- Up-to-date: /root/dev_ws/install/ackermann_msgs/share/ackermann_msgs/cmake/rosidl_cmake_export_typesupport_libraries-extras.cmake
[5.573s] -- Up-to-date: /root/dev_ws/install/ackermann_msgs/share/ackermann_msgs/cmake/ackermann_msgsConfig.cmake
[5.574s] -- Up-to-date: /root/dev_ws/install/ackermann_msgs/share/ackermann_msgs/cmake/ackermann_msgsConfig-version.cmake
[5.576s] -- Up-to-date: /root/dev_ws/install/ackermann_msgs/share/ackermann_msgs/package.xml
[5.756s] Invoked command in '/root/dev_ws/build/ackermann_msgs' returned '0': CMAKE_PREFIX_PATH=${CMAKE_PREFIX_PATH}:/root/dev_ws/install/line_follower_pkg:/root/dev_ws/install/laser_tf_publisher:/userdata/dev_ws/install/utils:/userdata/dev_ws/install/origincar_base:/userdata/dev_ws/install/serial:/userdata/dev_ws/install/origincar_msg:/userdata/dev_ws/install/origincar_description:/userdata/dev_ws/install/origincar_bringup:/userdata/dev_ws/install/line_follower_pkg:/userdata/dev_ws/install/ackermann_msgs:/opt/tros/humble:/opt/ros/humble /usr/bin/cmake --install /root/dev_ws/build/ackermann_msgs
