[0.672s] DEBUG:colcon:Command line arguments: ['/usr/bin/colcon', 'build', '--packages-select', 'hobot_nav2']
[0.673s] DEBUG:colcon:Parsed command line arguments: Namespace(log_base=None, log_level=None, verb_name='build', build_base='build', install_base='install', merge_install=False, symlink_install=False, test_result_base=None, continue_on_error=False, executor='parallel', parallel_workers=8, event_handlers=None, ignore_user_meta=False, metas=['./colcon.meta'], base_paths=['.'], packages_ignore=None, packages_ignore_regex=None, paths=None, packages_up_to=None, packages_up_to_regex=None, packages_above=None, packages_above_and_dependencies=None, packages_above_depth=None, packages_select_by_dep=None, packages_skip_by_dep=None, packages_skip_up_to=None, packages_select_build_failed=False, packages_skip_build_finished=False, packages_select_test_failures=False, packages_skip_test_passed=False, packages_select=['hobot_nav2'], packages_skip=None, packages_select_regex=None, packages_skip_regex=None, packages_start=None, packages_end=None, allow_overriding=[], cmake_args=None, cmake_target=None, cmake_target_skip_unavailable=False, cmake_clean_cache=False, cmake_clean_first=False, cmake_force_configure=False, ament_cmake_args=None, catkin_cmake_args=None, catkin_skip_building_tests=False, verb_parser=<colcon_defaults.argument_parser.defaults.DefaultArgumentsDecorator object at 0xffff8c769ab0>, verb_extension=<colcon_core.verb.build.BuildVerb object at 0xffff8c7695a0>, main=<bound method BuildVerb.main of <colcon_core.verb.build.BuildVerb object at 0xffff8c7695a0>>)
[1.935s] Level 1:colcon.colcon_core.package_discovery:discover_packages(colcon_meta) check parameters
[1.936s] Level 1:colcon.colcon_core.package_discovery:discover_packages(recursive) check parameters
[1.936s] Level 1:colcon.colcon_core.package_discovery:discover_packages(ignore) check parameters
[1.936s] Level 1:colcon.colcon_core.package_discovery:discover_packages(path) check parameters
[1.937s] Level 1:colcon.colcon_core.package_discovery:discover_packages(colcon_meta) discover
[1.937s] Level 1:colcon.colcon_core.package_discovery:discover_packages(recursive) discover
[1.937s] INFO:colcon.colcon_core.package_discovery:Crawling recursively for packages in '/root/dev_ws'
[1.938s] Level 1:colcon.colcon_core.package_identification:_identify(.) by extensions ['ignore', 'ignore_ament_install']
[1.938s] Level 1:colcon.colcon_core.package_identification:_identify(.) by extension 'ignore'
[1.938s] Level 1:colcon.colcon_core.package_identification:_identify(.) by extension 'ignore_ament_install'
[1.939s] Level 1:colcon.colcon_core.package_identification:_identify(.) by extensions ['colcon_pkg']
[1.939s] Level 1:colcon.colcon_core.package_identification:_identify(.) by extension 'colcon_pkg'
[1.939s] Level 1:colcon.colcon_core.package_identification:_identify(.) by extensions ['colcon_meta']
[1.939s] Level 1:colcon.colcon_core.package_identification:_identify(.) by extension 'colcon_meta'
[1.940s] Level 1:colcon.colcon_core.package_identification:_identify(.) by extensions ['ros']
[1.940s] Level 1:colcon.colcon_core.package_identification:_identify(.) by extension 'ros'
[2.009s] Level 1:colcon.colcon_core.package_identification:_identify(.) by extensions ['cmake', 'python']
[2.010s] Level 1:colcon.colcon_core.package_identification:_identify(.) by extension 'cmake'
[2.010s] Level 1:colcon.colcon_core.package_identification:_identify(.) by extension 'python'
[2.010s] Level 1:colcon.colcon_core.package_identification:_identify(.) by extensions ['python_setup_py']
[2.010s] Level 1:colcon.colcon_core.package_identification:_identify(.) by extension 'python_setup_py'
[2.011s] Level 1:colcon.colcon_core.package_identification:_identify(build) by extensions ['ignore', 'ignore_ament_install']
[2.011s] Level 1:colcon.colcon_core.package_identification:_identify(build) by extension 'ignore'
[2.012s] Level 1:colcon.colcon_core.package_identification:_identify(build) ignored
[2.012s] Level 1:colcon.colcon_core.package_identification:_identify(install) by extensions ['ignore', 'ignore_ament_install']
[2.013s] Level 1:colcon.colcon_core.package_identification:_identify(install) by extension 'ignore'
[2.013s] Level 1:colcon.colcon_core.package_identification:_identify(install) ignored
[2.014s] Level 1:colcon.colcon_core.package_identification:_identify(log) by extensions ['ignore', 'ignore_ament_install']
[2.014s] Level 1:colcon.colcon_core.package_identification:_identify(log) by extension 'ignore'
[2.014s] Level 1:colcon.colcon_core.package_identification:_identify(log) ignored
[2.015s] Level 1:colcon.colcon_core.package_identification:_identify(src) by extensions ['ignore', 'ignore_ament_install']
[2.015s] Level 1:colcon.colcon_core.package_identification:_identify(src) by extension 'ignore'
[2.015s] Level 1:colcon.colcon_core.package_identification:_identify(src) by extension 'ignore_ament_install'
[2.016s] Level 1:colcon.colcon_core.package_identification:_identify(src) by extensions ['colcon_pkg']
[2.016s] Level 1:colcon.colcon_core.package_identification:_identify(src) by extension 'colcon_pkg'
[2.016s] Level 1:colcon.colcon_core.package_identification:_identify(src) by extensions ['colcon_meta']
[2.016s] Level 1:colcon.colcon_core.package_identification:_identify(src) by extension 'colcon_meta'
[2.017s] Level 1:colcon.colcon_core.package_identification:_identify(src) by extensions ['ros']
[2.017s] Level 1:colcon.colcon_core.package_identification:_identify(src) by extension 'ros'
[2.017s] Level 1:colcon.colcon_core.package_identification:_identify(src) by extensions ['cmake', 'python']
[2.018s] Level 1:colcon.colcon_core.package_identification:_identify(src) by extension 'cmake'
[2.018s] Level 1:colcon.colcon_core.package_identification:_identify(src) by extension 'python'
[2.018s] Level 1:colcon.colcon_core.package_identification:_identify(src) by extensions ['python_setup_py']
[2.018s] Level 1:colcon.colcon_core.package_identification:_identify(src) by extension 'python_setup_py'
[2.019s] Level 1:colcon.colcon_core.package_identification:_identify(src/hobot_nav2-develop) by extensions ['ignore', 'ignore_ament_install']
[2.019s] Level 1:colcon.colcon_core.package_identification:_identify(src/hobot_nav2-develop) by extension 'ignore'
[2.020s] Level 1:colcon.colcon_core.package_identification:_identify(src/hobot_nav2-develop) by extension 'ignore_ament_install'
[2.020s] Level 1:colcon.colcon_core.package_identification:_identify(src/hobot_nav2-develop) by extensions ['colcon_pkg']
[2.020s] Level 1:colcon.colcon_core.package_identification:_identify(src/hobot_nav2-develop) by extension 'colcon_pkg'
[2.020s] Level 1:colcon.colcon_core.package_identification:_identify(src/hobot_nav2-develop) by extensions ['colcon_meta']
[2.020s] Level 1:colcon.colcon_core.package_identification:_identify(src/hobot_nav2-develop) by extension 'colcon_meta'
[2.021s] Level 1:colcon.colcon_core.package_identification:_identify(src/hobot_nav2-develop) by extensions ['ros']
[2.021s] Level 1:colcon.colcon_core.package_identification:_identify(src/hobot_nav2-develop) by extension 'ros'
[2.037s] DEBUG:colcon.colcon_core.package_identification:Package 'src/hobot_nav2-develop' with type 'ros.ament_cmake' and name 'hobot_nav2'
[2.038s] Level 1:colcon.colcon_core.package_identification:_identify(src/laser_tf_publisher) by extensions ['ignore', 'ignore_ament_install']
[2.039s] Level 1:colcon.colcon_core.package_identification:_identify(src/laser_tf_publisher) by extension 'ignore'
[2.039s] Level 1:colcon.colcon_core.package_identification:_identify(src/laser_tf_publisher) by extension 'ignore_ament_install'
[2.040s] Level 1:colcon.colcon_core.package_identification:_identify(src/laser_tf_publisher) by extensions ['colcon_pkg']
[2.040s] Level 1:colcon.colcon_core.package_identification:_identify(src/laser_tf_publisher) by extension 'colcon_pkg'
[2.040s] Level 1:colcon.colcon_core.package_identification:_identify(src/laser_tf_publisher) by extensions ['colcon_meta']
[2.041s] Level 1:colcon.colcon_core.package_identification:_identify(src/laser_tf_publisher) by extension 'colcon_meta'
[2.041s] Level 1:colcon.colcon_core.package_identification:_identify(src/laser_tf_publisher) by extensions ['ros']
[2.041s] Level 1:colcon.colcon_core.package_identification:_identify(src/laser_tf_publisher) by extension 'ros'
[2.047s] DEBUG:colcon.colcon_core.package_identification:Package 'src/laser_tf_publisher' with type 'ros.ament_python' and name 'laser_tf_publisher'
[2.048s] Level 1:colcon.colcon_core.package_identification:_identify(src/lslidar_ros2) by extensions ['ignore', 'ignore_ament_install']
[2.048s] Level 1:colcon.colcon_core.package_identification:_identify(src/lslidar_ros2) by extension 'ignore'
[2.049s] Level 1:colcon.colcon_core.package_identification:_identify(src/lslidar_ros2) by extension 'ignore_ament_install'
[2.049s] Level 1:colcon.colcon_core.package_identification:_identify(src/lslidar_ros2) by extensions ['colcon_pkg']
[2.049s] Level 1:colcon.colcon_core.package_identification:_identify(src/lslidar_ros2) by extension 'colcon_pkg'
[2.049s] Level 1:colcon.colcon_core.package_identification:_identify(src/lslidar_ros2) by extensions ['colcon_meta']
[2.050s] Level 1:colcon.colcon_core.package_identification:_identify(src/lslidar_ros2) by extension 'colcon_meta'
[2.050s] Level 1:colcon.colcon_core.package_identification:_identify(src/lslidar_ros2) by extensions ['ros']
[2.050s] Level 1:colcon.colcon_core.package_identification:_identify(src/lslidar_ros2) by extension 'ros'
[2.051s] Level 1:colcon.colcon_core.package_identification:_identify(src/lslidar_ros2) by extensions ['cmake', 'python']
[2.051s] Level 1:colcon.colcon_core.package_identification:_identify(src/lslidar_ros2) by extension 'cmake'
[2.051s] Level 1:colcon.colcon_core.package_identification:_identify(src/lslidar_ros2) by extension 'python'
[2.052s] Level 1:colcon.colcon_core.package_identification:_identify(src/lslidar_ros2) by extensions ['python_setup_py']
[2.052s] Level 1:colcon.colcon_core.package_identification:_identify(src/lslidar_ros2) by extension 'python_setup_py'
[2.052s] Level 1:colcon.colcon_core.package_identification:_identify(src/lslidar_ros2/lslidar_driver) by extensions ['ignore', 'ignore_ament_install']
[2.053s] Level 1:colcon.colcon_core.package_identification:_identify(src/lslidar_ros2/lslidar_driver) by extension 'ignore'
[2.053s] Level 1:colcon.colcon_core.package_identification:_identify(src/lslidar_ros2/lslidar_driver) by extension 'ignore_ament_install'
[2.054s] Level 1:colcon.colcon_core.package_identification:_identify(src/lslidar_ros2/lslidar_driver) by extensions ['colcon_pkg']
[2.054s] Level 1:colcon.colcon_core.package_identification:_identify(src/lslidar_ros2/lslidar_driver) by extension 'colcon_pkg'
[2.054s] Level 1:colcon.colcon_core.package_identification:_identify(src/lslidar_ros2/lslidar_driver) by extensions ['colcon_meta']
[2.054s] Level 1:colcon.colcon_core.package_identification:_identify(src/lslidar_ros2/lslidar_driver) by extension 'colcon_meta'
[2.055s] Level 1:colcon.colcon_core.package_identification:_identify(src/lslidar_ros2/lslidar_driver) by extensions ['ros']
[2.055s] Level 1:colcon.colcon_core.package_identification:_identify(src/lslidar_ros2/lslidar_driver) by extension 'ros'
[2.055s] Level 1:colcon.colcon_core.package_identification:_identify(src/lslidar_ros2/lslidar_driver) by extensions ['cmake', 'python']
[2.055s] Level 1:colcon.colcon_core.package_identification:_identify(src/lslidar_ros2/lslidar_driver) by extension 'cmake'
[2.056s] Level 1:colcon.colcon_core.package_identification:_identify(src/lslidar_ros2/lslidar_driver) by extension 'python'
[2.056s] Level 1:colcon.colcon_core.package_identification:_identify(src/lslidar_ros2/lslidar_driver) by extensions ['python_setup_py']
[2.056s] Level 1:colcon.colcon_core.package_identification:_identify(src/lslidar_ros2/lslidar_driver) by extension 'python_setup_py'
[2.057s] Level 1:colcon.colcon_core.package_identification:_identify(src/lslidar_ros2/lslidar_driver/lslidar_driver) by extensions ['ignore', 'ignore_ament_install']
[2.057s] Level 1:colcon.colcon_core.package_identification:_identify(src/lslidar_ros2/lslidar_driver/lslidar_driver) by extension 'ignore'
[2.058s] Level 1:colcon.colcon_core.package_identification:_identify(src/lslidar_ros2/lslidar_driver/lslidar_driver) by extension 'ignore_ament_install'
[2.058s] Level 1:colcon.colcon_core.package_identification:_identify(src/lslidar_ros2/lslidar_driver/lslidar_driver) by extensions ['colcon_pkg']
[2.058s] Level 1:colcon.colcon_core.package_identification:_identify(src/lslidar_ros2/lslidar_driver/lslidar_driver) by extension 'colcon_pkg'
[2.059s] Level 1:colcon.colcon_core.package_identification:_identify(src/lslidar_ros2/lslidar_driver/lslidar_driver) by extensions ['colcon_meta']
[2.059s] Level 1:colcon.colcon_core.package_identification:_identify(src/lslidar_ros2/lslidar_driver/lslidar_driver) by extension 'colcon_meta'
[2.059s] Level 1:colcon.colcon_core.package_identification:_identify(src/lslidar_ros2/lslidar_driver/lslidar_driver) by extensions ['ros']
[2.060s] Level 1:colcon.colcon_core.package_identification:_identify(src/lslidar_ros2/lslidar_driver/lslidar_driver) by extension 'ros'
[2.064s] DEBUG:colcon.colcon_core.package_identification:Package 'src/lslidar_ros2/lslidar_driver/lslidar_driver' with type 'ros.ament_cmake' and name 'lslidar_driver'
[2.065s] Level 1:colcon.colcon_core.package_identification:_identify(src/lslidar_ros2/lslidar_msgs) by extensions ['ignore', 'ignore_ament_install']
[2.066s] Level 1:colcon.colcon_core.package_identification:_identify(src/lslidar_ros2/lslidar_msgs) by extension 'ignore'
[2.066s] Level 1:colcon.colcon_core.package_identification:_identify(src/lslidar_ros2/lslidar_msgs) by extension 'ignore_ament_install'
[2.067s] Level 1:colcon.colcon_core.package_identification:_identify(src/lslidar_ros2/lslidar_msgs) by extensions ['colcon_pkg']
[2.067s] Level 1:colcon.colcon_core.package_identification:_identify(src/lslidar_ros2/lslidar_msgs) by extension 'colcon_pkg'
[2.067s] Level 1:colcon.colcon_core.package_identification:_identify(src/lslidar_ros2/lslidar_msgs) by extensions ['colcon_meta']
[2.067s] Level 1:colcon.colcon_core.package_identification:_identify(src/lslidar_ros2/lslidar_msgs) by extension 'colcon_meta'
[2.068s] Level 1:colcon.colcon_core.package_identification:_identify(src/lslidar_ros2/lslidar_msgs) by extensions ['ros']
[2.068s] Level 1:colcon.colcon_core.package_identification:_identify(src/lslidar_ros2/lslidar_msgs) by extension 'ros'
[2.068s] Level 1:colcon.colcon_core.package_identification:_identify(src/lslidar_ros2/lslidar_msgs) by extensions ['cmake', 'python']
[2.069s] Level 1:colcon.colcon_core.package_identification:_identify(src/lslidar_ros2/lslidar_msgs) by extension 'cmake'
[2.069s] Level 1:colcon.colcon_core.package_identification:_identify(src/lslidar_ros2/lslidar_msgs) by extension 'python'
[2.069s] Level 1:colcon.colcon_core.package_identification:_identify(src/lslidar_ros2/lslidar_msgs) by extensions ['python_setup_py']
[2.069s] Level 1:colcon.colcon_core.package_identification:_identify(src/lslidar_ros2/lslidar_msgs) by extension 'python_setup_py'
[2.070s] Level 1:colcon.colcon_core.package_identification:_identify(src/lslidar_ros2/lslidar_msgs/lslidar_msgs) by extensions ['ignore', 'ignore_ament_install']
[2.070s] Level 1:colcon.colcon_core.package_identification:_identify(src/lslidar_ros2/lslidar_msgs/lslidar_msgs) by extension 'ignore'
[2.071s] Level 1:colcon.colcon_core.package_identification:_identify(src/lslidar_ros2/lslidar_msgs/lslidar_msgs) by extension 'ignore_ament_install'
[2.071s] Level 1:colcon.colcon_core.package_identification:_identify(src/lslidar_ros2/lslidar_msgs/lslidar_msgs) by extensions ['colcon_pkg']
[2.071s] Level 1:colcon.colcon_core.package_identification:_identify(src/lslidar_ros2/lslidar_msgs/lslidar_msgs) by extension 'colcon_pkg'
[2.071s] Level 1:colcon.colcon_core.package_identification:_identify(src/lslidar_ros2/lslidar_msgs/lslidar_msgs) by extensions ['colcon_meta']
[2.072s] Level 1:colcon.colcon_core.package_identification:_identify(src/lslidar_ros2/lslidar_msgs/lslidar_msgs) by extension 'colcon_meta'
[2.072s] Level 1:colcon.colcon_core.package_identification:_identify(src/lslidar_ros2/lslidar_msgs/lslidar_msgs) by extensions ['ros']
[2.072s] Level 1:colcon.colcon_core.package_identification:_identify(src/lslidar_ros2/lslidar_msgs/lslidar_msgs) by extension 'ros'
[2.076s] DEBUG:colcon.colcon_core.package_identification:Package 'src/lslidar_ros2/lslidar_msgs/lslidar_msgs' with type 'ros.ament_cmake' and name 'lslidar_msgs'
[2.077s] Level 1:colcon.colcon_core.package_identification:_identify(src/origincar) by extensions ['ignore', 'ignore_ament_install']
[2.077s] Level 1:colcon.colcon_core.package_identification:_identify(src/origincar) by extension 'ignore'
[2.078s] Level 1:colcon.colcon_core.package_identification:_identify(src/origincar) by extension 'ignore_ament_install'
[2.078s] Level 1:colcon.colcon_core.package_identification:_identify(src/origincar) by extensions ['colcon_pkg']
[2.078s] Level 1:colcon.colcon_core.package_identification:_identify(src/origincar) by extension 'colcon_pkg'
[2.078s] Level 1:colcon.colcon_core.package_identification:_identify(src/origincar) by extensions ['colcon_meta']
[2.079s] Level 1:colcon.colcon_core.package_identification:_identify(src/origincar) by extension 'colcon_meta'
[2.079s] Level 1:colcon.colcon_core.package_identification:_identify(src/origincar) by extensions ['ros']
[2.079s] Level 1:colcon.colcon_core.package_identification:_identify(src/origincar) by extension 'ros'
[2.080s] Level 1:colcon.colcon_core.package_identification:_identify(src/origincar) by extensions ['cmake', 'python']
[2.080s] Level 1:colcon.colcon_core.package_identification:_identify(src/origincar) by extension 'cmake'
[2.080s] Level 1:colcon.colcon_core.package_identification:_identify(src/origincar) by extension 'python'
[2.080s] Level 1:colcon.colcon_core.package_identification:_identify(src/origincar) by extensions ['python_setup_py']
[2.080s] Level 1:colcon.colcon_core.package_identification:_identify(src/origincar) by extension 'python_setup_py'
[2.081s] Level 1:colcon.colcon_core.package_identification:_identify(src/origincar/3rdparty) by extensions ['ignore', 'ignore_ament_install']
[2.082s] Level 1:colcon.colcon_core.package_identification:_identify(src/origincar/3rdparty) by extension 'ignore'
[2.082s] Level 1:colcon.colcon_core.package_identification:_identify(src/origincar/3rdparty) by extension 'ignore_ament_install'
[2.082s] Level 1:colcon.colcon_core.package_identification:_identify(src/origincar/3rdparty) by extensions ['colcon_pkg']
[2.083s] Level 1:colcon.colcon_core.package_identification:_identify(src/origincar/3rdparty) by extension 'colcon_pkg'
[2.083s] Level 1:colcon.colcon_core.package_identification:_identify(src/origincar/3rdparty) by extensions ['colcon_meta']
[2.083s] Level 1:colcon.colcon_core.package_identification:_identify(src/origincar/3rdparty) by extension 'colcon_meta'
[2.083s] Level 1:colcon.colcon_core.package_identification:_identify(src/origincar/3rdparty) by extensions ['ros']
[2.084s] Level 1:colcon.colcon_core.package_identification:_identify(src/origincar/3rdparty) by extension 'ros'
[2.084s] Level 1:colcon.colcon_core.package_identification:_identify(src/origincar/3rdparty) by extensions ['cmake', 'python']
[2.084s] Level 1:colcon.colcon_core.package_identification:_identify(src/origincar/3rdparty) by extension 'cmake'
[2.085s] Level 1:colcon.colcon_core.package_identification:_identify(src/origincar/3rdparty) by extension 'python'
[2.085s] Level 1:colcon.colcon_core.package_identification:_identify(src/origincar/3rdparty) by extensions ['python_setup_py']
[2.085s] Level 1:colcon.colcon_core.package_identification:_identify(src/origincar/3rdparty) by extension 'python_setup_py'
[2.086s] Level 1:colcon.colcon_core.package_identification:_identify(src/origincar/3rdparty/ackermann_msgs-ros2) by extensions ['ignore', 'ignore_ament_install']
[2.086s] Level 1:colcon.colcon_core.package_identification:_identify(src/origincar/3rdparty/ackermann_msgs-ros2) by extension 'ignore'
[2.087s] Level 1:colcon.colcon_core.package_identification:_identify(src/origincar/3rdparty/ackermann_msgs-ros2) by extension 'ignore_ament_install'
[2.087s] Level 1:colcon.colcon_core.package_identification:_identify(src/origincar/3rdparty/ackermann_msgs-ros2) by extensions ['colcon_pkg']
[2.087s] Level 1:colcon.colcon_core.package_identification:_identify(src/origincar/3rdparty/ackermann_msgs-ros2) by extension 'colcon_pkg'
[2.088s] Level 1:colcon.colcon_core.package_identification:_identify(src/origincar/3rdparty/ackermann_msgs-ros2) by extensions ['colcon_meta']
[2.088s] Level 1:colcon.colcon_core.package_identification:_identify(src/origincar/3rdparty/ackermann_msgs-ros2) by extension 'colcon_meta'
[2.088s] Level 1:colcon.colcon_core.package_identification:_identify(src/origincar/3rdparty/ackermann_msgs-ros2) by extensions ['ros']
[2.088s] Level 1:colcon.colcon_core.package_identification:_identify(src/origincar/3rdparty/ackermann_msgs-ros2) by extension 'ros'
[2.092s] DEBUG:colcon.colcon_core.package_identification:Package 'src/origincar/3rdparty/ackermann_msgs-ros2' with type 'ros.ament_cmake' and name 'ackermann_msgs'
[2.093s] Level 1:colcon.colcon_core.package_identification:_identify(src/origincar/3rdparty/aurora930) by extensions ['ignore', 'ignore_ament_install']
[2.094s] Level 1:colcon.colcon_core.package_identification:_identify(src/origincar/3rdparty/aurora930) by extension 'ignore'
[2.094s] Level 1:colcon.colcon_core.package_identification:_identify(src/origincar/3rdparty/aurora930) by extension 'ignore_ament_install'
[2.095s] Level 1:colcon.colcon_core.package_identification:_identify(src/origincar/3rdparty/aurora930) by extensions ['colcon_pkg']
[2.095s] Level 1:colcon.colcon_core.package_identification:_identify(src/origincar/3rdparty/aurora930) by extension 'colcon_pkg'
[2.095s] Level 1:colcon.colcon_core.package_identification:_identify(src/origincar/3rdparty/aurora930) by extensions ['colcon_meta']
[2.095s] Level 1:colcon.colcon_core.package_identification:_identify(src/origincar/3rdparty/aurora930) by extension 'colcon_meta'
[2.096s] Level 1:colcon.colcon_core.package_identification:_identify(src/origincar/3rdparty/aurora930) by extensions ['ros']
[2.096s] Level 1:colcon.colcon_core.package_identification:_identify(src/origincar/3rdparty/aurora930) by extension 'ros'
[2.096s] Level 1:colcon.colcon_core.package_identification:_identify(src/origincar/3rdparty/aurora930) by extensions ['cmake', 'python']
[2.097s] Level 1:colcon.colcon_core.package_identification:_identify(src/origincar/3rdparty/aurora930) by extension 'cmake'
[2.097s] Level 1:colcon.colcon_core.package_identification:_identify(src/origincar/3rdparty/aurora930) by extension 'python'
[2.097s] Level 1:colcon.colcon_core.package_identification:_identify(src/origincar/3rdparty/aurora930) by extensions ['python_setup_py']
[2.098s] Level 1:colcon.colcon_core.package_identification:_identify(src/origincar/3rdparty/aurora930) by extension 'python_setup_py'
[2.098s] Level 1:colcon.colcon_core.package_identification:_identify(src/origincar/3rdparty/serial_ros2) by extensions ['ignore', 'ignore_ament_install']
[2.099s] Level 1:colcon.colcon_core.package_identification:_identify(src/origincar/3rdparty/serial_ros2) by extension 'ignore'
[2.099s] Level 1:colcon.colcon_core.package_identification:_identify(src/origincar/3rdparty/serial_ros2) by extension 'ignore_ament_install'
[2.100s] Level 1:colcon.colcon_core.package_identification:_identify(src/origincar/3rdparty/serial_ros2) by extensions ['colcon_pkg']
[2.100s] Level 1:colcon.colcon_core.package_identification:_identify(src/origincar/3rdparty/serial_ros2) by extension 'colcon_pkg'
[2.100s] Level 1:colcon.colcon_core.package_identification:_identify(src/origincar/3rdparty/serial_ros2) by extensions ['colcon_meta']
[2.101s] Level 1:colcon.colcon_core.package_identification:_identify(src/origincar/3rdparty/serial_ros2) by extension 'colcon_meta'
[2.101s] Level 1:colcon.colcon_core.package_identification:_identify(src/origincar/3rdparty/serial_ros2) by extensions ['ros']
[2.101s] Level 1:colcon.colcon_core.package_identification:_identify(src/origincar/3rdparty/serial_ros2) by extension 'ros'
[2.105s] DEBUG:colcon.colcon_core.package_identification:Package 'src/origincar/3rdparty/serial_ros2' with type 'ros.ament_cmake' and name 'serial'
[2.106s] Level 1:colcon.colcon_core.package_identification:_identify(src/origincar/line_follower_pkg) by extensions ['ignore', 'ignore_ament_install']
[2.107s] Level 1:colcon.colcon_core.package_identification:_identify(src/origincar/line_follower_pkg) by extension 'ignore'
[2.107s] Level 1:colcon.colcon_core.package_identification:_identify(src/origincar/line_follower_pkg) by extension 'ignore_ament_install'
[2.108s] Level 1:colcon.colcon_core.package_identification:_identify(src/origincar/line_follower_pkg) by extensions ['colcon_pkg']
[2.108s] Level 1:colcon.colcon_core.package_identification:_identify(src/origincar/line_follower_pkg) by extension 'colcon_pkg'
[2.108s] Level 1:colcon.colcon_core.package_identification:_identify(src/origincar/line_follower_pkg) by extensions ['colcon_meta']
[2.108s] Level 1:colcon.colcon_core.package_identification:_identify(src/origincar/line_follower_pkg) by extension 'colcon_meta'
[2.109s] Level 1:colcon.colcon_core.package_identification:_identify(src/origincar/line_follower_pkg) by extensions ['ros']
[2.109s] Level 1:colcon.colcon_core.package_identification:_identify(src/origincar/line_follower_pkg) by extension 'ros'
[2.114s] DEBUG:colcon.colcon_core.package_identification:Package 'src/origincar/line_follower_pkg' with type 'ros.ament_python' and name 'line_follower_pkg'
[2.115s] Level 1:colcon.colcon_core.package_identification:_identify(src/origincar/origincar_base) by extensions ['ignore', 'ignore_ament_install']
[2.116s] Level 1:colcon.colcon_core.package_identification:_identify(src/origincar/origincar_base) by extension 'ignore'
[2.116s] Level 1:colcon.colcon_core.package_identification:_identify(src/origincar/origincar_base) by extension 'ignore_ament_install'
[2.117s] Level 1:colcon.colcon_core.package_identification:_identify(src/origincar/origincar_base) by extensions ['colcon_pkg']
[2.117s] Level 1:colcon.colcon_core.package_identification:_identify(src/origincar/origincar_base) by extension 'colcon_pkg'
[2.117s] Level 1:colcon.colcon_core.package_identification:_identify(src/origincar/origincar_base) by extensions ['colcon_meta']
[2.117s] Level 1:colcon.colcon_core.package_identification:_identify(src/origincar/origincar_base) by extension 'colcon_meta'
[2.118s] Level 1:colcon.colcon_core.package_identification:_identify(src/origincar/origincar_base) by extensions ['ros']
[2.118s] Level 1:colcon.colcon_core.package_identification:_identify(src/origincar/origincar_base) by extension 'ros'
[2.132s] DEBUG:colcon.colcon_core.package_identification:Package 'src/origincar/origincar_base' with type 'ros.ament_cmake' and name 'origincar_base'
[2.133s] Level 1:colcon.colcon_core.package_identification:_identify(src/origincar/origincar_bringup) by extensions ['ignore', 'ignore_ament_install']
[2.134s] Level 1:colcon.colcon_core.package_identification:_identify(src/origincar/origincar_bringup) by extension 'ignore'
[2.134s] Level 1:colcon.colcon_core.package_identification:_identify(src/origincar/origincar_bringup) by extension 'ignore_ament_install'
[2.134s] Level 1:colcon.colcon_core.package_identification:_identify(src/origincar/origincar_bringup) by extensions ['colcon_pkg']
[2.135s] Level 1:colcon.colcon_core.package_identification:_identify(src/origincar/origincar_bringup) by extension 'colcon_pkg'
[2.135s] Level 1:colcon.colcon_core.package_identification:_identify(src/origincar/origincar_bringup) by extensions ['colcon_meta']
[2.135s] Level 1:colcon.colcon_core.package_identification:_identify(src/origincar/origincar_bringup) by extension 'colcon_meta'
[2.135s] Level 1:colcon.colcon_core.package_identification:_identify(src/origincar/origincar_bringup) by extensions ['ros']
[2.136s] Level 1:colcon.colcon_core.package_identification:_identify(src/origincar/origincar_bringup) by extension 'ros'
[2.141s] DEBUG:colcon.colcon_core.package_identification:Package 'src/origincar/origincar_bringup' with type 'ros.ament_cmake' and name 'origincar_bringup'
[2.142s] Level 1:colcon.colcon_core.package_identification:_identify(src/origincar/origincar_description) by extensions ['ignore', 'ignore_ament_install']
[2.142s] Level 1:colcon.colcon_core.package_identification:_identify(src/origincar/origincar_description) by extension 'ignore'
[2.143s] Level 1:colcon.colcon_core.package_identification:_identify(src/origincar/origincar_description) by extension 'ignore_ament_install'
[2.143s] Level 1:colcon.colcon_core.package_identification:_identify(src/origincar/origincar_description) by extensions ['colcon_pkg']
[2.144s] Level 1:colcon.colcon_core.package_identification:_identify(src/origincar/origincar_description) by extension 'colcon_pkg'
[2.144s] Level 1:colcon.colcon_core.package_identification:_identify(src/origincar/origincar_description) by extensions ['colcon_meta']
[2.144s] Level 1:colcon.colcon_core.package_identification:_identify(src/origincar/origincar_description) by extension 'colcon_meta'
[2.144s] Level 1:colcon.colcon_core.package_identification:_identify(src/origincar/origincar_description) by extensions ['ros']
[2.145s] Level 1:colcon.colcon_core.package_identification:_identify(src/origincar/origincar_description) by extension 'ros'
[2.148s] DEBUG:colcon.colcon_core.package_identification:Package 'src/origincar/origincar_description' with type 'ros.ament_cmake' and name 'origincar_description'
[2.149s] Level 1:colcon.colcon_core.package_identification:_identify(src/origincar/origincar_msg) by extensions ['ignore', 'ignore_ament_install']
[2.149s] Level 1:colcon.colcon_core.package_identification:_identify(src/origincar/origincar_msg) by extension 'ignore'
[2.150s] Level 1:colcon.colcon_core.package_identification:_identify(src/origincar/origincar_msg) by extension 'ignore_ament_install'
[2.150s] Level 1:colcon.colcon_core.package_identification:_identify(src/origincar/origincar_msg) by extensions ['colcon_pkg']
[2.150s] Level 1:colcon.colcon_core.package_identification:_identify(src/origincar/origincar_msg) by extension 'colcon_pkg'
[2.150s] Level 1:colcon.colcon_core.package_identification:_identify(src/origincar/origincar_msg) by extensions ['colcon_meta']
[2.151s] Level 1:colcon.colcon_core.package_identification:_identify(src/origincar/origincar_msg) by extension 'colcon_meta'
[2.151s] Level 1:colcon.colcon_core.package_identification:_identify(src/origincar/origincar_msg) by extensions ['ros']
[2.151s] Level 1:colcon.colcon_core.package_identification:_identify(src/origincar/origincar_msg) by extension 'ros'
[2.154s] DEBUG:colcon.colcon_core.package_identification:Package 'src/origincar/origincar_msg' with type 'ros.ament_cmake' and name 'origincar_msg'
[2.155s] Level 1:colcon.colcon_core.package_identification:_identify(src/origincar/utils) by extensions ['ignore', 'ignore_ament_install']
[2.155s] Level 1:colcon.colcon_core.package_identification:_identify(src/origincar/utils) by extension 'ignore'
[2.156s] Level 1:colcon.colcon_core.package_identification:_identify(src/origincar/utils) by extension 'ignore_ament_install'
[2.156s] Level 1:colcon.colcon_core.package_identification:_identify(src/origincar/utils) by extensions ['colcon_pkg']
[2.156s] Level 1:colcon.colcon_core.package_identification:_identify(src/origincar/utils) by extension 'colcon_pkg'
[2.157s] Level 1:colcon.colcon_core.package_identification:_identify(src/origincar/utils) by extensions ['colcon_meta']
[2.157s] Level 1:colcon.colcon_core.package_identification:_identify(src/origincar/utils) by extension 'colcon_meta'
[2.157s] Level 1:colcon.colcon_core.package_identification:_identify(src/origincar/utils) by extensions ['ros']
[2.157s] Level 1:colcon.colcon_core.package_identification:_identify(src/origincar/utils) by extension 'ros'
[2.162s] DEBUG:colcon.colcon_core.package_identification:Package 'src/origincar/utils' with type 'ros.ament_cmake' and name 'utils'
[2.162s] Level 1:colcon.colcon_core.package_discovery:discover_packages(recursive) using defaults
[2.163s] Level 1:colcon.colcon_core.package_discovery:discover_packages(ignore) discover
[2.163s] Level 1:colcon.colcon_core.package_discovery:discover_packages(ignore) using defaults
[2.163s] Level 1:colcon.colcon_core.package_discovery:discover_packages(path) discover
[2.163s] Level 1:colcon.colcon_core.package_discovery:discover_packages(path) using defaults
[2.376s] INFO:colcon.colcon_core.package_selection:Skipping not selected package 'ackermann_msgs' in 'src/origincar/3rdparty/ackermann_msgs-ros2'
[2.377s] INFO:colcon.colcon_core.package_selection:Skipping not selected package 'laser_tf_publisher' in 'src/laser_tf_publisher'
[2.382s] INFO:colcon.colcon_core.package_selection:Skipping not selected package 'line_follower_pkg' in 'src/origincar/line_follower_pkg'
[2.382s] INFO:colcon.colcon_core.package_selection:Skipping not selected package 'lslidar_msgs' in 'src/lslidar_ros2/lslidar_msgs/lslidar_msgs'
[2.383s] INFO:colcon.colcon_core.package_selection:Skipping not selected package 'origincar_bringup' in 'src/origincar/origincar_bringup'
[2.383s] INFO:colcon.colcon_core.package_selection:Skipping not selected package 'origincar_description' in 'src/origincar/origincar_description'
[2.383s] INFO:colcon.colcon_core.package_selection:Skipping not selected package 'origincar_msg' in 'src/origincar/origincar_msg'
[2.383s] INFO:colcon.colcon_core.package_selection:Skipping not selected package 'serial' in 'src/origincar/3rdparty/serial_ros2'
[2.383s] INFO:colcon.colcon_core.package_selection:Skipping not selected package 'utils' in 'src/origincar/utils'
[2.384s] INFO:colcon.colcon_core.package_selection:Skipping not selected package 'lslidar_driver' in 'src/lslidar_ros2/lslidar_driver/lslidar_driver'
[2.384s] INFO:colcon.colcon_core.package_selection:Skipping not selected package 'origincar_base' in 'src/origincar/origincar_base'
[2.386s] Level 1:colcon.colcon_core.package_discovery:discover_packages(prefix_path) check parameters
[2.386s] Level 1:colcon.colcon_core.package_discovery:discover_packages(prefix_path) discover
[2.403s] DEBUG:colcon.colcon_installed_package_information.package_discovery:Found 12 installed packages in /root/dev_ws/install
[2.407s] DEBUG:colcon.colcon_installed_package_information.package_discovery:Found 8 installed packages in /userdata/dev_ws/install
[2.412s] DEBUG:colcon.colcon_installed_package_information.package_discovery:Found 49 installed packages in /opt/tros/humble
[2.422s] DEBUG:colcon.colcon_installed_package_information.package_discovery:Found 288 installed packages in /opt/ros/humble
[2.434s] Level 1:colcon.colcon_core.package_discovery:discover_packages(prefix_path) using defaults
[2.770s] Level 5:colcon.colcon_core.verb:set package 'hobot_nav2' build argument 'cmake_args' from command line to 'None'
[2.771s] Level 5:colcon.colcon_core.verb:set package 'hobot_nav2' build argument 'cmake_target' from command line to 'None'
[2.771s] Level 5:colcon.colcon_core.verb:set package 'hobot_nav2' build argument 'cmake_target_skip_unavailable' from command line to 'False'
[2.771s] Level 5:colcon.colcon_core.verb:set package 'hobot_nav2' build argument 'cmake_clean_cache' from command line to 'False'
[2.771s] Level 5:colcon.colcon_core.verb:set package 'hobot_nav2' build argument 'cmake_clean_first' from command line to 'False'
[2.771s] Level 5:colcon.colcon_core.verb:set package 'hobot_nav2' build argument 'cmake_force_configure' from command line to 'False'
[2.771s] Level 5:colcon.colcon_core.verb:set package 'hobot_nav2' build argument 'ament_cmake_args' from command line to 'None'
[2.772s] Level 5:colcon.colcon_core.verb:set package 'hobot_nav2' build argument 'catkin_cmake_args' from command line to 'None'
[2.772s] Level 5:colcon.colcon_core.verb:set package 'hobot_nav2' build argument 'catkin_skip_building_tests' from command line to 'False'
[2.772s] DEBUG:colcon.colcon_core.verb:Building package 'hobot_nav2' with the following arguments: {'ament_cmake_args': None, 'build_base': '/root/dev_ws/build/hobot_nav2', 'catkin_cmake_args': None, 'catkin_skip_building_tests': False, 'cmake_args': None, 'cmake_clean_cache': False, 'cmake_clean_first': False, 'cmake_force_configure': False, 'cmake_target': None, 'cmake_target_skip_unavailable': False, 'install_base': '/root/dev_ws/install/hobot_nav2', 'merge_install': False, 'path': '/root/dev_ws/src/hobot_nav2-develop', 'symlink_install': False, 'test_result_base': None}
[2.773s] INFO:colcon.colcon_core.executor:Executing jobs using 'parallel' executor
[2.778s] DEBUG:colcon.colcon_parallel_executor.executor.parallel:run_until_complete
[2.779s] INFO:colcon.colcon_ros.task.ament_cmake.build:Building ROS package in '/root/dev_ws/src/hobot_nav2-develop' with build type 'ament_cmake'
[2.779s] INFO:colcon.colcon_cmake.task.cmake.build:Building CMake package in '/root/dev_ws/src/hobot_nav2-develop'
[2.792s] INFO:colcon.colcon_core.plugin_system:Skipping extension 'colcon_core.shell.bat': Not used on non-Windows systems
[2.794s] INFO:colcon.colcon_core.shell:Skip shell extension 'powershell' for command environment: Not usable outside of PowerShell
[2.794s] DEBUG:colcon.colcon_core.shell:Skip shell extension 'dsv' for command environment
[2.846s] DEBUG:colcon.colcon_core.event_handler.log_command:Invoking command in '/root/dev_ws/build/hobot_nav2': CMAKE_PREFIX_PATH=${CMAKE_PREFIX_PATH}:/root/dev_ws/install/line_follower_pkg:/root/dev_ws/install/laser_tf_publisher:/userdata/dev_ws/install/utils:/userdata/dev_ws/install/origincar_base:/userdata/dev_ws/install/serial:/userdata/dev_ws/install/origincar_msg:/userdata/dev_ws/install/origincar_description:/userdata/dev_ws/install/origincar_bringup:/userdata/dev_ws/install/line_follower_pkg:/userdata/dev_ws/install/ackermann_msgs:/opt/tros/humble:/opt/ros/humble /usr/bin/cmake --build /root/dev_ws/build/hobot_nav2 -- -j8 -l8
[3.063s] DEBUG:colcon.colcon_core.event_handler.log_command:Invoked command in '/root/dev_ws/build/hobot_nav2' returned '0': CMAKE_PREFIX_PATH=${CMAKE_PREFIX_PATH}:/root/dev_ws/install/line_follower_pkg:/root/dev_ws/install/laser_tf_publisher:/userdata/dev_ws/install/utils:/userdata/dev_ws/install/origincar_base:/userdata/dev_ws/install/serial:/userdata/dev_ws/install/origincar_msg:/userdata/dev_ws/install/origincar_description:/userdata/dev_ws/install/origincar_bringup:/userdata/dev_ws/install/line_follower_pkg:/userdata/dev_ws/install/ackermann_msgs:/opt/tros/humble:/opt/ros/humble /usr/bin/cmake --build /root/dev_ws/build/hobot_nav2 -- -j8 -l8
[3.118s] DEBUG:colcon.colcon_core.event_handler.log_command:Invoking command in '/root/dev_ws/build/hobot_nav2': CMAKE_PREFIX_PATH=${CMAKE_PREFIX_PATH}:/root/dev_ws/install/line_follower_pkg:/root/dev_ws/install/laser_tf_publisher:/userdata/dev_ws/install/utils:/userdata/dev_ws/install/origincar_base:/userdata/dev_ws/install/serial:/userdata/dev_ws/install/origincar_msg:/userdata/dev_ws/install/origincar_description:/userdata/dev_ws/install/origincar_bringup:/userdata/dev_ws/install/line_follower_pkg:/userdata/dev_ws/install/ackermann_msgs:/opt/tros/humble:/opt/ros/humble /usr/bin/cmake --install /root/dev_ws/build/hobot_nav2
[3.174s] Level 1:colcon.colcon_core.environment:create_environment_scripts_only(hobot_nav2)
[3.205s] DEBUG:colcon.colcon_core.event_handler.log_command:Invoked command in '/root/dev_ws/build/hobot_nav2' returned '0': CMAKE_PREFIX_PATH=${CMAKE_PREFIX_PATH}:/root/dev_ws/install/line_follower_pkg:/root/dev_ws/install/laser_tf_publisher:/userdata/dev_ws/install/utils:/userdata/dev_ws/install/origincar_base:/userdata/dev_ws/install/serial:/userdata/dev_ws/install/origincar_msg:/userdata/dev_ws/install/origincar_description:/userdata/dev_ws/install/origincar_bringup:/userdata/dev_ws/install/line_follower_pkg:/userdata/dev_ws/install/ackermann_msgs:/opt/tros/humble:/opt/ros/humble /usr/bin/cmake --install /root/dev_ws/build/hobot_nav2
[3.220s] Level 1:colcon.colcon_core.environment:checking '/root/dev_ws/install/hobot_nav2' for CMake module files
[3.226s] Level 1:colcon.colcon_core.environment:checking '/root/dev_ws/install/hobot_nav2' for CMake config files
[3.229s] Level 1:colcon.colcon_core.shell:create_environment_hook('hobot_nav2', 'cmake_prefix_path')
[3.231s] INFO:colcon.colcon_core.shell:Creating environment hook '/root/dev_ws/install/hobot_nav2/share/hobot_nav2/hook/cmake_prefix_path.ps1'
[3.235s] INFO:colcon.colcon_core.shell:Creating environment descriptor '/root/dev_ws/install/hobot_nav2/share/hobot_nav2/hook/cmake_prefix_path.dsv'
[3.238s] INFO:colcon.colcon_core.shell:Creating environment hook '/root/dev_ws/install/hobot_nav2/share/hobot_nav2/hook/cmake_prefix_path.sh'
[3.244s] Level 1:colcon.colcon_core.environment:checking '/root/dev_ws/install/hobot_nav2/bin'
[3.245s] Level 1:colcon.colcon_core.environment:checking '/root/dev_ws/install/hobot_nav2/lib/pkgconfig/hobot_nav2.pc'
[3.246s] Level 1:colcon.colcon_core.environment:checking '/root/dev_ws/install/hobot_nav2/lib/python3.10/site-packages'
[3.248s] Level 1:colcon.colcon_core.environment:checking '/root/dev_ws/install/hobot_nav2/bin'
[3.250s] INFO:colcon.colcon_core.shell:Creating package script '/root/dev_ws/install/hobot_nav2/share/hobot_nav2/package.ps1'
[3.256s] INFO:colcon.colcon_core.shell:Creating package descriptor '/root/dev_ws/install/hobot_nav2/share/hobot_nav2/package.dsv'
[3.259s] INFO:colcon.colcon_core.shell:Creating package script '/root/dev_ws/install/hobot_nav2/share/hobot_nav2/package.sh'
[3.265s] INFO:colcon.colcon_core.shell:Creating package script '/root/dev_ws/install/hobot_nav2/share/hobot_nav2/package.bash'
[3.270s] INFO:colcon.colcon_core.shell:Creating package script '/root/dev_ws/install/hobot_nav2/share/hobot_nav2/package.zsh'
[3.274s] Level 1:colcon.colcon_core.environment:create_file_with_runtime_dependencies(/root/dev_ws/install/hobot_nav2/share/colcon-core/packages/hobot_nav2)
[3.277s] Level 1:colcon.colcon_core.environment:create_environment_scripts_only(hobot_nav2)
[3.279s] Level 1:colcon.colcon_core.environment:checking '/root/dev_ws/install/hobot_nav2' for CMake module files
[3.282s] Level 1:colcon.colcon_core.environment:checking '/root/dev_ws/install/hobot_nav2' for CMake config files
[3.284s] Level 1:colcon.colcon_core.shell:create_environment_hook('hobot_nav2', 'cmake_prefix_path')
[3.285s] INFO:colcon.colcon_core.shell:Creating environment hook '/root/dev_ws/install/hobot_nav2/share/hobot_nav2/hook/cmake_prefix_path.ps1'
[3.288s] INFO:colcon.colcon_core.shell:Creating environment descriptor '/root/dev_ws/install/hobot_nav2/share/hobot_nav2/hook/cmake_prefix_path.dsv'
[3.290s] INFO:colcon.colcon_core.shell:Creating environment hook '/root/dev_ws/install/hobot_nav2/share/hobot_nav2/hook/cmake_prefix_path.sh'
[3.293s] Level 1:colcon.colcon_core.environment:checking '/root/dev_ws/install/hobot_nav2/bin'
[3.293s] Level 1:colcon.colcon_core.environment:checking '/root/dev_ws/install/hobot_nav2/lib/pkgconfig/hobot_nav2.pc'
[3.295s] Level 1:colcon.colcon_core.environment:checking '/root/dev_ws/install/hobot_nav2/lib/python3.10/site-packages'
[3.296s] Level 1:colcon.colcon_core.environment:checking '/root/dev_ws/install/hobot_nav2/bin'
[3.298s] INFO:colcon.colcon_core.shell:Creating package script '/root/dev_ws/install/hobot_nav2/share/hobot_nav2/package.ps1'
[3.301s] INFO:colcon.colcon_core.shell:Creating package descriptor '/root/dev_ws/install/hobot_nav2/share/hobot_nav2/package.dsv'
[3.304s] INFO:colcon.colcon_core.shell:Creating package script '/root/dev_ws/install/hobot_nav2/share/hobot_nav2/package.sh'
[3.307s] INFO:colcon.colcon_core.shell:Creating package script '/root/dev_ws/install/hobot_nav2/share/hobot_nav2/package.bash'
[3.310s] INFO:colcon.colcon_core.shell:Creating package script '/root/dev_ws/install/hobot_nav2/share/hobot_nav2/package.zsh'
[3.313s] Level 1:colcon.colcon_core.environment:create_file_with_runtime_dependencies(/root/dev_ws/install/hobot_nav2/share/colcon-core/packages/hobot_nav2)
[3.314s] DEBUG:colcon.colcon_parallel_executor.executor.parallel:closing loop
[3.316s] DEBUG:colcon.colcon_parallel_executor.executor.parallel:loop closed
[3.316s] DEBUG:colcon.colcon_parallel_executor.executor.parallel:run_until_complete finished with '0'
[3.316s] DEBUG:colcon.colcon_core.event_reactor:joining thread
[3.350s] INFO:colcon.colcon_core.plugin_system:Skipping extension 'colcon_notification.desktop_notification.notify_send': Could not find 'notify-send'
[3.351s] INFO:colcon.colcon_core.plugin_system:Skipping extension 'colcon_notification.desktop_notification.terminal_notifier': Not used on non-Darwin systems
[3.352s] INFO:colcon.colcon_core.plugin_system:Skipping extension 'colcon_notification.desktop_notification.win32': Not used on non-Windows systems
[3.352s] INFO:colcon.colcon_notification.desktop_notification:Sending desktop notification using 'notify2'
[28.373s] DEBUG:colcon.colcon_notification.desktop_notification.notify2:Failed to initialize notify2: org.freedesktop.DBus.Error.NoReply: Did not receive a reply. Possible causes include: the remote application did not send a reply, the message bus security policy blocked the reply, the reply timeout expired, or the network connection was broken.
[28.374s] DEBUG:colcon.colcon_core.event_reactor:joined thread
[28.376s] INFO:colcon.colcon_core.shell:Creating prefix script '/root/dev_ws/install/local_setup.ps1'
[28.383s] INFO:colcon.colcon_core.shell:Creating prefix util module '/root/dev_ws/install/_local_setup_util_ps1.py'
[28.392s] INFO:colcon.colcon_core.shell:Creating prefix chain script '/root/dev_ws/install/setup.ps1'
[28.403s] INFO:colcon.colcon_core.shell:Creating prefix script '/root/dev_ws/install/local_setup.sh'
[28.407s] INFO:colcon.colcon_core.shell:Creating prefix util module '/root/dev_ws/install/_local_setup_util_sh.py'
[28.410s] INFO:colcon.colcon_core.shell:Creating prefix chain script '/root/dev_ws/install/setup.sh'
[28.421s] INFO:colcon.colcon_core.shell:Creating prefix script '/root/dev_ws/install/local_setup.bash'
[28.424s] INFO:colcon.colcon_core.shell:Creating prefix chain script '/root/dev_ws/install/setup.bash'
[28.435s] INFO:colcon.colcon_core.shell:Creating prefix script '/root/dev_ws/install/local_setup.zsh'
[28.438s] INFO:colcon.colcon_core.shell:Creating prefix chain script '/root/dev_ws/install/setup.zsh'
