[ 81%] Built target lslidar_driver
[100%] Built target lslidar_driver_node
-- Install configuration: "Release"
-- Up-to-date: /root/dev_ws/install/lslidar_driver/lib/lslidar_driver/liblslidar_driver.a
-- Up-to-date: /root/dev_ws/install/lslidar_driver/lib/lslidar_driver/lslidar_driver_node
-- Up-to-date: /root/dev_ws/install/lslidar_driver/include
-- Up-to-date: /root/dev_ws/install/lslidar_driver/include/lslidar_driver
-- Up-to-date: /root/dev_ws/install/lslidar_driver/include/lslidar_driver/lslidar_ch_driver.hpp
-- Up-to-date: /root/dev_ws/install/lslidar_driver/include/lslidar_driver/input.hpp
-- Up-to-date: /root/dev_ws/install/lslidar_driver/include/lslidar_driver/lsiosr.hpp
-- Up-to-date: /root/dev_ws/install/lslidar_driver/include/lslidar_driver/pointcloud_transform.hpp
-- Up-to-date: /root/dev_ws/install/lslidar_driver/include/lslidar_driver/lslidar_services.hpp
-- Up-to-date: /root/dev_ws/install/lslidar_driver/include/lslidar_driver/lslidar_x10_driver.hpp
-- Up-to-date: /root/dev_ws/install/lslidar_driver/include/lslidar_driver/lslidar_pointcloud.hpp
-- Up-to-date: /root/dev_ws/install/lslidar_driver/include/lslidar_driver/ThreadPool.h
-- Up-to-date: /root/dev_ws/install/lslidar_driver/include/lslidar_driver/lslidar_device_info.hpp
-- Up-to-date: /root/dev_ws/install/lslidar_driver/include/lslidar_driver/lslidar_cx_driver.hpp
-- Up-to-date: /root/dev_ws/install/lslidar_driver/include/lslidar_driver/lslidar_driver.hpp
-- Up-to-date: /root/dev_ws/install/lslidar_driver/include/lslidar_driver/lslidar_log.hpp
-- Up-to-date: /root/dev_ws/install/lslidar_driver/include/lslidar_driver/data_acquisition_strategy.hpp
-- Up-to-date: /root/dev_ws/install/lslidar_driver/include/lslidar_driver/lslidar_ls_driver.hpp
[31mCMake Error at cmake_install.cmake:74 (file):
  file INSTALL cannot find
  "/root/dev_ws/src/lslidar_ros2/lslidar_driver/lslidar_driver/config": No
  such file or directory.

[0m
