[0.273s] Invoking command in '/root/dev_ws/build/utils': CMAKE_PREFIX_PATH=${CMAKE_PREFIX_PATH}:/root/dev_ws/install/line_follower_pkg:/root/dev_ws/install/laser_tf_publisher:/userdata/dev_ws/install/utils:/userdata/dev_ws/install/origincar_base:/userdata/dev_ws/install/serial:/userdata/dev_ws/install/origincar_msg:/userdata/dev_ws/install/origincar_description:/userdata/dev_ws/install/origincar_bringup:/userdata/dev_ws/install/line_follower_pkg:/userdata/dev_ws/install/ackermann_msgs:/opt/tros/humble:/opt/ros/humble /usr/bin/cmake --build /root/dev_ws/build/utils -- -j8 -l8
[0.580s] [100%] Built target image_transport_node
[0.654s] Invoked command in '/root/dev_ws/build/utils' returned '0': CMAKE_PREFIX_PATH=${CMAKE_PREFIX_PATH}:/root/dev_ws/install/line_follower_pkg:/root/dev_ws/install/laser_tf_publisher:/userdata/dev_ws/install/utils:/userdata/dev_ws/install/origincar_base:/userdata/dev_ws/install/serial:/userdata/dev_ws/install/origincar_msg:/userdata/dev_ws/install/origincar_description:/userdata/dev_ws/install/origincar_bringup:/userdata/dev_ws/install/line_follower_pkg:/userdata/dev_ws/install/ackermann_msgs:/opt/tros/humble:/opt/ros/humble /usr/bin/cmake --build /root/dev_ws/build/utils -- -j8 -l8
[0.663s] Invoking command in '/root/dev_ws/build/utils': CMAKE_PREFIX_PATH=${CMAKE_PREFIX_PATH}:/root/dev_ws/install/line_follower_pkg:/root/dev_ws/install/laser_tf_publisher:/userdata/dev_ws/install/utils:/userdata/dev_ws/install/origincar_base:/userdata/dev_ws/install/serial:/userdata/dev_ws/install/origincar_msg:/userdata/dev_ws/install/origincar_description:/userdata/dev_ws/install/origincar_bringup:/userdata/dev_ws/install/line_follower_pkg:/userdata/dev_ws/install/ackermann_msgs:/opt/tros/humble:/opt/ros/humble /usr/bin/cmake --install /root/dev_ws/build/utils
[0.733s] -- Install configuration: ""
[0.735s] -- Up-to-date: /root/dev_ws/install/utils/lib/utils/image_transport_node
[0.736s] -- Up-to-date: /root/dev_ws/install/utils/share/ament_index/resource_index/package_run_dependencies/utils
[0.737s] -- Up-to-date: /root/dev_ws/install/utils/share/ament_index/resource_index/parent_prefix_path/utils
[0.737s] -- Up-to-date: /root/dev_ws/install/utils/share/utils/environment/ament_prefix_path.sh
[0.738s] -- Up-to-date: /root/dev_ws/install/utils/share/utils/environment/ament_prefix_path.dsv
[0.739s] -- Up-to-date: /root/dev_ws/install/utils/share/utils/environment/path.sh
[0.740s] -- Up-to-date: /root/dev_ws/install/utils/share/utils/environment/path.dsv
[0.740s] -- Up-to-date: /root/dev_ws/install/utils/share/utils/local_setup.bash
[0.742s] -- Up-to-date: /root/dev_ws/install/utils/share/utils/local_setup.sh
[0.742s] -- Up-to-date: /root/dev_ws/install/utils/share/utils/local_setup.zsh
[0.743s] -- Up-to-date: /root/dev_ws/install/utils/share/utils/local_setup.dsv
[0.744s] -- Installing: /root/dev_ws/install/utils/share/utils/package.dsv
[0.747s] -- Up-to-date: /root/dev_ws/install/utils/share/ament_index/resource_index/packages/utils
[0.748s] -- Up-to-date: /root/dev_ws/install/utils/share/utils/cmake/utilsConfig.cmake
[0.772s] -- Up-to-date: /root/dev_ws/install/utils/share/utils/cmake/utilsConfig-version.cmake
[0.773s] -- Up-to-date: /root/dev_ws/install/utils/share/utils/package.xml
[0.774s] Invoked command in '/root/dev_ws/build/utils' returned '0': CMAKE_PREFIX_PATH=${CMAKE_PREFIX_PATH}:/root/dev_ws/install/line_follower_pkg:/root/dev_ws/install/laser_tf_publisher:/userdata/dev_ws/install/utils:/userdata/dev_ws/install/origincar_base:/userdata/dev_ws/install/serial:/userdata/dev_ws/install/origincar_msg:/userdata/dev_ws/install/origincar_description:/userdata/dev_ws/install/origincar_bringup:/userdata/dev_ws/install/line_follower_pkg:/userdata/dev_ws/install/ackermann_msgs:/opt/tros/humble:/opt/ros/humble /usr/bin/cmake --install /root/dev_ws/build/utils
