[0.240s] Invoking command in '/root/dev_ws/build/origincar_description': CMAKE_PREFIX_PATH=/userdata/dev_ws/install/utils:/userdata/dev_ws/install/origincar_base:/userdata/dev_ws/install/serial:/userdata/dev_ws/install/origincar_msg:/userdata/dev_ws/install/origincar_description:/userdata/dev_ws/install/origincar_bringup:/userdata/dev_ws/install/line_follower_pkg:/userdata/dev_ws/install/ackermann_msgs:/opt/tros/humble:/opt/ros/humble /usr/bin/cmake --build /root/dev_ws/build/origincar_description -- -j8 -l8
[4.526s] Invoked command in '/root/dev_ws/build/origincar_description' returned '0': CMAKE_PREFIX_PATH=/userdata/dev_ws/install/utils:/userdata/dev_ws/install/origincar_base:/userdata/dev_ws/install/serial:/userdata/dev_ws/install/origincar_msg:/userdata/dev_ws/install/origincar_description:/userdata/dev_ws/install/origincar_bringup:/userdata/dev_ws/install/line_follower_pkg:/userdata/dev_ws/install/ackermann_msgs:/opt/tros/humble:/opt/ros/humble /usr/bin/cmake --build /root/dev_ws/build/origincar_description -- -j8 -l8
[4.536s] Invoking command in '/root/dev_ws/build/origincar_description': CMAKE_PREFIX_PATH=/userdata/dev_ws/install/utils:/userdata/dev_ws/install/origincar_base:/userdata/dev_ws/install/serial:/userdata/dev_ws/install/origincar_msg:/userdata/dev_ws/install/origincar_description:/userdata/dev_ws/install/origincar_bringup:/userdata/dev_ws/install/line_follower_pkg:/userdata/dev_ws/install/ackermann_msgs:/opt/tros/humble:/opt/ros/humble /usr/bin/cmake --install /root/dev_ws/build/origincar_description
[4.676s] -- Install configuration: ""
[4.679s] -- Up-to-date: /root/dev_ws/install/origincar_description/share/origincar_description/launch
[4.682s] -- Up-to-date: /root/dev_ws/install/origincar_description/share/origincar_description/launch/display.launch
[4.683s] -- Up-to-date: /root/dev_ws/install/origincar_description/share/origincar_description/launch/display.launch.py
[4.685s] -- Up-to-date: /root/dev_ws/install/origincar_description/share/origincar_description/launch/gazebo.launch
[4.690s] -- Up-to-date: /root/dev_ws/install/origincar_description/share/origincar_description/urdf
[4.692s] -- Up-to-date: /root/dev_ws/install/origincar_description/share/origincar_description/urdf/origincar.xacro
[4.695s] -- Up-to-date: /root/dev_ws/install/origincar_description/share/origincar_description/urdf/origincar.urdf
[4.696s] -- Up-to-date: /root/dev_ws/install/origincar_description/share/origincar_description/rviz
[4.697s] -- Up-to-date: /root/dev_ws/install/origincar_description/share/origincar_description/rviz/README
[4.698s] -- Up-to-date: /root/dev_ws/install/origincar_description/share/origincar_description/rviz/display.rviz
[4.699s] -- Up-to-date: /root/dev_ws/install/origincar_description/share/origincar_description/meshes
[4.700s] -- Up-to-date: /root/dev_ws/install/origincar_description/share/origincar_description/meshes/up_right_Link.STL
[4.701s] -- Up-to-date: /root/dev_ws/install/origincar_description/share/origincar_description/meshes/up_left_Link.STL
[4.703s] -- Up-to-date: /root/dev_ws/install/origincar_description/share/origincar_description/meshes/base_link.STL
[4.704s] -- Up-to-date: /root/dev_ws/install/origincar_description/share/origincar_description/meshes/down_right_Link.STL
[4.706s] -- Up-to-date: /root/dev_ws/install/origincar_description/share/origincar_description/meshes/down_left_Link.STL
[4.707s] -- Up-to-date: /root/dev_ws/install/origincar_description/share/ament_index/resource_index/package_run_dependencies/origincar_description
[4.708s] -- Up-to-date: /root/dev_ws/install/origincar_description/share/ament_index/resource_index/parent_prefix_path/origincar_description
[4.709s] -- Up-to-date: /root/dev_ws/install/origincar_description/share/origincar_description/environment/ament_prefix_path.sh
[4.710s] -- Up-to-date: /root/dev_ws/install/origincar_description/share/origincar_description/environment/ament_prefix_path.dsv
[4.711s] -- Up-to-date: /root/dev_ws/install/origincar_description/share/origincar_description/environment/path.sh
[4.712s] -- Up-to-date: /root/dev_ws/install/origincar_description/share/origincar_description/environment/path.dsv
[4.713s] -- Up-to-date: /root/dev_ws/install/origincar_description/share/origincar_description/local_setup.bash
[4.714s] -- Up-to-date: /root/dev_ws/install/origincar_description/share/origincar_description/local_setup.sh
[4.715s] -- Up-to-date: /root/dev_ws/install/origincar_description/share/origincar_description/local_setup.zsh
[4.716s] -- Up-to-date: /root/dev_ws/install/origincar_description/share/origincar_description/local_setup.dsv
[4.717s] -- Installing: /root/dev_ws/install/origincar_description/share/origincar_description/package.dsv
[4.718s] -- Up-to-date: /root/dev_ws/install/origincar_description/share/ament_index/resource_index/packages/origincar_description
[4.719s] -- Up-to-date: /root/dev_ws/install/origincar_description/share/origincar_description/cmake/origincar_descriptionConfig.cmake
[4.724s] -- Up-to-date: /root/dev_ws/install/origincar_description/share/origincar_description/cmake/origincar_descriptionConfig-version.cmake
[4.725s] -- Up-to-date: /root/dev_ws/install/origincar_description/share/origincar_description/package.xml
[5.352s] Invoked command in '/root/dev_ws/build/origincar_description' returned '0': CMAKE_PREFIX_PATH=/userdata/dev_ws/install/utils:/userdata/dev_ws/install/origincar_base:/userdata/dev_ws/install/serial:/userdata/dev_ws/install/origincar_msg:/userdata/dev_ws/install/origincar_description:/userdata/dev_ws/install/origincar_bringup:/userdata/dev_ws/install/line_follower_pkg:/userdata/dev_ws/install/ackermann_msgs:/opt/tros/humble:/opt/ros/humble /usr/bin/cmake --install /root/dev_ws/build/origincar_description
