[0.232s] Invoking command in '/root/dev_ws/build/hobot_nav2': CMAKE_PREFIX_PATH=${CMAKE_PREFIX_PATH}:/root/dev_ws/install/line_follower_pkg:/root/dev_ws/install/laser_tf_publisher:/userdata/dev_ws/install/utils:/userdata/dev_ws/install/origincar_base:/userdata/dev_ws/install/serial:/userdata/dev_ws/install/origincar_msg:/userdata/dev_ws/install/origincar_description:/userdata/dev_ws/install/origincar_bringup:/userdata/dev_ws/install/line_follower_pkg:/userdata/dev_ws/install/ackermann_msgs:/opt/tros/humble:/opt/ros/humble /usr/bin/cmake --build /root/dev_ws/build/hobot_nav2 -- -j8 -l8
[4.575s] Invoked command in '/root/dev_ws/build/hobot_nav2' returned '0': CMAKE_PREFIX_PATH=${CMAKE_PREFIX_PATH}:/root/dev_ws/install/line_follower_pkg:/root/dev_ws/install/laser_tf_publisher:/userdata/dev_ws/install/utils:/userdata/dev_ws/install/origincar_base:/userdata/dev_ws/install/serial:/userdata/dev_ws/install/origincar_msg:/userdata/dev_ws/install/origincar_description:/userdata/dev_ws/install/origincar_bringup:/userdata/dev_ws/install/line_follower_pkg:/userdata/dev_ws/install/ackermann_msgs:/opt/tros/humble:/opt/ros/humble /usr/bin/cmake --build /root/dev_ws/build/hobot_nav2 -- -j8 -l8
[4.599s] Invoking command in '/root/dev_ws/build/hobot_nav2': CMAKE_PREFIX_PATH=${CMAKE_PREFIX_PATH}:/root/dev_ws/install/line_follower_pkg:/root/dev_ws/install/laser_tf_publisher:/userdata/dev_ws/install/utils:/userdata/dev_ws/install/origincar_base:/userdata/dev_ws/install/serial:/userdata/dev_ws/install/origincar_msg:/userdata/dev_ws/install/origincar_description:/userdata/dev_ws/install/origincar_bringup:/userdata/dev_ws/install/line_follower_pkg:/userdata/dev_ws/install/ackermann_msgs:/opt/tros/humble:/opt/ros/humble /usr/bin/cmake --install /root/dev_ws/build/hobot_nav2
[4.679s] -- Install configuration: ""
[4.683s] -- Execute custom install script
[4.686s] -- Symlinking: /root/dev_ws/install/hobot_nav2/share/hobot_nav2/launch/__pycache__/bringup_launch_noremap.cpython-310.pyc
[4.855s] -- Symlinking: /root/dev_ws/install/hobot_nav2/share/hobot_nav2/launch/__pycache__/hobot_nav2_bringup.launch.cpython-310.pyc
[5.264s] -- Up-to-date symlink: /root/dev_ws/install/hobot_nav2/share/hobot_nav2/launch/__pycache__/hobot_nav2_bringup_noremapping.launch.cpython-310.pyc
[5.264s] -- Up-to-date symlink: /root/dev_ws/install/hobot_nav2/share/hobot_nav2/launch/bringup_launch_noremap.py
[5.265s] -- Up-to-date symlink: /root/dev_ws/install/hobot_nav2/share/hobot_nav2/launch/hobot_nav2_bringup.launch.py
[5.265s] -- Up-to-date symlink: /root/dev_ws/install/hobot_nav2/share/hobot_nav2/launch/hobot_nav2_bringup_noremapping.launch.py
[5.266s] -- Up-to-date symlink: /root/dev_ws/install/hobot_nav2/share/hobot_nav2/param/hobot_nav2.yaml
[5.267s] -- Up-to-date symlink: /root/dev_ws/install/hobot_nav2/share/hobot_nav2/param/hobot_nav2.yaml.bak
[5.268s] -- Up-to-date symlink: /root/dev_ws/install/hobot_nav2/share/hobot_nav2/param/hobot_nav2.yaml.bak.20260601-200917
[5.268s] -- Up-to-date symlink: /root/dev_ws/install/hobot_nav2/share/hobot_nav2/param/hobot_nav2.yaml.bak.20260604-173811
[5.284s] -- Up-to-date symlink: /root/dev_ws/install/hobot_nav2/share/hobot_nav2/maps/final_1.pgm
[5.305s] -- Up-to-date symlink: /root/dev_ws/install/hobot_nav2/share/hobot_nav2/maps/final_1_1.pgm
[5.307s] -- Up-to-date symlink: /root/dev_ws/install/hobot_nav2/share/hobot_nav2/maps/final_2.pgm
[5.308s] -- Up-to-date symlink: /root/dev_ws/install/hobot_nav2/share/hobot_nav2/maps/final_3.pgm
[5.330s] -- Up-to-date symlink: /root/dev_ws/install/hobot_nav2/share/hobot_nav2/maps/final_4.pgm
[5.331s] -- Up-to-date symlink: /root/dev_ws/install/hobot_nav2/share/hobot_nav2/maps/final_4.yaml.bak.20260603-215531
[5.333s] -- Up-to-date symlink: /root/dev_ws/install/hobot_nav2/share/hobot_nav2/maps/final_6.pgm
[5.337s] -- Up-to-date symlink: /root/dev_ws/install/hobot_nav2/share/hobot_nav2/maps/final_6.yaml
[5.345s] -- Up-to-date symlink: /root/dev_ws/install/hobot_nav2/share/hobot_nav2/maps/final_6_clean.pgm
[5.353s] -- Up-to-date symlink: /root/dev_ws/install/hobot_nav2/share/hobot_nav2/maps/keepout_mask.pgm
[5.354s] -- Up-to-date symlink: /root/dev_ws/install/hobot_nav2/share/hobot_nav2/maps/my_map.pgm
[5.366s] -- Up-to-date symlink: /root/dev_ws/install/hobot_nav2/share/hobot_nav2/maps/my_map.yaml
[5.372s] -- Up-to-date symlink: /root/dev_ws/install/hobot_nav2/share/hobot_nav2/maps/row_1.pgm
[5.375s] -- Up-to-date symlink: /root/dev_ws/install/hobot_nav2/share/hobot_nav2/maps/row_2.pgm
[5.382s] -- Up-to-date symlink: /root/dev_ws/install/hobot_nav2/share/hobot_nav2/maps/row_3.pgm
[5.387s] -- Up-to-date symlink: /root/dev_ws/install/hobot_nav2/share/hobot_nav2/maps/row_6.pgm
[5.396s] -- Up-to-date symlink: /root/dev_ws/install/hobot_nav2/share/ament_index/resource_index/package_run_dependencies/hobot_nav2
[5.400s] -- Up-to-date symlink: /root/dev_ws/install/hobot_nav2/share/ament_index/resource_index/parent_prefix_path/hobot_nav2
[5.402s] -- Up-to-date symlink: /root/dev_ws/install/hobot_nav2/share/hobot_nav2/environment/ament_prefix_path.sh
[5.411s] -- Up-to-date symlink: /root/dev_ws/install/hobot_nav2/share/hobot_nav2/environment/ament_prefix_path.dsv
[5.432s] -- Up-to-date symlink: /root/dev_ws/install/hobot_nav2/share/hobot_nav2/environment/path.sh
[5.446s] -- Up-to-date symlink: /root/dev_ws/install/hobot_nav2/share/hobot_nav2/environment/path.dsv
[5.448s] -- Up-to-date symlink: /root/dev_ws/install/hobot_nav2/share/hobot_nav2/local_setup.bash
[5.450s] -- Up-to-date symlink: /root/dev_ws/install/hobot_nav2/share/hobot_nav2/local_setup.sh
[5.452s] -- Up-to-date symlink: /root/dev_ws/install/hobot_nav2/share/hobot_nav2/local_setup.zsh
[5.457s] -- Up-to-date symlink: /root/dev_ws/install/hobot_nav2/share/hobot_nav2/local_setup.dsv
[5.458s] -- Symlinking: /root/dev_ws/install/hobot_nav2/share/hobot_nav2/package.dsv
[5.513s] -- Up-to-date symlink: /root/dev_ws/install/hobot_nav2/share/ament_index/resource_index/packages/hobot_nav2
[5.516s] -- Up-to-date symlink: /root/dev_ws/install/hobot_nav2/share/hobot_nav2/cmake/hobot_nav2Config.cmake
[5.517s] -- Up-to-date symlink: /root/dev_ws/install/hobot_nav2/share/hobot_nav2/cmake/hobot_nav2Config-version.cmake
[5.518s] -- Up-to-date symlink: /root/dev_ws/install/hobot_nav2/share/hobot_nav2/package.xml
[5.764s] Invoked command in '/root/dev_ws/build/hobot_nav2' returned '0': CMAKE_PREFIX_PATH=${CMAKE_PREFIX_PATH}:/root/dev_ws/install/line_follower_pkg:/root/dev_ws/install/laser_tf_publisher:/userdata/dev_ws/install/utils:/userdata/dev_ws/install/origincar_base:/userdata/dev_ws/install/serial:/userdata/dev_ws/install/origincar_msg:/userdata/dev_ws/install/origincar_description:/userdata/dev_ws/install/origincar_bringup:/userdata/dev_ws/install/line_follower_pkg:/userdata/dev_ws/install/ackermann_msgs:/opt/tros/humble:/opt/ros/humble /usr/bin/cmake --install /root/dev_ws/build/hobot_nav2
