[0.254s] Invoking command in '/root/dev_ws/build/origincar_msg': CMAKE_PREFIX_PATH=${CMAKE_PREFIX_PATH}:/root/dev_ws/install/line_follower_pkg:/root/dev_ws/install/laser_tf_publisher:/userdata/dev_ws/install/utils:/userdata/dev_ws/install/origincar_base:/userdata/dev_ws/install/serial:/userdata/dev_ws/install/origincar_msg:/userdata/dev_ws/install/origincar_description:/userdata/dev_ws/install/origincar_bringup:/userdata/dev_ws/install/line_follower_pkg:/userdata/dev_ws/install/ackermann_msgs:/opt/tros/humble:/opt/ros/humble /usr/bin/cmake --build /root/dev_ws/build/origincar_msg -- -j8 -l8
[4.500s] [ 10%] Built target origincar_msg__rosidl_generator_c
[4.501s] [ 12%] Built target origincar_msg__cpp
[4.501s] [ 12%] Built target ament_cmake_python_copy_origincar_msg
[4.502s] [ 23%] Built target origincar_msg__rosidl_typesupport_introspection_c
[4.503s] [ 33%] Built target origincar_msg__rosidl_typesupport_fastrtps_c
[4.503s] [ 43%] Built target origincar_msg__rosidl_typesupport_cpp
[4.504s] [ 53%] Built target origincar_msg__rosidl_typesupport_c
[4.504s] [ 64%] Built target origincar_msg__rosidl_typesupport_fastrtps_cpp
[4.505s] [ 74%] Built target origincar_msg__rosidl_typesupport_introspection_cpp
[4.505s] [ 74%] Built target origincar_msg
[4.506s] [ 76%] Built target origincar_msg__py
[4.507s] [ 84%] Built target origincar_msg__rosidl_generator_py
[4.507s] [ 89%] Built target origincar_msg__rosidl_typesupport_fastrtps_c__pyext
[4.508s] [ 94%] Built target origincar_msg__rosidl_typesupport_introspection_c__pyext
[4.508s] [100%] Built target origincar_msg__rosidl_typesupport_c__pyext
[4.509s] running egg_info
[4.510s] writing origincar_msg.egg-info/PKG-INFO
[4.510s] writing dependency_links to origincar_msg.egg-info/dependency_links.txt
[4.511s] writing top-level names to origincar_msg.egg-info/top_level.txt
[4.511s] reading manifest file 'origincar_msg.egg-info/SOURCES.txt'
[4.512s] writing manifest file 'origincar_msg.egg-info/SOURCES.txt'
[4.513s] [100%] Built target ament_cmake_python_build_origincar_msg_egg
[4.548s] Invoked command in '/root/dev_ws/build/origincar_msg' returned '0': CMAKE_PREFIX_PATH=${CMAKE_PREFIX_PATH}:/root/dev_ws/install/line_follower_pkg:/root/dev_ws/install/laser_tf_publisher:/userdata/dev_ws/install/utils:/userdata/dev_ws/install/origincar_base:/userdata/dev_ws/install/serial:/userdata/dev_ws/install/origincar_msg:/userdata/dev_ws/install/origincar_description:/userdata/dev_ws/install/origincar_bringup:/userdata/dev_ws/install/line_follower_pkg:/userdata/dev_ws/install/ackermann_msgs:/opt/tros/humble:/opt/ros/humble /usr/bin/cmake --build /root/dev_ws/build/origincar_msg -- -j8 -l8
[4.556s] Invoking command in '/root/dev_ws/build/origincar_msg': CMAKE_PREFIX_PATH=${CMAKE_PREFIX_PATH}:/root/dev_ws/install/line_follower_pkg:/root/dev_ws/install/laser_tf_publisher:/userdata/dev_ws/install/utils:/userdata/dev_ws/install/origincar_base:/userdata/dev_ws/install/serial:/userdata/dev_ws/install/origincar_msg:/userdata/dev_ws/install/origincar_description:/userdata/dev_ws/install/origincar_bringup:/userdata/dev_ws/install/line_follower_pkg:/userdata/dev_ws/install/ackermann_msgs:/opt/tros/humble:/opt/ros/humble /usr/bin/cmake --install /root/dev_ws/build/origincar_msg
[4.833s] -- Install configuration: ""
[4.834s] -- Up-to-date: /root/dev_ws/install/origincar_msg/share/ament_index/resource_index/rosidl_interfaces/origincar_msg
[4.837s] -- Up-to-date: /root/dev_ws/install/origincar_msg/include/origincar_msg/origincar_msg
[4.840s] -- Up-to-date: /root/dev_ws/install/origincar_msg/include/origincar_msg/origincar_msg/msg
[4.842s] -- Up-to-date: /root/dev_ws/install/origincar_msg/include/origincar_msg/origincar_msg/msg/rosidl_generator_c__visibility_control.h
[4.844s] -- Up-to-date: /root/dev_ws/install/origincar_msg/include/origincar_msg/origincar_msg/msg/sign.h
[4.852s] -- Up-to-date: /root/dev_ws/install/origincar_msg/include/origincar_msg/origincar_msg/msg/detail
[4.857s] -- Up-to-date: /root/dev_ws/install/origincar_msg/include/origincar_msg/origincar_msg/msg/detail/data__type_support.h
[4.858s] -- Up-to-date: /root/dev_ws/install/origincar_msg/include/origincar_msg/origincar_msg/msg/detail/sign__functions.h
[4.860s] -- Up-to-date: /root/dev_ws/install/origincar_msg/include/origincar_msg/origincar_msg/msg/detail/sign__struct.h
[4.862s] -- Up-to-date: /root/dev_ws/install/origincar_msg/include/origincar_msg/origincar_msg/msg/detail/data__functions.c
[4.866s] -- Up-to-date: /root/dev_ws/install/origincar_msg/include/origincar_msg/origincar_msg/msg/detail/data__functions.h
[4.869s] -- Up-to-date: /root/dev_ws/install/origincar_msg/include/origincar_msg/origincar_msg/msg/detail/sign__type_support.h
[4.876s] -- Up-to-date: /root/dev_ws/install/origincar_msg/include/origincar_msg/origincar_msg/msg/detail/sign__functions.c
[4.882s] -- Up-to-date: /root/dev_ws/install/origincar_msg/include/origincar_msg/origincar_msg/msg/detail/data__struct.h
[4.883s] -- Up-to-date: /root/dev_ws/install/origincar_msg/include/origincar_msg/origincar_msg/msg/data.h
[4.886s] -- Up-to-date: /root/dev_ws/install/origincar_msg/share/origincar_msg/environment/library_path.sh
[4.893s] -- Up-to-date: /root/dev_ws/install/origincar_msg/share/origincar_msg/environment/library_path.dsv
[4.900s] -- Up-to-date: /root/dev_ws/install/origincar_msg/lib/liborigincar_msg__rosidl_generator_c.so
[4.902s] -- Up-to-date: /root/dev_ws/install/origincar_msg/include/origincar_msg/origincar_msg
[4.905s] -- Up-to-date: /root/dev_ws/install/origincar_msg/include/origincar_msg/origincar_msg/msg
[4.907s] -- Up-to-date: /root/dev_ws/install/origincar_msg/include/origincar_msg/origincar_msg/msg/rosidl_typesupport_fastrtps_c__visibility_control.h
[4.993s] -- Up-to-date: /root/dev_ws/install/origincar_msg/include/origincar_msg/origincar_msg/msg/detail
[4.999s] -- Up-to-date: /root/dev_ws/install/origincar_msg/include/origincar_msg/origincar_msg/msg/detail/sign__rosidl_typesupport_fastrtps_c.h
[5.000s] -- Up-to-date: /root/dev_ws/install/origincar_msg/include/origincar_msg/origincar_msg/msg/detail/data__rosidl_typesupport_fastrtps_c.h
[5.000s] -- Up-to-date: /root/dev_ws/install/origincar_msg/lib/liborigincar_msg__rosidl_typesupport_fastrtps_c.so
[5.001s] -- Up-to-date: /root/dev_ws/install/origincar_msg/include/origincar_msg/origincar_msg
[5.002s] -- Up-to-date: /root/dev_ws/install/origincar_msg/include/origincar_msg/origincar_msg/msg
[5.003s] -- Up-to-date: /root/dev_ws/install/origincar_msg/include/origincar_msg/origincar_msg/msg/rosidl_typesupport_introspection_c__visibility_control.h
[5.004s] -- Up-to-date: /root/dev_ws/install/origincar_msg/include/origincar_msg/origincar_msg/msg/detail
[5.005s] -- Up-to-date: /root/dev_ws/install/origincar_msg/include/origincar_msg/origincar_msg/msg/detail/sign__rosidl_typesupport_introspection_c.h
[5.006s] -- Up-to-date: /root/dev_ws/install/origincar_msg/include/origincar_msg/origincar_msg/msg/detail/data__rosidl_typesupport_introspection_c.h
[5.006s] -- Up-to-date: /root/dev_ws/install/origincar_msg/include/origincar_msg/origincar_msg/msg/detail/data__type_support.c
[5.007s] -- Up-to-date: /root/dev_ws/install/origincar_msg/include/origincar_msg/origincar_msg/msg/detail/sign__type_support.c
[5.008s] -- Up-to-date: /root/dev_ws/install/origincar_msg/lib/liborigincar_msg__rosidl_typesupport_introspection_c.so
[5.009s] -- Up-to-date: /root/dev_ws/install/origincar_msg/lib/liborigincar_msg__rosidl_typesupport_c.so
[5.011s] -- Up-to-date: /root/dev_ws/install/origincar_msg/include/origincar_msg/origincar_msg
[5.015s] -- Up-to-date: /root/dev_ws/install/origincar_msg/include/origincar_msg/origincar_msg/msg
[5.017s] -- Up-to-date: /root/dev_ws/install/origincar_msg/include/origincar_msg/origincar_msg/msg/data.hpp
[5.019s] -- Up-to-date: /root/dev_ws/install/origincar_msg/include/origincar_msg/origincar_msg/msg/detail
[5.022s] -- Up-to-date: /root/dev_ws/install/origincar_msg/include/origincar_msg/origincar_msg/msg/detail/sign__traits.hpp
[5.023s] -- Up-to-date: /root/dev_ws/install/origincar_msg/include/origincar_msg/origincar_msg/msg/detail/sign__builder.hpp
[5.026s] -- Up-to-date: /root/dev_ws/install/origincar_msg/include/origincar_msg/origincar_msg/msg/detail/data__builder.hpp
[5.028s] -- Up-to-date: /root/dev_ws/install/origincar_msg/include/origincar_msg/origincar_msg/msg/detail/data__struct.hpp
[5.029s] -- Up-to-date: /root/dev_ws/install/origincar_msg/include/origincar_msg/origincar_msg/msg/detail/sign__struct.hpp
[5.030s] -- Up-to-date: /root/dev_ws/install/origincar_msg/include/origincar_msg/origincar_msg/msg/detail/data__traits.hpp
[5.032s] -- Up-to-date: /root/dev_ws/install/origincar_msg/include/origincar_msg/origincar_msg/msg/sign.hpp
[5.037s] -- Up-to-date: /root/dev_ws/install/origincar_msg/include/origincar_msg/origincar_msg
[5.054s] -- Up-to-date: /root/dev_ws/install/origincar_msg/include/origincar_msg/origincar_msg/msg
[5.055s] -- Up-to-date: /root/dev_ws/install/origincar_msg/include/origincar_msg/origincar_msg/msg/detail
[5.056s] -- Up-to-date: /root/dev_ws/install/origincar_msg/include/origincar_msg/origincar_msg/msg/detail/dds_fastrtps
[5.058s] -- Up-to-date: /root/dev_ws/install/origincar_msg/include/origincar_msg/origincar_msg/msg/detail/sign__rosidl_typesupport_fastrtps_cpp.hpp
[5.059s] -- Up-to-date: /root/dev_ws/install/origincar_msg/include/origincar_msg/origincar_msg/msg/detail/data__rosidl_typesupport_fastrtps_cpp.hpp
[5.060s] -- Up-to-date: /root/dev_ws/install/origincar_msg/include/origincar_msg/origincar_msg/msg/rosidl_typesupport_fastrtps_cpp__visibility_control.h
[5.079s] -- Up-to-date: /root/dev_ws/install/origincar_msg/lib/liborigincar_msg__rosidl_typesupport_fastrtps_cpp.so
[5.088s] -- Up-to-date: /root/dev_ws/install/origincar_msg/include/origincar_msg/origincar_msg
[5.091s] -- Up-to-date: /root/dev_ws/install/origincar_msg/include/origincar_msg/origincar_msg/msg
[5.092s] -- Up-to-date: /root/dev_ws/install/origincar_msg/include/origincar_msg/origincar_msg/msg/detail
[5.095s] -- Up-to-date: /root/dev_ws/install/origincar_msg/include/origincar_msg/origincar_msg/msg/detail/data__rosidl_typesupport_introspection_cpp.hpp
[5.097s] -- Up-to-date: /root/dev_ws/install/origincar_msg/include/origincar_msg/origincar_msg/msg/detail/data__type_support.cpp
[5.098s] -- Up-to-date: /root/dev_ws/install/origincar_msg/include/origincar_msg/origincar_msg/msg/detail/sign__rosidl_typesupport_introspection_cpp.hpp
[5.100s] -- Up-to-date: /root/dev_ws/install/origincar_msg/include/origincar_msg/origincar_msg/msg/detail/sign__type_support.cpp
[5.101s] -- Up-to-date: /root/dev_ws/install/origincar_msg/lib/liborigincar_msg__rosidl_typesupport_introspection_cpp.so
[5.102s] -- Up-to-date: /root/dev_ws/install/origincar_msg/lib/liborigincar_msg__rosidl_typesupport_cpp.so
[5.104s] -- Up-to-date: /root/dev_ws/install/origincar_msg/share/origincar_msg/environment/pythonpath.sh
[5.106s] -- Up-to-date: /root/dev_ws/install/origincar_msg/share/origincar_msg/environment/pythonpath.dsv
[5.172s] -- Up-to-date: /root/dev_ws/install/origincar_msg/local/lib/python3.10/dist-packages/origincar_msg-0.0.0-py3.10.egg-info
[5.172s] -- Installing: /root/dev_ws/install/origincar_msg/local/lib/python3.10/dist-packages/origincar_msg-0.0.0-py3.10.egg-info/SOURCES.txt
[5.174s] -- Installing: /root/dev_ws/install/origincar_msg/local/lib/python3.10/dist-packages/origincar_msg-0.0.0-py3.10.egg-info/PKG-INFO
[5.174s] -- Installing: /root/dev_ws/install/origincar_msg/local/lib/python3.10/dist-packages/origincar_msg-0.0.0-py3.10.egg-info/dependency_links.txt
[5.175s] -- Installing: /root/dev_ws/install/origincar_msg/local/lib/python3.10/dist-packages/origincar_msg-0.0.0-py3.10.egg-info/top_level.txt
[5.176s] -- Up-to-date: /root/dev_ws/install/origincar_msg/local/lib/python3.10/dist-packages/origincar_msg
[5.210s] -- Up-to-date: /root/dev_ws/install/origincar_msg/local/lib/python3.10/dist-packages/origincar_msg/_origincar_msg_s.ep.rosidl_typesupport_c.c
[5.213s] -- Up-to-date: /root/dev_ws/install/origincar_msg/local/lib/python3.10/dist-packages/origincar_msg/msg
[5.214s] -- Up-to-date: /root/dev_ws/install/origincar_msg/local/lib/python3.10/dist-packages/origincar_msg/msg/_sign_s.c
[5.215s] -- Up-to-date: /root/dev_ws/install/origincar_msg/local/lib/python3.10/dist-packages/origincar_msg/msg/_sign.py
[5.217s] -- Up-to-date: /root/dev_ws/install/origincar_msg/local/lib/python3.10/dist-packages/origincar_msg/msg/_data.py
[5.218s] -- Up-to-date: /root/dev_ws/install/origincar_msg/local/lib/python3.10/dist-packages/origincar_msg/msg/__init__.py
[5.219s] -- Up-to-date: /root/dev_ws/install/origincar_msg/local/lib/python3.10/dist-packages/origincar_msg/msg/_data_s.c
[5.221s] -- Up-to-date: /root/dev_ws/install/origincar_msg/local/lib/python3.10/dist-packages/origincar_msg/origincar_msg_s__rosidl_typesupport_introspection_c.cpython-310-aarch64-linux-gnu.so
[5.222s] -- Up-to-date: /root/dev_ws/install/origincar_msg/local/lib/python3.10/dist-packages/origincar_msg/__init__.py
[5.223s] -- Up-to-date: /root/dev_ws/install/origincar_msg/local/lib/python3.10/dist-packages/origincar_msg/origincar_msg_s__rosidl_typesupport_c.cpython-310-aarch64-linux-gnu.so
[5.226s] -- Up-to-date: /root/dev_ws/install/origincar_msg/local/lib/python3.10/dist-packages/origincar_msg/origincar_msg_s__rosidl_typesupport_fastrtps_c.cpython-310-aarch64-linux-gnu.so
[5.231s] -- Up-to-date: /root/dev_ws/install/origincar_msg/local/lib/python3.10/dist-packages/origincar_msg/_origincar_msg_s.ep.rosidl_typesupport_fastrtps_c.c
[5.233s] -- Up-to-date: /root/dev_ws/install/origincar_msg/local/lib/python3.10/dist-packages/origincar_msg/liborigincar_msg__rosidl_generator_py.so
[5.234s] -- Up-to-date: /root/dev_ws/install/origincar_msg/local/lib/python3.10/dist-packages/origincar_msg/_origincar_msg_s.ep.rosidl_typesupport_introspection_c.c
[5.542s] Listing '/root/dev_ws/install/origincar_msg/local/lib/python3.10/dist-packages/origincar_msg'...
[5.543s] Listing '/root/dev_ws/install/origincar_msg/local/lib/python3.10/dist-packages/origincar_msg/msg'...
[5.576s] -- Up-to-date: /root/dev_ws/install/origincar_msg/local/lib/python3.10/dist-packages/origincar_msg/origincar_msg_s__rosidl_typesupport_fastrtps_c.cpython-310-aarch64-linux-gnu.so
[5.600s] -- Up-to-date: /root/dev_ws/install/origincar_msg/local/lib/python3.10/dist-packages/origincar_msg/origincar_msg_s__rosidl_typesupport_introspection_c.cpython-310-aarch64-linux-gnu.so
[5.601s] -- Up-to-date: /root/dev_ws/install/origincar_msg/local/lib/python3.10/dist-packages/origincar_msg/origincar_msg_s__rosidl_typesupport_c.cpython-310-aarch64-linux-gnu.so
[5.626s] -- Up-to-date: /root/dev_ws/install/origincar_msg/lib/liborigincar_msg__rosidl_generator_py.so
[5.628s] -- Up-to-date: /root/dev_ws/install/origincar_msg/share/origincar_msg/msg/Data.idl
[5.629s] -- Up-to-date: /root/dev_ws/install/origincar_msg/share/origincar_msg/msg/Sign.idl
[5.630s] -- Up-to-date: /root/dev_ws/install/origincar_msg/share/origincar_msg/msg/Data.msg
[5.631s] -- Up-to-date: /root/dev_ws/install/origincar_msg/share/origincar_msg/msg/Sign.msg
[5.632s] -- Up-to-date: /root/dev_ws/install/origincar_msg/share/ament_index/resource_index/package_run_dependencies/origincar_msg
[5.632s] -- Up-to-date: /root/dev_ws/install/origincar_msg/share/ament_index/resource_index/parent_prefix_path/origincar_msg
[5.633s] -- Up-to-date: /root/dev_ws/install/origincar_msg/share/origincar_msg/environment/ament_prefix_path.sh
[5.634s] -- Up-to-date: /root/dev_ws/install/origincar_msg/share/origincar_msg/environment/ament_prefix_path.dsv
[5.634s] -- Up-to-date: /root/dev_ws/install/origincar_msg/share/origincar_msg/environment/path.sh
[5.635s] -- Up-to-date: /root/dev_ws/install/origincar_msg/share/origincar_msg/environment/path.dsv
[5.641s] -- Up-to-date: /root/dev_ws/install/origincar_msg/share/origincar_msg/local_setup.bash
[5.642s] -- Up-to-date: /root/dev_ws/install/origincar_msg/share/origincar_msg/local_setup.sh
[5.644s] -- Up-to-date: /root/dev_ws/install/origincar_msg/share/origincar_msg/local_setup.zsh
[5.646s] -- Up-to-date: /root/dev_ws/install/origincar_msg/share/origincar_msg/local_setup.dsv
[5.647s] -- Installing: /root/dev_ws/install/origincar_msg/share/origincar_msg/package.dsv
[5.648s] -- Up-to-date: /root/dev_ws/install/origincar_msg/share/ament_index/resource_index/packages/origincar_msg
[5.650s] -- Up-to-date: /root/dev_ws/install/origincar_msg/share/origincar_msg/cmake/export_origincar_msg__rosidl_generator_cExport.cmake
[5.652s] -- Up-to-date: /root/dev_ws/install/origincar_msg/share/origincar_msg/cmake/export_origincar_msg__rosidl_generator_cExport-noconfig.cmake
[5.653s] -- Up-to-date: /root/dev_ws/install/origincar_msg/share/origincar_msg/cmake/export_origincar_msg__rosidl_typesupport_fastrtps_cExport.cmake
[5.656s] -- Up-to-date: /root/dev_ws/install/origincar_msg/share/origincar_msg/cmake/export_origincar_msg__rosidl_typesupport_fastrtps_cExport-noconfig.cmake
[5.658s] -- Up-to-date: /root/dev_ws/install/origincar_msg/share/origincar_msg/cmake/origincar_msg__rosidl_typesupport_introspection_cExport.cmake
[5.659s] -- Up-to-date: /root/dev_ws/install/origincar_msg/share/origincar_msg/cmake/origincar_msg__rosidl_typesupport_introspection_cExport-noconfig.cmake
[5.661s] -- Up-to-date: /root/dev_ws/install/origincar_msg/share/origincar_msg/cmake/origincar_msg__rosidl_typesupport_cExport.cmake
[5.663s] -- Up-to-date: /root/dev_ws/install/origincar_msg/share/origincar_msg/cmake/origincar_msg__rosidl_typesupport_cExport-noconfig.cmake
[5.663s] -- Up-to-date: /root/dev_ws/install/origincar_msg/share/origincar_msg/cmake/export_origincar_msg__rosidl_generator_cppExport.cmake
[5.665s] -- Up-to-date: /root/dev_ws/install/origincar_msg/share/origincar_msg/cmake/export_origincar_msg__rosidl_typesupport_fastrtps_cppExport.cmake
[5.667s] -- Up-to-date: /root/dev_ws/install/origincar_msg/share/origincar_msg/cmake/export_origincar_msg__rosidl_typesupport_fastrtps_cppExport-noconfig.cmake
[5.668s] -- Up-to-date: /root/dev_ws/install/origincar_msg/share/origincar_msg/cmake/origincar_msg__rosidl_typesupport_introspection_cppExport.cmake
[5.670s] -- Up-to-date: /root/dev_ws/install/origincar_msg/share/origincar_msg/cmake/origincar_msg__rosidl_typesupport_introspection_cppExport-noconfig.cmake
[5.676s] -- Up-to-date: /root/dev_ws/install/origincar_msg/share/origincar_msg/cmake/origincar_msg__rosidl_typesupport_cppExport.cmake
[5.679s] -- Up-to-date: /root/dev_ws/install/origincar_msg/share/origincar_msg/cmake/origincar_msg__rosidl_typesupport_cppExport-noconfig.cmake
[5.680s] -- Up-to-date: /root/dev_ws/install/origincar_msg/share/origincar_msg/cmake/export_origincar_msg__rosidl_generator_pyExport.cmake
[5.682s] -- Up-to-date: /root/dev_ws/install/origincar_msg/share/origincar_msg/cmake/export_origincar_msg__rosidl_generator_pyExport-noconfig.cmake
[5.685s] -- Up-to-date: /root/dev_ws/install/origincar_msg/share/origincar_msg/cmake/rosidl_cmake-extras.cmake
[5.686s] -- Up-to-date: /root/dev_ws/install/origincar_msg/share/origincar_msg/cmake/ament_cmake_export_dependencies-extras.cmake
[5.687s] -- Up-to-date: /root/dev_ws/install/origincar_msg/share/origincar_msg/cmake/ament_cmake_export_include_directories-extras.cmake
[5.691s] -- Up-to-date: /root/dev_ws/install/origincar_msg/share/origincar_msg/cmake/ament_cmake_export_libraries-extras.cmake
[5.694s] -- Up-to-date: /root/dev_ws/install/origincar_msg/share/origincar_msg/cmake/ament_cmake_export_targets-extras.cmake
[5.695s] -- Up-to-date: /root/dev_ws/install/origincar_msg/share/origincar_msg/cmake/rosidl_cmake_export_typesupport_targets-extras.cmake
[5.697s] -- Up-to-date: /root/dev_ws/install/origincar_msg/share/origincar_msg/cmake/rosidl_cmake_export_typesupport_libraries-extras.cmake
[5.699s] -- Up-to-date: /root/dev_ws/install/origincar_msg/share/origincar_msg/cmake/origincar_msgConfig.cmake
[5.700s] -- Up-to-date: /root/dev_ws/install/origincar_msg/share/origincar_msg/cmake/origincar_msgConfig-version.cmake
[5.701s] -- Up-to-date: /root/dev_ws/install/origincar_msg/share/origincar_msg/package.xml
[5.810s] Invoked command in '/root/dev_ws/build/origincar_msg' returned '0': CMAKE_PREFIX_PATH=${CMAKE_PREFIX_PATH}:/root/dev_ws/install/line_follower_pkg:/root/dev_ws/install/laser_tf_publisher:/userdata/dev_ws/install/utils:/userdata/dev_ws/install/origincar_base:/userdata/dev_ws/install/serial:/userdata/dev_ws/install/origincar_msg:/userdata/dev_ws/install/origincar_description:/userdata/dev_ws/install/origincar_bringup:/userdata/dev_ws/install/line_follower_pkg:/userdata/dev_ws/install/ackermann_msgs:/opt/tros/humble:/opt/ros/humble /usr/bin/cmake --install /root/dev_ws/build/origincar_msg
