[7.924s] Invoking command in '/root/dev_ws/src/laser_tf_publisher': PYTHONPATH=/root/dev_ws/build/laser_tf_publisher/prefix_override:/usr/lib/python3/dist-packages/colcon_core/task/python/colcon_distutils_commands:/root/dev_ws/install/laser_tf_publisher/lib/python3.10/site-packages:${PYTHONPATH} /usr/bin/python3 -W ignore:setup.py install is deprecated -W ignore:easy_install command is deprecated setup.py egg_info --egg-base ../../build/laser_tf_publisher build --build-base /root/dev_ws/build/laser_tf_publisher/build install --record /root/dev_ws/build/laser_tf_publisher/install.log --single-version-externally-managed install_data
[9.674s] running egg_info
[9.678s] writing ../../build/laser_tf_publisher/laser_tf_publisher.egg-info/PKG-INFO
[9.680s] writing dependency_links to ../../build/laser_tf_publisher/laser_tf_publisher.egg-info/dependency_links.txt
[9.680s] writing entry points to ../../build/laser_tf_publisher/laser_tf_publisher.egg-info/entry_points.txt
[9.681s] writing requirements to ../../build/laser_tf_publisher/laser_tf_publisher.egg-info/requires.txt
[9.682s] writing top-level names to ../../build/laser_tf_publisher/laser_tf_publisher.egg-info/top_level.txt
[9.693s] reading manifest file '../../build/laser_tf_publisher/laser_tf_publisher.egg-info/SOURCES.txt'
[9.699s] writing manifest file '../../build/laser_tf_publisher/laser_tf_publisher.egg-info/SOURCES.txt'
[9.700s] running build
[9.700s] running build_py
[9.703s] running install
[9.705s] running install_lib
[9.713s] running install_data
[9.713s] running install_egg_info
[9.724s] removing '/root/dev_ws/install/laser_tf_publisher/lib/python3.10/site-packages/laser_tf_publisher-0.0.0-py3.10.egg-info' (and everything under it)
[9.725s] Copying ../../build/laser_tf_publisher/laser_tf_publisher.egg-info to /root/dev_ws/install/laser_tf_publisher/lib/python3.10/site-packages/laser_tf_publisher-0.0.0-py3.10.egg-info
[9.731s] running install_scripts
[9.854s] Installing static_laser_tf_broadcaster script to /root/dev_ws/install/laser_tf_publisher/lib/laser_tf_publisher
[9.857s] writing list of installed files to '/root/dev_ws/build/laser_tf_publisher/install.log'
[10.065s] Invoked command in '/root/dev_ws/src/laser_tf_publisher' returned '0': PYTHONPATH=/root/dev_ws/build/laser_tf_publisher/prefix_override:/usr/lib/python3/dist-packages/colcon_core/task/python/colcon_distutils_commands:/root/dev_ws/install/laser_tf_publisher/lib/python3.10/site-packages:${PYTHONPATH} /usr/bin/python3 -W ignore:setup.py install is deprecated -W ignore:easy_install command is deprecated setup.py egg_info --egg-base ../../build/laser_tf_publisher build --build-base /root/dev_ws/build/laser_tf_publisher/build install --record /root/dev_ws/build/laser_tf_publisher/install.log --single-version-externally-managed install_data
