[0.695s] DEBUG:colcon:Command line arguments: ['/usr/bin/colcon', 'build', '--packages-select', 'origincar_base']
[0.695s] DEBUG:colcon:Parsed command line arguments: Namespace(log_base=None, log_level=None, verb_name='build', build_base='build', install_base='install', merge_install=False, symlink_install=False, test_result_base=None, continue_on_error=False, executor='parallel', parallel_workers=8, event_handlers=None, ignore_user_meta=False, metas=['./colcon.meta'], base_paths=['.'], packages_ignore=None, packages_ignore_regex=None, paths=None, packages_up_to=None, packages_up_to_regex=None, packages_above=None, packages_above_and_dependencies=None, packages_above_depth=None, packages_select_by_dep=None, packages_skip_by_dep=None, packages_skip_up_to=None, packages_select_build_failed=False, packages_skip_build_finished=False, packages_select_test_failures=False, packages_skip_test_passed=False, packages_select=['origincar_base'], packages_skip=None, packages_select_regex=None, packages_skip_regex=None, packages_start=None, packages_end=None, allow_overriding=[], cmake_args=None, cmake_target=None, cmake_target_skip_unavailable=False, cmake_clean_cache=False, cmake_clean_first=False, cmake_force_configure=False, ament_cmake_args=None, catkin_cmake_args=None, catkin_skip_building_tests=False, verb_parser=<colcon_defaults.argument_parser.defaults.DefaultArgumentsDecorator object at 0xffffbb809ae0>, verb_extension=<colcon_core.verb.build.BuildVerb object at 0xffffbb8095d0>, main=<bound method BuildVerb.main of <colcon_core.verb.build.BuildVerb object at 0xffffbb8095d0>>)
[1.898s] Level 1:colcon.colcon_core.package_discovery:discover_packages(colcon_meta) check parameters
[1.899s] Level 1:colcon.colcon_core.package_discovery:discover_packages(recursive) check parameters
[1.899s] Level 1:colcon.colcon_core.package_discovery:discover_packages(ignore) check parameters
[1.899s] Level 1:colcon.colcon_core.package_discovery:discover_packages(path) check parameters
[1.900s] Level 1:colcon.colcon_core.package_discovery:discover_packages(colcon_meta) discover
[1.900s] Level 1:colcon.colcon_core.package_discovery:discover_packages(recursive) discover
[1.900s] INFO:colcon.colcon_core.package_discovery:Crawling recursively for packages in '/root/dev_ws'
[1.901s] Level 1:colcon.colcon_core.package_identification:_identify(.) by extensions ['ignore', 'ignore_ament_install']
[1.901s] Level 1:colcon.colcon_core.package_identification:_identify(.) by extension 'ignore'
[1.901s] Level 1:colcon.colcon_core.package_identification:_identify(.) by extension 'ignore_ament_install'
[1.902s] Level 1:colcon.colcon_core.package_identification:_identify(.) by extensions ['colcon_pkg']
[1.902s] Level 1:colcon.colcon_core.package_identification:_identify(.) by extension 'colcon_pkg'
[1.902s] Level 1:colcon.colcon_core.package_identification:_identify(.) by extensions ['colcon_meta']
[1.902s] Level 1:colcon.colcon_core.package_identification:_identify(.) by extension 'colcon_meta'
[1.903s] Level 1:colcon.colcon_core.package_identification:_identify(.) by extensions ['ros']
[1.903s] Level 1:colcon.colcon_core.package_identification:_identify(.) by extension 'ros'
[1.971s] Level 1:colcon.colcon_core.package_identification:_identify(.) by extensions ['cmake', 'python']
[1.971s] Level 1:colcon.colcon_core.package_identification:_identify(.) by extension 'cmake'
[1.972s] Level 1:colcon.colcon_core.package_identification:_identify(.) by extension 'python'
[1.972s] Level 1:colcon.colcon_core.package_identification:_identify(.) by extensions ['python_setup_py']
[1.972s] Level 1:colcon.colcon_core.package_identification:_identify(.) by extension 'python_setup_py'
[1.973s] Level 1:colcon.colcon_core.package_identification:_identify(backup_dmoss_20260525-151843) by extensions ['ignore', 'ignore_ament_install']
[1.973s] Level 1:colcon.colcon_core.package_identification:_identify(backup_dmoss_20260525-151843) by extension 'ignore'
[1.973s] Level 1:colcon.colcon_core.package_identification:_identify(backup_dmoss_20260525-151843) by extension 'ignore_ament_install'
[1.974s] Level 1:colcon.colcon_core.package_identification:_identify(backup_dmoss_20260525-151843) by extensions ['colcon_pkg']
[1.974s] Level 1:colcon.colcon_core.package_identification:_identify(backup_dmoss_20260525-151843) by extension 'colcon_pkg'
[1.974s] Level 1:colcon.colcon_core.package_identification:_identify(backup_dmoss_20260525-151843) by extensions ['colcon_meta']
[1.974s] Level 1:colcon.colcon_core.package_identification:_identify(backup_dmoss_20260525-151843) by extension 'colcon_meta'
[1.975s] Level 1:colcon.colcon_core.package_identification:_identify(backup_dmoss_20260525-151843) by extensions ['ros']
[1.975s] Level 1:colcon.colcon_core.package_identification:_identify(backup_dmoss_20260525-151843) by extension 'ros'
[1.975s] Level 1:colcon.colcon_core.package_identification:_identify(backup_dmoss_20260525-151843) by extensions ['cmake', 'python']
[1.975s] Level 1:colcon.colcon_core.package_identification:_identify(backup_dmoss_20260525-151843) by extension 'cmake'
[1.976s] Level 1:colcon.colcon_core.package_identification:_identify(backup_dmoss_20260525-151843) by extension 'python'
[1.976s] Level 1:colcon.colcon_core.package_identification:_identify(backup_dmoss_20260525-151843) by extensions ['python_setup_py']
[1.976s] Level 1:colcon.colcon_core.package_identification:_identify(backup_dmoss_20260525-151843) by extension 'python_setup_py'
[1.977s] Level 1:colcon.colcon_core.package_identification:_identify(build) by extensions ['ignore', 'ignore_ament_install']
[1.977s] Level 1:colcon.colcon_core.package_identification:_identify(build) by extension 'ignore'
[1.977s] Level 1:colcon.colcon_core.package_identification:_identify(build) ignored
[1.978s] Level 1:colcon.colcon_core.package_identification:_identify(install) by extensions ['ignore', 'ignore_ament_install']
[1.978s] Level 1:colcon.colcon_core.package_identification:_identify(install) by extension 'ignore'
[1.979s] Level 1:colcon.colcon_core.package_identification:_identify(install) ignored
[1.979s] Level 1:colcon.colcon_core.package_identification:_identify(log) by extensions ['ignore', 'ignore_ament_install']
[1.980s] Level 1:colcon.colcon_core.package_identification:_identify(log) by extension 'ignore'
[1.980s] Level 1:colcon.colcon_core.package_identification:_identify(log) ignored
[1.980s] Level 1:colcon.colcon_core.package_identification:_identify(src) by extensions ['ignore', 'ignore_ament_install']
[1.981s] Level 1:colcon.colcon_core.package_identification:_identify(src) by extension 'ignore'
[1.981s] Level 1:colcon.colcon_core.package_identification:_identify(src) by extension 'ignore_ament_install'
[1.981s] Level 1:colcon.colcon_core.package_identification:_identify(src) by extensions ['colcon_pkg']
[1.981s] Level 1:colcon.colcon_core.package_identification:_identify(src) by extension 'colcon_pkg'
[1.982s] Level 1:colcon.colcon_core.package_identification:_identify(src) by extensions ['colcon_meta']
[1.982s] Level 1:colcon.colcon_core.package_identification:_identify(src) by extension 'colcon_meta'
[1.982s] Level 1:colcon.colcon_core.package_identification:_identify(src) by extensions ['ros']
[1.982s] Level 1:colcon.colcon_core.package_identification:_identify(src) by extension 'ros'
[1.983s] Level 1:colcon.colcon_core.package_identification:_identify(src) by extensions ['cmake', 'python']
[1.983s] Level 1:colcon.colcon_core.package_identification:_identify(src) by extension 'cmake'
[1.983s] Level 1:colcon.colcon_core.package_identification:_identify(src) by extension 'python'
[1.984s] Level 1:colcon.colcon_core.package_identification:_identify(src) by extensions ['python_setup_py']
[1.984s] Level 1:colcon.colcon_core.package_identification:_identify(src) by extension 'python_setup_py'
[1.984s] Level 1:colcon.colcon_core.package_identification:_identify(src/hobot_nav2-develop) by extensions ['ignore', 'ignore_ament_install']
[1.985s] Level 1:colcon.colcon_core.package_identification:_identify(src/hobot_nav2-develop) by extension 'ignore'
[1.985s] Level 1:colcon.colcon_core.package_identification:_identify(src/hobot_nav2-develop) by extension 'ignore_ament_install'
[1.985s] Level 1:colcon.colcon_core.package_identification:_identify(src/hobot_nav2-develop) by extensions ['colcon_pkg']
[1.985s] Level 1:colcon.colcon_core.package_identification:_identify(src/hobot_nav2-develop) by extension 'colcon_pkg'
[1.986s] Level 1:colcon.colcon_core.package_identification:_identify(src/hobot_nav2-develop) by extensions ['colcon_meta']
[1.986s] Level 1:colcon.colcon_core.package_identification:_identify(src/hobot_nav2-develop) by extension 'colcon_meta'
[1.986s] Level 1:colcon.colcon_core.package_identification:_identify(src/hobot_nav2-develop) by extensions ['ros']
[1.986s] Level 1:colcon.colcon_core.package_identification:_identify(src/hobot_nav2-develop) by extension 'ros'
[2.000s] DEBUG:colcon.colcon_core.package_identification:Package 'src/hobot_nav2-develop' with type 'ros.ament_cmake' and name 'hobot_nav2'
[2.001s] Level 1:colcon.colcon_core.package_identification:_identify(src/laser_tf_publisher) by extensions ['ignore', 'ignore_ament_install']
[2.001s] Level 1:colcon.colcon_core.package_identification:_identify(src/laser_tf_publisher) by extension 'ignore'
[2.002s] Level 1:colcon.colcon_core.package_identification:_identify(src/laser_tf_publisher) by extension 'ignore_ament_install'
[2.002s] Level 1:colcon.colcon_core.package_identification:_identify(src/laser_tf_publisher) by extensions ['colcon_pkg']
[2.002s] Level 1:colcon.colcon_core.package_identification:_identify(src/laser_tf_publisher) by extension 'colcon_pkg'
[2.002s] Level 1:colcon.colcon_core.package_identification:_identify(src/laser_tf_publisher) by extensions ['colcon_meta']
[2.003s] Level 1:colcon.colcon_core.package_identification:_identify(src/laser_tf_publisher) by extension 'colcon_meta'
[2.003s] Level 1:colcon.colcon_core.package_identification:_identify(src/laser_tf_publisher) by extensions ['ros']
[2.003s] Level 1:colcon.colcon_core.package_identification:_identify(src/laser_tf_publisher) by extension 'ros'
[2.008s] DEBUG:colcon.colcon_core.package_identification:Package 'src/laser_tf_publisher' with type 'ros.ament_python' and name 'laser_tf_publisher'
[2.008s] Level 1:colcon.colcon_core.package_identification:_identify(src/lslidar_ros2) by extensions ['ignore', 'ignore_ament_install']
[2.009s] Level 1:colcon.colcon_core.package_identification:_identify(src/lslidar_ros2) by extension 'ignore'
[2.009s] Level 1:colcon.colcon_core.package_identification:_identify(src/lslidar_ros2) by extension 'ignore_ament_install'
[2.010s] Level 1:colcon.colcon_core.package_identification:_identify(src/lslidar_ros2) by extensions ['colcon_pkg']
[2.010s] Level 1:colcon.colcon_core.package_identification:_identify(src/lslidar_ros2) by extension 'colcon_pkg'
[2.010s] Level 1:colcon.colcon_core.package_identification:_identify(src/lslidar_ros2) by extensions ['colcon_meta']
[2.010s] Level 1:colcon.colcon_core.package_identification:_identify(src/lslidar_ros2) by extension 'colcon_meta'
[2.010s] Level 1:colcon.colcon_core.package_identification:_identify(src/lslidar_ros2) by extensions ['ros']
[2.011s] Level 1:colcon.colcon_core.package_identification:_identify(src/lslidar_ros2) by extension 'ros'
[2.011s] Level 1:colcon.colcon_core.package_identification:_identify(src/lslidar_ros2) by extensions ['cmake', 'python']
[2.011s] Level 1:colcon.colcon_core.package_identification:_identify(src/lslidar_ros2) by extension 'cmake'
[2.012s] Level 1:colcon.colcon_core.package_identification:_identify(src/lslidar_ros2) by extension 'python'
[2.012s] Level 1:colcon.colcon_core.package_identification:_identify(src/lslidar_ros2) by extensions ['python_setup_py']
[2.012s] Level 1:colcon.colcon_core.package_identification:_identify(src/lslidar_ros2) by extension 'python_setup_py'
[2.013s] Level 1:colcon.colcon_core.package_identification:_identify(src/lslidar_ros2/lslidar_driver) by extensions ['ignore', 'ignore_ament_install']
[2.013s] Level 1:colcon.colcon_core.package_identification:_identify(src/lslidar_ros2/lslidar_driver) by extension 'ignore'
[2.013s] Level 1:colcon.colcon_core.package_identification:_identify(src/lslidar_ros2/lslidar_driver) by extension 'ignore_ament_install'
[2.014s] Level 1:colcon.colcon_core.package_identification:_identify(src/lslidar_ros2/lslidar_driver) by extensions ['colcon_pkg']
[2.014s] Level 1:colcon.colcon_core.package_identification:_identify(src/lslidar_ros2/lslidar_driver) by extension 'colcon_pkg'
[2.014s] Level 1:colcon.colcon_core.package_identification:_identify(src/lslidar_ros2/lslidar_driver) by extensions ['colcon_meta']
[2.014s] Level 1:colcon.colcon_core.package_identification:_identify(src/lslidar_ros2/lslidar_driver) by extension 'colcon_meta'
[2.015s] Level 1:colcon.colcon_core.package_identification:_identify(src/lslidar_ros2/lslidar_driver) by extensions ['ros']
[2.015s] Level 1:colcon.colcon_core.package_identification:_identify(src/lslidar_ros2/lslidar_driver) by extension 'ros'
[2.015s] Level 1:colcon.colcon_core.package_identification:_identify(src/lslidar_ros2/lslidar_driver) by extensions ['cmake', 'python']
[2.015s] Level 1:colcon.colcon_core.package_identification:_identify(src/lslidar_ros2/lslidar_driver) by extension 'cmake'
[2.016s] Level 1:colcon.colcon_core.package_identification:_identify(src/lslidar_ros2/lslidar_driver) by extension 'python'
[2.016s] Level 1:colcon.colcon_core.package_identification:_identify(src/lslidar_ros2/lslidar_driver) by extensions ['python_setup_py']
[2.016s] Level 1:colcon.colcon_core.package_identification:_identify(src/lslidar_ros2/lslidar_driver) by extension 'python_setup_py'
[2.017s] Level 1:colcon.colcon_core.package_identification:_identify(src/lslidar_ros2/lslidar_driver/lslidar_driver) by extensions ['ignore', 'ignore_ament_install']
[2.017s] Level 1:colcon.colcon_core.package_identification:_identify(src/lslidar_ros2/lslidar_driver/lslidar_driver) by extension 'ignore'
[2.017s] Level 1:colcon.colcon_core.package_identification:_identify(src/lslidar_ros2/lslidar_driver/lslidar_driver) by extension 'ignore_ament_install'
[2.018s] Level 1:colcon.colcon_core.package_identification:_identify(src/lslidar_ros2/lslidar_driver/lslidar_driver) by extensions ['colcon_pkg']
[2.018s] Level 1:colcon.colcon_core.package_identification:_identify(src/lslidar_ros2/lslidar_driver/lslidar_driver) by extension 'colcon_pkg'
[2.018s] Level 1:colcon.colcon_core.package_identification:_identify(src/lslidar_ros2/lslidar_driver/lslidar_driver) by extensions ['colcon_meta']
[2.018s] Level 1:colcon.colcon_core.package_identification:_identify(src/lslidar_ros2/lslidar_driver/lslidar_driver) by extension 'colcon_meta'
[2.019s] Level 1:colcon.colcon_core.package_identification:_identify(src/lslidar_ros2/lslidar_driver/lslidar_driver) by extensions ['ros']
[2.019s] Level 1:colcon.colcon_core.package_identification:_identify(src/lslidar_ros2/lslidar_driver/lslidar_driver) by extension 'ros'
[2.023s] DEBUG:colcon.colcon_core.package_identification:Package 'src/lslidar_ros2/lslidar_driver/lslidar_driver' with type 'ros.ament_cmake' and name 'lslidar_driver'
[2.024s] Level 1:colcon.colcon_core.package_identification:_identify(src/lslidar_ros2/lslidar_msgs) by extensions ['ignore', 'ignore_ament_install']
[2.024s] Level 1:colcon.colcon_core.package_identification:_identify(src/lslidar_ros2/lslidar_msgs) by extension 'ignore'
[2.024s] Level 1:colcon.colcon_core.package_identification:_identify(src/lslidar_ros2/lslidar_msgs) by extension 'ignore_ament_install'
[2.025s] Level 1:colcon.colcon_core.package_identification:_identify(src/lslidar_ros2/lslidar_msgs) by extensions ['colcon_pkg']
[2.025s] Level 1:colcon.colcon_core.package_identification:_identify(src/lslidar_ros2/lslidar_msgs) by extension 'colcon_pkg'
[2.025s] Level 1:colcon.colcon_core.package_identification:_identify(src/lslidar_ros2/lslidar_msgs) by extensions ['colcon_meta']
[2.025s] Level 1:colcon.colcon_core.package_identification:_identify(src/lslidar_ros2/lslidar_msgs) by extension 'colcon_meta'
[2.026s] Level 1:colcon.colcon_core.package_identification:_identify(src/lslidar_ros2/lslidar_msgs) by extensions ['ros']
[2.026s] Level 1:colcon.colcon_core.package_identification:_identify(src/lslidar_ros2/lslidar_msgs) by extension 'ros'
[2.026s] Level 1:colcon.colcon_core.package_identification:_identify(src/lslidar_ros2/lslidar_msgs) by extensions ['cmake', 'python']
[2.027s] Level 1:colcon.colcon_core.package_identification:_identify(src/lslidar_ros2/lslidar_msgs) by extension 'cmake'
[2.027s] Level 1:colcon.colcon_core.package_identification:_identify(src/lslidar_ros2/lslidar_msgs) by extension 'python'
[2.027s] Level 1:colcon.colcon_core.package_identification:_identify(src/lslidar_ros2/lslidar_msgs) by extensions ['python_setup_py']
[2.027s] Level 1:colcon.colcon_core.package_identification:_identify(src/lslidar_ros2/lslidar_msgs) by extension 'python_setup_py'
[2.028s] Level 1:colcon.colcon_core.package_identification:_identify(src/lslidar_ros2/lslidar_msgs/lslidar_msgs) by extensions ['ignore', 'ignore_ament_install']
[2.028s] Level 1:colcon.colcon_core.package_identification:_identify(src/lslidar_ros2/lslidar_msgs/lslidar_msgs) by extension 'ignore'
[2.029s] Level 1:colcon.colcon_core.package_identification:_identify(src/lslidar_ros2/lslidar_msgs/lslidar_msgs) by extension 'ignore_ament_install'
[2.029s] Level 1:colcon.colcon_core.package_identification:_identify(src/lslidar_ros2/lslidar_msgs/lslidar_msgs) by extensions ['colcon_pkg']
[2.029s] Level 1:colcon.colcon_core.package_identification:_identify(src/lslidar_ros2/lslidar_msgs/lslidar_msgs) by extension 'colcon_pkg'
[2.029s] Level 1:colcon.colcon_core.package_identification:_identify(src/lslidar_ros2/lslidar_msgs/lslidar_msgs) by extensions ['colcon_meta']
[2.030s] Level 1:colcon.colcon_core.package_identification:_identify(src/lslidar_ros2/lslidar_msgs/lslidar_msgs) by extension 'colcon_meta'
[2.030s] Level 1:colcon.colcon_core.package_identification:_identify(src/lslidar_ros2/lslidar_msgs/lslidar_msgs) by extensions ['ros']
[2.030s] Level 1:colcon.colcon_core.package_identification:_identify(src/lslidar_ros2/lslidar_msgs/lslidar_msgs) by extension 'ros'
[2.034s] DEBUG:colcon.colcon_core.package_identification:Package 'src/lslidar_ros2/lslidar_msgs/lslidar_msgs' with type 'ros.ament_cmake' and name 'lslidar_msgs'
[2.034s] Level 1:colcon.colcon_core.package_identification:_identify(src/origincar) by extensions ['ignore', 'ignore_ament_install']
[2.035s] Level 1:colcon.colcon_core.package_identification:_identify(src/origincar) by extension 'ignore'
[2.035s] Level 1:colcon.colcon_core.package_identification:_identify(src/origincar) by extension 'ignore_ament_install'
[2.035s] Level 1:colcon.colcon_core.package_identification:_identify(src/origincar) by extensions ['colcon_pkg']
[2.036s] Level 1:colcon.colcon_core.package_identification:_identify(src/origincar) by extension 'colcon_pkg'
[2.036s] Level 1:colcon.colcon_core.package_identification:_identify(src/origincar) by extensions ['colcon_meta']
[2.036s] Level 1:colcon.colcon_core.package_identification:_identify(src/origincar) by extension 'colcon_meta'
[2.036s] Level 1:colcon.colcon_core.package_identification:_identify(src/origincar) by extensions ['ros']
[2.036s] Level 1:colcon.colcon_core.package_identification:_identify(src/origincar) by extension 'ros'
[2.037s] Level 1:colcon.colcon_core.package_identification:_identify(src/origincar) by extensions ['cmake', 'python']
[2.037s] Level 1:colcon.colcon_core.package_identification:_identify(src/origincar) by extension 'cmake'
[2.037s] Level 1:colcon.colcon_core.package_identification:_identify(src/origincar) by extension 'python'
[2.038s] Level 1:colcon.colcon_core.package_identification:_identify(src/origincar) by extensions ['python_setup_py']
[2.038s] Level 1:colcon.colcon_core.package_identification:_identify(src/origincar) by extension 'python_setup_py'
[2.038s] Level 1:colcon.colcon_core.package_identification:_identify(src/origincar/3rdparty) by extensions ['ignore', 'ignore_ament_install']
[2.039s] Level 1:colcon.colcon_core.package_identification:_identify(src/origincar/3rdparty) by extension 'ignore'
[2.039s] Level 1:colcon.colcon_core.package_identification:_identify(src/origincar/3rdparty) by extension 'ignore_ament_install'
[2.039s] Level 1:colcon.colcon_core.package_identification:_identify(src/origincar/3rdparty) by extensions ['colcon_pkg']
[2.040s] Level 1:colcon.colcon_core.package_identification:_identify(src/origincar/3rdparty) by extension 'colcon_pkg'
[2.040s] Level 1:colcon.colcon_core.package_identification:_identify(src/origincar/3rdparty) by extensions ['colcon_meta']
[2.040s] Level 1:colcon.colcon_core.package_identification:_identify(src/origincar/3rdparty) by extension 'colcon_meta'
[2.040s] Level 1:colcon.colcon_core.package_identification:_identify(src/origincar/3rdparty) by extensions ['ros']
[2.041s] Level 1:colcon.colcon_core.package_identification:_identify(src/origincar/3rdparty) by extension 'ros'
[2.041s] Level 1:colcon.colcon_core.package_identification:_identify(src/origincar/3rdparty) by extensions ['cmake', 'python']
[2.041s] Level 1:colcon.colcon_core.package_identification:_identify(src/origincar/3rdparty) by extension 'cmake'
[2.041s] Level 1:colcon.colcon_core.package_identification:_identify(src/origincar/3rdparty) by extension 'python'
[2.042s] Level 1:colcon.colcon_core.package_identification:_identify(src/origincar/3rdparty) by extensions ['python_setup_py']
[2.042s] Level 1:colcon.colcon_core.package_identification:_identify(src/origincar/3rdparty) by extension 'python_setup_py'
[2.042s] Level 1:colcon.colcon_core.package_identification:_identify(src/origincar/3rdparty/ackermann_msgs-ros2) by extensions ['ignore', 'ignore_ament_install']
[2.043s] Level 1:colcon.colcon_core.package_identification:_identify(src/origincar/3rdparty/ackermann_msgs-ros2) by extension 'ignore'
[2.043s] Level 1:colcon.colcon_core.package_identification:_identify(src/origincar/3rdparty/ackermann_msgs-ros2) by extension 'ignore_ament_install'
[2.043s] Level 1:colcon.colcon_core.package_identification:_identify(src/origincar/3rdparty/ackermann_msgs-ros2) by extensions ['colcon_pkg']
[2.044s] Level 1:colcon.colcon_core.package_identification:_identify(src/origincar/3rdparty/ackermann_msgs-ros2) by extension 'colcon_pkg'
[2.044s] Level 1:colcon.colcon_core.package_identification:_identify(src/origincar/3rdparty/ackermann_msgs-ros2) by extensions ['colcon_meta']
[2.044s] Level 1:colcon.colcon_core.package_identification:_identify(src/origincar/3rdparty/ackermann_msgs-ros2) by extension 'colcon_meta'
[2.044s] Level 1:colcon.colcon_core.package_identification:_identify(src/origincar/3rdparty/ackermann_msgs-ros2) by extensions ['ros']
[2.045s] Level 1:colcon.colcon_core.package_identification:_identify(src/origincar/3rdparty/ackermann_msgs-ros2) by extension 'ros'
[2.048s] DEBUG:colcon.colcon_core.package_identification:Package 'src/origincar/3rdparty/ackermann_msgs-ros2' with type 'ros.ament_cmake' and name 'ackermann_msgs'
[2.048s] Level 1:colcon.colcon_core.package_identification:_identify(src/origincar/3rdparty/aurora930) by extensions ['ignore', 'ignore_ament_install']
[2.049s] Level 1:colcon.colcon_core.package_identification:_identify(src/origincar/3rdparty/aurora930) by extension 'ignore'
[2.049s] Level 1:colcon.colcon_core.package_identification:_identify(src/origincar/3rdparty/aurora930) by extension 'ignore_ament_install'
[2.049s] Level 1:colcon.colcon_core.package_identification:_identify(src/origincar/3rdparty/aurora930) by extensions ['colcon_pkg']
[2.050s] Level 1:colcon.colcon_core.package_identification:_identify(src/origincar/3rdparty/aurora930) by extension 'colcon_pkg'
[2.050s] Level 1:colcon.colcon_core.package_identification:_identify(src/origincar/3rdparty/aurora930) by extensions ['colcon_meta']
[2.050s] Level 1:colcon.colcon_core.package_identification:_identify(src/origincar/3rdparty/aurora930) by extension 'colcon_meta'
[2.050s] Level 1:colcon.colcon_core.package_identification:_identify(src/origincar/3rdparty/aurora930) by extensions ['ros']
[2.051s] Level 1:colcon.colcon_core.package_identification:_identify(src/origincar/3rdparty/aurora930) by extension 'ros'
[2.051s] Level 1:colcon.colcon_core.package_identification:_identify(src/origincar/3rdparty/aurora930) by extensions ['cmake', 'python']
[2.051s] Level 1:colcon.colcon_core.package_identification:_identify(src/origincar/3rdparty/aurora930) by extension 'cmake'
[2.052s] Level 1:colcon.colcon_core.package_identification:_identify(src/origincar/3rdparty/aurora930) by extension 'python'
[2.052s] Level 1:colcon.colcon_core.package_identification:_identify(src/origincar/3rdparty/aurora930) by extensions ['python_setup_py']
[2.052s] Level 1:colcon.colcon_core.package_identification:_identify(src/origincar/3rdparty/aurora930) by extension 'python_setup_py'
[2.053s] Level 1:colcon.colcon_core.package_identification:_identify(src/origincar/3rdparty/serial_ros2) by extensions ['ignore', 'ignore_ament_install']
[2.053s] Level 1:colcon.colcon_core.package_identification:_identify(src/origincar/3rdparty/serial_ros2) by extension 'ignore'
[2.053s] Level 1:colcon.colcon_core.package_identification:_identify(src/origincar/3rdparty/serial_ros2) by extension 'ignore_ament_install'
[2.054s] Level 1:colcon.colcon_core.package_identification:_identify(src/origincar/3rdparty/serial_ros2) by extensions ['colcon_pkg']
[2.054s] Level 1:colcon.colcon_core.package_identification:_identify(src/origincar/3rdparty/serial_ros2) by extension 'colcon_pkg'
[2.054s] Level 1:colcon.colcon_core.package_identification:_identify(src/origincar/3rdparty/serial_ros2) by extensions ['colcon_meta']
[2.054s] Level 1:colcon.colcon_core.package_identification:_identify(src/origincar/3rdparty/serial_ros2) by extension 'colcon_meta'
[2.055s] Level 1:colcon.colcon_core.package_identification:_identify(src/origincar/3rdparty/serial_ros2) by extensions ['ros']
[2.055s] Level 1:colcon.colcon_core.package_identification:_identify(src/origincar/3rdparty/serial_ros2) by extension 'ros'
[2.058s] DEBUG:colcon.colcon_core.package_identification:Package 'src/origincar/3rdparty/serial_ros2' with type 'ros.ament_cmake' and name 'serial'
[2.059s] Level 1:colcon.colcon_core.package_identification:_identify(src/origincar/line_follower_pkg) by extensions ['ignore', 'ignore_ament_install']
[2.059s] Level 1:colcon.colcon_core.package_identification:_identify(src/origincar/line_follower_pkg) by extension 'ignore'
[2.060s] Level 1:colcon.colcon_core.package_identification:_identify(src/origincar/line_follower_pkg) by extension 'ignore_ament_install'
[2.060s] Level 1:colcon.colcon_core.package_identification:_identify(src/origincar/line_follower_pkg) by extensions ['colcon_pkg']
[2.060s] Level 1:colcon.colcon_core.package_identification:_identify(src/origincar/line_follower_pkg) by extension 'colcon_pkg'
[2.060s] Level 1:colcon.colcon_core.package_identification:_identify(src/origincar/line_follower_pkg) by extensions ['colcon_meta']
[2.061s] Level 1:colcon.colcon_core.package_identification:_identify(src/origincar/line_follower_pkg) by extension 'colcon_meta'
[2.061s] Level 1:colcon.colcon_core.package_identification:_identify(src/origincar/line_follower_pkg) by extensions ['ros']
[2.061s] Level 1:colcon.colcon_core.package_identification:_identify(src/origincar/line_follower_pkg) by extension 'ros'
[2.066s] DEBUG:colcon.colcon_core.package_identification:Package 'src/origincar/line_follower_pkg' with type 'ros.ament_python' and name 'line_follower_pkg'
[2.066s] Level 1:colcon.colcon_core.package_identification:_identify(src/origincar/origincar_base) by extensions ['ignore', 'ignore_ament_install']
[2.067s] Level 1:colcon.colcon_core.package_identification:_identify(src/origincar/origincar_base) by extension 'ignore'
[2.067s] Level 1:colcon.colcon_core.package_identification:_identify(src/origincar/origincar_base) by extension 'ignore_ament_install'
[2.067s] Level 1:colcon.colcon_core.package_identification:_identify(src/origincar/origincar_base) by extensions ['colcon_pkg']
[2.068s] Level 1:colcon.colcon_core.package_identification:_identify(src/origincar/origincar_base) by extension 'colcon_pkg'
[2.068s] Level 1:colcon.colcon_core.package_identification:_identify(src/origincar/origincar_base) by extensions ['colcon_meta']
[2.068s] Level 1:colcon.colcon_core.package_identification:_identify(src/origincar/origincar_base) by extension 'colcon_meta'
[2.068s] Level 1:colcon.colcon_core.package_identification:_identify(src/origincar/origincar_base) by extensions ['ros']
[2.069s] Level 1:colcon.colcon_core.package_identification:_identify(src/origincar/origincar_base) by extension 'ros'
[2.082s] DEBUG:colcon.colcon_core.package_identification:Package 'src/origincar/origincar_base' with type 'ros.ament_cmake' and name 'origincar_base'
[2.083s] Level 1:colcon.colcon_core.package_identification:_identify(src/origincar/origincar_bringup) by extensions ['ignore', 'ignore_ament_install']
[2.083s] Level 1:colcon.colcon_core.package_identification:_identify(src/origincar/origincar_bringup) by extension 'ignore'
[2.084s] Level 1:colcon.colcon_core.package_identification:_identify(src/origincar/origincar_bringup) by extension 'ignore_ament_install'
[2.084s] Level 1:colcon.colcon_core.package_identification:_identify(src/origincar/origincar_bringup) by extensions ['colcon_pkg']
[2.084s] Level 1:colcon.colcon_core.package_identification:_identify(src/origincar/origincar_bringup) by extension 'colcon_pkg'
[2.084s] Level 1:colcon.colcon_core.package_identification:_identify(src/origincar/origincar_bringup) by extensions ['colcon_meta']
[2.085s] Level 1:colcon.colcon_core.package_identification:_identify(src/origincar/origincar_bringup) by extension 'colcon_meta'
[2.085s] Level 1:colcon.colcon_core.package_identification:_identify(src/origincar/origincar_bringup) by extensions ['ros']
[2.085s] Level 1:colcon.colcon_core.package_identification:_identify(src/origincar/origincar_bringup) by extension 'ros'
[2.090s] DEBUG:colcon.colcon_core.package_identification:Package 'src/origincar/origincar_bringup' with type 'ros.ament_cmake' and name 'origincar_bringup'
[2.091s] Level 1:colcon.colcon_core.package_identification:_identify(src/origincar/origincar_description) by extensions ['ignore', 'ignore_ament_install']
[2.091s] Level 1:colcon.colcon_core.package_identification:_identify(src/origincar/origincar_description) by extension 'ignore'
[2.091s] Level 1:colcon.colcon_core.package_identification:_identify(src/origincar/origincar_description) by extension 'ignore_ament_install'
[2.092s] Level 1:colcon.colcon_core.package_identification:_identify(src/origincar/origincar_description) by extensions ['colcon_pkg']
[2.092s] Level 1:colcon.colcon_core.package_identification:_identify(src/origincar/origincar_description) by extension 'colcon_pkg'
[2.092s] Level 1:colcon.colcon_core.package_identification:_identify(src/origincar/origincar_description) by extensions ['colcon_meta']
[2.092s] Level 1:colcon.colcon_core.package_identification:_identify(src/origincar/origincar_description) by extension 'colcon_meta'
[2.093s] Level 1:colcon.colcon_core.package_identification:_identify(src/origincar/origincar_description) by extensions ['ros']
[2.093s] Level 1:colcon.colcon_core.package_identification:_identify(src/origincar/origincar_description) by extension 'ros'
[2.096s] DEBUG:colcon.colcon_core.package_identification:Package 'src/origincar/origincar_description' with type 'ros.ament_cmake' and name 'origincar_description'
[2.097s] Level 1:colcon.colcon_core.package_identification:_identify(src/origincar/origincar_msg) by extensions ['ignore', 'ignore_ament_install']
[2.097s] Level 1:colcon.colcon_core.package_identification:_identify(src/origincar/origincar_msg) by extension 'ignore'
[2.097s] Level 1:colcon.colcon_core.package_identification:_identify(src/origincar/origincar_msg) by extension 'ignore_ament_install'
[2.098s] Level 1:colcon.colcon_core.package_identification:_identify(src/origincar/origincar_msg) by extensions ['colcon_pkg']
[2.098s] Level 1:colcon.colcon_core.package_identification:_identify(src/origincar/origincar_msg) by extension 'colcon_pkg'
[2.098s] Level 1:colcon.colcon_core.package_identification:_identify(src/origincar/origincar_msg) by extensions ['colcon_meta']
[2.098s] Level 1:colcon.colcon_core.package_identification:_identify(src/origincar/origincar_msg) by extension 'colcon_meta'
[2.099s] Level 1:colcon.colcon_core.package_identification:_identify(src/origincar/origincar_msg) by extensions ['ros']
[2.099s] Level 1:colcon.colcon_core.package_identification:_identify(src/origincar/origincar_msg) by extension 'ros'
[2.102s] DEBUG:colcon.colcon_core.package_identification:Package 'src/origincar/origincar_msg' with type 'ros.ament_cmake' and name 'origincar_msg'
[2.102s] Level 1:colcon.colcon_core.package_identification:_identify(src/origincar/utils) by extensions ['ignore', 'ignore_ament_install']
[2.103s] Level 1:colcon.colcon_core.package_identification:_identify(src/origincar/utils) by extension 'ignore'
[2.103s] Level 1:colcon.colcon_core.package_identification:_identify(src/origincar/utils) by extension 'ignore_ament_install'
[2.103s] Level 1:colcon.colcon_core.package_identification:_identify(src/origincar/utils) by extensions ['colcon_pkg']
[2.104s] Level 1:colcon.colcon_core.package_identification:_identify(src/origincar/utils) by extension 'colcon_pkg'
[2.104s] Level 1:colcon.colcon_core.package_identification:_identify(src/origincar/utils) by extensions ['colcon_meta']
[2.104s] Level 1:colcon.colcon_core.package_identification:_identify(src/origincar/utils) by extension 'colcon_meta'
[2.104s] Level 1:colcon.colcon_core.package_identification:_identify(src/origincar/utils) by extensions ['ros']
[2.105s] Level 1:colcon.colcon_core.package_identification:_identify(src/origincar/utils) by extension 'ros'
[2.109s] DEBUG:colcon.colcon_core.package_identification:Package 'src/origincar/utils' with type 'ros.ament_cmake' and name 'utils'
[2.109s] Level 1:colcon.colcon_core.package_discovery:discover_packages(recursive) using defaults
[2.109s] Level 1:colcon.colcon_core.package_discovery:discover_packages(ignore) discover
[2.110s] Level 1:colcon.colcon_core.package_discovery:discover_packages(ignore) using defaults
[2.110s] Level 1:colcon.colcon_core.package_discovery:discover_packages(path) discover
[2.110s] Level 1:colcon.colcon_core.package_discovery:discover_packages(path) using defaults
[2.325s] INFO:colcon.colcon_core.package_selection:Skipping not selected package 'ackermann_msgs' in 'src/origincar/3rdparty/ackermann_msgs-ros2'
[2.325s] INFO:colcon.colcon_core.package_selection:Skipping not selected package 'hobot_nav2' in 'src/hobot_nav2-develop'
[2.325s] INFO:colcon.colcon_core.package_selection:Skipping not selected package 'laser_tf_publisher' in 'src/laser_tf_publisher'
[2.325s] INFO:colcon.colcon_core.package_selection:Skipping not selected package 'line_follower_pkg' in 'src/origincar/line_follower_pkg'
[2.325s] INFO:colcon.colcon_core.package_selection:Skipping not selected package 'lslidar_msgs' in 'src/lslidar_ros2/lslidar_msgs/lslidar_msgs'
[2.326s] INFO:colcon.colcon_core.package_selection:Skipping not selected package 'origincar_bringup' in 'src/origincar/origincar_bringup'
[2.326s] INFO:colcon.colcon_core.package_selection:Skipping not selected package 'origincar_description' in 'src/origincar/origincar_description'
[2.326s] INFO:colcon.colcon_core.package_selection:Skipping not selected package 'origincar_msg' in 'src/origincar/origincar_msg'
[2.326s] INFO:colcon.colcon_core.package_selection:Skipping not selected package 'serial' in 'src/origincar/3rdparty/serial_ros2'
[2.326s] INFO:colcon.colcon_core.package_selection:Skipping not selected package 'utils' in 'src/origincar/utils'
[2.326s] INFO:colcon.colcon_core.package_selection:Skipping not selected package 'lslidar_driver' in 'src/lslidar_ros2/lslidar_driver/lslidar_driver'
[2.329s] Level 1:colcon.colcon_core.package_discovery:discover_packages(prefix_path) check parameters
[2.329s] Level 1:colcon.colcon_core.package_discovery:discover_packages(prefix_path) discover
[2.344s] DEBUG:colcon.colcon_installed_package_information.package_discovery:Found 12 installed packages in /root/dev_ws/install
[2.348s] DEBUG:colcon.colcon_installed_package_information.package_discovery:Found 8 installed packages in /userdata/dev_ws/install
[2.354s] DEBUG:colcon.colcon_installed_package_information.package_discovery:Found 49 installed packages in /opt/tros/humble
[2.363s] DEBUG:colcon.colcon_installed_package_information.package_discovery:Found 288 installed packages in /opt/ros/humble
[2.376s] Level 1:colcon.colcon_core.package_discovery:discover_packages(prefix_path) using defaults
[2.695s] Level 5:colcon.colcon_core.verb:set package 'origincar_base' build argument 'cmake_args' from command line to 'None'
[2.695s] Level 5:colcon.colcon_core.verb:set package 'origincar_base' build argument 'cmake_target' from command line to 'None'
[2.695s] Level 5:colcon.colcon_core.verb:set package 'origincar_base' build argument 'cmake_target_skip_unavailable' from command line to 'False'
[2.695s] Level 5:colcon.colcon_core.verb:set package 'origincar_base' build argument 'cmake_clean_cache' from command line to 'False'
[2.696s] Level 5:colcon.colcon_core.verb:set package 'origincar_base' build argument 'cmake_clean_first' from command line to 'False'
[2.696s] Level 5:colcon.colcon_core.verb:set package 'origincar_base' build argument 'cmake_force_configure' from command line to 'False'
[2.696s] Level 5:colcon.colcon_core.verb:set package 'origincar_base' build argument 'ament_cmake_args' from command line to 'None'
[2.696s] Level 5:colcon.colcon_core.verb:set package 'origincar_base' build argument 'catkin_cmake_args' from command line to 'None'
[2.696s] Level 5:colcon.colcon_core.verb:set package 'origincar_base' build argument 'catkin_skip_building_tests' from command line to 'False'
[2.697s] DEBUG:colcon.colcon_core.verb:Building package 'origincar_base' with the following arguments: {'ament_cmake_args': None, 'build_base': '/root/dev_ws/build/origincar_base', 'catkin_cmake_args': None, 'catkin_skip_building_tests': False, 'cmake_args': None, 'cmake_clean_cache': False, 'cmake_clean_first': False, 'cmake_force_configure': False, 'cmake_target': None, 'cmake_target_skip_unavailable': False, 'install_base': '/root/dev_ws/install/origincar_base', 'merge_install': False, 'path': '/root/dev_ws/src/origincar/origincar_base', 'symlink_install': False, 'test_result_base': None}
[2.697s] INFO:colcon.colcon_core.executor:Executing jobs using 'parallel' executor
[2.702s] DEBUG:colcon.colcon_parallel_executor.executor.parallel:run_until_complete
[2.703s] INFO:colcon.colcon_ros.task.ament_cmake.build:Building ROS package in '/root/dev_ws/src/origincar/origincar_base' with build type 'ament_cmake'
[2.704s] INFO:colcon.colcon_cmake.task.cmake.build:Building CMake package in '/root/dev_ws/src/origincar/origincar_base'
[2.717s] INFO:colcon.colcon_core.plugin_system:Skipping extension 'colcon_core.shell.bat': Not used on non-Windows systems
[2.718s] INFO:colcon.colcon_core.shell:Skip shell extension 'powershell' for command environment: Not usable outside of PowerShell
[2.719s] DEBUG:colcon.colcon_core.shell:Skip shell extension 'dsv' for command environment
[2.801s] DEBUG:colcon.colcon_core.event_handler.log_command:Invoking command in '/root/dev_ws/build/origincar_base': CMAKE_PREFIX_PATH=/root/dev_ws/install/serial:/root/dev_ws/install/origincar_msg:/root/dev_ws/install/origincar_description:/root/dev_ws/install/ackermann_msgs:/root/dev_ws/install/utils:/root/dev_ws/install/origincar_base:/root/dev_ws/install/origincar_bringup:/root/dev_ws/install/lslidar_driver:/root/dev_ws/install/lslidar_msgs:/root/dev_ws/install/hobot_nav2:/root/dev_ws/install/line_follower_pkg:/root/dev_ws/install/laser_tf_publisher:/userdata/dev_ws/install/utils:/userdata/dev_ws/install/origincar_base:/userdata/dev_ws/install/serial:/userdata/dev_ws/install/origincar_msg:/userdata/dev_ws/install/origincar_description:/userdata/dev_ws/install/origincar_bringup:/userdata/dev_ws/install/line_follower_pkg:/userdata/dev_ws/install/ackermann_msgs:/opt/tros/humble:/opt/ros/humble LD_LIBRARY_PATH=/root/dev_ws/install/origincar_msg/lib:/root/dev_ws/install/ackermann_msgs/lib:/root/dev_ws/install/origincar_base/lib:/root/dev_ws/install/serial/lib:/root/dev_ws/install/lslidar_driver/lib:/root/dev_ws/install/lslidar_msgs/lib:/userdata/dev_ws/install/origincar_base/lib:/userdata/dev_ws/install/serial/lib:/userdata/dev_ws/install/origincar_msg/lib:/userdata/dev_ws/install/ackermann_msgs/lib:/opt/tros/humble/lib/aarch64-linux-gnu:/opt/tros/humble/lib:/opt/ros/humble/opt/rviz_ogre_vendor/lib:/opt/ros/humble/lib/aarch64-linux-gnu:/opt/ros/humble/lib:/usr/hobot/lib:/app/lib:/app/pub/lib:/middleware/lib:/middleware/pub/lib:/usr/hobot/lib/sensor:/system/lib:/system/usr/lib:/lib /usr/bin/cmake --build /root/dev_ws/build/origincar_base -- -j8 -l8
[5.145s] DEBUG:colcon.colcon_core.event_handler.log_command:Invoked command in '/root/dev_ws/build/origincar_base' returned '0': CMAKE_PREFIX_PATH=/root/dev_ws/install/serial:/root/dev_ws/install/origincar_msg:/root/dev_ws/install/origincar_description:/root/dev_ws/install/ackermann_msgs:/root/dev_ws/install/utils:/root/dev_ws/install/origincar_base:/root/dev_ws/install/origincar_bringup:/root/dev_ws/install/lslidar_driver:/root/dev_ws/install/lslidar_msgs:/root/dev_ws/install/hobot_nav2:/root/dev_ws/install/line_follower_pkg:/root/dev_ws/install/laser_tf_publisher:/userdata/dev_ws/install/utils:/userdata/dev_ws/install/origincar_base:/userdata/dev_ws/install/serial:/userdata/dev_ws/install/origincar_msg:/userdata/dev_ws/install/origincar_description:/userdata/dev_ws/install/origincar_bringup:/userdata/dev_ws/install/line_follower_pkg:/userdata/dev_ws/install/ackermann_msgs:/opt/tros/humble:/opt/ros/humble LD_LIBRARY_PATH=/root/dev_ws/install/origincar_msg/lib:/root/dev_ws/install/ackermann_msgs/lib:/root/dev_ws/install/origincar_base/lib:/root/dev_ws/install/serial/lib:/root/dev_ws/install/lslidar_driver/lib:/root/dev_ws/install/lslidar_msgs/lib:/userdata/dev_ws/install/origincar_base/lib:/userdata/dev_ws/install/serial/lib:/userdata/dev_ws/install/origincar_msg/lib:/userdata/dev_ws/install/ackermann_msgs/lib:/opt/tros/humble/lib/aarch64-linux-gnu:/opt/tros/humble/lib:/opt/ros/humble/opt/rviz_ogre_vendor/lib:/opt/ros/humble/lib/aarch64-linux-gnu:/opt/ros/humble/lib:/usr/hobot/lib:/app/lib:/app/pub/lib:/middleware/lib:/middleware/pub/lib:/usr/hobot/lib/sensor:/system/lib:/system/usr/lib:/lib /usr/bin/cmake --build /root/dev_ws/build/origincar_base -- -j8 -l8
[5.207s] DEBUG:colcon.colcon_core.event_handler.log_command:Invoking command in '/root/dev_ws/build/origincar_base': CMAKE_PREFIX_PATH=/root/dev_ws/install/serial:/root/dev_ws/install/origincar_msg:/root/dev_ws/install/origincar_description:/root/dev_ws/install/ackermann_msgs:/root/dev_ws/install/utils:/root/dev_ws/install/origincar_base:/root/dev_ws/install/origincar_bringup:/root/dev_ws/install/lslidar_driver:/root/dev_ws/install/lslidar_msgs:/root/dev_ws/install/hobot_nav2:/root/dev_ws/install/line_follower_pkg:/root/dev_ws/install/laser_tf_publisher:/userdata/dev_ws/install/utils:/userdata/dev_ws/install/origincar_base:/userdata/dev_ws/install/serial:/userdata/dev_ws/install/origincar_msg:/userdata/dev_ws/install/origincar_description:/userdata/dev_ws/install/origincar_bringup:/userdata/dev_ws/install/line_follower_pkg:/userdata/dev_ws/install/ackermann_msgs:/opt/tros/humble:/opt/ros/humble LD_LIBRARY_PATH=/root/dev_ws/install/origincar_msg/lib:/root/dev_ws/install/ackermann_msgs/lib:/root/dev_ws/install/origincar_base/lib:/root/dev_ws/install/serial/lib:/root/dev_ws/install/lslidar_driver/lib:/root/dev_ws/install/lslidar_msgs/lib:/userdata/dev_ws/install/origincar_base/lib:/userdata/dev_ws/install/serial/lib:/userdata/dev_ws/install/origincar_msg/lib:/userdata/dev_ws/install/ackermann_msgs/lib:/opt/tros/humble/lib/aarch64-linux-gnu:/opt/tros/humble/lib:/opt/ros/humble/opt/rviz_ogre_vendor/lib:/opt/ros/humble/lib/aarch64-linux-gnu:/opt/ros/humble/lib:/usr/hobot/lib:/app/lib:/app/pub/lib:/middleware/lib:/middleware/pub/lib:/usr/hobot/lib/sensor:/system/lib:/system/usr/lib:/lib /usr/bin/cmake --install /root/dev_ws/build/origincar_base
[5.535s] Level 1:colcon.colcon_core.environment:create_environment_scripts_only(origincar_base)
[5.555s] DEBUG:colcon.colcon_core.event_handler.log_command:Invoked command in '/root/dev_ws/build/origincar_base' returned '0': CMAKE_PREFIX_PATH=/root/dev_ws/install/serial:/root/dev_ws/install/origincar_msg:/root/dev_ws/install/origincar_description:/root/dev_ws/install/ackermann_msgs:/root/dev_ws/install/utils:/root/dev_ws/install/origincar_base:/root/dev_ws/install/origincar_bringup:/root/dev_ws/install/lslidar_driver:/root/dev_ws/install/lslidar_msgs:/root/dev_ws/install/hobot_nav2:/root/dev_ws/install/line_follower_pkg:/root/dev_ws/install/laser_tf_publisher:/userdata/dev_ws/install/utils:/userdata/dev_ws/install/origincar_base:/userdata/dev_ws/install/serial:/userdata/dev_ws/install/origincar_msg:/userdata/dev_ws/install/origincar_description:/userdata/dev_ws/install/origincar_bringup:/userdata/dev_ws/install/line_follower_pkg:/userdata/dev_ws/install/ackermann_msgs:/opt/tros/humble:/opt/ros/humble LD_LIBRARY_PATH=/root/dev_ws/install/origincar_msg/lib:/root/dev_ws/install/ackermann_msgs/lib:/root/dev_ws/install/origincar_base/lib:/root/dev_ws/install/serial/lib:/root/dev_ws/install/lslidar_driver/lib:/root/dev_ws/install/lslidar_msgs/lib:/userdata/dev_ws/install/origincar_base/lib:/userdata/dev_ws/install/serial/lib:/userdata/dev_ws/install/origincar_msg/lib:/userdata/dev_ws/install/ackermann_msgs/lib:/opt/tros/humble/lib/aarch64-linux-gnu:/opt/tros/humble/lib:/opt/ros/humble/opt/rviz_ogre_vendor/lib:/opt/ros/humble/lib/aarch64-linux-gnu:/opt/ros/humble/lib:/usr/hobot/lib:/app/lib:/app/pub/lib:/middleware/lib:/middleware/pub/lib:/usr/hobot/lib/sensor:/system/lib:/system/usr/lib:/lib /usr/bin/cmake --install /root/dev_ws/build/origincar_base
[5.563s] Level 1:colcon.colcon_core.environment:checking '/root/dev_ws/install/origincar_base' for CMake module files
[5.569s] Level 1:colcon.colcon_core.environment:checking '/root/dev_ws/install/origincar_base' for CMake config files
[5.571s] Level 1:colcon.colcon_core.shell:create_environment_hook('origincar_base', 'cmake_prefix_path')
[5.573s] INFO:colcon.colcon_core.shell:Creating environment hook '/root/dev_ws/install/origincar_base/share/origincar_base/hook/cmake_prefix_path.ps1'
[5.577s] INFO:colcon.colcon_core.shell:Creating environment descriptor '/root/dev_ws/install/origincar_base/share/origincar_base/hook/cmake_prefix_path.dsv'
[5.580s] INFO:colcon.colcon_core.shell:Creating environment hook '/root/dev_ws/install/origincar_base/share/origincar_base/hook/cmake_prefix_path.sh'
[5.585s] Level 1:colcon.colcon_core.environment:checking '/root/dev_ws/install/origincar_base/lib'
[5.586s] Level 1:colcon.colcon_core.shell:create_environment_hook('origincar_base', 'ld_library_path_lib')
[5.588s] INFO:colcon.colcon_core.shell:Creating environment hook '/root/dev_ws/install/origincar_base/share/origincar_base/hook/ld_library_path_lib.ps1'
[5.591s] INFO:colcon.colcon_core.shell:Creating environment descriptor '/root/dev_ws/install/origincar_base/share/origincar_base/hook/ld_library_path_lib.dsv'
[5.593s] INFO:colcon.colcon_core.shell:Creating environment hook '/root/dev_ws/install/origincar_base/share/origincar_base/hook/ld_library_path_lib.sh'
[5.595s] Level 1:colcon.colcon_core.environment:checking '/root/dev_ws/install/origincar_base/bin'
[5.596s] Level 1:colcon.colcon_core.environment:checking '/root/dev_ws/install/origincar_base/lib/pkgconfig/origincar_base.pc'
[5.597s] Level 1:colcon.colcon_core.environment:checking '/root/dev_ws/install/origincar_base/lib/python3.10/site-packages'
[5.599s] Level 1:colcon.colcon_core.environment:checking '/root/dev_ws/install/origincar_base/bin'
[5.601s] INFO:colcon.colcon_core.shell:Creating package script '/root/dev_ws/install/origincar_base/share/origincar_base/package.ps1'
[5.607s] INFO:colcon.colcon_core.shell:Creating package descriptor '/root/dev_ws/install/origincar_base/share/origincar_base/package.dsv'
[5.611s] INFO:colcon.colcon_core.shell:Creating package script '/root/dev_ws/install/origincar_base/share/origincar_base/package.sh'
[5.615s] INFO:colcon.colcon_core.shell:Creating package script '/root/dev_ws/install/origincar_base/share/origincar_base/package.bash'
[5.621s] INFO:colcon.colcon_core.shell:Creating package script '/root/dev_ws/install/origincar_base/share/origincar_base/package.zsh'
[5.625s] Level 1:colcon.colcon_core.environment:create_file_with_runtime_dependencies(/root/dev_ws/install/origincar_base/share/colcon-core/packages/origincar_base)
[5.628s] Level 1:colcon.colcon_core.environment:create_environment_scripts_only(origincar_base)
[5.630s] Level 1:colcon.colcon_core.environment:checking '/root/dev_ws/install/origincar_base' for CMake module files
[5.634s] Level 1:colcon.colcon_core.environment:checking '/root/dev_ws/install/origincar_base' for CMake config files
[5.636s] Level 1:colcon.colcon_core.shell:create_environment_hook('origincar_base', 'cmake_prefix_path')
[5.637s] INFO:colcon.colcon_core.shell:Creating environment hook '/root/dev_ws/install/origincar_base/share/origincar_base/hook/cmake_prefix_path.ps1'
[5.639s] INFO:colcon.colcon_core.shell:Creating environment descriptor '/root/dev_ws/install/origincar_base/share/origincar_base/hook/cmake_prefix_path.dsv'
[5.642s] INFO:colcon.colcon_core.shell:Creating environment hook '/root/dev_ws/install/origincar_base/share/origincar_base/hook/cmake_prefix_path.sh'
[5.644s] Level 1:colcon.colcon_core.environment:checking '/root/dev_ws/install/origincar_base/lib'
[5.645s] Level 1:colcon.colcon_core.shell:create_environment_hook('origincar_base', 'ld_library_path_lib')
[5.646s] INFO:colcon.colcon_core.shell:Creating environment hook '/root/dev_ws/install/origincar_base/share/origincar_base/hook/ld_library_path_lib.ps1'
[5.648s] INFO:colcon.colcon_core.shell:Creating environment descriptor '/root/dev_ws/install/origincar_base/share/origincar_base/hook/ld_library_path_lib.dsv'
[5.650s] INFO:colcon.colcon_core.shell:Creating environment hook '/root/dev_ws/install/origincar_base/share/origincar_base/hook/ld_library_path_lib.sh'
[5.652s] Level 1:colcon.colcon_core.environment:checking '/root/dev_ws/install/origincar_base/bin'
[5.653s] Level 1:colcon.colcon_core.environment:checking '/root/dev_ws/install/origincar_base/lib/pkgconfig/origincar_base.pc'
[5.654s] Level 1:colcon.colcon_core.environment:checking '/root/dev_ws/install/origincar_base/lib/python3.10/site-packages'
[5.655s] Level 1:colcon.colcon_core.environment:checking '/root/dev_ws/install/origincar_base/bin'
[5.658s] INFO:colcon.colcon_core.shell:Creating package script '/root/dev_ws/install/origincar_base/share/origincar_base/package.ps1'
[5.661s] INFO:colcon.colcon_core.shell:Creating package descriptor '/root/dev_ws/install/origincar_base/share/origincar_base/package.dsv'
[5.665s] INFO:colcon.colcon_core.shell:Creating package script '/root/dev_ws/install/origincar_base/share/origincar_base/package.sh'
[5.667s] INFO:colcon.colcon_core.shell:Creating package script '/root/dev_ws/install/origincar_base/share/origincar_base/package.bash'
[5.670s] INFO:colcon.colcon_core.shell:Creating package script '/root/dev_ws/install/origincar_base/share/origincar_base/package.zsh'
[5.672s] Level 1:colcon.colcon_core.environment:create_file_with_runtime_dependencies(/root/dev_ws/install/origincar_base/share/colcon-core/packages/origincar_base)
[5.673s] DEBUG:colcon.colcon_parallel_executor.executor.parallel:closing loop
[5.675s] DEBUG:colcon.colcon_parallel_executor.executor.parallel:loop closed
[5.675s] DEBUG:colcon.colcon_parallel_executor.executor.parallel:run_until_complete finished with '0'
[5.675s] DEBUG:colcon.colcon_core.event_reactor:joining thread
[5.706s] INFO:colcon.colcon_core.plugin_system:Skipping extension 'colcon_notification.desktop_notification.notify_send': Could not find 'notify-send'
[5.706s] INFO:colcon.colcon_core.plugin_system:Skipping extension 'colcon_notification.desktop_notification.terminal_notifier': Not used on non-Darwin systems
[5.707s] INFO:colcon.colcon_core.plugin_system:Skipping extension 'colcon_notification.desktop_notification.win32': Not used on non-Windows systems
[5.707s] INFO:colcon.colcon_notification.desktop_notification:Sending desktop notification using 'notify2'
[30.735s] DEBUG:colcon.colcon_notification.desktop_notification.notify2:Failed to initialize notify2: org.freedesktop.DBus.Error.NoReply: Did not receive a reply. Possible causes include: the remote application did not send a reply, the message bus security policy blocked the reply, the reply timeout expired, or the network connection was broken.
[30.736s] DEBUG:colcon.colcon_core.event_reactor:joined thread
[30.742s] INFO:colcon.colcon_core.shell:Creating prefix script '/root/dev_ws/install/local_setup.ps1'
[30.754s] INFO:colcon.colcon_core.shell:Creating prefix util module '/root/dev_ws/install/_local_setup_util_ps1.py'
[30.763s] INFO:colcon.colcon_core.shell:Creating prefix chain script '/root/dev_ws/install/setup.ps1'
[30.773s] INFO:colcon.colcon_core.shell:Creating prefix script '/root/dev_ws/install/local_setup.sh'
[30.777s] INFO:colcon.colcon_core.shell:Creating prefix util module '/root/dev_ws/install/_local_setup_util_sh.py'
[30.780s] INFO:colcon.colcon_core.shell:Creating prefix chain script '/root/dev_ws/install/setup.sh'
[30.791s] INFO:colcon.colcon_core.shell:Creating prefix script '/root/dev_ws/install/local_setup.bash'
[30.794s] INFO:colcon.colcon_core.shell:Creating prefix chain script '/root/dev_ws/install/setup.bash'
[30.804s] INFO:colcon.colcon_core.shell:Creating prefix script '/root/dev_ws/install/local_setup.zsh'
[30.807s] INFO:colcon.colcon_core.shell:Creating prefix chain script '/root/dev_ws/install/setup.zsh'
