[0.275s] Invoking command in '/root/dev_ws/build/origincar_description': CMAKE_PREFIX_PATH=${CMAKE_PREFIX_PATH}:/root/dev_ws/install/line_follower_pkg:/root/dev_ws/install/laser_tf_publisher:/userdata/dev_ws/install/utils:/userdata/dev_ws/install/origincar_base:/userdata/dev_ws/install/serial:/userdata/dev_ws/install/origincar_msg:/userdata/dev_ws/install/origincar_description:/userdata/dev_ws/install/origincar_bringup:/userdata/dev_ws/install/line_follower_pkg:/userdata/dev_ws/install/ackermann_msgs:/opt/tros/humble:/opt/ros/humble /usr/bin/cmake --build /root/dev_ws/build/origincar_description -- -j8 -l8
[4.710s] Invoked command in '/root/dev_ws/build/origincar_description' returned '0': CMAKE_PREFIX_PATH=${CMAKE_PREFIX_PATH}:/root/dev_ws/install/line_follower_pkg:/root/dev_ws/install/laser_tf_publisher:/userdata/dev_ws/install/utils:/userdata/dev_ws/install/origincar_base:/userdata/dev_ws/install/serial:/userdata/dev_ws/install/origincar_msg:/userdata/dev_ws/install/origincar_description:/userdata/dev_ws/install/origincar_bringup:/userdata/dev_ws/install/line_follower_pkg:/userdata/dev_ws/install/ackermann_msgs:/opt/tros/humble:/opt/ros/humble /usr/bin/cmake --build /root/dev_ws/build/origincar_description -- -j8 -l8
[4.729s] Invoking command in '/root/dev_ws/build/origincar_description': CMAKE_PREFIX_PATH=${CMAKE_PREFIX_PATH}:/root/dev_ws/install/line_follower_pkg:/root/dev_ws/install/laser_tf_publisher:/userdata/dev_ws/install/utils:/userdata/dev_ws/install/origincar_base:/userdata/dev_ws/install/serial:/userdata/dev_ws/install/origincar_msg:/userdata/dev_ws/install/origincar_description:/userdata/dev_ws/install/origincar_bringup:/userdata/dev_ws/install/line_follower_pkg:/userdata/dev_ws/install/ackermann_msgs:/opt/tros/humble:/opt/ros/humble /usr/bin/cmake --install /root/dev_ws/build/origincar_description
[4.794s] -- Install configuration: ""
[4.797s] -- Up-to-date: /root/dev_ws/install/origincar_description/share/origincar_description/launch
[4.799s] -- Up-to-date: /root/dev_ws/install/origincar_description/share/origincar_description/launch/display.launch
[4.801s] -- Up-to-date: /root/dev_ws/install/origincar_description/share/origincar_description/launch/display.launch.py
[4.802s] -- Up-to-date: /root/dev_ws/install/origincar_description/share/origincar_description/launch/gazebo.launch
[4.805s] -- Up-to-date: /root/dev_ws/install/origincar_description/share/origincar_description/urdf
[4.808s] -- Up-to-date: /root/dev_ws/install/origincar_description/share/origincar_description/urdf/origincar.xacro
[4.812s] -- Up-to-date: /root/dev_ws/install/origincar_description/share/origincar_description/urdf/origincar.urdf
[4.823s] -- Up-to-date: /root/dev_ws/install/origincar_description/share/origincar_description/rviz
[4.831s] -- Up-to-date: /root/dev_ws/install/origincar_description/share/origincar_description/rviz/README
[4.834s] -- Up-to-date: /root/dev_ws/install/origincar_description/share/origincar_description/rviz/display.rviz
[4.836s] -- Up-to-date: /root/dev_ws/install/origincar_description/share/origincar_description/meshes
[4.840s] -- Up-to-date: /root/dev_ws/install/origincar_description/share/origincar_description/meshes/up_right_Link.STL
[4.844s] -- Up-to-date: /root/dev_ws/install/origincar_description/share/origincar_description/meshes/up_left_Link.STL
[4.846s] -- Up-to-date: /root/dev_ws/install/origincar_description/share/origincar_description/meshes/base_link.STL
[4.850s] -- Up-to-date: /root/dev_ws/install/origincar_description/share/origincar_description/meshes/down_right_Link.STL
[4.852s] -- Up-to-date: /root/dev_ws/install/origincar_description/share/origincar_description/meshes/down_left_Link.STL
[4.855s] -- Up-to-date: /root/dev_ws/install/origincar_description/share/ament_index/resource_index/package_run_dependencies/origincar_description
[4.857s] -- Up-to-date: /root/dev_ws/install/origincar_description/share/ament_index/resource_index/parent_prefix_path/origincar_description
[4.858s] -- Up-to-date: /root/dev_ws/install/origincar_description/share/origincar_description/environment/ament_prefix_path.sh
[4.859s] -- Up-to-date: /root/dev_ws/install/origincar_description/share/origincar_description/environment/ament_prefix_path.dsv
[4.860s] -- Up-to-date: /root/dev_ws/install/origincar_description/share/origincar_description/environment/path.sh
[4.862s] -- Up-to-date: /root/dev_ws/install/origincar_description/share/origincar_description/environment/path.dsv
[4.863s] -- Up-to-date: /root/dev_ws/install/origincar_description/share/origincar_description/local_setup.bash
[4.864s] -- Up-to-date: /root/dev_ws/install/origincar_description/share/origincar_description/local_setup.sh
[4.865s] -- Up-to-date: /root/dev_ws/install/origincar_description/share/origincar_description/local_setup.zsh
[4.866s] -- Up-to-date: /root/dev_ws/install/origincar_description/share/origincar_description/local_setup.dsv
[4.867s] -- Installing: /root/dev_ws/install/origincar_description/share/origincar_description/package.dsv
[4.869s] -- Up-to-date: /root/dev_ws/install/origincar_description/share/ament_index/resource_index/packages/origincar_description
[4.870s] -- Up-to-date: /root/dev_ws/install/origincar_description/share/origincar_description/cmake/origincar_descriptionConfig.cmake
[4.871s] -- Up-to-date: /root/dev_ws/install/origincar_description/share/origincar_description/cmake/origincar_descriptionConfig-version.cmake
[4.872s] -- Up-to-date: /root/dev_ws/install/origincar_description/share/origincar_description/package.xml
[5.553s] Invoked command in '/root/dev_ws/build/origincar_description' returned '0': CMAKE_PREFIX_PATH=${CMAKE_PREFIX_PATH}:/root/dev_ws/install/line_follower_pkg:/root/dev_ws/install/laser_tf_publisher:/userdata/dev_ws/install/utils:/userdata/dev_ws/install/origincar_base:/userdata/dev_ws/install/serial:/userdata/dev_ws/install/origincar_msg:/userdata/dev_ws/install/origincar_description:/userdata/dev_ws/install/origincar_bringup:/userdata/dev_ws/install/line_follower_pkg:/userdata/dev_ws/install/ackermann_msgs:/opt/tros/humble:/opt/ros/humble /usr/bin/cmake --install /root/dev_ws/build/origincar_description
