[0.215s] Invoking command in '/root/dev_ws/build/serial': CMAKE_PREFIX_PATH=/userdata/dev_ws/install/utils:/userdata/dev_ws/install/origincar_base:/userdata/dev_ws/install/serial:/userdata/dev_ws/install/origincar_msg:/userdata/dev_ws/install/origincar_description:/userdata/dev_ws/install/origincar_bringup:/userdata/dev_ws/install/line_follower_pkg:/userdata/dev_ws/install/ackermann_msgs:/opt/tros/humble:/opt/ros/humble /usr/bin/cmake --build /root/dev_ws/build/serial -- -j8 -l8
[4.474s] [100%] Built target serial
[4.488s] Invoked command in '/root/dev_ws/build/serial' returned '0': CMAKE_PREFIX_PATH=/userdata/dev_ws/install/utils:/userdata/dev_ws/install/origincar_base:/userdata/dev_ws/install/serial:/userdata/dev_ws/install/origincar_msg:/userdata/dev_ws/install/origincar_description:/userdata/dev_ws/install/origincar_bringup:/userdata/dev_ws/install/line_follower_pkg:/userdata/dev_ws/install/ackermann_msgs:/opt/tros/humble:/opt/ros/humble /usr/bin/cmake --build /root/dev_ws/build/serial -- -j8 -l8
[4.494s] Invoking command in '/root/dev_ws/build/serial': CMAKE_PREFIX_PATH=/userdata/dev_ws/install/utils:/userdata/dev_ws/install/origincar_base:/userdata/dev_ws/install/serial:/userdata/dev_ws/install/origincar_msg:/userdata/dev_ws/install/origincar_description:/userdata/dev_ws/install/origincar_bringup:/userdata/dev_ws/install/line_follower_pkg:/userdata/dev_ws/install/ackermann_msgs:/opt/tros/humble:/opt/ros/humble /usr/bin/cmake --install /root/dev_ws/build/serial
[4.546s] -- Install configuration: ""
[4.549s] -- Up-to-date: /root/dev_ws/install/serial/lib/libserial.a
[4.551s] -- Up-to-date: /root/dev_ws/install/serial/share/serial/environment/library_path.sh
[4.553s] -- Up-to-date: /root/dev_ws/install/serial/share/serial/environment/library_path.dsv
[4.556s] -- Up-to-date: /root/dev_ws/install/serial/include/serial
[4.559s] -- Up-to-date: /root/dev_ws/install/serial/include/serial/impl
[4.563s] -- Up-to-date: /root/dev_ws/install/serial/include/serial/impl/unix.h
[4.569s] -- Up-to-date: /root/dev_ws/install/serial/include/serial/impl/win.h
[4.573s] -- Up-to-date: /root/dev_ws/install/serial/include/serial/serial.h
[4.576s] -- Up-to-date: /root/dev_ws/install/serial/include/serial/v8stdint.h
[4.577s] -- Up-to-date: /root/dev_ws/install/serial/share/ament_index/resource_index/package_run_dependencies/serial
[4.578s] -- Up-to-date: /root/dev_ws/install/serial/share/ament_index/resource_index/parent_prefix_path/serial
[4.580s] -- Up-to-date: /root/dev_ws/install/serial/share/serial/environment/ament_prefix_path.sh
[4.581s] -- Up-to-date: /root/dev_ws/install/serial/share/serial/environment/ament_prefix_path.dsv
[4.585s] -- Up-to-date: /root/dev_ws/install/serial/share/serial/environment/path.sh
[4.589s] -- Up-to-date: /root/dev_ws/install/serial/share/serial/environment/path.dsv
[4.595s] -- Up-to-date: /root/dev_ws/install/serial/share/serial/local_setup.bash
[4.596s] -- Up-to-date: /root/dev_ws/install/serial/share/serial/local_setup.sh
[4.599s] -- Up-to-date: /root/dev_ws/install/serial/share/serial/local_setup.zsh
[4.602s] -- Up-to-date: /root/dev_ws/install/serial/share/serial/local_setup.dsv
[4.606s] -- Installing: /root/dev_ws/install/serial/share/serial/package.dsv
[4.611s] -- Up-to-date: /root/dev_ws/install/serial/share/ament_index/resource_index/packages/serial
[4.614s] -- Up-to-date: /root/dev_ws/install/serial/share/serial/cmake/ament_cmake_export_include_directories-extras.cmake
[4.615s] -- Up-to-date: /root/dev_ws/install/serial/share/serial/cmake/ament_cmake_export_libraries-extras.cmake
[4.617s] -- Up-to-date: /root/dev_ws/install/serial/share/serial/cmake/ament_cmake_export_dependencies-extras.cmake
[4.618s] -- Up-to-date: /root/dev_ws/install/serial/share/serial/cmake/serialConfig.cmake
[4.621s] -- Up-to-date: /root/dev_ws/install/serial/share/serial/cmake/serialConfig-version.cmake
[4.622s] -- Up-to-date: /root/dev_ws/install/serial/share/serial/package.xml
[5.444s] Invoked command in '/root/dev_ws/build/serial' returned '0': CMAKE_PREFIX_PATH=/userdata/dev_ws/install/utils:/userdata/dev_ws/install/origincar_base:/userdata/dev_ws/install/serial:/userdata/dev_ws/install/origincar_msg:/userdata/dev_ws/install/origincar_description:/userdata/dev_ws/install/origincar_bringup:/userdata/dev_ws/install/line_follower_pkg:/userdata/dev_ws/install/ackermann_msgs:/opt/tros/humble:/opt/ros/humble /usr/bin/cmake --install /root/dev_ws/build/serial
