[7.307s] Invoking command in '/root/dev_ws/src/origincar/line_follower_pkg': PYTHONPATH=/root/dev_ws/build/line_follower_pkg/prefix_override:/usr/lib/python3/dist-packages/colcon_core/task/python/colcon_distutils_commands:/root/dev_ws/install/line_follower_pkg/lib/python3.10/site-packages:${PYTHONPATH} /usr/bin/python3 -W ignore:setup.py install is deprecated -W ignore:easy_install command is deprecated setup.py egg_info --egg-base ../../../build/line_follower_pkg build --build-base /root/dev_ws/build/line_follower_pkg/build install --record /root/dev_ws/build/line_follower_pkg/install.log --single-version-externally-managed install_data
[9.116s] running egg_info
[9.121s] writing ../../../build/line_follower_pkg/line_follower_pkg.egg-info/PKG-INFO
[9.122s] writing dependency_links to ../../../build/line_follower_pkg/line_follower_pkg.egg-info/dependency_links.txt
[9.123s] writing entry points to ../../../build/line_follower_pkg/line_follower_pkg.egg-info/entry_points.txt
[9.124s] writing requirements to ../../../build/line_follower_pkg/line_follower_pkg.egg-info/requires.txt
[9.125s] writing top-level names to ../../../build/line_follower_pkg/line_follower_pkg.egg-info/top_level.txt
[9.135s] reading manifest file '../../../build/line_follower_pkg/line_follower_pkg.egg-info/SOURCES.txt'
[9.140s] writing manifest file '../../../build/line_follower_pkg/line_follower_pkg.egg-info/SOURCES.txt'
[9.141s] running build
[9.142s] running build_py
[9.143s] running install
[9.144s] running install_lib
[9.153s] running install_data
[9.154s] running install_egg_info
[9.165s] removing '/root/dev_ws/install/line_follower_pkg/lib/python3.10/site-packages/line_follower_pkg-0.0.1-py3.10.egg-info' (and everything under it)
[9.166s] Copying ../../../build/line_follower_pkg/line_follower_pkg.egg-info to /root/dev_ws/install/line_follower_pkg/lib/python3.10/site-packages/line_follower_pkg-0.0.1-py3.10.egg-info
[9.172s] running install_scripts
[9.310s] Installing line_follower script to /root/dev_ws/install/line_follower_pkg/lib/line_follower_pkg
[9.312s] writing list of installed files to '/root/dev_ws/build/line_follower_pkg/install.log'
[9.524s] Invoked command in '/root/dev_ws/src/origincar/line_follower_pkg' returned '0': PYTHONPATH=/root/dev_ws/build/line_follower_pkg/prefix_override:/usr/lib/python3/dist-packages/colcon_core/task/python/colcon_distutils_commands:/root/dev_ws/install/line_follower_pkg/lib/python3.10/site-packages:${PYTHONPATH} /usr/bin/python3 -W ignore:setup.py install is deprecated -W ignore:easy_install command is deprecated setup.py egg_info --egg-base ../../../build/line_follower_pkg build --build-base /root/dev_ws/build/line_follower_pkg/build install --record /root/dev_ws/build/line_follower_pkg/install.log --single-version-externally-managed install_data
