-- Install configuration: ""
-- Up-to-date: /root/dev_ws/install/hobot_nav2/share/hobot_nav2/launch
-- Installing: /root/dev_ws/install/hobot_nav2/share/hobot_nav2/launch/hobot_nav2_bringup.launch.py
-- Installing: /root/dev_ws/install/hobot_nav2/share/hobot_nav2/launch/bringup_launch_noremap.py
-- Installing: /root/dev_ws/install/hobot_nav2/share/hobot_nav2/launch/hobot_nav2_bringup_noremapping.launch.py
-- Up-to-date: /root/dev_ws/install/hobot_nav2/share/hobot_nav2/launch/__pycache__
-- Installing: /root/dev_ws/install/hobot_nav2/share/hobot_nav2/launch/__pycache__/bringup_launch_noremap.cpython-310.pyc
-- Up-to-date: /root/dev_ws/install/hobot_nav2/share/hobot_nav2/launch/__pycache__/hobot_nav2_bringup.launch.cpython-310.pyc
-- Up-to-date: /root/dev_ws/install/hobot_nav2/share/hobot_nav2/param
-- Installing: /root/dev_ws/install/hobot_nav2/share/hobot_nav2/param/hobot_nav2.yaml
-- Up-to-date: /root/dev_ws/install/hobot_nav2/share/hobot_nav2/maps
-- Installing: /root/dev_ws/install/hobot_nav2/share/hobot_nav2/maps/row_1.pgm
-- Installing: /root/dev_ws/install/hobot_nav2/share/hobot_nav2/maps/final_2.yaml
-- Installing: /root/dev_ws/install/hobot_nav2/share/hobot_nav2/maps/final_1_1.yaml
-- Up-to-date: /root/dev_ws/install/hobot_nav2/share/hobot_nav2/maps/row_1.yaml
-- Installing: /root/dev_ws/install/hobot_nav2/share/hobot_nav2/maps/final_1.pgm
-- Installing: /root/dev_ws/install/hobot_nav2/share/hobot_nav2/maps/keepout_mask.pgm
-- Installing: /root/dev_ws/install/hobot_nav2/share/hobot_nav2/maps/final_1.yaml
-- Installing: /root/dev_ws/install/hobot_nav2/share/hobot_nav2/maps/final_1_1.pgm
-- Installing: /root/dev_ws/install/hobot_nav2/share/hobot_nav2/maps/final_2.pgm
-- Installing: /root/dev_ws/install/hobot_nav2/share/hobot_nav2/maps/keepout_filter_mask.yaml
-- Up-to-date: /root/dev_ws/install/hobot_nav2/share/ament_index/resource_index/package_run_dependencies/hobot_nav2
-- Up-to-date: /root/dev_ws/install/hobot_nav2/share/ament_index/resource_index/parent_prefix_path/hobot_nav2
-- Up-to-date: /root/dev_ws/install/hobot_nav2/share/hobot_nav2/environment/ament_prefix_path.sh
-- Up-to-date: /root/dev_ws/install/hobot_nav2/share/hobot_nav2/environment/ament_prefix_path.dsv
-- Up-to-date: /root/dev_ws/install/hobot_nav2/share/hobot_nav2/environment/path.sh
-- Up-to-date: /root/dev_ws/install/hobot_nav2/share/hobot_nav2/environment/path.dsv
-- Up-to-date: /root/dev_ws/install/hobot_nav2/share/hobot_nav2/local_setup.bash
-- Up-to-date: /root/dev_ws/install/hobot_nav2/share/hobot_nav2/local_setup.sh
-- Up-to-date: /root/dev_ws/install/hobot_nav2/share/hobot_nav2/local_setup.zsh
-- Up-to-date: /root/dev_ws/install/hobot_nav2/share/hobot_nav2/local_setup.dsv
-- Installing: /root/dev_ws/install/hobot_nav2/share/hobot_nav2/package.dsv
-- Up-to-date: /root/dev_ws/install/hobot_nav2/share/ament_index/resource_index/packages/hobot_nav2
-- Up-to-date: /root/dev_ws/install/hobot_nav2/share/hobot_nav2/cmake/hobot_nav2Config.cmake
-- Up-to-date: /root/dev_ws/install/hobot_nav2/share/hobot_nav2/cmake/hobot_nav2Config-version.cmake
-- Up-to-date: /root/dev_ws/install/hobot_nav2/share/hobot_nav2/package.xml
