[0.063s] Invoking command in '/root/dev_ws/build/hobot_nav2': CMAKE_PREFIX_PATH=/userdata/dev_ws/install/utils:/userdata/dev_ws/install/origincar_base:/userdata/dev_ws/install/serial:/userdata/dev_ws/install/origincar_msg:/userdata/dev_ws/install/origincar_description:/userdata/dev_ws/install/origincar_bringup:/userdata/dev_ws/install/line_follower_pkg:/userdata/dev_ws/install/ackermann_msgs:/opt/tros/humble:/opt/ros/humble /usr/bin/cmake --build /root/dev_ws/build/hobot_nav2 -- -j8 -l8
[0.380s] Invoked command in '/root/dev_ws/build/hobot_nav2' returned '0': CMAKE_PREFIX_PATH=/userdata/dev_ws/install/utils:/userdata/dev_ws/install/origincar_base:/userdata/dev_ws/install/serial:/userdata/dev_ws/install/origincar_msg:/userdata/dev_ws/install/origincar_description:/userdata/dev_ws/install/origincar_bringup:/userdata/dev_ws/install/line_follower_pkg:/userdata/dev_ws/install/ackermann_msgs:/opt/tros/humble:/opt/ros/humble /usr/bin/cmake --build /root/dev_ws/build/hobot_nav2 -- -j8 -l8
[0.437s] Invoking command in '/root/dev_ws/build/hobot_nav2': CMAKE_PREFIX_PATH=/userdata/dev_ws/install/utils:/userdata/dev_ws/install/origincar_base:/userdata/dev_ws/install/serial:/userdata/dev_ws/install/origincar_msg:/userdata/dev_ws/install/origincar_description:/userdata/dev_ws/install/origincar_bringup:/userdata/dev_ws/install/line_follower_pkg:/userdata/dev_ws/install/ackermann_msgs:/opt/tros/humble:/opt/ros/humble /usr/bin/cmake --install /root/dev_ws/build/hobot_nav2
[0.481s] -- Install configuration: ""
[0.483s] -- Up-to-date: /root/dev_ws/install/hobot_nav2/share/hobot_nav2/launch
[0.483s] -- Installing: /root/dev_ws/install/hobot_nav2/share/hobot_nav2/launch/hobot_nav2_bringup.launch.py
[0.485s] -- Up-to-date: /root/dev_ws/install/hobot_nav2/share/hobot_nav2/launch/bringup_launch_noremap.py
[0.486s] -- Up-to-date: /root/dev_ws/install/hobot_nav2/share/hobot_nav2/launch/hobot_nav2_bringup_noremapping.launch.py
[0.486s] -- Up-to-date: /root/dev_ws/install/hobot_nav2/share/hobot_nav2/launch/__pycache__
[0.488s] -- Up-to-date: /root/dev_ws/install/hobot_nav2/share/hobot_nav2/launch/__pycache__/bringup_launch_noremap.cpython-310.pyc
[0.488s] -- Installing: /root/dev_ws/install/hobot_nav2/share/hobot_nav2/launch/__pycache__/hobot_nav2_bringup.launch.cpython-310.pyc
[0.491s] -- Up-to-date: /root/dev_ws/install/hobot_nav2/share/hobot_nav2/param
[0.491s] -- Up-to-date: /root/dev_ws/install/hobot_nav2/share/hobot_nav2/param/hobot_nav2.yaml
[0.493s] -- Up-to-date: /root/dev_ws/install/hobot_nav2/share/hobot_nav2/maps
[0.493s] -- Up-to-date: /root/dev_ws/install/hobot_nav2/share/hobot_nav2/maps/final_3.yaml
[0.494s] -- Up-to-date: /root/dev_ws/install/hobot_nav2/share/hobot_nav2/maps/row_1.pgm
[0.494s] -- Up-to-date: /root/dev_ws/install/hobot_nav2/share/hobot_nav2/maps/final_2.yaml
[0.494s] -- Up-to-date: /root/dev_ws/install/hobot_nav2/share/hobot_nav2/maps/final_1_1.yaml
[0.495s] -- Up-to-date: /root/dev_ws/install/hobot_nav2/share/hobot_nav2/maps/row_1.yaml
[0.495s] -- Up-to-date: /root/dev_ws/install/hobot_nav2/share/hobot_nav2/maps/final_1.pgm
[0.496s] -- Up-to-date: /root/dev_ws/install/hobot_nav2/share/hobot_nav2/maps/final_3.pgm
[0.496s] -- Installing: /root/dev_ws/install/hobot_nav2/share/hobot_nav2/maps/row_3.yaml
[0.497s] -- Up-to-date: /root/dev_ws/install/hobot_nav2/share/hobot_nav2/maps/keepout_mask.pgm
[0.497s] -- Up-to-date: /root/dev_ws/install/hobot_nav2/share/hobot_nav2/maps/final_1.yaml
[0.498s] -- Up-to-date: /root/dev_ws/install/hobot_nav2/share/hobot_nav2/maps/row_2.pgm
[0.498s] -- Up-to-date: /root/dev_ws/install/hobot_nav2/share/hobot_nav2/maps/final_1_1.pgm
[0.498s] -- Up-to-date: /root/dev_ws/install/hobot_nav2/share/hobot_nav2/maps/final_2.pgm
[0.499s] -- Up-to-date: /root/dev_ws/install/hobot_nav2/share/hobot_nav2/maps/keepout_filter_mask.yaml
[0.499s] -- Installing: /root/dev_ws/install/hobot_nav2/share/hobot_nav2/maps/row_3.pgm
[0.500s] -- Installing: /root/dev_ws/install/hobot_nav2/share/hobot_nav2/maps/row_2.yaml
[0.500s] -- Up-to-date: /root/dev_ws/install/hobot_nav2/share/ament_index/resource_index/package_run_dependencies/hobot_nav2
[0.500s] -- Up-to-date: /root/dev_ws/install/hobot_nav2/share/ament_index/resource_index/parent_prefix_path/hobot_nav2
[0.501s] -- Up-to-date: /root/dev_ws/install/hobot_nav2/share/hobot_nav2/environment/ament_prefix_path.sh
[0.502s] -- Up-to-date: /root/dev_ws/install/hobot_nav2/share/hobot_nav2/environment/ament_prefix_path.dsv
[0.504s] -- Up-to-date: /root/dev_ws/install/hobot_nav2/share/hobot_nav2/environment/path.sh
[0.509s] -- Up-to-date: /root/dev_ws/install/hobot_nav2/share/hobot_nav2/environment/path.dsv
[0.510s] -- Up-to-date: /root/dev_ws/install/hobot_nav2/share/hobot_nav2/local_setup.bash
[0.512s] -- Up-to-date: /root/dev_ws/install/hobot_nav2/share/hobot_nav2/local_setup.sh
[0.513s] -- Up-to-date: /root/dev_ws/install/hobot_nav2/share/hobot_nav2/local_setup.zsh
[0.513s] -- Up-to-date: /root/dev_ws/install/hobot_nav2/share/hobot_nav2/local_setup.dsv
[0.513s] -- Installing: /root/dev_ws/install/hobot_nav2/share/hobot_nav2/package.dsv
[0.514s] -- Up-to-date: /root/dev_ws/install/hobot_nav2/share/ament_index/resource_index/packages/hobot_nav2
[0.515s] -- Up-to-date: /root/dev_ws/install/hobot_nav2/share/hobot_nav2/cmake/hobot_nav2Config.cmake
[0.515s] -- Up-to-date: /root/dev_ws/install/hobot_nav2/share/hobot_nav2/cmake/hobot_nav2Config-version.cmake
[0.516s] -- Up-to-date: /root/dev_ws/install/hobot_nav2/share/hobot_nav2/package.xml
[0.517s] Invoked command in '/root/dev_ws/build/hobot_nav2' returned '0': CMAKE_PREFIX_PATH=/userdata/dev_ws/install/utils:/userdata/dev_ws/install/origincar_base:/userdata/dev_ws/install/serial:/userdata/dev_ws/install/origincar_msg:/userdata/dev_ws/install/origincar_description:/userdata/dev_ws/install/origincar_bringup:/userdata/dev_ws/install/line_follower_pkg:/userdata/dev_ws/install/ackermann_msgs:/opt/tros/humble:/opt/ros/humble /usr/bin/cmake --install /root/dev_ws/build/hobot_nav2
