[ 10%] Built target ackermann_msgs__rosidl_generator_c
[ 12%] Built target ackermann_msgs__cpp
[ 12%] Built target ament_cmake_python_copy_ackermann_msgs
[ 23%] Built target ackermann_msgs__rosidl_typesupport_c
[ 33%] Built target ackermann_msgs__rosidl_typesupport_fastrtps_cpp
[ 53%] Built target ackermann_msgs__rosidl_typesupport_fastrtps_c
[ 64%] Built target ackermann_msgs__rosidl_typesupport_introspection_c
[ 43%] Built target ackermann_msgs__rosidl_typesupport_cpp
[ 74%] Built target ackermann_msgs__rosidl_typesupport_introspection_cpp
[ 74%] Built target ackermann_msgs
[ 76%] Built target ackermann_msgs__py
[ 84%] Built target ackermann_msgs__rosidl_generator_py
[ 89%] Built target ackermann_msgs__rosidl_typesupport_fastrtps_c__pyext
[ 94%] Built target ackermann_msgs__rosidl_typesupport_introspection_c__pyext
[100%] Built target ackermann_msgs__rosidl_typesupport_c__pyext
running egg_info
writing ackermann_msgs.egg-info/PKG-INFO
writing dependency_links to ackermann_msgs.egg-info/dependency_links.txt
writing top-level names to ackermann_msgs.egg-info/top_level.txt
reading manifest file 'ackermann_msgs.egg-info/SOURCES.txt'
writing manifest file 'ackermann_msgs.egg-info/SOURCES.txt'
[100%] Built target ament_cmake_python_build_ackermann_msgs_egg
