[0.202s] Invoking command in '/root/dev_ws/build/serial': CMAKE_PREFIX_PATH=/userdata/dev_ws/install/utils:/userdata/dev_ws/install/origincar_base:/userdata/dev_ws/install/serial:/userdata/dev_ws/install/origincar_msg:/userdata/dev_ws/install/origincar_description:/userdata/dev_ws/install/origincar_bringup:/userdata/dev_ws/install/line_follower_pkg:/userdata/dev_ws/install/ackermann_msgs:/opt/tros/humble:/opt/ros/humble /usr/bin/cmake --build /root/dev_ws/build/serial -- -j8 -l8
[4.370s] [100%] Built target serial
[4.399s] Invoked command in '/root/dev_ws/build/serial' returned '0': CMAKE_PREFIX_PATH=/userdata/dev_ws/install/utils:/userdata/dev_ws/install/origincar_base:/userdata/dev_ws/install/serial:/userdata/dev_ws/install/origincar_msg:/userdata/dev_ws/install/origincar_description:/userdata/dev_ws/install/origincar_bringup:/userdata/dev_ws/install/line_follower_pkg:/userdata/dev_ws/install/ackermann_msgs:/opt/tros/humble:/opt/ros/humble /usr/bin/cmake --build /root/dev_ws/build/serial -- -j8 -l8
[4.406s] Invoking command in '/root/dev_ws/build/serial': CMAKE_PREFIX_PATH=/userdata/dev_ws/install/utils:/userdata/dev_ws/install/origincar_base:/userdata/dev_ws/install/serial:/userdata/dev_ws/install/origincar_msg:/userdata/dev_ws/install/origincar_description:/userdata/dev_ws/install/origincar_bringup:/userdata/dev_ws/install/line_follower_pkg:/userdata/dev_ws/install/ackermann_msgs:/opt/tros/humble:/opt/ros/humble /usr/bin/cmake --install /root/dev_ws/build/serial
[4.567s] -- Install configuration: ""
[4.568s] -- Up-to-date: /root/dev_ws/install/serial/lib/libserial.a
[4.571s] -- Up-to-date: /root/dev_ws/install/serial/share/serial/environment/library_path.sh
[4.574s] -- Up-to-date: /root/dev_ws/install/serial/share/serial/environment/library_path.dsv
[4.575s] -- Up-to-date: /root/dev_ws/install/serial/include/serial
[4.577s] -- Up-to-date: /root/dev_ws/install/serial/include/serial/impl
[4.578s] -- Up-to-date: /root/dev_ws/install/serial/include/serial/impl/unix.h
[4.579s] -- Up-to-date: /root/dev_ws/install/serial/include/serial/impl/win.h
[4.581s] -- Up-to-date: /root/dev_ws/install/serial/include/serial/serial.h
[4.583s] -- Up-to-date: /root/dev_ws/install/serial/include/serial/v8stdint.h
[4.584s] -- Up-to-date: /root/dev_ws/install/serial/share/ament_index/resource_index/package_run_dependencies/serial
[4.586s] -- Up-to-date: /root/dev_ws/install/serial/share/ament_index/resource_index/parent_prefix_path/serial
[4.590s] -- Up-to-date: /root/dev_ws/install/serial/share/serial/environment/ament_prefix_path.sh
[4.595s] -- Up-to-date: /root/dev_ws/install/serial/share/serial/environment/ament_prefix_path.dsv
[4.596s] -- Up-to-date: /root/dev_ws/install/serial/share/serial/environment/path.sh
[4.600s] -- Up-to-date: /root/dev_ws/install/serial/share/serial/environment/path.dsv
[4.601s] -- Up-to-date: /root/dev_ws/install/serial/share/serial/local_setup.bash
[4.603s] -- Up-to-date: /root/dev_ws/install/serial/share/serial/local_setup.sh
[4.606s] -- Up-to-date: /root/dev_ws/install/serial/share/serial/local_setup.zsh
[4.607s] -- Up-to-date: /root/dev_ws/install/serial/share/serial/local_setup.dsv
[4.609s] -- Installing: /root/dev_ws/install/serial/share/serial/package.dsv
[4.613s] -- Up-to-date: /root/dev_ws/install/serial/share/ament_index/resource_index/packages/serial
[4.614s] -- Up-to-date: /root/dev_ws/install/serial/share/serial/cmake/ament_cmake_export_include_directories-extras.cmake
[4.616s] -- Up-to-date: /root/dev_ws/install/serial/share/serial/cmake/ament_cmake_export_libraries-extras.cmake
[4.620s] -- Up-to-date: /root/dev_ws/install/serial/share/serial/cmake/ament_cmake_export_dependencies-extras.cmake
[4.622s] -- Up-to-date: /root/dev_ws/install/serial/share/serial/cmake/serialConfig.cmake
[4.623s] -- Up-to-date: /root/dev_ws/install/serial/share/serial/cmake/serialConfig-version.cmake
[4.627s] -- Up-to-date: /root/dev_ws/install/serial/share/serial/package.xml
[5.503s] Invoked command in '/root/dev_ws/build/serial' returned '0': CMAKE_PREFIX_PATH=/userdata/dev_ws/install/utils:/userdata/dev_ws/install/origincar_base:/userdata/dev_ws/install/serial:/userdata/dev_ws/install/origincar_msg:/userdata/dev_ws/install/origincar_description:/userdata/dev_ws/install/origincar_bringup:/userdata/dev_ws/install/line_follower_pkg:/userdata/dev_ws/install/ackermann_msgs:/opt/tros/humble:/opt/ros/humble /usr/bin/cmake --install /root/dev_ws/build/serial
