[0.202s] Invoking command in '/root/dev_ws/build/origincar_base': CMAKE_PREFIX_PATH=/root/dev_ws/install/serial:/root/dev_ws/install/origincar_msg:/root/dev_ws/install/origincar_description:/root/dev_ws/install/ackermann_msgs:/root/dev_ws/install/utils:/root/dev_ws/install/origincar_base:/root/dev_ws/install/origincar_bringup:/root/dev_ws/install/lslidar_driver:/root/dev_ws/install/lslidar_msgs:/root/dev_ws/install/hobot_nav2:/root/dev_ws/install/line_follower_pkg:/root/dev_ws/install/laser_tf_publisher:/userdata/dev_ws/install/utils:/userdata/dev_ws/install/origincar_base:/userdata/dev_ws/install/serial:/userdata/dev_ws/install/origincar_msg:/userdata/dev_ws/install/origincar_description:/userdata/dev_ws/install/origincar_bringup:/userdata/dev_ws/install/line_follower_pkg:/userdata/dev_ws/install/ackermann_msgs:/opt/tros/humble:/opt/ros/humble LD_LIBRARY_PATH=/root/dev_ws/install/origincar_msg/lib:/root/dev_ws/install/ackermann_msgs/lib:/root/dev_ws/install/origincar_base/lib:/root/dev_ws/install/serial/lib:/root/dev_ws/install/lslidar_driver/lib:/root/dev_ws/install/lslidar_msgs/lib:/userdata/dev_ws/install/origincar_base/lib:/userdata/dev_ws/install/serial/lib:/userdata/dev_ws/install/origincar_msg/lib:/userdata/dev_ws/install/ackermann_msgs/lib:/opt/tros/humble/lib/aarch64-linux-gnu:/opt/tros/humble/lib:/opt/ros/humble/opt/rviz_ogre_vendor/lib:/opt/ros/humble/lib/aarch64-linux-gnu:/opt/ros/humble/lib:/usr/hobot/lib:/app/lib:/app/pub/lib:/middleware/lib:/middleware/pub/lib:/usr/hobot/lib/sensor:/system/lib:/system/usr/lib:/lib /usr/bin/cmake --build /root/dev_ws/build/origincar_base -- -j8 -l8
[0.459s] [  2%] Built target origincar_base__cpp
[0.480s] [ 11%] Built target origincar_base__rosidl_generator_c
[0.526s] [ 11%] Built target ament_cmake_python_copy_origincar_base
[0.533s] [ 20%] Built target origincar_base_node
[0.604s] [ 29%] Built target origincar_base__rosidl_typesupport_cpp
[0.622s] [ 38%] Built target origincar_base__rosidl_typesupport_fastrtps_cpp
[0.647s] [ 47%] Built target origincar_base__rosidl_typesupport_introspection_cpp
[0.672s] [ 55%] Built target origincar_base__rosidl_typesupport_introspection_c
[0.676s] [ 64%] Built target origincar_base__rosidl_typesupport_fastrtps_c
[0.677s] [ 73%] Built target origincar_base__rosidl_typesupport_c
[0.773s] [ 73%] Built target origincar_base
[0.871s] [ 76%] Built target origincar_base__py
[1.006s] [ 82%] Built target origincar_base__rosidl_generator_py
[1.086s] [ 88%] Built target origincar_base__rosidl_typesupport_c__pyext
[1.088s] [ 94%] Built target origincar_base__rosidl_typesupport_fastrtps_c__pyext
[1.090s] [100%] Built target origincar_base__rosidl_typesupport_introspection_c__pyext
[2.426s] running egg_info
[2.431s] writing origincar_base.egg-info/PKG-INFO
[2.433s] writing dependency_links to origincar_base.egg-info/dependency_links.txt
[2.434s] writing top-level names to origincar_base.egg-info/top_level.txt
[2.448s] reading manifest file 'origincar_base.egg-info/SOURCES.txt'
[2.452s] writing manifest file 'origincar_base.egg-info/SOURCES.txt'
[2.664s] [100%] Built target ament_cmake_python_build_origincar_base_egg
[2.716s] Invoked command in '/root/dev_ws/build/origincar_base' returned '0': CMAKE_PREFIX_PATH=/root/dev_ws/install/serial:/root/dev_ws/install/origincar_msg:/root/dev_ws/install/origincar_description:/root/dev_ws/install/ackermann_msgs:/root/dev_ws/install/utils:/root/dev_ws/install/origincar_base:/root/dev_ws/install/origincar_bringup:/root/dev_ws/install/lslidar_driver:/root/dev_ws/install/lslidar_msgs:/root/dev_ws/install/hobot_nav2:/root/dev_ws/install/line_follower_pkg:/root/dev_ws/install/laser_tf_publisher:/userdata/dev_ws/install/utils:/userdata/dev_ws/install/origincar_base:/userdata/dev_ws/install/serial:/userdata/dev_ws/install/origincar_msg:/userdata/dev_ws/install/origincar_description:/userdata/dev_ws/install/origincar_bringup:/userdata/dev_ws/install/line_follower_pkg:/userdata/dev_ws/install/ackermann_msgs:/opt/tros/humble:/opt/ros/humble LD_LIBRARY_PATH=/root/dev_ws/install/origincar_msg/lib:/root/dev_ws/install/ackermann_msgs/lib:/root/dev_ws/install/origincar_base/lib:/root/dev_ws/install/serial/lib:/root/dev_ws/install/lslidar_driver/lib:/root/dev_ws/install/lslidar_msgs/lib:/userdata/dev_ws/install/origincar_base/lib:/userdata/dev_ws/install/serial/lib:/userdata/dev_ws/install/origincar_msg/lib:/userdata/dev_ws/install/ackermann_msgs/lib:/opt/tros/humble/lib/aarch64-linux-gnu:/opt/tros/humble/lib:/opt/ros/humble/opt/rviz_ogre_vendor/lib:/opt/ros/humble/lib/aarch64-linux-gnu:/opt/ros/humble/lib:/usr/hobot/lib:/app/lib:/app/pub/lib:/middleware/lib:/middleware/pub/lib:/usr/hobot/lib/sensor:/system/lib:/system/usr/lib:/lib /usr/bin/cmake --build /root/dev_ws/build/origincar_base -- -j8 -l8
[2.722s] Invoking command in '/root/dev_ws/build/origincar_base': CMAKE_PREFIX_PATH=/root/dev_ws/install/serial:/root/dev_ws/install/origincar_msg:/root/dev_ws/install/origincar_description:/root/dev_ws/install/ackermann_msgs:/root/dev_ws/install/utils:/root/dev_ws/install/origincar_base:/root/dev_ws/install/origincar_bringup:/root/dev_ws/install/lslidar_driver:/root/dev_ws/install/lslidar_msgs:/root/dev_ws/install/hobot_nav2:/root/dev_ws/install/line_follower_pkg:/root/dev_ws/install/laser_tf_publisher:/userdata/dev_ws/install/utils:/userdata/dev_ws/install/origincar_base:/userdata/dev_ws/install/serial:/userdata/dev_ws/install/origincar_msg:/userdata/dev_ws/install/origincar_description:/userdata/dev_ws/install/origincar_bringup:/userdata/dev_ws/install/line_follower_pkg:/userdata/dev_ws/install/ackermann_msgs:/opt/tros/humble:/opt/ros/humble LD_LIBRARY_PATH=/root/dev_ws/install/origincar_msg/lib:/root/dev_ws/install/ackermann_msgs/lib:/root/dev_ws/install/origincar_base/lib:/root/dev_ws/install/serial/lib:/root/dev_ws/install/lslidar_driver/lib:/root/dev_ws/install/lslidar_msgs/lib:/userdata/dev_ws/install/origincar_base/lib:/userdata/dev_ws/install/serial/lib:/userdata/dev_ws/install/origincar_msg/lib:/userdata/dev_ws/install/ackermann_msgs/lib:/opt/tros/humble/lib/aarch64-linux-gnu:/opt/tros/humble/lib:/opt/ros/humble/opt/rviz_ogre_vendor/lib:/opt/ros/humble/lib/aarch64-linux-gnu:/opt/ros/humble/lib:/usr/hobot/lib:/app/lib:/app/pub/lib:/middleware/lib:/middleware/pub/lib:/usr/hobot/lib/sensor:/system/lib:/system/usr/lib:/lib /usr/bin/cmake --install /root/dev_ws/build/origincar_base
[2.760s] -- Install configuration: ""
[2.761s] -- Up-to-date: /root/dev_ws/install/origincar_base/share/ament_index/resource_index/rosidl_interfaces/origincar_base
[2.762s] -- Up-to-date: /root/dev_ws/install/origincar_base/include/origincar_base/origincar_base
[2.763s] -- Up-to-date: /root/dev_ws/install/origincar_base/include/origincar_base/origincar_base/msg
[2.763s] -- Up-to-date: /root/dev_ws/install/origincar_base/include/origincar_base/origincar_base/msg/position.h
[2.764s] -- Up-to-date: /root/dev_ws/install/origincar_base/include/origincar_base/origincar_base/msg/rosidl_generator_c__visibility_control.h
[2.764s] -- Up-to-date: /root/dev_ws/install/origincar_base/include/origincar_base/origincar_base/msg/detail
[2.765s] -- Up-to-date: /root/dev_ws/install/origincar_base/include/origincar_base/origincar_base/msg/detail/position__type_support.h
[2.766s] -- Up-to-date: /root/dev_ws/install/origincar_base/include/origincar_base/origincar_base/msg/detail/position__functions.h
[2.767s] -- Up-to-date: /root/dev_ws/install/origincar_base/include/origincar_base/origincar_base/msg/detail/position__struct.h
[2.767s] -- Up-to-date: /root/dev_ws/install/origincar_base/include/origincar_base/origincar_base/msg/detail/position__functions.c
[2.768s] -- Up-to-date: /root/dev_ws/install/origincar_base/share/origincar_base/environment/library_path.sh
[2.769s] -- Up-to-date: /root/dev_ws/install/origincar_base/share/origincar_base/environment/library_path.dsv
[2.769s] -- Up-to-date: /root/dev_ws/install/origincar_base/lib/liborigincar_base__rosidl_generator_c.so
[2.770s] -- Up-to-date: /root/dev_ws/install/origincar_base/include/origincar_base/origincar_base
[2.770s] -- Up-to-date: /root/dev_ws/install/origincar_base/include/origincar_base/origincar_base/msg
[2.771s] -- Up-to-date: /root/dev_ws/install/origincar_base/include/origincar_base/origincar_base/msg/rosidl_typesupport_fastrtps_c__visibility_control.h
[2.771s] -- Up-to-date: /root/dev_ws/install/origincar_base/include/origincar_base/origincar_base/msg/detail
[2.772s] -- Up-to-date: /root/dev_ws/install/origincar_base/include/origincar_base/origincar_base/msg/detail/position__rosidl_typesupport_fastrtps_c.h
[2.772s] -- Up-to-date: /root/dev_ws/install/origincar_base/lib/liborigincar_base__rosidl_typesupport_fastrtps_c.so
[2.773s] -- Up-to-date: /root/dev_ws/install/origincar_base/include/origincar_base/origincar_base
[2.773s] -- Up-to-date: /root/dev_ws/install/origincar_base/include/origincar_base/origincar_base/msg
[2.774s] -- Up-to-date: /root/dev_ws/install/origincar_base/include/origincar_base/origincar_base/msg/position.hpp
[2.774s] -- Up-to-date: /root/dev_ws/install/origincar_base/include/origincar_base/origincar_base/msg/detail
[2.775s] -- Up-to-date: /root/dev_ws/install/origincar_base/include/origincar_base/origincar_base/msg/detail/position__struct.hpp
[2.776s] -- Up-to-date: /root/dev_ws/install/origincar_base/include/origincar_base/origincar_base/msg/detail/position__traits.hpp
[2.777s] -- Up-to-date: /root/dev_ws/install/origincar_base/include/origincar_base/origincar_base/msg/detail/position__builder.hpp
[2.777s] -- Up-to-date: /root/dev_ws/install/origincar_base/include/origincar_base/origincar_base
[2.778s] -- Up-to-date: /root/dev_ws/install/origincar_base/include/origincar_base/origincar_base/msg
[2.779s] -- Up-to-date: /root/dev_ws/install/origincar_base/include/origincar_base/origincar_base/msg/detail
[2.780s] -- Up-to-date: /root/dev_ws/install/origincar_base/include/origincar_base/origincar_base/msg/detail/position__rosidl_typesupport_fastrtps_cpp.hpp
[2.780s] -- Up-to-date: /root/dev_ws/install/origincar_base/include/origincar_base/origincar_base/msg/detail/dds_fastrtps
[2.780s] -- Up-to-date: /root/dev_ws/install/origincar_base/include/origincar_base/origincar_base/msg/rosidl_typesupport_fastrtps_cpp__visibility_control.h
[2.781s] -- Up-to-date: /root/dev_ws/install/origincar_base/lib/liborigincar_base__rosidl_typesupport_fastrtps_cpp.so
[2.781s] -- Up-to-date: /root/dev_ws/install/origincar_base/include/origincar_base/origincar_base
[2.782s] -- Up-to-date: /root/dev_ws/install/origincar_base/include/origincar_base/origincar_base/msg
[2.782s] -- Up-to-date: /root/dev_ws/install/origincar_base/include/origincar_base/origincar_base/msg/rosidl_typesupport_introspection_c__visibility_control.h
[2.783s] -- Up-to-date: /root/dev_ws/install/origincar_base/include/origincar_base/origincar_base/msg/detail
[2.783s] -- Up-to-date: /root/dev_ws/install/origincar_base/include/origincar_base/origincar_base/msg/detail/position__type_support.c
[2.783s] -- Up-to-date: /root/dev_ws/install/origincar_base/include/origincar_base/origincar_base/msg/detail/position__rosidl_typesupport_introspection_c.h
[2.784s] -- Up-to-date: /root/dev_ws/install/origincar_base/lib/liborigincar_base__rosidl_typesupport_introspection_c.so
[2.784s] -- Up-to-date: /root/dev_ws/install/origincar_base/lib/liborigincar_base__rosidl_typesupport_c.so
[2.785s] -- Up-to-date: /root/dev_ws/install/origincar_base/include/origincar_base/origincar_base
[2.785s] -- Up-to-date: /root/dev_ws/install/origincar_base/include/origincar_base/origincar_base/msg
[2.786s] -- Up-to-date: /root/dev_ws/install/origincar_base/include/origincar_base/origincar_base/msg/detail
[2.786s] -- Up-to-date: /root/dev_ws/install/origincar_base/include/origincar_base/origincar_base/msg/detail/position__rosidl_typesupport_introspection_cpp.hpp
[2.787s] -- Up-to-date: /root/dev_ws/install/origincar_base/include/origincar_base/origincar_base/msg/detail/position__type_support.cpp
[2.787s] -- Up-to-date: /root/dev_ws/install/origincar_base/lib/liborigincar_base__rosidl_typesupport_introspection_cpp.so
[2.788s] -- Up-to-date: /root/dev_ws/install/origincar_base/lib/liborigincar_base__rosidl_typesupport_cpp.so
[2.788s] -- Up-to-date: /root/dev_ws/install/origincar_base/share/origincar_base/environment/pythonpath.sh
[2.789s] -- Up-to-date: /root/dev_ws/install/origincar_base/share/origincar_base/environment/pythonpath.dsv
[2.789s] -- Up-to-date: /root/dev_ws/install/origincar_base/local/lib/python3.10/dist-packages/origincar_base-0.0.0-py3.10.egg-info
[2.789s] -- Installing: /root/dev_ws/install/origincar_base/local/lib/python3.10/dist-packages/origincar_base-0.0.0-py3.10.egg-info/SOURCES.txt
[2.790s] -- Installing: /root/dev_ws/install/origincar_base/local/lib/python3.10/dist-packages/origincar_base-0.0.0-py3.10.egg-info/PKG-INFO
[2.790s] -- Installing: /root/dev_ws/install/origincar_base/local/lib/python3.10/dist-packages/origincar_base-0.0.0-py3.10.egg-info/dependency_links.txt
[2.791s] -- Installing: /root/dev_ws/install/origincar_base/local/lib/python3.10/dist-packages/origincar_base-0.0.0-py3.10.egg-info/top_level.txt
[2.791s] -- Up-to-date: /root/dev_ws/install/origincar_base/local/lib/python3.10/dist-packages/origincar_base
[2.792s] -- Up-to-date: /root/dev_ws/install/origincar_base/local/lib/python3.10/dist-packages/origincar_base/_origincar_base_s.ep.rosidl_typesupport_fastrtps_c.c
[2.792s] -- Up-to-date: /root/dev_ws/install/origincar_base/local/lib/python3.10/dist-packages/origincar_base/msg
[2.793s] -- Up-to-date: /root/dev_ws/install/origincar_base/local/lib/python3.10/dist-packages/origincar_base/msg/_position_s.c
[2.793s] -- Up-to-date: /root/dev_ws/install/origincar_base/local/lib/python3.10/dist-packages/origincar_base/msg/_position.py
[2.793s] -- Up-to-date: /root/dev_ws/install/origincar_base/local/lib/python3.10/dist-packages/origincar_base/msg/__init__.py
[2.794s] -- Up-to-date: /root/dev_ws/install/origincar_base/local/lib/python3.10/dist-packages/origincar_base/liborigincar_base__rosidl_generator_py.so
[2.794s] -- Up-to-date: /root/dev_ws/install/origincar_base/local/lib/python3.10/dist-packages/origincar_base/origincar_base_s__rosidl_typesupport_fastrtps_c.cpython-310-aarch64-linux-gnu.so
[2.795s] -- Up-to-date: /root/dev_ws/install/origincar_base/local/lib/python3.10/dist-packages/origincar_base/_origincar_base_s.ep.rosidl_typesupport_c.c
[2.795s] -- Up-to-date: /root/dev_ws/install/origincar_base/local/lib/python3.10/dist-packages/origincar_base/__init__.py
[2.796s] -- Up-to-date: /root/dev_ws/install/origincar_base/local/lib/python3.10/dist-packages/origincar_base/_origincar_base_s.ep.rosidl_typesupport_introspection_c.c
[2.796s] -- Up-to-date: /root/dev_ws/install/origincar_base/local/lib/python3.10/dist-packages/origincar_base/origincar_base_s__rosidl_typesupport_introspection_c.cpython-310-aarch64-linux-gnu.so
[2.797s] -- Up-to-date: /root/dev_ws/install/origincar_base/local/lib/python3.10/dist-packages/origincar_base/origincar_base_s__rosidl_typesupport_c.cpython-310-aarch64-linux-gnu.so
[3.003s] Listing '/root/dev_ws/install/origincar_base/local/lib/python3.10/dist-packages/origincar_base'...
[3.004s] Listing '/root/dev_ws/install/origincar_base/local/lib/python3.10/dist-packages/origincar_base/msg'...
[3.041s] -- Up-to-date: /root/dev_ws/install/origincar_base/local/lib/python3.10/dist-packages/origincar_base/origincar_base_s__rosidl_typesupport_fastrtps_c.cpython-310-aarch64-linux-gnu.so
[3.042s] -- Up-to-date: /root/dev_ws/install/origincar_base/local/lib/python3.10/dist-packages/origincar_base/origincar_base_s__rosidl_typesupport_introspection_c.cpython-310-aarch64-linux-gnu.so
[3.043s] -- Up-to-date: /root/dev_ws/install/origincar_base/local/lib/python3.10/dist-packages/origincar_base/origincar_base_s__rosidl_typesupport_c.cpython-310-aarch64-linux-gnu.so
[3.044s] -- Up-to-date: /root/dev_ws/install/origincar_base/lib/liborigincar_base__rosidl_generator_py.so
[3.045s] -- Up-to-date: /root/dev_ws/install/origincar_base/share/origincar_base/msg/Position.idl
[3.046s] -- Up-to-date: /root/dev_ws/install/origincar_base/share/origincar_base/msg/Position.msg
[3.046s] -- Up-to-date: /root/dev_ws/install/origincar_base/lib/origincar_base/cmd_vel_to_ackermann_drive.py
[3.047s] -- Up-to-date: /root/dev_ws/install/origincar_base/lib/origincar_base/origincar_base_node
[3.048s] -- Up-to-date: /root/dev_ws/install/origincar_base/share/origincar_base/launch
[3.049s] -- Up-to-date: /root/dev_ws/install/origincar_base/share/origincar_base/launch/origincar_bringup.launch.py
[3.050s] -- Up-to-date: /root/dev_ws/install/origincar_base/share/origincar_base/launch/robot_mode_description.launch.py
[3.050s] -- Up-to-date: /root/dev_ws/install/origincar_base/share/origincar_base/launch/ekf.launch.py
[3.051s] -- Up-to-date: /root/dev_ws/install/origincar_base/share/origincar_base/launch/base_serial.launch.py
[3.051s] -- Up-to-date: /root/dev_ws/install/origincar_base/share/origincar_base/launch/__pycache__
[3.052s] -- Up-to-date: /root/dev_ws/install/origincar_base/share/origincar_base/launch/__pycache__/testtwo.launch.cpython-38.pyc
[3.053s] -- Up-to-date: /root/dev_ws/install/origincar_base/share/origincar_base/config
[3.053s] -- Up-to-date: /root/dev_ws/install/origincar_base/share/origincar_base/config/imu.yaml
[3.054s] -- Up-to-date: /root/dev_ws/install/origincar_base/share/origincar_base/config/ekf.yaml
[3.054s] -- Up-to-date: /root/dev_ws/install/origincar_base/share/ament_index/resource_index/package_run_dependencies/origincar_base
[3.055s] -- Up-to-date: /root/dev_ws/install/origincar_base/share/ament_index/resource_index/parent_prefix_path/origincar_base
[3.056s] -- Up-to-date: /root/dev_ws/install/origincar_base/share/origincar_base/environment/ament_prefix_path.sh
[3.057s] -- Up-to-date: /root/dev_ws/install/origincar_base/share/origincar_base/environment/ament_prefix_path.dsv
[3.057s] -- Up-to-date: /root/dev_ws/install/origincar_base/share/origincar_base/environment/path.sh
[3.058s] -- Up-to-date: /root/dev_ws/install/origincar_base/share/origincar_base/environment/path.dsv
[3.059s] -- Up-to-date: /root/dev_ws/install/origincar_base/share/origincar_base/local_setup.bash
[3.059s] -- Up-to-date: /root/dev_ws/install/origincar_base/share/origincar_base/local_setup.sh
[3.060s] -- Up-to-date: /root/dev_ws/install/origincar_base/share/origincar_base/local_setup.zsh
[3.060s] -- Up-to-date: /root/dev_ws/install/origincar_base/share/origincar_base/local_setup.dsv
[3.060s] -- Installing: /root/dev_ws/install/origincar_base/share/origincar_base/package.dsv
[3.061s] -- Up-to-date: /root/dev_ws/install/origincar_base/share/ament_index/resource_index/packages/origincar_base
[3.061s] -- Up-to-date: /root/dev_ws/install/origincar_base/share/origincar_base/cmake/export_origincar_base__rosidl_generator_cExport.cmake
[3.062s] -- Up-to-date: /root/dev_ws/install/origincar_base/share/origincar_base/cmake/export_origincar_base__rosidl_generator_cExport-noconfig.cmake
[3.062s] -- Up-to-date: /root/dev_ws/install/origincar_base/share/origincar_base/cmake/export_origincar_base__rosidl_typesupport_fastrtps_cExport.cmake
[3.063s] -- Up-to-date: /root/dev_ws/install/origincar_base/share/origincar_base/cmake/export_origincar_base__rosidl_typesupport_fastrtps_cExport-noconfig.cmake
[3.063s] -- Up-to-date: /root/dev_ws/install/origincar_base/share/origincar_base/cmake/export_origincar_base__rosidl_generator_cppExport.cmake
[3.064s] -- Up-to-date: /root/dev_ws/install/origincar_base/share/origincar_base/cmake/export_origincar_base__rosidl_typesupport_fastrtps_cppExport.cmake
[3.064s] -- Up-to-date: /root/dev_ws/install/origincar_base/share/origincar_base/cmake/export_origincar_base__rosidl_typesupport_fastrtps_cppExport-noconfig.cmake
[3.065s] -- Up-to-date: /root/dev_ws/install/origincar_base/share/origincar_base/cmake/origincar_base__rosidl_typesupport_introspection_cExport.cmake
[3.065s] -- Up-to-date: /root/dev_ws/install/origincar_base/share/origincar_base/cmake/origincar_base__rosidl_typesupport_introspection_cExport-noconfig.cmake
[3.066s] -- Up-to-date: /root/dev_ws/install/origincar_base/share/origincar_base/cmake/origincar_base__rosidl_typesupport_cExport.cmake
[3.068s] -- Up-to-date: /root/dev_ws/install/origincar_base/share/origincar_base/cmake/origincar_base__rosidl_typesupport_cExport-noconfig.cmake
[3.072s] -- Up-to-date: /root/dev_ws/install/origincar_base/share/origincar_base/cmake/origincar_base__rosidl_typesupport_introspection_cppExport.cmake
[3.073s] -- Up-to-date: /root/dev_ws/install/origincar_base/share/origincar_base/cmake/origincar_base__rosidl_typesupport_introspection_cppExport-noconfig.cmake
[3.074s] -- Up-to-date: /root/dev_ws/install/origincar_base/share/origincar_base/cmake/origincar_base__rosidl_typesupport_cppExport.cmake
[3.075s] -- Up-to-date: /root/dev_ws/install/origincar_base/share/origincar_base/cmake/origincar_base__rosidl_typesupport_cppExport-noconfig.cmake
[3.076s] -- Up-to-date: /root/dev_ws/install/origincar_base/share/origincar_base/cmake/export_origincar_base__rosidl_generator_pyExport.cmake
[3.078s] -- Up-to-date: /root/dev_ws/install/origincar_base/share/origincar_base/cmake/export_origincar_base__rosidl_generator_pyExport-noconfig.cmake
[3.078s] -- Up-to-date: /root/dev_ws/install/origincar_base/share/origincar_base/cmake/rosidl_cmake-extras.cmake
[3.079s] -- Up-to-date: /root/dev_ws/install/origincar_base/share/origincar_base/cmake/ament_cmake_export_include_directories-extras.cmake
[3.080s] -- Up-to-date: /root/dev_ws/install/origincar_base/share/origincar_base/cmake/ament_cmake_export_libraries-extras.cmake
[3.081s] -- Up-to-date: /root/dev_ws/install/origincar_base/share/origincar_base/cmake/ament_cmake_export_targets-extras.cmake
[3.081s] -- Up-to-date: /root/dev_ws/install/origincar_base/share/origincar_base/cmake/rosidl_cmake_export_typesupport_targets-extras.cmake
[3.082s] -- Up-to-date: /root/dev_ws/install/origincar_base/share/origincar_base/cmake/ament_cmake_export_dependencies-extras.cmake
[3.083s] -- Up-to-date: /root/dev_ws/install/origincar_base/share/origincar_base/cmake/rosidl_cmake_export_typesupport_libraries-extras.cmake
[3.084s] -- Up-to-date: /root/dev_ws/install/origincar_base/share/origincar_base/cmake/origincar_baseConfig.cmake
[3.085s] -- Up-to-date: /root/dev_ws/install/origincar_base/share/origincar_base/cmake/origincar_baseConfig-version.cmake
[3.085s] -- Up-to-date: /root/dev_ws/install/origincar_base/share/origincar_base/package.xml
[3.086s] Invoked command in '/root/dev_ws/build/origincar_base' returned '0': CMAKE_PREFIX_PATH=/root/dev_ws/install/serial:/root/dev_ws/install/origincar_msg:/root/dev_ws/install/origincar_description:/root/dev_ws/install/ackermann_msgs:/root/dev_ws/install/utils:/root/dev_ws/install/origincar_base:/root/dev_ws/install/origincar_bringup:/root/dev_ws/install/lslidar_driver:/root/dev_ws/install/lslidar_msgs:/root/dev_ws/install/hobot_nav2:/root/dev_ws/install/line_follower_pkg:/root/dev_ws/install/laser_tf_publisher:/userdata/dev_ws/install/utils:/userdata/dev_ws/install/origincar_base:/userdata/dev_ws/install/serial:/userdata/dev_ws/install/origincar_msg:/userdata/dev_ws/install/origincar_description:/userdata/dev_ws/install/origincar_bringup:/userdata/dev_ws/install/line_follower_pkg:/userdata/dev_ws/install/ackermann_msgs:/opt/tros/humble:/opt/ros/humble LD_LIBRARY_PATH=/root/dev_ws/install/origincar_msg/lib:/root/dev_ws/install/ackermann_msgs/lib:/root/dev_ws/install/origincar_base/lib:/root/dev_ws/install/serial/lib:/root/dev_ws/install/lslidar_driver/lib:/root/dev_ws/install/lslidar_msgs/lib:/userdata/dev_ws/install/origincar_base/lib:/userdata/dev_ws/install/serial/lib:/userdata/dev_ws/install/origincar_msg/lib:/userdata/dev_ws/install/ackermann_msgs/lib:/opt/tros/humble/lib/aarch64-linux-gnu:/opt/tros/humble/lib:/opt/ros/humble/opt/rviz_ogre_vendor/lib:/opt/ros/humble/lib/aarch64-linux-gnu:/opt/ros/humble/lib:/usr/hobot/lib:/app/lib:/app/pub/lib:/middleware/lib:/middleware/pub/lib:/usr/hobot/lib/sensor:/system/lib:/system/usr/lib:/lib /usr/bin/cmake --install /root/dev_ws/build/origincar_base
