[0.093s] Invoking command in '/root/dev_ws/build/origincar_base': CMAKE_PREFIX_PATH=/root/dev_ws/install/serial:/root/dev_ws/install/origincar_msg:/root/dev_ws/install/origincar_description:/root/dev_ws/install/ackermann_msgs:/root/dev_ws/install/utils:/root/dev_ws/install/origincar_base:/root/dev_ws/install/origincar_bringup:/root/dev_ws/install/lslidar_driver:/root/dev_ws/install/lslidar_msgs:/root/dev_ws/install/hobot_nav2:/root/dev_ws/install/line_follower_pkg:/root/dev_ws/install/laser_tf_publisher:/userdata/dev_ws/install/utils:/userdata/dev_ws/install/origincar_base:/userdata/dev_ws/install/serial:/userdata/dev_ws/install/origincar_msg:/userdata/dev_ws/install/origincar_description:/userdata/dev_ws/install/origincar_bringup:/userdata/dev_ws/install/line_follower_pkg:/userdata/dev_ws/install/ackermann_msgs:/opt/tros/humble:/opt/ros/humble LD_LIBRARY_PATH=/root/dev_ws/install/origincar_msg/lib:/root/dev_ws/install/ackermann_msgs/lib:/root/dev_ws/install/origincar_base/lib:/root/dev_ws/install/serial/lib:/root/dev_ws/install/lslidar_driver/lib:/root/dev_ws/install/lslidar_msgs/lib:/userdata/dev_ws/install/origincar_base/lib:/userdata/dev_ws/install/serial/lib:/userdata/dev_ws/install/origincar_msg/lib:/userdata/dev_ws/install/ackermann_msgs/lib:/opt/tros/humble/lib/aarch64-linux-gnu:/opt/tros/humble/lib:/opt/ros/humble/opt/rviz_ogre_vendor/lib:/opt/ros/humble/lib/aarch64-linux-gnu:/opt/ros/humble/lib:/usr/hobot/lib:/app/lib:/app/pub/lib:/middleware/lib:/middleware/pub/lib:/usr/hobot/lib/sensor:/system/lib:/system/usr/lib:/lib /usr/bin/cmake --build /root/dev_ws/build/origincar_base -- -j8 -l8
[0.370s] [  2%] Built target origincar_base__cpp
[0.371s] [ 11%] Built target origincar_base__rosidl_generator_c
[0.419s] [ 11%] Built target ament_cmake_python_copy_origincar_base
[0.421s] [ 20%] Built target origincar_base_node
[0.472s] [ 47%] Built target origincar_base__rosidl_typesupport_cpp
[0.473s] [ 47%] Built target origincar_base__rosidl_typesupport_introspection_c
[0.474s] [ 47%] Built target origincar_base__rosidl_typesupport_c
[0.475s] [ 55%] Built target origincar_base__rosidl_typesupport_introspection_cpp
[0.475s] [ 67%] Built target origincar_base__rosidl_typesupport_fastrtps_cpp
[0.476s] [ 73%] Built target origincar_base__rosidl_typesupport_fastrtps_c
[0.571s] [ 73%] Built target origincar_base
[0.662s] [ 76%] Built target origincar_base__py
[0.762s] [ 82%] Built target origincar_base__rosidl_generator_py
[0.863s] [100%] Built target origincar_base__rosidl_typesupport_c__pyext
[0.864s] [100%] Built target origincar_base__rosidl_typesupport_fastrtps_c__pyext
[0.865s] [100%] Built target origincar_base__rosidl_typesupport_introspection_c__pyext
[2.152s] running egg_info
[2.156s] writing origincar_base.egg-info/PKG-INFO
[2.158s] writing dependency_links to origincar_base.egg-info/dependency_links.txt
[2.159s] writing top-level names to origincar_base.egg-info/top_level.txt
[2.172s] reading manifest file 'origincar_base.egg-info/SOURCES.txt'
[2.175s] writing manifest file 'origincar_base.egg-info/SOURCES.txt'
[2.387s] [100%] Built target ament_cmake_python_build_origincar_base_egg
[2.438s] Invoked command in '/root/dev_ws/build/origincar_base' returned '0': CMAKE_PREFIX_PATH=/root/dev_ws/install/serial:/root/dev_ws/install/origincar_msg:/root/dev_ws/install/origincar_description:/root/dev_ws/install/ackermann_msgs:/root/dev_ws/install/utils:/root/dev_ws/install/origincar_base:/root/dev_ws/install/origincar_bringup:/root/dev_ws/install/lslidar_driver:/root/dev_ws/install/lslidar_msgs:/root/dev_ws/install/hobot_nav2:/root/dev_ws/install/line_follower_pkg:/root/dev_ws/install/laser_tf_publisher:/userdata/dev_ws/install/utils:/userdata/dev_ws/install/origincar_base:/userdata/dev_ws/install/serial:/userdata/dev_ws/install/origincar_msg:/userdata/dev_ws/install/origincar_description:/userdata/dev_ws/install/origincar_bringup:/userdata/dev_ws/install/line_follower_pkg:/userdata/dev_ws/install/ackermann_msgs:/opt/tros/humble:/opt/ros/humble LD_LIBRARY_PATH=/root/dev_ws/install/origincar_msg/lib:/root/dev_ws/install/ackermann_msgs/lib:/root/dev_ws/install/origincar_base/lib:/root/dev_ws/install/serial/lib:/root/dev_ws/install/lslidar_driver/lib:/root/dev_ws/install/lslidar_msgs/lib:/userdata/dev_ws/install/origincar_base/lib:/userdata/dev_ws/install/serial/lib:/userdata/dev_ws/install/origincar_msg/lib:/userdata/dev_ws/install/ackermann_msgs/lib:/opt/tros/humble/lib/aarch64-linux-gnu:/opt/tros/humble/lib:/opt/ros/humble/opt/rviz_ogre_vendor/lib:/opt/ros/humble/lib/aarch64-linux-gnu:/opt/ros/humble/lib:/usr/hobot/lib:/app/lib:/app/pub/lib:/middleware/lib:/middleware/pub/lib:/usr/hobot/lib/sensor:/system/lib:/system/usr/lib:/lib /usr/bin/cmake --build /root/dev_ws/build/origincar_base -- -j8 -l8
[2.489s] Invoking command in '/root/dev_ws/build/origincar_base': CMAKE_PREFIX_PATH=/root/dev_ws/install/serial:/root/dev_ws/install/origincar_msg:/root/dev_ws/install/origincar_description:/root/dev_ws/install/ackermann_msgs:/root/dev_ws/install/utils:/root/dev_ws/install/origincar_base:/root/dev_ws/install/origincar_bringup:/root/dev_ws/install/lslidar_driver:/root/dev_ws/install/lslidar_msgs:/root/dev_ws/install/hobot_nav2:/root/dev_ws/install/line_follower_pkg:/root/dev_ws/install/laser_tf_publisher:/userdata/dev_ws/install/utils:/userdata/dev_ws/install/origincar_base:/userdata/dev_ws/install/serial:/userdata/dev_ws/install/origincar_msg:/userdata/dev_ws/install/origincar_description:/userdata/dev_ws/install/origincar_bringup:/userdata/dev_ws/install/line_follower_pkg:/userdata/dev_ws/install/ackermann_msgs:/opt/tros/humble:/opt/ros/humble LD_LIBRARY_PATH=/root/dev_ws/install/origincar_msg/lib:/root/dev_ws/install/ackermann_msgs/lib:/root/dev_ws/install/origincar_base/lib:/root/dev_ws/install/serial/lib:/root/dev_ws/install/lslidar_driver/lib:/root/dev_ws/install/lslidar_msgs/lib:/userdata/dev_ws/install/origincar_base/lib:/userdata/dev_ws/install/serial/lib:/userdata/dev_ws/install/origincar_msg/lib:/userdata/dev_ws/install/ackermann_msgs/lib:/opt/tros/humble/lib/aarch64-linux-gnu:/opt/tros/humble/lib:/opt/ros/humble/opt/rviz_ogre_vendor/lib:/opt/ros/humble/lib/aarch64-linux-gnu:/opt/ros/humble/lib:/usr/hobot/lib:/app/lib:/app/pub/lib:/middleware/lib:/middleware/pub/lib:/usr/hobot/lib/sensor:/system/lib:/system/usr/lib:/lib /usr/bin/cmake --install /root/dev_ws/build/origincar_base
[2.530s] -- Install configuration: ""
[2.531s] -- Up-to-date: /root/dev_ws/install/origincar_base/share/ament_index/resource_index/rosidl_interfaces/origincar_base
[2.531s] -- Up-to-date: /root/dev_ws/install/origincar_base/include/origincar_base/origincar_base
[2.532s] -- Up-to-date: /root/dev_ws/install/origincar_base/include/origincar_base/origincar_base/msg
[2.533s] -- Up-to-date: /root/dev_ws/install/origincar_base/include/origincar_base/origincar_base/msg/position.h
[2.533s] -- Up-to-date: /root/dev_ws/install/origincar_base/include/origincar_base/origincar_base/msg/rosidl_generator_c__visibility_control.h
[2.534s] -- Up-to-date: /root/dev_ws/install/origincar_base/include/origincar_base/origincar_base/msg/detail
[2.534s] -- Up-to-date: /root/dev_ws/install/origincar_base/include/origincar_base/origincar_base/msg/detail/position__type_support.h
[2.535s] -- Up-to-date: /root/dev_ws/install/origincar_base/include/origincar_base/origincar_base/msg/detail/position__functions.h
[2.536s] -- Up-to-date: /root/dev_ws/install/origincar_base/include/origincar_base/origincar_base/msg/detail/position__struct.h
[2.536s] -- Up-to-date: /root/dev_ws/install/origincar_base/include/origincar_base/origincar_base/msg/detail/position__functions.c
[2.537s] -- Up-to-date: /root/dev_ws/install/origincar_base/share/origincar_base/environment/library_path.sh
[2.537s] -- Up-to-date: /root/dev_ws/install/origincar_base/share/origincar_base/environment/library_path.dsv
[2.538s] -- Up-to-date: /root/dev_ws/install/origincar_base/lib/liborigincar_base__rosidl_generator_c.so
[2.538s] -- Up-to-date: /root/dev_ws/install/origincar_base/include/origincar_base/origincar_base
[2.539s] -- Up-to-date: /root/dev_ws/install/origincar_base/include/origincar_base/origincar_base/msg
[2.540s] -- Up-to-date: /root/dev_ws/install/origincar_base/include/origincar_base/origincar_base/msg/rosidl_typesupport_fastrtps_c__visibility_control.h
[2.540s] -- Up-to-date: /root/dev_ws/install/origincar_base/include/origincar_base/origincar_base/msg/detail
[2.541s] -- Up-to-date: /root/dev_ws/install/origincar_base/include/origincar_base/origincar_base/msg/detail/position__rosidl_typesupport_fastrtps_c.h
[2.541s] -- Up-to-date: /root/dev_ws/install/origincar_base/lib/liborigincar_base__rosidl_typesupport_fastrtps_c.so
[2.542s] -- Up-to-date: /root/dev_ws/install/origincar_base/include/origincar_base/origincar_base
[2.542s] -- Up-to-date: /root/dev_ws/install/origincar_base/include/origincar_base/origincar_base/msg
[2.543s] -- Up-to-date: /root/dev_ws/install/origincar_base/include/origincar_base/origincar_base/msg/position.hpp
[2.544s] -- Up-to-date: /root/dev_ws/install/origincar_base/include/origincar_base/origincar_base/msg/detail
[2.544s] -- Up-to-date: /root/dev_ws/install/origincar_base/include/origincar_base/origincar_base/msg/detail/position__struct.hpp
[2.545s] -- Up-to-date: /root/dev_ws/install/origincar_base/include/origincar_base/origincar_base/msg/detail/position__traits.hpp
[2.545s] -- Up-to-date: /root/dev_ws/install/origincar_base/include/origincar_base/origincar_base/msg/detail/position__builder.hpp
[2.546s] -- Up-to-date: /root/dev_ws/install/origincar_base/include/origincar_base/origincar_base
[2.546s] -- Up-to-date: /root/dev_ws/install/origincar_base/include/origincar_base/origincar_base/msg
[2.547s] -- Up-to-date: /root/dev_ws/install/origincar_base/include/origincar_base/origincar_base/msg/detail
[2.548s] -- Up-to-date: /root/dev_ws/install/origincar_base/include/origincar_base/origincar_base/msg/detail/position__rosidl_typesupport_fastrtps_cpp.hpp
[2.548s] -- Up-to-date: /root/dev_ws/install/origincar_base/include/origincar_base/origincar_base/msg/detail/dds_fastrtps
[2.549s] -- Up-to-date: /root/dev_ws/install/origincar_base/include/origincar_base/origincar_base/msg/rosidl_typesupport_fastrtps_cpp__visibility_control.h
[2.549s] -- Up-to-date: /root/dev_ws/install/origincar_base/lib/liborigincar_base__rosidl_typesupport_fastrtps_cpp.so
[2.550s] -- Up-to-date: /root/dev_ws/install/origincar_base/include/origincar_base/origincar_base
[2.550s] -- Up-to-date: /root/dev_ws/install/origincar_base/include/origincar_base/origincar_base/msg
[2.551s] -- Up-to-date: /root/dev_ws/install/origincar_base/include/origincar_base/origincar_base/msg/rosidl_typesupport_introspection_c__visibility_control.h
[2.551s] -- Up-to-date: /root/dev_ws/install/origincar_base/include/origincar_base/origincar_base/msg/detail
[2.552s] -- Up-to-date: /root/dev_ws/install/origincar_base/include/origincar_base/origincar_base/msg/detail/position__type_support.c
[2.552s] -- Up-to-date: /root/dev_ws/install/origincar_base/include/origincar_base/origincar_base/msg/detail/position__rosidl_typesupport_introspection_c.h
[2.553s] -- Up-to-date: /root/dev_ws/install/origincar_base/lib/liborigincar_base__rosidl_typesupport_introspection_c.so
[2.553s] -- Up-to-date: /root/dev_ws/install/origincar_base/lib/liborigincar_base__rosidl_typesupport_c.so
[2.553s] -- Up-to-date: /root/dev_ws/install/origincar_base/include/origincar_base/origincar_base
[2.554s] -- Up-to-date: /root/dev_ws/install/origincar_base/include/origincar_base/origincar_base/msg
[2.554s] -- Up-to-date: /root/dev_ws/install/origincar_base/include/origincar_base/origincar_base/msg/detail
[2.555s] -- Up-to-date: /root/dev_ws/install/origincar_base/include/origincar_base/origincar_base/msg/detail/position__rosidl_typesupport_introspection_cpp.hpp
[2.555s] -- Up-to-date: /root/dev_ws/install/origincar_base/include/origincar_base/origincar_base/msg/detail/position__type_support.cpp
[2.556s] -- Up-to-date: /root/dev_ws/install/origincar_base/lib/liborigincar_base__rosidl_typesupport_introspection_cpp.so
[2.556s] -- Up-to-date: /root/dev_ws/install/origincar_base/lib/liborigincar_base__rosidl_typesupport_cpp.so
[2.556s] -- Up-to-date: /root/dev_ws/install/origincar_base/share/origincar_base/environment/pythonpath.sh
[2.557s] -- Up-to-date: /root/dev_ws/install/origincar_base/share/origincar_base/environment/pythonpath.dsv
[2.557s] -- Up-to-date: /root/dev_ws/install/origincar_base/local/lib/python3.10/dist-packages/origincar_base-0.0.0-py3.10.egg-info
[2.558s] -- Installing: /root/dev_ws/install/origincar_base/local/lib/python3.10/dist-packages/origincar_base-0.0.0-py3.10.egg-info/SOURCES.txt
[2.558s] -- Installing: /root/dev_ws/install/origincar_base/local/lib/python3.10/dist-packages/origincar_base-0.0.0-py3.10.egg-info/PKG-INFO
[2.559s] -- Installing: /root/dev_ws/install/origincar_base/local/lib/python3.10/dist-packages/origincar_base-0.0.0-py3.10.egg-info/dependency_links.txt
[2.559s] -- Installing: /root/dev_ws/install/origincar_base/local/lib/python3.10/dist-packages/origincar_base-0.0.0-py3.10.egg-info/top_level.txt
[2.560s] -- Up-to-date: /root/dev_ws/install/origincar_base/local/lib/python3.10/dist-packages/origincar_base
[2.560s] -- Up-to-date: /root/dev_ws/install/origincar_base/local/lib/python3.10/dist-packages/origincar_base/_origincar_base_s.ep.rosidl_typesupport_fastrtps_c.c
[2.561s] -- Up-to-date: /root/dev_ws/install/origincar_base/local/lib/python3.10/dist-packages/origincar_base/msg
[2.561s] -- Up-to-date: /root/dev_ws/install/origincar_base/local/lib/python3.10/dist-packages/origincar_base/msg/_position_s.c
[2.562s] -- Up-to-date: /root/dev_ws/install/origincar_base/local/lib/python3.10/dist-packages/origincar_base/msg/_position.py
[2.562s] -- Up-to-date: /root/dev_ws/install/origincar_base/local/lib/python3.10/dist-packages/origincar_base/msg/__init__.py
[2.563s] -- Up-to-date: /root/dev_ws/install/origincar_base/local/lib/python3.10/dist-packages/origincar_base/liborigincar_base__rosidl_generator_py.so
[2.563s] -- Up-to-date: /root/dev_ws/install/origincar_base/local/lib/python3.10/dist-packages/origincar_base/origincar_base_s__rosidl_typesupport_fastrtps_c.cpython-310-aarch64-linux-gnu.so
[2.564s] -- Up-to-date: /root/dev_ws/install/origincar_base/local/lib/python3.10/dist-packages/origincar_base/_origincar_base_s.ep.rosidl_typesupport_c.c
[2.564s] -- Up-to-date: /root/dev_ws/install/origincar_base/local/lib/python3.10/dist-packages/origincar_base/__init__.py
[2.565s] -- Up-to-date: /root/dev_ws/install/origincar_base/local/lib/python3.10/dist-packages/origincar_base/_origincar_base_s.ep.rosidl_typesupport_introspection_c.c
[2.565s] -- Up-to-date: /root/dev_ws/install/origincar_base/local/lib/python3.10/dist-packages/origincar_base/origincar_base_s__rosidl_typesupport_introspection_c.cpython-310-aarch64-linux-gnu.so
[2.566s] -- Up-to-date: /root/dev_ws/install/origincar_base/local/lib/python3.10/dist-packages/origincar_base/origincar_base_s__rosidl_typesupport_c.cpython-310-aarch64-linux-gnu.so
[2.759s] Listing '/root/dev_ws/install/origincar_base/local/lib/python3.10/dist-packages/origincar_base'...
[2.759s] Listing '/root/dev_ws/install/origincar_base/local/lib/python3.10/dist-packages/origincar_base/msg'...
[2.794s] -- Up-to-date: /root/dev_ws/install/origincar_base/local/lib/python3.10/dist-packages/origincar_base/origincar_base_s__rosidl_typesupport_fastrtps_c.cpython-310-aarch64-linux-gnu.so
[2.795s] -- Up-to-date: /root/dev_ws/install/origincar_base/local/lib/python3.10/dist-packages/origincar_base/origincar_base_s__rosidl_typesupport_introspection_c.cpython-310-aarch64-linux-gnu.so
[2.797s] -- Up-to-date: /root/dev_ws/install/origincar_base/local/lib/python3.10/dist-packages/origincar_base/origincar_base_s__rosidl_typesupport_c.cpython-310-aarch64-linux-gnu.so
[2.798s] -- Up-to-date: /root/dev_ws/install/origincar_base/lib/liborigincar_base__rosidl_generator_py.so
[2.799s] -- Up-to-date: /root/dev_ws/install/origincar_base/share/origincar_base/msg/Position.idl
[2.800s] -- Up-to-date: /root/dev_ws/install/origincar_base/share/origincar_base/msg/Position.msg
[2.800s] -- Installing: /root/dev_ws/install/origincar_base/lib/origincar_base/cmd_vel_to_ackermann_drive.py
[2.801s] -- Up-to-date: /root/dev_ws/install/origincar_base/lib/origincar_base/origincar_base_node
[2.802s] -- Up-to-date: /root/dev_ws/install/origincar_base/share/origincar_base/launch
[2.803s] -- Up-to-date: /root/dev_ws/install/origincar_base/share/origincar_base/launch/origincar_bringup.launch.py
[2.804s] -- Up-to-date: /root/dev_ws/install/origincar_base/share/origincar_base/launch/robot_mode_description.launch.py
[2.804s] -- Up-to-date: /root/dev_ws/install/origincar_base/share/origincar_base/launch/ekf.launch.py
[2.805s] -- Up-to-date: /root/dev_ws/install/origincar_base/share/origincar_base/launch/base_serial.launch.py
[2.805s] -- Up-to-date: /root/dev_ws/install/origincar_base/share/origincar_base/launch/__pycache__
[2.806s] -- Up-to-date: /root/dev_ws/install/origincar_base/share/origincar_base/launch/__pycache__/testtwo.launch.cpython-38.pyc
[2.806s] -- Up-to-date: /root/dev_ws/install/origincar_base/share/origincar_base/config
[2.807s] -- Up-to-date: /root/dev_ws/install/origincar_base/share/origincar_base/config/imu.yaml
[2.807s] -- Up-to-date: /root/dev_ws/install/origincar_base/share/origincar_base/config/ekf.yaml
[2.808s] -- Up-to-date: /root/dev_ws/install/origincar_base/share/ament_index/resource_index/package_run_dependencies/origincar_base
[2.809s] -- Up-to-date: /root/dev_ws/install/origincar_base/share/ament_index/resource_index/parent_prefix_path/origincar_base
[2.809s] -- Up-to-date: /root/dev_ws/install/origincar_base/share/origincar_base/environment/ament_prefix_path.sh
[2.810s] -- Up-to-date: /root/dev_ws/install/origincar_base/share/origincar_base/environment/ament_prefix_path.dsv
[2.811s] -- Up-to-date: /root/dev_ws/install/origincar_base/share/origincar_base/environment/path.sh
[2.811s] -- Up-to-date: /root/dev_ws/install/origincar_base/share/origincar_base/environment/path.dsv
[2.812s] -- Up-to-date: /root/dev_ws/install/origincar_base/share/origincar_base/local_setup.bash
[2.813s] -- Up-to-date: /root/dev_ws/install/origincar_base/share/origincar_base/local_setup.sh
[2.813s] -- Up-to-date: /root/dev_ws/install/origincar_base/share/origincar_base/local_setup.zsh
[2.814s] -- Up-to-date: /root/dev_ws/install/origincar_base/share/origincar_base/local_setup.dsv
[2.815s] -- Installing: /root/dev_ws/install/origincar_base/share/origincar_base/package.dsv
[2.815s] -- Up-to-date: /root/dev_ws/install/origincar_base/share/ament_index/resource_index/packages/origincar_base
[2.816s] -- Up-to-date: /root/dev_ws/install/origincar_base/share/origincar_base/cmake/export_origincar_base__rosidl_generator_cExport.cmake
[2.816s] -- Up-to-date: /root/dev_ws/install/origincar_base/share/origincar_base/cmake/export_origincar_base__rosidl_generator_cExport-noconfig.cmake
[2.817s] -- Up-to-date: /root/dev_ws/install/origincar_base/share/origincar_base/cmake/export_origincar_base__rosidl_typesupport_fastrtps_cExport.cmake
[2.817s] -- Up-to-date: /root/dev_ws/install/origincar_base/share/origincar_base/cmake/export_origincar_base__rosidl_typesupport_fastrtps_cExport-noconfig.cmake
[2.818s] -- Up-to-date: /root/dev_ws/install/origincar_base/share/origincar_base/cmake/export_origincar_base__rosidl_generator_cppExport.cmake
[2.818s] -- Up-to-date: /root/dev_ws/install/origincar_base/share/origincar_base/cmake/export_origincar_base__rosidl_typesupport_fastrtps_cppExport.cmake
[2.819s] -- Up-to-date: /root/dev_ws/install/origincar_base/share/origincar_base/cmake/export_origincar_base__rosidl_typesupport_fastrtps_cppExport-noconfig.cmake
[2.819s] -- Up-to-date: /root/dev_ws/install/origincar_base/share/origincar_base/cmake/origincar_base__rosidl_typesupport_introspection_cExport.cmake
[2.820s] -- Up-to-date: /root/dev_ws/install/origincar_base/share/origincar_base/cmake/origincar_base__rosidl_typesupport_introspection_cExport-noconfig.cmake
[2.820s] -- Up-to-date: /root/dev_ws/install/origincar_base/share/origincar_base/cmake/origincar_base__rosidl_typesupport_cExport.cmake
[2.821s] -- Up-to-date: /root/dev_ws/install/origincar_base/share/origincar_base/cmake/origincar_base__rosidl_typesupport_cExport-noconfig.cmake
[2.822s] -- Up-to-date: /root/dev_ws/install/origincar_base/share/origincar_base/cmake/origincar_base__rosidl_typesupport_introspection_cppExport.cmake
[2.823s] -- Up-to-date: /root/dev_ws/install/origincar_base/share/origincar_base/cmake/origincar_base__rosidl_typesupport_introspection_cppExport-noconfig.cmake
[2.826s] -- Up-to-date: /root/dev_ws/install/origincar_base/share/origincar_base/cmake/origincar_base__rosidl_typesupport_cppExport.cmake
[2.827s] -- Up-to-date: /root/dev_ws/install/origincar_base/share/origincar_base/cmake/origincar_base__rosidl_typesupport_cppExport-noconfig.cmake
[2.828s] -- Up-to-date: /root/dev_ws/install/origincar_base/share/origincar_base/cmake/export_origincar_base__rosidl_generator_pyExport.cmake
[2.829s] -- Up-to-date: /root/dev_ws/install/origincar_base/share/origincar_base/cmake/export_origincar_base__rosidl_generator_pyExport-noconfig.cmake
[2.831s] -- Up-to-date: /root/dev_ws/install/origincar_base/share/origincar_base/cmake/rosidl_cmake-extras.cmake
[2.831s] -- Up-to-date: /root/dev_ws/install/origincar_base/share/origincar_base/cmake/ament_cmake_export_include_directories-extras.cmake
[2.832s] -- Up-to-date: /root/dev_ws/install/origincar_base/share/origincar_base/cmake/ament_cmake_export_libraries-extras.cmake
[2.833s] -- Up-to-date: /root/dev_ws/install/origincar_base/share/origincar_base/cmake/ament_cmake_export_targets-extras.cmake
[2.834s] -- Up-to-date: /root/dev_ws/install/origincar_base/share/origincar_base/cmake/rosidl_cmake_export_typesupport_targets-extras.cmake
[2.835s] -- Up-to-date: /root/dev_ws/install/origincar_base/share/origincar_base/cmake/ament_cmake_export_dependencies-extras.cmake
[2.836s] -- Up-to-date: /root/dev_ws/install/origincar_base/share/origincar_base/cmake/rosidl_cmake_export_typesupport_libraries-extras.cmake
[2.837s] -- Up-to-date: /root/dev_ws/install/origincar_base/share/origincar_base/cmake/origincar_baseConfig.cmake
[2.838s] -- Up-to-date: /root/dev_ws/install/origincar_base/share/origincar_base/cmake/origincar_baseConfig-version.cmake
[2.839s] -- Up-to-date: /root/dev_ws/install/origincar_base/share/origincar_base/package.xml
[2.840s] Invoked command in '/root/dev_ws/build/origincar_base' returned '0': CMAKE_PREFIX_PATH=/root/dev_ws/install/serial:/root/dev_ws/install/origincar_msg:/root/dev_ws/install/origincar_description:/root/dev_ws/install/ackermann_msgs:/root/dev_ws/install/utils:/root/dev_ws/install/origincar_base:/root/dev_ws/install/origincar_bringup:/root/dev_ws/install/lslidar_driver:/root/dev_ws/install/lslidar_msgs:/root/dev_ws/install/hobot_nav2:/root/dev_ws/install/line_follower_pkg:/root/dev_ws/install/laser_tf_publisher:/userdata/dev_ws/install/utils:/userdata/dev_ws/install/origincar_base:/userdata/dev_ws/install/serial:/userdata/dev_ws/install/origincar_msg:/userdata/dev_ws/install/origincar_description:/userdata/dev_ws/install/origincar_bringup:/userdata/dev_ws/install/line_follower_pkg:/userdata/dev_ws/install/ackermann_msgs:/opt/tros/humble:/opt/ros/humble LD_LIBRARY_PATH=/root/dev_ws/install/origincar_msg/lib:/root/dev_ws/install/ackermann_msgs/lib:/root/dev_ws/install/origincar_base/lib:/root/dev_ws/install/serial/lib:/root/dev_ws/install/lslidar_driver/lib:/root/dev_ws/install/lslidar_msgs/lib:/userdata/dev_ws/install/origincar_base/lib:/userdata/dev_ws/install/serial/lib:/userdata/dev_ws/install/origincar_msg/lib:/userdata/dev_ws/install/ackermann_msgs/lib:/opt/tros/humble/lib/aarch64-linux-gnu:/opt/tros/humble/lib:/opt/ros/humble/opt/rviz_ogre_vendor/lib:/opt/ros/humble/lib/aarch64-linux-gnu:/opt/ros/humble/lib:/usr/hobot/lib:/app/lib:/app/pub/lib:/middleware/lib:/middleware/pub/lib:/usr/hobot/lib/sensor:/system/lib:/system/usr/lib:/lib /usr/bin/cmake --install /root/dev_ws/build/origincar_base
