[0.386s] Invoking command in '/root/dev_ws/build/origincar_bringup': CMAKE_PREFIX_PATH=${CMAKE_PREFIX_PATH}:/root/dev_ws/install/line_follower_pkg:/root/dev_ws/install/laser_tf_publisher:/userdata/dev_ws/install/utils:/userdata/dev_ws/install/origincar_base:/userdata/dev_ws/install/serial:/userdata/dev_ws/install/origincar_msg:/userdata/dev_ws/install/origincar_description:/userdata/dev_ws/install/origincar_bringup:/userdata/dev_ws/install/line_follower_pkg:/userdata/dev_ws/install/ackermann_msgs:/opt/tros/humble:/opt/ros/humble /usr/bin/cmake --build /root/dev_ws/build/origincar_bringup -- -j8 -l8
[0.573s] Invoked command in '/root/dev_ws/build/origincar_bringup' returned '0': CMAKE_PREFIX_PATH=${CMAKE_PREFIX_PATH}:/root/dev_ws/install/line_follower_pkg:/root/dev_ws/install/laser_tf_publisher:/userdata/dev_ws/install/utils:/userdata/dev_ws/install/origincar_base:/userdata/dev_ws/install/serial:/userdata/dev_ws/install/origincar_msg:/userdata/dev_ws/install/origincar_description:/userdata/dev_ws/install/origincar_bringup:/userdata/dev_ws/install/line_follower_pkg:/userdata/dev_ws/install/ackermann_msgs:/opt/tros/humble:/opt/ros/humble /usr/bin/cmake --build /root/dev_ws/build/origincar_bringup -- -j8 -l8
[0.580s] Invoking command in '/root/dev_ws/build/origincar_bringup': CMAKE_PREFIX_PATH=${CMAKE_PREFIX_PATH}:/root/dev_ws/install/line_follower_pkg:/root/dev_ws/install/laser_tf_publisher:/userdata/dev_ws/install/utils:/userdata/dev_ws/install/origincar_base:/userdata/dev_ws/install/serial:/userdata/dev_ws/install/origincar_msg:/userdata/dev_ws/install/origincar_description:/userdata/dev_ws/install/origincar_bringup:/userdata/dev_ws/install/line_follower_pkg:/userdata/dev_ws/install/ackermann_msgs:/opt/tros/humble:/opt/ros/humble /usr/bin/cmake --install /root/dev_ws/build/origincar_bringup
[0.621s] -- Install configuration: ""
[0.622s] -- Up-to-date: /root/dev_ws/install/origincar_bringup/share/origincar_bringup/launch
[0.624s] -- Up-to-date: /root/dev_ws/install/origincar_bringup/share/origincar_bringup/launch/usb_websocket_display.launch.py
[0.625s] -- Up-to-date: /root/dev_ws/install/origincar_bringup/share/ament_index/resource_index/package_run_dependencies/origincar_bringup
[0.627s] -- Up-to-date: /root/dev_ws/install/origincar_bringup/share/ament_index/resource_index/parent_prefix_path/origincar_bringup
[0.628s] -- Up-to-date: /root/dev_ws/install/origincar_bringup/share/origincar_bringup/environment/ament_prefix_path.sh
[0.629s] -- Up-to-date: /root/dev_ws/install/origincar_bringup/share/origincar_bringup/environment/ament_prefix_path.dsv
[0.631s] -- Up-to-date: /root/dev_ws/install/origincar_bringup/share/origincar_bringup/environment/path.sh
[0.647s] -- Up-to-date: /root/dev_ws/install/origincar_bringup/share/origincar_bringup/environment/path.dsv
[0.648s] -- Up-to-date: /root/dev_ws/install/origincar_bringup/share/origincar_bringup/local_setup.bash
[0.649s] -- Up-to-date: /root/dev_ws/install/origincar_bringup/share/origincar_bringup/local_setup.sh
[0.650s] -- Up-to-date: /root/dev_ws/install/origincar_bringup/share/origincar_bringup/local_setup.zsh
[0.651s] -- Up-to-date: /root/dev_ws/install/origincar_bringup/share/origincar_bringup/local_setup.dsv
[0.652s] -- Installing: /root/dev_ws/install/origincar_bringup/share/origincar_bringup/package.dsv
[0.657s] -- Up-to-date: /root/dev_ws/install/origincar_bringup/share/ament_index/resource_index/packages/origincar_bringup
[0.658s] -- Up-to-date: /root/dev_ws/install/origincar_bringup/share/origincar_bringup/cmake/origincar_bringupConfig.cmake
[0.663s] -- Up-to-date: /root/dev_ws/install/origincar_bringup/share/origincar_bringup/cmake/origincar_bringupConfig-version.cmake
[0.664s] -- Up-to-date: /root/dev_ws/install/origincar_bringup/share/origincar_bringup/package.xml
[0.666s] Invoked command in '/root/dev_ws/build/origincar_bringup' returned '0': CMAKE_PREFIX_PATH=${CMAKE_PREFIX_PATH}:/root/dev_ws/install/line_follower_pkg:/root/dev_ws/install/laser_tf_publisher:/userdata/dev_ws/install/utils:/userdata/dev_ws/install/origincar_base:/userdata/dev_ws/install/serial:/userdata/dev_ws/install/origincar_msg:/userdata/dev_ws/install/origincar_description:/userdata/dev_ws/install/origincar_bringup:/userdata/dev_ws/install/line_follower_pkg:/userdata/dev_ws/install/ackermann_msgs:/opt/tros/humble:/opt/ros/humble /usr/bin/cmake --install /root/dev_ws/build/origincar_bringup
