[0.273s] Invoking command in '/root/dev_ws/build/origincar_description': CMAKE_PREFIX_PATH=${CMAKE_PREFIX_PATH}:/root/dev_ws/install/line_follower_pkg:/root/dev_ws/install/laser_tf_publisher:/userdata/dev_ws/install/utils:/userdata/dev_ws/install/origincar_base:/userdata/dev_ws/install/serial:/userdata/dev_ws/install/origincar_msg:/userdata/dev_ws/install/origincar_description:/userdata/dev_ws/install/origincar_bringup:/userdata/dev_ws/install/line_follower_pkg:/userdata/dev_ws/install/ackermann_msgs:/opt/tros/humble:/opt/ros/humble /usr/bin/cmake --build /root/dev_ws/build/origincar_description -- -j8 -l8
[4.639s] Invoked command in '/root/dev_ws/build/origincar_description' returned '0': CMAKE_PREFIX_PATH=${CMAKE_PREFIX_PATH}:/root/dev_ws/install/line_follower_pkg:/root/dev_ws/install/laser_tf_publisher:/userdata/dev_ws/install/utils:/userdata/dev_ws/install/origincar_base:/userdata/dev_ws/install/serial:/userdata/dev_ws/install/origincar_msg:/userdata/dev_ws/install/origincar_description:/userdata/dev_ws/install/origincar_bringup:/userdata/dev_ws/install/line_follower_pkg:/userdata/dev_ws/install/ackermann_msgs:/opt/tros/humble:/opt/ros/humble /usr/bin/cmake --build /root/dev_ws/build/origincar_description -- -j8 -l8
[4.659s] Invoking command in '/root/dev_ws/build/origincar_description': CMAKE_PREFIX_PATH=${CMAKE_PREFIX_PATH}:/root/dev_ws/install/line_follower_pkg:/root/dev_ws/install/laser_tf_publisher:/userdata/dev_ws/install/utils:/userdata/dev_ws/install/origincar_base:/userdata/dev_ws/install/serial:/userdata/dev_ws/install/origincar_msg:/userdata/dev_ws/install/origincar_description:/userdata/dev_ws/install/origincar_bringup:/userdata/dev_ws/install/line_follower_pkg:/userdata/dev_ws/install/ackermann_msgs:/opt/tros/humble:/opt/ros/humble /usr/bin/cmake --install /root/dev_ws/build/origincar_description
[4.716s] -- Install configuration: ""
[4.717s] -- Up-to-date: /root/dev_ws/install/origincar_description/share/origincar_description/launch
[4.719s] -- Up-to-date: /root/dev_ws/install/origincar_description/share/origincar_description/launch/display.launch
[4.724s] -- Up-to-date: /root/dev_ws/install/origincar_description/share/origincar_description/launch/display.launch.py
[4.728s] -- Up-to-date: /root/dev_ws/install/origincar_description/share/origincar_description/launch/gazebo.launch
[4.731s] -- Up-to-date: /root/dev_ws/install/origincar_description/share/origincar_description/urdf
[4.733s] -- Up-to-date: /root/dev_ws/install/origincar_description/share/origincar_description/urdf/origincar.xacro
[4.734s] -- Up-to-date: /root/dev_ws/install/origincar_description/share/origincar_description/urdf/origincar.urdf
[4.737s] -- Up-to-date: /root/dev_ws/install/origincar_description/share/origincar_description/rviz
[4.740s] -- Up-to-date: /root/dev_ws/install/origincar_description/share/origincar_description/rviz/README
[4.743s] -- Up-to-date: /root/dev_ws/install/origincar_description/share/origincar_description/rviz/display.rviz
[4.745s] -- Up-to-date: /root/dev_ws/install/origincar_description/share/origincar_description/meshes
[4.756s] -- Up-to-date: /root/dev_ws/install/origincar_description/share/origincar_description/meshes/up_right_Link.STL
[4.762s] -- Up-to-date: /root/dev_ws/install/origincar_description/share/origincar_description/meshes/up_left_Link.STL
[4.765s] -- Up-to-date: /root/dev_ws/install/origincar_description/share/origincar_description/meshes/base_link.STL
[4.766s] -- Up-to-date: /root/dev_ws/install/origincar_description/share/origincar_description/meshes/down_right_Link.STL
[4.767s] -- Up-to-date: /root/dev_ws/install/origincar_description/share/origincar_description/meshes/down_left_Link.STL
[4.771s] -- Up-to-date: /root/dev_ws/install/origincar_description/share/ament_index/resource_index/package_run_dependencies/origincar_description
[4.776s] -- Up-to-date: /root/dev_ws/install/origincar_description/share/ament_index/resource_index/parent_prefix_path/origincar_description
[4.784s] -- Up-to-date: /root/dev_ws/install/origincar_description/share/origincar_description/environment/ament_prefix_path.sh
[4.789s] -- Up-to-date: /root/dev_ws/install/origincar_description/share/origincar_description/environment/ament_prefix_path.dsv
[4.792s] -- Up-to-date: /root/dev_ws/install/origincar_description/share/origincar_description/environment/path.sh
[4.796s] -- Up-to-date: /root/dev_ws/install/origincar_description/share/origincar_description/environment/path.dsv
[4.797s] -- Up-to-date: /root/dev_ws/install/origincar_description/share/origincar_description/local_setup.bash
[4.798s] -- Up-to-date: /root/dev_ws/install/origincar_description/share/origincar_description/local_setup.sh
[4.799s] -- Up-to-date: /root/dev_ws/install/origincar_description/share/origincar_description/local_setup.zsh
[4.801s] -- Up-to-date: /root/dev_ws/install/origincar_description/share/origincar_description/local_setup.dsv
[4.802s] -- Installing: /root/dev_ws/install/origincar_description/share/origincar_description/package.dsv
[4.803s] -- Up-to-date: /root/dev_ws/install/origincar_description/share/ament_index/resource_index/packages/origincar_description
[4.804s] -- Up-to-date: /root/dev_ws/install/origincar_description/share/origincar_description/cmake/origincar_descriptionConfig.cmake
[4.806s] -- Up-to-date: /root/dev_ws/install/origincar_description/share/origincar_description/cmake/origincar_descriptionConfig-version.cmake
[4.806s] -- Up-to-date: /root/dev_ws/install/origincar_description/share/origincar_description/package.xml
[5.573s] Invoked command in '/root/dev_ws/build/origincar_description' returned '0': CMAKE_PREFIX_PATH=${CMAKE_PREFIX_PATH}:/root/dev_ws/install/line_follower_pkg:/root/dev_ws/install/laser_tf_publisher:/userdata/dev_ws/install/utils:/userdata/dev_ws/install/origincar_base:/userdata/dev_ws/install/serial:/userdata/dev_ws/install/origincar_msg:/userdata/dev_ws/install/origincar_description:/userdata/dev_ws/install/origincar_bringup:/userdata/dev_ws/install/line_follower_pkg:/userdata/dev_ws/install/ackermann_msgs:/opt/tros/humble:/opt/ros/humble /usr/bin/cmake --install /root/dev_ws/build/origincar_description
