[0.457s] Invoking command in '/root/dev_ws/build/ackermann_msgs': CMAKE_PREFIX_PATH=${CMAKE_PREFIX_PATH}:/root/dev_ws/install/line_follower_pkg:/root/dev_ws/install/laser_tf_publisher:/userdata/dev_ws/install/utils:/userdata/dev_ws/install/origincar_base:/userdata/dev_ws/install/serial:/userdata/dev_ws/install/origincar_msg:/userdata/dev_ws/install/origincar_description:/userdata/dev_ws/install/origincar_bringup:/userdata/dev_ws/install/line_follower_pkg:/userdata/dev_ws/install/ackermann_msgs:/opt/tros/humble:/opt/ros/humble /usr/bin/cmake --build /root/dev_ws/build/ackermann_msgs -- -j8 -l8
[6.249s] [  2%] Built target ackermann_msgs__cpp
[6.250s] [ 12%] Built target ackermann_msgs__rosidl_generator_c
[6.251s] [ 12%] Built target ament_cmake_python_copy_ackermann_msgs
[6.251s] [ 23%] Built target ackermann_msgs__rosidl_typesupport_introspection_cpp
[6.252s] [ 33%] Built target ackermann_msgs__rosidl_typesupport_cpp
[6.253s] [ 43%] Built target ackermann_msgs__rosidl_typesupport_fastrtps_cpp
[6.254s] [ 53%] Built target ackermann_msgs__rosidl_typesupport_fastrtps_c
[6.254s] [ 64%] Built target ackermann_msgs__rosidl_typesupport_introspection_c
[6.255s] [ 74%] Built target ackermann_msgs__rosidl_typesupport_c
[6.256s] [ 74%] Built target ackermann_msgs
[6.256s] [ 76%] Built target ackermann_msgs__py
[6.257s] [ 84%] Built target ackermann_msgs__rosidl_generator_py
[6.258s] [ 89%] Built target ackermann_msgs__rosidl_typesupport_introspection_c__pyext
[6.259s] [ 94%] Built target ackermann_msgs__rosidl_typesupport_fastrtps_c__pyext
[6.259s] [100%] Built target ackermann_msgs__rosidl_typesupport_c__pyext
[6.260s] running egg_info
[6.260s] writing ackermann_msgs.egg-info/PKG-INFO
[6.262s] writing dependency_links to ackermann_msgs.egg-info/dependency_links.txt
[6.262s] writing top-level names to ackermann_msgs.egg-info/top_level.txt
[6.264s] reading manifest file 'ackermann_msgs.egg-info/SOURCES.txt'
[6.264s] writing manifest file 'ackermann_msgs.egg-info/SOURCES.txt'
[6.265s] [100%] Built target ament_cmake_python_build_ackermann_msgs_egg
[6.435s] Invoked command in '/root/dev_ws/build/ackermann_msgs' returned '0': CMAKE_PREFIX_PATH=${CMAKE_PREFIX_PATH}:/root/dev_ws/install/line_follower_pkg:/root/dev_ws/install/laser_tf_publisher:/userdata/dev_ws/install/utils:/userdata/dev_ws/install/origincar_base:/userdata/dev_ws/install/serial:/userdata/dev_ws/install/origincar_msg:/userdata/dev_ws/install/origincar_description:/userdata/dev_ws/install/origincar_bringup:/userdata/dev_ws/install/line_follower_pkg:/userdata/dev_ws/install/ackermann_msgs:/opt/tros/humble:/opt/ros/humble /usr/bin/cmake --build /root/dev_ws/build/ackermann_msgs -- -j8 -l8
[6.527s] Invoking command in '/root/dev_ws/build/ackermann_msgs': CMAKE_PREFIX_PATH=${CMAKE_PREFIX_PATH}:/root/dev_ws/install/line_follower_pkg:/root/dev_ws/install/laser_tf_publisher:/userdata/dev_ws/install/utils:/userdata/dev_ws/install/origincar_base:/userdata/dev_ws/install/serial:/userdata/dev_ws/install/origincar_msg:/userdata/dev_ws/install/origincar_description:/userdata/dev_ws/install/origincar_bringup:/userdata/dev_ws/install/line_follower_pkg:/userdata/dev_ws/install/ackermann_msgs:/opt/tros/humble:/opt/ros/humble /usr/bin/cmake --install /root/dev_ws/build/ackermann_msgs
[6.818s] -- Install configuration: ""
[6.820s] -- Up-to-date: /root/dev_ws/install/ackermann_msgs/share/ament_index/resource_index/rosidl_interfaces/ackermann_msgs
[6.821s] -- Up-to-date: /root/dev_ws/install/ackermann_msgs/include/ackermann_msgs/ackermann_msgs
[6.821s] -- Up-to-date: /root/dev_ws/install/ackermann_msgs/include/ackermann_msgs/ackermann_msgs/msg
[6.822s] -- Up-to-date: /root/dev_ws/install/ackermann_msgs/include/ackermann_msgs/ackermann_msgs/msg/ackermann_drive.h
[6.824s] -- Up-to-date: /root/dev_ws/install/ackermann_msgs/include/ackermann_msgs/ackermann_msgs/msg/rosidl_generator_c__visibility_control.h
[6.824s] -- Up-to-date: /root/dev_ws/install/ackermann_msgs/include/ackermann_msgs/ackermann_msgs/msg/detail
[6.825s] -- Up-to-date: /root/dev_ws/install/ackermann_msgs/include/ackermann_msgs/ackermann_msgs/msg/detail/ackermann_drive_stamped__type_support.h
[6.826s] -- Up-to-date: /root/dev_ws/install/ackermann_msgs/include/ackermann_msgs/ackermann_msgs/msg/detail/ackermann_drive_stamped__functions.c
[6.826s] -- Up-to-date: /root/dev_ws/install/ackermann_msgs/include/ackermann_msgs/ackermann_msgs/msg/detail/ackermann_drive__type_support.h
[6.827s] -- Up-to-date: /root/dev_ws/install/ackermann_msgs/include/ackermann_msgs/ackermann_msgs/msg/detail/ackermann_drive_stamped__struct.h
[6.827s] -- Up-to-date: /root/dev_ws/install/ackermann_msgs/include/ackermann_msgs/ackermann_msgs/msg/detail/ackermann_drive__struct.h
[6.828s] -- Up-to-date: /root/dev_ws/install/ackermann_msgs/include/ackermann_msgs/ackermann_msgs/msg/detail/ackermann_drive__functions.h
[6.828s] -- Up-to-date: /root/dev_ws/install/ackermann_msgs/include/ackermann_msgs/ackermann_msgs/msg/detail/ackermann_drive_stamped__functions.h
[6.829s] -- Up-to-date: /root/dev_ws/install/ackermann_msgs/include/ackermann_msgs/ackermann_msgs/msg/detail/ackermann_drive__functions.c
[6.830s] -- Up-to-date: /root/dev_ws/install/ackermann_msgs/include/ackermann_msgs/ackermann_msgs/msg/ackermann_drive_stamped.h
[6.830s] -- Up-to-date: /root/dev_ws/install/ackermann_msgs/share/ackermann_msgs/environment/library_path.sh
[6.831s] -- Up-to-date: /root/dev_ws/install/ackermann_msgs/share/ackermann_msgs/environment/library_path.dsv
[6.831s] -- Up-to-date: /root/dev_ws/install/ackermann_msgs/lib/libackermann_msgs__rosidl_generator_c.so
[6.832s] -- Up-to-date: /root/dev_ws/install/ackermann_msgs/include/ackermann_msgs/ackermann_msgs
[6.832s] -- Up-to-date: /root/dev_ws/install/ackermann_msgs/include/ackermann_msgs/ackermann_msgs/msg
[6.943s] -- Up-to-date: /root/dev_ws/install/ackermann_msgs/include/ackermann_msgs/ackermann_msgs/msg/rosidl_typesupport_fastrtps_c__visibility_control.h
[6.975s] -- Up-to-date: /root/dev_ws/install/ackermann_msgs/include/ackermann_msgs/ackermann_msgs/msg/detail
[6.976s] -- Up-to-date: /root/dev_ws/install/ackermann_msgs/include/ackermann_msgs/ackermann_msgs/msg/detail/ackermann_drive_stamped__rosidl_typesupport_fastrtps_c.h
[6.977s] -- Up-to-date: /root/dev_ws/install/ackermann_msgs/include/ackermann_msgs/ackermann_msgs/msg/detail/ackermann_drive__rosidl_typesupport_fastrtps_c.h
[6.978s] -- Up-to-date: /root/dev_ws/install/ackermann_msgs/lib/libackermann_msgs__rosidl_typesupport_fastrtps_c.so
[6.978s] -- Up-to-date: /root/dev_ws/install/ackermann_msgs/include/ackermann_msgs/ackermann_msgs
[6.979s] -- Up-to-date: /root/dev_ws/install/ackermann_msgs/include/ackermann_msgs/ackermann_msgs/msg
[6.979s] -- Up-to-date: /root/dev_ws/install/ackermann_msgs/include/ackermann_msgs/ackermann_msgs/msg/rosidl_typesupport_introspection_c__visibility_control.h
[6.980s] -- Up-to-date: /root/dev_ws/install/ackermann_msgs/include/ackermann_msgs/ackermann_msgs/msg/detail
[6.981s] -- Up-to-date: /root/dev_ws/install/ackermann_msgs/include/ackermann_msgs/ackermann_msgs/msg/detail/ackermann_drive_stamped__type_support.c
[6.981s] -- Up-to-date: /root/dev_ws/install/ackermann_msgs/include/ackermann_msgs/ackermann_msgs/msg/detail/ackermann_drive__rosidl_typesupport_introspection_c.h
[6.982s] -- Up-to-date: /root/dev_ws/install/ackermann_msgs/include/ackermann_msgs/ackermann_msgs/msg/detail/ackermann_drive_stamped__rosidl_typesupport_introspection_c.h
[6.982s] -- Up-to-date: /root/dev_ws/install/ackermann_msgs/include/ackermann_msgs/ackermann_msgs/msg/detail/ackermann_drive__type_support.c
[6.994s] -- Up-to-date: /root/dev_ws/install/ackermann_msgs/lib/libackermann_msgs__rosidl_typesupport_introspection_c.so
[6.995s] -- Up-to-date: /root/dev_ws/install/ackermann_msgs/lib/libackermann_msgs__rosidl_typesupport_c.so
[6.996s] -- Up-to-date: /root/dev_ws/install/ackermann_msgs/include/ackermann_msgs/ackermann_msgs
[6.996s] -- Up-to-date: /root/dev_ws/install/ackermann_msgs/include/ackermann_msgs/ackermann_msgs/msg
[6.997s] -- Up-to-date: /root/dev_ws/install/ackermann_msgs/include/ackermann_msgs/ackermann_msgs/msg/ackermann_drive.hpp
[6.997s] -- Up-to-date: /root/dev_ws/install/ackermann_msgs/include/ackermann_msgs/ackermann_msgs/msg/detail
[6.998s] -- Up-to-date: /root/dev_ws/install/ackermann_msgs/include/ackermann_msgs/ackermann_msgs/msg/detail/ackermann_drive_stamped__struct.hpp
[6.998s] -- Up-to-date: /root/dev_ws/install/ackermann_msgs/include/ackermann_msgs/ackermann_msgs/msg/detail/ackermann_drive_stamped__traits.hpp
[6.999s] -- Up-to-date: /root/dev_ws/install/ackermann_msgs/include/ackermann_msgs/ackermann_msgs/msg/detail/ackermann_drive_stamped__builder.hpp
[7.000s] -- Up-to-date: /root/dev_ws/install/ackermann_msgs/include/ackermann_msgs/ackermann_msgs/msg/detail/ackermann_drive__builder.hpp
[7.000s] -- Up-to-date: /root/dev_ws/install/ackermann_msgs/include/ackermann_msgs/ackermann_msgs/msg/detail/ackermann_drive__struct.hpp
[7.001s] -- Up-to-date: /root/dev_ws/install/ackermann_msgs/include/ackermann_msgs/ackermann_msgs/msg/detail/ackermann_drive__traits.hpp
[7.001s] -- Up-to-date: /root/dev_ws/install/ackermann_msgs/include/ackermann_msgs/ackermann_msgs/msg/ackermann_drive_stamped.hpp
[7.002s] -- Up-to-date: /root/dev_ws/install/ackermann_msgs/include/ackermann_msgs/ackermann_msgs
[7.002s] -- Up-to-date: /root/dev_ws/install/ackermann_msgs/include/ackermann_msgs/ackermann_msgs/msg
[7.063s] -- Up-to-date: /root/dev_ws/install/ackermann_msgs/include/ackermann_msgs/ackermann_msgs/msg/detail
[7.064s] -- Up-to-date: /root/dev_ws/install/ackermann_msgs/include/ackermann_msgs/ackermann_msgs/msg/detail/dds_fastrtps
[7.065s] -- Up-to-date: /root/dev_ws/install/ackermann_msgs/include/ackermann_msgs/ackermann_msgs/msg/detail/ackermann_drive__rosidl_typesupport_fastrtps_cpp.hpp
[7.066s] -- Up-to-date: /root/dev_ws/install/ackermann_msgs/include/ackermann_msgs/ackermann_msgs/msg/detail/ackermann_drive_stamped__rosidl_typesupport_fastrtps_cpp.hpp
[7.066s] -- Up-to-date: /root/dev_ws/install/ackermann_msgs/include/ackermann_msgs/ackermann_msgs/msg/rosidl_typesupport_fastrtps_cpp__visibility_control.h
[7.067s] -- Up-to-date: /root/dev_ws/install/ackermann_msgs/lib/libackermann_msgs__rosidl_typesupport_fastrtps_cpp.so
[7.068s] -- Up-to-date: /root/dev_ws/install/ackermann_msgs/include/ackermann_msgs/ackermann_msgs
[7.068s] -- Up-to-date: /root/dev_ws/install/ackermann_msgs/include/ackermann_msgs/ackermann_msgs/msg
[7.069s] -- Up-to-date: /root/dev_ws/install/ackermann_msgs/include/ackermann_msgs/ackermann_msgs/msg/detail
[7.070s] -- Up-to-date: /root/dev_ws/install/ackermann_msgs/include/ackermann_msgs/ackermann_msgs/msg/detail/ackermann_drive__rosidl_typesupport_introspection_cpp.hpp
[7.070s] -- Up-to-date: /root/dev_ws/install/ackermann_msgs/include/ackermann_msgs/ackermann_msgs/msg/detail/ackermann_drive_stamped__type_support.cpp
[7.071s] -- Up-to-date: /root/dev_ws/install/ackermann_msgs/include/ackermann_msgs/ackermann_msgs/msg/detail/ackermann_drive__type_support.cpp
[7.071s] -- Up-to-date: /root/dev_ws/install/ackermann_msgs/include/ackermann_msgs/ackermann_msgs/msg/detail/ackermann_drive_stamped__rosidl_typesupport_introspection_cpp.hpp
[7.072s] -- Up-to-date: /root/dev_ws/install/ackermann_msgs/lib/libackermann_msgs__rosidl_typesupport_introspection_cpp.so
[7.073s] -- Up-to-date: /root/dev_ws/install/ackermann_msgs/lib/libackermann_msgs__rosidl_typesupport_cpp.so
[7.074s] -- Up-to-date: /root/dev_ws/install/ackermann_msgs/share/ackermann_msgs/environment/pythonpath.sh
[7.074s] -- Up-to-date: /root/dev_ws/install/ackermann_msgs/share/ackermann_msgs/environment/pythonpath.dsv
[7.076s] -- Up-to-date: /root/dev_ws/install/ackermann_msgs/local/lib/python3.10/dist-packages/ackermann_msgs-2.0.2-py3.10.egg-info
[7.076s] -- Installing: /root/dev_ws/install/ackermann_msgs/local/lib/python3.10/dist-packages/ackermann_msgs-2.0.2-py3.10.egg-info/SOURCES.txt
[7.096s] -- Installing: /root/dev_ws/install/ackermann_msgs/local/lib/python3.10/dist-packages/ackermann_msgs-2.0.2-py3.10.egg-info/PKG-INFO
[7.097s] -- Installing: /root/dev_ws/install/ackermann_msgs/local/lib/python3.10/dist-packages/ackermann_msgs-2.0.2-py3.10.egg-info/dependency_links.txt
[7.097s] -- Installing: /root/dev_ws/install/ackermann_msgs/local/lib/python3.10/dist-packages/ackermann_msgs-2.0.2-py3.10.egg-info/top_level.txt
[7.098s] -- Up-to-date: /root/dev_ws/install/ackermann_msgs/local/lib/python3.10/dist-packages/ackermann_msgs
[7.099s] -- Up-to-date: /root/dev_ws/install/ackermann_msgs/local/lib/python3.10/dist-packages/ackermann_msgs/_ackermann_msgs_s.ep.rosidl_typesupport_introspection_c.c
[7.100s] -- Up-to-date: /root/dev_ws/install/ackermann_msgs/local/lib/python3.10/dist-packages/ackermann_msgs/msg
[7.100s] -- Up-to-date: /root/dev_ws/install/ackermann_msgs/local/lib/python3.10/dist-packages/ackermann_msgs/msg/_ackermann_drive_stamped_s.c
[7.101s] -- Up-to-date: /root/dev_ws/install/ackermann_msgs/local/lib/python3.10/dist-packages/ackermann_msgs/msg/_ackermann_drive.py
[7.102s] -- Up-to-date: /root/dev_ws/install/ackermann_msgs/local/lib/python3.10/dist-packages/ackermann_msgs/msg/__init__.py
[7.102s] -- Up-to-date: /root/dev_ws/install/ackermann_msgs/local/lib/python3.10/dist-packages/ackermann_msgs/msg/_ackermann_drive_stamped.py
[7.103s] -- Up-to-date: /root/dev_ws/install/ackermann_msgs/local/lib/python3.10/dist-packages/ackermann_msgs/msg/_ackermann_drive_s.c
[7.104s] -- Up-to-date: /root/dev_ws/install/ackermann_msgs/local/lib/python3.10/dist-packages/ackermann_msgs/libackermann_msgs__rosidl_generator_py.so
[7.105s] -- Up-to-date: /root/dev_ws/install/ackermann_msgs/local/lib/python3.10/dist-packages/ackermann_msgs/__init__.py
[7.105s] -- Up-to-date: /root/dev_ws/install/ackermann_msgs/local/lib/python3.10/dist-packages/ackermann_msgs/ackermann_msgs_s__rosidl_typesupport_introspection_c.cpython-310-aarch64-linux-gnu.so
[7.106s] -- Up-to-date: /root/dev_ws/install/ackermann_msgs/local/lib/python3.10/dist-packages/ackermann_msgs/_ackermann_msgs_s.ep.rosidl_typesupport_fastrtps_c.c
[7.107s] -- Up-to-date: /root/dev_ws/install/ackermann_msgs/local/lib/python3.10/dist-packages/ackermann_msgs/ackermann_msgs_s__rosidl_typesupport_fastrtps_c.cpython-310-aarch64-linux-gnu.so
[7.108s] -- Up-to-date: /root/dev_ws/install/ackermann_msgs/local/lib/python3.10/dist-packages/ackermann_msgs/_ackermann_msgs_s.ep.rosidl_typesupport_c.c
[7.108s] -- Up-to-date: /root/dev_ws/install/ackermann_msgs/local/lib/python3.10/dist-packages/ackermann_msgs/ackermann_msgs_s__rosidl_typesupport_c.cpython-310-aarch64-linux-gnu.so
[8.058s] Listing '/root/dev_ws/install/ackermann_msgs/local/lib/python3.10/dist-packages/ackermann_msgs'...
[8.059s] Listing '/root/dev_ws/install/ackermann_msgs/local/lib/python3.10/dist-packages/ackermann_msgs/msg'...
[8.060s] -- Up-to-date: /root/dev_ws/install/ackermann_msgs/local/lib/python3.10/dist-packages/ackermann_msgs/ackermann_msgs_s__rosidl_typesupport_fastrtps_c.cpython-310-aarch64-linux-gnu.so
[8.060s] -- Up-to-date: /root/dev_ws/install/ackermann_msgs/local/lib/python3.10/dist-packages/ackermann_msgs/ackermann_msgs_s__rosidl_typesupport_introspection_c.cpython-310-aarch64-linux-gnu.so
[8.061s] -- Up-to-date: /root/dev_ws/install/ackermann_msgs/local/lib/python3.10/dist-packages/ackermann_msgs/ackermann_msgs_s__rosidl_typesupport_c.cpython-310-aarch64-linux-gnu.so
[8.061s] -- Up-to-date: /root/dev_ws/install/ackermann_msgs/lib/libackermann_msgs__rosidl_generator_py.so
[8.077s] -- Up-to-date: /root/dev_ws/install/ackermann_msgs/share/ackermann_msgs/msg/AckermannDrive.idl
[8.077s] -- Up-to-date: /root/dev_ws/install/ackermann_msgs/share/ackermann_msgs/msg/AckermannDriveStamped.idl
[8.078s] -- Up-to-date: /root/dev_ws/install/ackermann_msgs/share/ackermann_msgs/msg/AckermannDrive.msg
[8.079s] -- Up-to-date: /root/dev_ws/install/ackermann_msgs/share/ackermann_msgs/msg/AckermannDriveStamped.msg
[8.079s] -- Up-to-date: /root/dev_ws/install/ackermann_msgs/share/ament_index/resource_index/package_run_dependencies/ackermann_msgs
[8.080s] -- Up-to-date: /root/dev_ws/install/ackermann_msgs/share/ament_index/resource_index/parent_prefix_path/ackermann_msgs
[8.080s] -- Up-to-date: /root/dev_ws/install/ackermann_msgs/share/ackermann_msgs/environment/ament_prefix_path.sh
[8.081s] -- Up-to-date: /root/dev_ws/install/ackermann_msgs/share/ackermann_msgs/environment/ament_prefix_path.dsv
[8.081s] -- Up-to-date: /root/dev_ws/install/ackermann_msgs/share/ackermann_msgs/environment/path.sh
[8.082s] -- Up-to-date: /root/dev_ws/install/ackermann_msgs/share/ackermann_msgs/environment/path.dsv
[8.082s] -- Up-to-date: /root/dev_ws/install/ackermann_msgs/share/ackermann_msgs/local_setup.bash
[8.083s] -- Up-to-date: /root/dev_ws/install/ackermann_msgs/share/ackermann_msgs/local_setup.sh
[8.083s] -- Up-to-date: /root/dev_ws/install/ackermann_msgs/share/ackermann_msgs/local_setup.zsh
[8.084s] -- Up-to-date: /root/dev_ws/install/ackermann_msgs/share/ackermann_msgs/local_setup.dsv
[8.084s] -- Installing: /root/dev_ws/install/ackermann_msgs/share/ackermann_msgs/package.dsv
[8.085s] -- Up-to-date: /root/dev_ws/install/ackermann_msgs/share/ament_index/resource_index/packages/ackermann_msgs
[8.085s] -- Up-to-date: /root/dev_ws/install/ackermann_msgs/share/ackermann_msgs/cmake/export_ackermann_msgs__rosidl_generator_cExport.cmake
[8.086s] -- Up-to-date: /root/dev_ws/install/ackermann_msgs/share/ackermann_msgs/cmake/export_ackermann_msgs__rosidl_generator_cExport-noconfig.cmake
[8.086s] -- Up-to-date: /root/dev_ws/install/ackermann_msgs/share/ackermann_msgs/cmake/export_ackermann_msgs__rosidl_typesupport_fastrtps_cExport.cmake
[8.087s] -- Up-to-date: /root/dev_ws/install/ackermann_msgs/share/ackermann_msgs/cmake/export_ackermann_msgs__rosidl_typesupport_fastrtps_cExport-noconfig.cmake
[8.087s] -- Up-to-date: /root/dev_ws/install/ackermann_msgs/share/ackermann_msgs/cmake/ackermann_msgs__rosidl_typesupport_introspection_cExport.cmake
[8.088s] -- Up-to-date: /root/dev_ws/install/ackermann_msgs/share/ackermann_msgs/cmake/ackermann_msgs__rosidl_typesupport_introspection_cExport-noconfig.cmake
[8.088s] -- Up-to-date: /root/dev_ws/install/ackermann_msgs/share/ackermann_msgs/cmake/ackermann_msgs__rosidl_typesupport_cExport.cmake
[8.089s] -- Up-to-date: /root/dev_ws/install/ackermann_msgs/share/ackermann_msgs/cmake/ackermann_msgs__rosidl_typesupport_cExport-noconfig.cmake
[8.089s] -- Up-to-date: /root/dev_ws/install/ackermann_msgs/share/ackermann_msgs/cmake/export_ackermann_msgs__rosidl_generator_cppExport.cmake
[8.090s] -- Up-to-date: /root/dev_ws/install/ackermann_msgs/share/ackermann_msgs/cmake/export_ackermann_msgs__rosidl_typesupport_fastrtps_cppExport.cmake
[8.090s] -- Up-to-date: /root/dev_ws/install/ackermann_msgs/share/ackermann_msgs/cmake/export_ackermann_msgs__rosidl_typesupport_fastrtps_cppExport-noconfig.cmake
[8.091s] -- Up-to-date: /root/dev_ws/install/ackermann_msgs/share/ackermann_msgs/cmake/ackermann_msgs__rosidl_typesupport_introspection_cppExport.cmake
[8.091s] -- Up-to-date: /root/dev_ws/install/ackermann_msgs/share/ackermann_msgs/cmake/ackermann_msgs__rosidl_typesupport_introspection_cppExport-noconfig.cmake
[8.091s] -- Up-to-date: /root/dev_ws/install/ackermann_msgs/share/ackermann_msgs/cmake/ackermann_msgs__rosidl_typesupport_cppExport.cmake
[8.092s] -- Up-to-date: /root/dev_ws/install/ackermann_msgs/share/ackermann_msgs/cmake/ackermann_msgs__rosidl_typesupport_cppExport-noconfig.cmake
[8.093s] -- Up-to-date: /root/dev_ws/install/ackermann_msgs/share/ackermann_msgs/cmake/export_ackermann_msgs__rosidl_generator_pyExport.cmake
[8.106s] -- Up-to-date: /root/dev_ws/install/ackermann_msgs/share/ackermann_msgs/cmake/export_ackermann_msgs__rosidl_generator_pyExport-noconfig.cmake
[8.107s] -- Up-to-date: /root/dev_ws/install/ackermann_msgs/share/ackermann_msgs/cmake/rosidl_cmake-extras.cmake
[8.107s] -- Up-to-date: /root/dev_ws/install/ackermann_msgs/share/ackermann_msgs/cmake/ament_cmake_export_dependencies-extras.cmake
[8.108s] -- Up-to-date: /root/dev_ws/install/ackermann_msgs/share/ackermann_msgs/cmake/ament_cmake_export_include_directories-extras.cmake
[8.108s] -- Up-to-date: /root/dev_ws/install/ackermann_msgs/share/ackermann_msgs/cmake/ament_cmake_export_libraries-extras.cmake
[8.109s] -- Up-to-date: /root/dev_ws/install/ackermann_msgs/share/ackermann_msgs/cmake/ament_cmake_export_targets-extras.cmake
[8.109s] -- Up-to-date: /root/dev_ws/install/ackermann_msgs/share/ackermann_msgs/cmake/rosidl_cmake_export_typesupport_targets-extras.cmake
[8.110s] -- Up-to-date: /root/dev_ws/install/ackermann_msgs/share/ackermann_msgs/cmake/rosidl_cmake_export_typesupport_libraries-extras.cmake
[8.110s] -- Up-to-date: /root/dev_ws/install/ackermann_msgs/share/ackermann_msgs/cmake/ackermann_msgsConfig.cmake
[8.111s] -- Up-to-date: /root/dev_ws/install/ackermann_msgs/share/ackermann_msgs/cmake/ackermann_msgsConfig-version.cmake
[8.111s] -- Up-to-date: /root/dev_ws/install/ackermann_msgs/share/ackermann_msgs/package.xml
[8.406s] Invoked command in '/root/dev_ws/build/ackermann_msgs' returned '0': CMAKE_PREFIX_PATH=${CMAKE_PREFIX_PATH}:/root/dev_ws/install/line_follower_pkg:/root/dev_ws/install/laser_tf_publisher:/userdata/dev_ws/install/utils:/userdata/dev_ws/install/origincar_base:/userdata/dev_ws/install/serial:/userdata/dev_ws/install/origincar_msg:/userdata/dev_ws/install/origincar_description:/userdata/dev_ws/install/origincar_bringup:/userdata/dev_ws/install/line_follower_pkg:/userdata/dev_ws/install/ackermann_msgs:/opt/tros/humble:/opt/ros/humble /usr/bin/cmake --install /root/dev_ws/build/ackermann_msgs
