[0.274s] Invoking command in '/root/dev_ws/build/serial': CMAKE_PREFIX_PATH=${CMAKE_PREFIX_PATH}:/root/dev_ws/install/line_follower_pkg:/root/dev_ws/install/laser_tf_publisher:/userdata/dev_ws/install/utils:/userdata/dev_ws/install/origincar_base:/userdata/dev_ws/install/serial:/userdata/dev_ws/install/origincar_msg:/userdata/dev_ws/install/origincar_description:/userdata/dev_ws/install/origincar_bringup:/userdata/dev_ws/install/line_follower_pkg:/userdata/dev_ws/install/ackermann_msgs:/opt/tros/humble:/opt/ros/humble /usr/bin/cmake --build /root/dev_ws/build/serial -- -j8 -l8
[5.171s] [100%] Built target serial
[5.202s] Invoked command in '/root/dev_ws/build/serial' returned '0': CMAKE_PREFIX_PATH=${CMAKE_PREFIX_PATH}:/root/dev_ws/install/line_follower_pkg:/root/dev_ws/install/laser_tf_publisher:/userdata/dev_ws/install/utils:/userdata/dev_ws/install/origincar_base:/userdata/dev_ws/install/serial:/userdata/dev_ws/install/origincar_msg:/userdata/dev_ws/install/origincar_description:/userdata/dev_ws/install/origincar_bringup:/userdata/dev_ws/install/line_follower_pkg:/userdata/dev_ws/install/ackermann_msgs:/opt/tros/humble:/opt/ros/humble /usr/bin/cmake --build /root/dev_ws/build/serial -- -j8 -l8
[5.210s] Invoking command in '/root/dev_ws/build/serial': CMAKE_PREFIX_PATH=${CMAKE_PREFIX_PATH}:/root/dev_ws/install/line_follower_pkg:/root/dev_ws/install/laser_tf_publisher:/userdata/dev_ws/install/utils:/userdata/dev_ws/install/origincar_base:/userdata/dev_ws/install/serial:/userdata/dev_ws/install/origincar_msg:/userdata/dev_ws/install/origincar_description:/userdata/dev_ws/install/origincar_bringup:/userdata/dev_ws/install/line_follower_pkg:/userdata/dev_ws/install/ackermann_msgs:/opt/tros/humble:/opt/ros/humble /usr/bin/cmake --install /root/dev_ws/build/serial
[5.403s] -- Install configuration: ""
[5.404s] -- Up-to-date: /root/dev_ws/install/serial/lib/libserial.a
[5.405s] -- Up-to-date: /root/dev_ws/install/serial/share/serial/environment/library_path.sh
[5.406s] -- Up-to-date: /root/dev_ws/install/serial/share/serial/environment/library_path.dsv
[5.407s] -- Up-to-date: /root/dev_ws/install/serial/include/serial
[5.411s] -- Up-to-date: /root/dev_ws/install/serial/include/serial/impl
[5.413s] -- Up-to-date: /root/dev_ws/install/serial/include/serial/impl/unix.h
[5.415s] -- Up-to-date: /root/dev_ws/install/serial/include/serial/impl/win.h
[5.419s] -- Up-to-date: /root/dev_ws/install/serial/include/serial/serial.h
[5.425s] -- Up-to-date: /root/dev_ws/install/serial/include/serial/v8stdint.h
[5.426s] -- Up-to-date: /root/dev_ws/install/serial/share/ament_index/resource_index/package_run_dependencies/serial
[5.427s] -- Up-to-date: /root/dev_ws/install/serial/share/ament_index/resource_index/parent_prefix_path/serial
[5.428s] -- Up-to-date: /root/dev_ws/install/serial/share/serial/environment/ament_prefix_path.sh
[5.429s] -- Up-to-date: /root/dev_ws/install/serial/share/serial/environment/ament_prefix_path.dsv
[5.430s] -- Up-to-date: /root/dev_ws/install/serial/share/serial/environment/path.sh
[5.431s] -- Up-to-date: /root/dev_ws/install/serial/share/serial/environment/path.dsv
[5.432s] -- Up-to-date: /root/dev_ws/install/serial/share/serial/local_setup.bash
[5.433s] -- Up-to-date: /root/dev_ws/install/serial/share/serial/local_setup.sh
[5.434s] -- Up-to-date: /root/dev_ws/install/serial/share/serial/local_setup.zsh
[5.435s] -- Up-to-date: /root/dev_ws/install/serial/share/serial/local_setup.dsv
[5.436s] -- Installing: /root/dev_ws/install/serial/share/serial/package.dsv
[5.437s] -- Up-to-date: /root/dev_ws/install/serial/share/ament_index/resource_index/packages/serial
[5.438s] -- Up-to-date: /root/dev_ws/install/serial/share/serial/cmake/ament_cmake_export_include_directories-extras.cmake
[5.439s] -- Up-to-date: /root/dev_ws/install/serial/share/serial/cmake/ament_cmake_export_libraries-extras.cmake
[5.440s] -- Up-to-date: /root/dev_ws/install/serial/share/serial/cmake/ament_cmake_export_dependencies-extras.cmake
[5.441s] -- Up-to-date: /root/dev_ws/install/serial/share/serial/cmake/serialConfig.cmake
[5.442s] -- Up-to-date: /root/dev_ws/install/serial/share/serial/cmake/serialConfig-version.cmake
[5.443s] -- Up-to-date: /root/dev_ws/install/serial/share/serial/package.xml
[6.719s] Invoked command in '/root/dev_ws/build/serial' returned '0': CMAKE_PREFIX_PATH=${CMAKE_PREFIX_PATH}:/root/dev_ws/install/line_follower_pkg:/root/dev_ws/install/laser_tf_publisher:/userdata/dev_ws/install/utils:/userdata/dev_ws/install/origincar_base:/userdata/dev_ws/install/serial:/userdata/dev_ws/install/origincar_msg:/userdata/dev_ws/install/origincar_description:/userdata/dev_ws/install/origincar_bringup:/userdata/dev_ws/install/line_follower_pkg:/userdata/dev_ws/install/ackermann_msgs:/opt/tros/humble:/opt/ros/humble /usr/bin/cmake --install /root/dev_ws/build/serial
