[0.081s] Invoking command in '/root/dev_ws/build/origincar_base': CMAKE_PREFIX_PATH=/root/dev_ws/install/serial:/root/dev_ws/install/origincar_msg:/root/dev_ws/install/origincar_description:/root/dev_ws/install/ackermann_msgs:/root/dev_ws/install/utils:/root/dev_ws/install/origincar_base:/root/dev_ws/install/origincar_bringup:/root/dev_ws/install/lslidar_driver:/root/dev_ws/install/lslidar_msgs:/root/dev_ws/install/hobot_nav2:/root/dev_ws/install/line_follower_pkg:/root/dev_ws/install/laser_tf_publisher:/userdata/dev_ws/install/utils:/userdata/dev_ws/install/origincar_base:/userdata/dev_ws/install/serial:/userdata/dev_ws/install/origincar_msg:/userdata/dev_ws/install/origincar_description:/userdata/dev_ws/install/origincar_bringup:/userdata/dev_ws/install/line_follower_pkg:/userdata/dev_ws/install/ackermann_msgs:/opt/tros/humble:/opt/ros/humble LD_LIBRARY_PATH=/root/dev_ws/install/origincar_msg/lib:/root/dev_ws/install/ackermann_msgs/lib:/root/dev_ws/install/origincar_base/lib:/root/dev_ws/install/serial/lib:/root/dev_ws/install/lslidar_driver/lib:/root/dev_ws/install/lslidar_msgs/lib:/userdata/dev_ws/install/origincar_base/lib:/userdata/dev_ws/install/serial/lib:/userdata/dev_ws/install/origincar_msg/lib:/userdata/dev_ws/install/ackermann_msgs/lib:/opt/tros/humble/lib/aarch64-linux-gnu:/opt/tros/humble/lib:/opt/ros/humble/opt/rviz_ogre_vendor/lib:/opt/ros/humble/lib/aarch64-linux-gnu:/opt/ros/humble/lib:/usr/hobot/lib:/app/lib:/app/pub/lib:/middleware/lib:/middleware/pub/lib:/usr/hobot/lib/sensor:/system/lib:/system/usr/lib:/lib /usr/bin/cmake --build /root/dev_ws/build/origincar_base -- -j8 -l8
[0.329s] [  8%] Built target origincar_base__cpp
[0.330s] [ 11%] Built target origincar_base__rosidl_generator_c
[0.389s] [ 11%] Built target ament_cmake_python_copy_origincar_base
[0.407s] [ 20%] Built target origincar_base_node
[0.470s] [ 29%] Built target origincar_base__rosidl_typesupport_introspection_c
[0.475s] [ 41%] Built target origincar_base__rosidl_typesupport_fastrtps_cpp
[0.476s] [ 47%] Built target origincar_base__rosidl_typesupport_c
[0.477s] [ 55%] Built target origincar_base__rosidl_typesupport_fastrtps_c
[0.509s] [ 64%] Built target origincar_base__rosidl_typesupport_introspection_cpp
[0.513s] [ 73%] Built target origincar_base__rosidl_typesupport_cpp
[0.601s] [ 73%] Built target origincar_base
[0.693s] [ 76%] Built target origincar_base__py
[0.791s] [ 82%] Built target origincar_base__rosidl_generator_py
[0.891s] [100%] Built target origincar_base__rosidl_typesupport_c__pyext
[0.892s] [100%] Built target origincar_base__rosidl_typesupport_introspection_c__pyext
[0.892s] [100%] Built target origincar_base__rosidl_typesupport_fastrtps_c__pyext
[2.162s] running egg_info
[2.167s] writing origincar_base.egg-info/PKG-INFO
[2.169s] writing dependency_links to origincar_base.egg-info/dependency_links.txt
[2.170s] writing top-level names to origincar_base.egg-info/top_level.txt
[2.183s] reading manifest file 'origincar_base.egg-info/SOURCES.txt'
[2.186s] writing manifest file 'origincar_base.egg-info/SOURCES.txt'
[2.387s] [100%] Built target ament_cmake_python_build_origincar_base_egg
[2.456s] Invoked command in '/root/dev_ws/build/origincar_base' returned '0': CMAKE_PREFIX_PATH=/root/dev_ws/install/serial:/root/dev_ws/install/origincar_msg:/root/dev_ws/install/origincar_description:/root/dev_ws/install/ackermann_msgs:/root/dev_ws/install/utils:/root/dev_ws/install/origincar_base:/root/dev_ws/install/origincar_bringup:/root/dev_ws/install/lslidar_driver:/root/dev_ws/install/lslidar_msgs:/root/dev_ws/install/hobot_nav2:/root/dev_ws/install/line_follower_pkg:/root/dev_ws/install/laser_tf_publisher:/userdata/dev_ws/install/utils:/userdata/dev_ws/install/origincar_base:/userdata/dev_ws/install/serial:/userdata/dev_ws/install/origincar_msg:/userdata/dev_ws/install/origincar_description:/userdata/dev_ws/install/origincar_bringup:/userdata/dev_ws/install/line_follower_pkg:/userdata/dev_ws/install/ackermann_msgs:/opt/tros/humble:/opt/ros/humble LD_LIBRARY_PATH=/root/dev_ws/install/origincar_msg/lib:/root/dev_ws/install/ackermann_msgs/lib:/root/dev_ws/install/origincar_base/lib:/root/dev_ws/install/serial/lib:/root/dev_ws/install/lslidar_driver/lib:/root/dev_ws/install/lslidar_msgs/lib:/userdata/dev_ws/install/origincar_base/lib:/userdata/dev_ws/install/serial/lib:/userdata/dev_ws/install/origincar_msg/lib:/userdata/dev_ws/install/ackermann_msgs/lib:/opt/tros/humble/lib/aarch64-linux-gnu:/opt/tros/humble/lib:/opt/ros/humble/opt/rviz_ogre_vendor/lib:/opt/ros/humble/lib/aarch64-linux-gnu:/opt/ros/humble/lib:/usr/hobot/lib:/app/lib:/app/pub/lib:/middleware/lib:/middleware/pub/lib:/usr/hobot/lib/sensor:/system/lib:/system/usr/lib:/lib /usr/bin/cmake --build /root/dev_ws/build/origincar_base -- -j8 -l8
[2.465s] Invoking command in '/root/dev_ws/build/origincar_base': CMAKE_PREFIX_PATH=/root/dev_ws/install/serial:/root/dev_ws/install/origincar_msg:/root/dev_ws/install/origincar_description:/root/dev_ws/install/ackermann_msgs:/root/dev_ws/install/utils:/root/dev_ws/install/origincar_base:/root/dev_ws/install/origincar_bringup:/root/dev_ws/install/lslidar_driver:/root/dev_ws/install/lslidar_msgs:/root/dev_ws/install/hobot_nav2:/root/dev_ws/install/line_follower_pkg:/root/dev_ws/install/laser_tf_publisher:/userdata/dev_ws/install/utils:/userdata/dev_ws/install/origincar_base:/userdata/dev_ws/install/serial:/userdata/dev_ws/install/origincar_msg:/userdata/dev_ws/install/origincar_description:/userdata/dev_ws/install/origincar_bringup:/userdata/dev_ws/install/line_follower_pkg:/userdata/dev_ws/install/ackermann_msgs:/opt/tros/humble:/opt/ros/humble LD_LIBRARY_PATH=/root/dev_ws/install/origincar_msg/lib:/root/dev_ws/install/ackermann_msgs/lib:/root/dev_ws/install/origincar_base/lib:/root/dev_ws/install/serial/lib:/root/dev_ws/install/lslidar_driver/lib:/root/dev_ws/install/lslidar_msgs/lib:/userdata/dev_ws/install/origincar_base/lib:/userdata/dev_ws/install/serial/lib:/userdata/dev_ws/install/origincar_msg/lib:/userdata/dev_ws/install/ackermann_msgs/lib:/opt/tros/humble/lib/aarch64-linux-gnu:/opt/tros/humble/lib:/opt/ros/humble/opt/rviz_ogre_vendor/lib:/opt/ros/humble/lib/aarch64-linux-gnu:/opt/ros/humble/lib:/usr/hobot/lib:/app/lib:/app/pub/lib:/middleware/lib:/middleware/pub/lib:/usr/hobot/lib/sensor:/system/lib:/system/usr/lib:/lib /usr/bin/cmake --install /root/dev_ws/build/origincar_base
[2.509s] -- Install configuration: ""
[2.509s] -- Up-to-date: /root/dev_ws/install/origincar_base/share/ament_index/resource_index/rosidl_interfaces/origincar_base
[2.510s] -- Up-to-date: /root/dev_ws/install/origincar_base/include/origincar_base/origincar_base
[2.511s] -- Up-to-date: /root/dev_ws/install/origincar_base/include/origincar_base/origincar_base/msg
[2.511s] -- Up-to-date: /root/dev_ws/install/origincar_base/include/origincar_base/origincar_base/msg/position.h
[2.512s] -- Up-to-date: /root/dev_ws/install/origincar_base/include/origincar_base/origincar_base/msg/rosidl_generator_c__visibility_control.h
[2.512s] -- Up-to-date: /root/dev_ws/install/origincar_base/include/origincar_base/origincar_base/msg/detail
[2.513s] -- Up-to-date: /root/dev_ws/install/origincar_base/include/origincar_base/origincar_base/msg/detail/position__type_support.h
[2.514s] -- Up-to-date: /root/dev_ws/install/origincar_base/include/origincar_base/origincar_base/msg/detail/position__functions.h
[2.514s] -- Up-to-date: /root/dev_ws/install/origincar_base/include/origincar_base/origincar_base/msg/detail/position__struct.h
[2.515s] -- Up-to-date: /root/dev_ws/install/origincar_base/include/origincar_base/origincar_base/msg/detail/position__functions.c
[2.515s] -- Up-to-date: /root/dev_ws/install/origincar_base/share/origincar_base/environment/library_path.sh
[2.516s] -- Up-to-date: /root/dev_ws/install/origincar_base/share/origincar_base/environment/library_path.dsv
[2.517s] -- Up-to-date: /root/dev_ws/install/origincar_base/lib/liborigincar_base__rosidl_generator_c.so
[2.517s] -- Up-to-date: /root/dev_ws/install/origincar_base/include/origincar_base/origincar_base
[2.517s] -- Up-to-date: /root/dev_ws/install/origincar_base/include/origincar_base/origincar_base/msg
[2.518s] -- Up-to-date: /root/dev_ws/install/origincar_base/include/origincar_base/origincar_base/msg/rosidl_typesupport_fastrtps_c__visibility_control.h
[2.519s] -- Up-to-date: /root/dev_ws/install/origincar_base/include/origincar_base/origincar_base/msg/detail
[2.519s] -- Up-to-date: /root/dev_ws/install/origincar_base/include/origincar_base/origincar_base/msg/detail/position__rosidl_typesupport_fastrtps_c.h
[2.520s] -- Up-to-date: /root/dev_ws/install/origincar_base/lib/liborigincar_base__rosidl_typesupport_fastrtps_c.so
[2.520s] -- Up-to-date: /root/dev_ws/install/origincar_base/include/origincar_base/origincar_base
[2.521s] -- Up-to-date: /root/dev_ws/install/origincar_base/include/origincar_base/origincar_base/msg
[2.521s] -- Up-to-date: /root/dev_ws/install/origincar_base/include/origincar_base/origincar_base/msg/position.hpp
[2.522s] -- Up-to-date: /root/dev_ws/install/origincar_base/include/origincar_base/origincar_base/msg/detail
[2.522s] -- Up-to-date: /root/dev_ws/install/origincar_base/include/origincar_base/origincar_base/msg/detail/position__struct.hpp
[2.523s] -- Up-to-date: /root/dev_ws/install/origincar_base/include/origincar_base/origincar_base/msg/detail/position__traits.hpp
[2.523s] -- Up-to-date: /root/dev_ws/install/origincar_base/include/origincar_base/origincar_base/msg/detail/position__builder.hpp
[2.524s] -- Up-to-date: /root/dev_ws/install/origincar_base/include/origincar_base/origincar_base
[2.525s] -- Up-to-date: /root/dev_ws/install/origincar_base/include/origincar_base/origincar_base/msg
[2.525s] -- Up-to-date: /root/dev_ws/install/origincar_base/include/origincar_base/origincar_base/msg/detail
[2.526s] -- Up-to-date: /root/dev_ws/install/origincar_base/include/origincar_base/origincar_base/msg/detail/position__rosidl_typesupport_fastrtps_cpp.hpp
[2.526s] -- Up-to-date: /root/dev_ws/install/origincar_base/include/origincar_base/origincar_base/msg/detail/dds_fastrtps
[2.527s] -- Up-to-date: /root/dev_ws/install/origincar_base/include/origincar_base/origincar_base/msg/rosidl_typesupport_fastrtps_cpp__visibility_control.h
[2.527s] -- Up-to-date: /root/dev_ws/install/origincar_base/lib/liborigincar_base__rosidl_typesupport_fastrtps_cpp.so
[2.528s] -- Up-to-date: /root/dev_ws/install/origincar_base/include/origincar_base/origincar_base
[2.528s] -- Up-to-date: /root/dev_ws/install/origincar_base/include/origincar_base/origincar_base/msg
[2.528s] -- Up-to-date: /root/dev_ws/install/origincar_base/include/origincar_base/origincar_base/msg/rosidl_typesupport_introspection_c__visibility_control.h
[2.529s] -- Up-to-date: /root/dev_ws/install/origincar_base/include/origincar_base/origincar_base/msg/detail
[2.529s] -- Up-to-date: /root/dev_ws/install/origincar_base/include/origincar_base/origincar_base/msg/detail/position__type_support.c
[2.530s] -- Up-to-date: /root/dev_ws/install/origincar_base/include/origincar_base/origincar_base/msg/detail/position__rosidl_typesupport_introspection_c.h
[2.530s] -- Up-to-date: /root/dev_ws/install/origincar_base/lib/liborigincar_base__rosidl_typesupport_introspection_c.so
[2.531s] -- Up-to-date: /root/dev_ws/install/origincar_base/lib/liborigincar_base__rosidl_typesupport_c.so
[2.531s] -- Up-to-date: /root/dev_ws/install/origincar_base/include/origincar_base/origincar_base
[2.531s] -- Up-to-date: /root/dev_ws/install/origincar_base/include/origincar_base/origincar_base/msg
[2.532s] -- Up-to-date: /root/dev_ws/install/origincar_base/include/origincar_base/origincar_base/msg/detail
[2.532s] -- Up-to-date: /root/dev_ws/install/origincar_base/include/origincar_base/origincar_base/msg/detail/position__rosidl_typesupport_introspection_cpp.hpp
[2.533s] -- Up-to-date: /root/dev_ws/install/origincar_base/include/origincar_base/origincar_base/msg/detail/position__type_support.cpp
[2.533s] -- Up-to-date: /root/dev_ws/install/origincar_base/lib/liborigincar_base__rosidl_typesupport_introspection_cpp.so
[2.534s] -- Up-to-date: /root/dev_ws/install/origincar_base/lib/liborigincar_base__rosidl_typesupport_cpp.so
[2.534s] -- Up-to-date: /root/dev_ws/install/origincar_base/share/origincar_base/environment/pythonpath.sh
[2.534s] -- Up-to-date: /root/dev_ws/install/origincar_base/share/origincar_base/environment/pythonpath.dsv
[2.535s] -- Up-to-date: /root/dev_ws/install/origincar_base/local/lib/python3.10/dist-packages/origincar_base-0.0.0-py3.10.egg-info
[2.535s] -- Installing: /root/dev_ws/install/origincar_base/local/lib/python3.10/dist-packages/origincar_base-0.0.0-py3.10.egg-info/SOURCES.txt
[2.536s] -- Installing: /root/dev_ws/install/origincar_base/local/lib/python3.10/dist-packages/origincar_base-0.0.0-py3.10.egg-info/PKG-INFO
[2.536s] -- Installing: /root/dev_ws/install/origincar_base/local/lib/python3.10/dist-packages/origincar_base-0.0.0-py3.10.egg-info/dependency_links.txt
[2.537s] -- Installing: /root/dev_ws/install/origincar_base/local/lib/python3.10/dist-packages/origincar_base-0.0.0-py3.10.egg-info/top_level.txt
[2.537s] -- Up-to-date: /root/dev_ws/install/origincar_base/local/lib/python3.10/dist-packages/origincar_base
[2.537s] -- Up-to-date: /root/dev_ws/install/origincar_base/local/lib/python3.10/dist-packages/origincar_base/_origincar_base_s.ep.rosidl_typesupport_fastrtps_c.c
[2.538s] -- Up-to-date: /root/dev_ws/install/origincar_base/local/lib/python3.10/dist-packages/origincar_base/msg
[2.538s] -- Up-to-date: /root/dev_ws/install/origincar_base/local/lib/python3.10/dist-packages/origincar_base/msg/_position_s.c
[2.539s] -- Up-to-date: /root/dev_ws/install/origincar_base/local/lib/python3.10/dist-packages/origincar_base/msg/_position.py
[2.539s] -- Up-to-date: /root/dev_ws/install/origincar_base/local/lib/python3.10/dist-packages/origincar_base/msg/__init__.py
[2.540s] -- Up-to-date: /root/dev_ws/install/origincar_base/local/lib/python3.10/dist-packages/origincar_base/liborigincar_base__rosidl_generator_py.so
[2.540s] -- Up-to-date: /root/dev_ws/install/origincar_base/local/lib/python3.10/dist-packages/origincar_base/origincar_base_s__rosidl_typesupport_fastrtps_c.cpython-310-aarch64-linux-gnu.so
[2.541s] -- Up-to-date: /root/dev_ws/install/origincar_base/local/lib/python3.10/dist-packages/origincar_base/_origincar_base_s.ep.rosidl_typesupport_c.c
[2.541s] -- Up-to-date: /root/dev_ws/install/origincar_base/local/lib/python3.10/dist-packages/origincar_base/__init__.py
[2.541s] -- Up-to-date: /root/dev_ws/install/origincar_base/local/lib/python3.10/dist-packages/origincar_base/_origincar_base_s.ep.rosidl_typesupport_introspection_c.c
[2.542s] -- Up-to-date: /root/dev_ws/install/origincar_base/local/lib/python3.10/dist-packages/origincar_base/origincar_base_s__rosidl_typesupport_introspection_c.cpython-310-aarch64-linux-gnu.so
[2.542s] -- Up-to-date: /root/dev_ws/install/origincar_base/local/lib/python3.10/dist-packages/origincar_base/origincar_base_s__rosidl_typesupport_c.cpython-310-aarch64-linux-gnu.so
[2.737s] Listing '/root/dev_ws/install/origincar_base/local/lib/python3.10/dist-packages/origincar_base'...
[2.738s] Listing '/root/dev_ws/install/origincar_base/local/lib/python3.10/dist-packages/origincar_base/msg'...
[2.771s] -- Up-to-date: /root/dev_ws/install/origincar_base/local/lib/python3.10/dist-packages/origincar_base/origincar_base_s__rosidl_typesupport_fastrtps_c.cpython-310-aarch64-linux-gnu.so
[2.773s] -- Up-to-date: /root/dev_ws/install/origincar_base/local/lib/python3.10/dist-packages/origincar_base/origincar_base_s__rosidl_typesupport_introspection_c.cpython-310-aarch64-linux-gnu.so
[2.774s] -- Up-to-date: /root/dev_ws/install/origincar_base/local/lib/python3.10/dist-packages/origincar_base/origincar_base_s__rosidl_typesupport_c.cpython-310-aarch64-linux-gnu.so
[2.775s] -- Up-to-date: /root/dev_ws/install/origincar_base/lib/liborigincar_base__rosidl_generator_py.so
[2.776s] -- Up-to-date: /root/dev_ws/install/origincar_base/share/origincar_base/msg/Position.idl
[2.777s] -- Up-to-date: /root/dev_ws/install/origincar_base/share/origincar_base/msg/Position.msg
[2.777s] -- Installing: /root/dev_ws/install/origincar_base/lib/origincar_base/cmd_vel_to_ackermann_drive.py
[2.778s] -- Up-to-date: /root/dev_ws/install/origincar_base/lib/origincar_base/origincar_base_node
[2.779s] -- Up-to-date: /root/dev_ws/install/origincar_base/share/origincar_base/launch
[2.780s] -- Up-to-date: /root/dev_ws/install/origincar_base/share/origincar_base/launch/origincar_bringup.launch.py
[2.781s] -- Up-to-date: /root/dev_ws/install/origincar_base/share/origincar_base/launch/robot_mode_description.launch.py
[2.781s] -- Up-to-date: /root/dev_ws/install/origincar_base/share/origincar_base/launch/ekf.launch.py
[2.782s] -- Up-to-date: /root/dev_ws/install/origincar_base/share/origincar_base/launch/base_serial.launch.py
[2.782s] -- Up-to-date: /root/dev_ws/install/origincar_base/share/origincar_base/launch/__pycache__
[2.783s] -- Up-to-date: /root/dev_ws/install/origincar_base/share/origincar_base/launch/__pycache__/testtwo.launch.cpython-38.pyc
[2.783s] -- Up-to-date: /root/dev_ws/install/origincar_base/share/origincar_base/config
[2.784s] -- Up-to-date: /root/dev_ws/install/origincar_base/share/origincar_base/config/imu.yaml
[2.785s] -- Up-to-date: /root/dev_ws/install/origincar_base/share/origincar_base/config/ekf.yaml
[2.785s] -- Up-to-date: /root/dev_ws/install/origincar_base/share/ament_index/resource_index/package_run_dependencies/origincar_base
[2.786s] -- Up-to-date: /root/dev_ws/install/origincar_base/share/ament_index/resource_index/parent_prefix_path/origincar_base
[2.786s] -- Up-to-date: /root/dev_ws/install/origincar_base/share/origincar_base/environment/ament_prefix_path.sh
[2.787s] -- Up-to-date: /root/dev_ws/install/origincar_base/share/origincar_base/environment/ament_prefix_path.dsv
[2.787s] -- Up-to-date: /root/dev_ws/install/origincar_base/share/origincar_base/environment/path.sh
[2.788s] -- Up-to-date: /root/dev_ws/install/origincar_base/share/origincar_base/environment/path.dsv
[2.789s] -- Up-to-date: /root/dev_ws/install/origincar_base/share/origincar_base/local_setup.bash
[2.789s] -- Up-to-date: /root/dev_ws/install/origincar_base/share/origincar_base/local_setup.sh
[2.790s] -- Up-to-date: /root/dev_ws/install/origincar_base/share/origincar_base/local_setup.zsh
[2.790s] -- Up-to-date: /root/dev_ws/install/origincar_base/share/origincar_base/local_setup.dsv
[2.791s] -- Installing: /root/dev_ws/install/origincar_base/share/origincar_base/package.dsv
[2.791s] -- Up-to-date: /root/dev_ws/install/origincar_base/share/ament_index/resource_index/packages/origincar_base
[2.792s] -- Up-to-date: /root/dev_ws/install/origincar_base/share/origincar_base/cmake/export_origincar_base__rosidl_generator_cExport.cmake
[2.792s] -- Up-to-date: /root/dev_ws/install/origincar_base/share/origincar_base/cmake/export_origincar_base__rosidl_generator_cExport-noconfig.cmake
[2.793s] -- Up-to-date: /root/dev_ws/install/origincar_base/share/origincar_base/cmake/export_origincar_base__rosidl_typesupport_fastrtps_cExport.cmake
[2.793s] -- Up-to-date: /root/dev_ws/install/origincar_base/share/origincar_base/cmake/export_origincar_base__rosidl_typesupport_fastrtps_cExport-noconfig.cmake
[2.794s] -- Up-to-date: /root/dev_ws/install/origincar_base/share/origincar_base/cmake/export_origincar_base__rosidl_generator_cppExport.cmake
[2.794s] -- Up-to-date: /root/dev_ws/install/origincar_base/share/origincar_base/cmake/export_origincar_base__rosidl_typesupport_fastrtps_cppExport.cmake
[2.795s] -- Up-to-date: /root/dev_ws/install/origincar_base/share/origincar_base/cmake/export_origincar_base__rosidl_typesupport_fastrtps_cppExport-noconfig.cmake
[2.795s] -- Up-to-date: /root/dev_ws/install/origincar_base/share/origincar_base/cmake/origincar_base__rosidl_typesupport_introspection_cExport.cmake
[2.796s] -- Up-to-date: /root/dev_ws/install/origincar_base/share/origincar_base/cmake/origincar_base__rosidl_typesupport_introspection_cExport-noconfig.cmake
[2.796s] -- Up-to-date: /root/dev_ws/install/origincar_base/share/origincar_base/cmake/origincar_base__rosidl_typesupport_cExport.cmake
[2.797s] -- Up-to-date: /root/dev_ws/install/origincar_base/share/origincar_base/cmake/origincar_base__rosidl_typesupport_cExport-noconfig.cmake
[2.799s] -- Up-to-date: /root/dev_ws/install/origincar_base/share/origincar_base/cmake/origincar_base__rosidl_typesupport_introspection_cppExport.cmake
[2.804s] -- Up-to-date: /root/dev_ws/install/origincar_base/share/origincar_base/cmake/origincar_base__rosidl_typesupport_introspection_cppExport-noconfig.cmake
[2.805s] -- Up-to-date: /root/dev_ws/install/origincar_base/share/origincar_base/cmake/origincar_base__rosidl_typesupport_cppExport.cmake
[2.806s] -- Up-to-date: /root/dev_ws/install/origincar_base/share/origincar_base/cmake/origincar_base__rosidl_typesupport_cppExport-noconfig.cmake
[2.807s] -- Up-to-date: /root/dev_ws/install/origincar_base/share/origincar_base/cmake/export_origincar_base__rosidl_generator_pyExport.cmake
[2.809s] -- Up-to-date: /root/dev_ws/install/origincar_base/share/origincar_base/cmake/export_origincar_base__rosidl_generator_pyExport-noconfig.cmake
[2.811s] -- Up-to-date: /root/dev_ws/install/origincar_base/share/origincar_base/cmake/rosidl_cmake-extras.cmake
[2.813s] -- Up-to-date: /root/dev_ws/install/origincar_base/share/origincar_base/cmake/ament_cmake_export_include_directories-extras.cmake
[2.814s] -- Up-to-date: /root/dev_ws/install/origincar_base/share/origincar_base/cmake/ament_cmake_export_libraries-extras.cmake
[2.815s] -- Up-to-date: /root/dev_ws/install/origincar_base/share/origincar_base/cmake/ament_cmake_export_targets-extras.cmake
[2.816s] -- Up-to-date: /root/dev_ws/install/origincar_base/share/origincar_base/cmake/rosidl_cmake_export_typesupport_targets-extras.cmake
[2.817s] -- Up-to-date: /root/dev_ws/install/origincar_base/share/origincar_base/cmake/ament_cmake_export_dependencies-extras.cmake
[2.818s] -- Up-to-date: /root/dev_ws/install/origincar_base/share/origincar_base/cmake/rosidl_cmake_export_typesupport_libraries-extras.cmake
[2.819s] -- Up-to-date: /root/dev_ws/install/origincar_base/share/origincar_base/cmake/origincar_baseConfig.cmake
[2.819s] -- Up-to-date: /root/dev_ws/install/origincar_base/share/origincar_base/cmake/origincar_baseConfig-version.cmake
[2.820s] -- Up-to-date: /root/dev_ws/install/origincar_base/share/origincar_base/package.xml
[2.821s] Invoked command in '/root/dev_ws/build/origincar_base' returned '0': CMAKE_PREFIX_PATH=/root/dev_ws/install/serial:/root/dev_ws/install/origincar_msg:/root/dev_ws/install/origincar_description:/root/dev_ws/install/ackermann_msgs:/root/dev_ws/install/utils:/root/dev_ws/install/origincar_base:/root/dev_ws/install/origincar_bringup:/root/dev_ws/install/lslidar_driver:/root/dev_ws/install/lslidar_msgs:/root/dev_ws/install/hobot_nav2:/root/dev_ws/install/line_follower_pkg:/root/dev_ws/install/laser_tf_publisher:/userdata/dev_ws/install/utils:/userdata/dev_ws/install/origincar_base:/userdata/dev_ws/install/serial:/userdata/dev_ws/install/origincar_msg:/userdata/dev_ws/install/origincar_description:/userdata/dev_ws/install/origincar_bringup:/userdata/dev_ws/install/line_follower_pkg:/userdata/dev_ws/install/ackermann_msgs:/opt/tros/humble:/opt/ros/humble LD_LIBRARY_PATH=/root/dev_ws/install/origincar_msg/lib:/root/dev_ws/install/ackermann_msgs/lib:/root/dev_ws/install/origincar_base/lib:/root/dev_ws/install/serial/lib:/root/dev_ws/install/lslidar_driver/lib:/root/dev_ws/install/lslidar_msgs/lib:/userdata/dev_ws/install/origincar_base/lib:/userdata/dev_ws/install/serial/lib:/userdata/dev_ws/install/origincar_msg/lib:/userdata/dev_ws/install/ackermann_msgs/lib:/opt/tros/humble/lib/aarch64-linux-gnu:/opt/tros/humble/lib:/opt/ros/humble/opt/rviz_ogre_vendor/lib:/opt/ros/humble/lib/aarch64-linux-gnu:/opt/ros/humble/lib:/usr/hobot/lib:/app/lib:/app/pub/lib:/middleware/lib:/middleware/pub/lib:/usr/hobot/lib/sensor:/system/lib:/system/usr/lib:/lib /usr/bin/cmake --install /root/dev_ws/build/origincar_base
