[4.462s] Invoking command in '/root/dev_ws/build/origincar_bringup': CMAKE_PREFIX_PATH=${CMAKE_PREFIX_PATH}:/root/dev_ws/install/line_follower_pkg:/root/dev_ws/install/laser_tf_publisher:/userdata/dev_ws/install/utils:/userdata/dev_ws/install/origincar_base:/userdata/dev_ws/install/serial:/userdata/dev_ws/install/origincar_msg:/userdata/dev_ws/install/origincar_description:/userdata/dev_ws/install/origincar_bringup:/userdata/dev_ws/install/line_follower_pkg:/userdata/dev_ws/install/ackermann_msgs:/opt/tros/humble:/opt/ros/humble /usr/bin/cmake --build /root/dev_ws/build/origincar_bringup -- -j8 -l8
[5.802s] Invoked command in '/root/dev_ws/build/origincar_bringup' returned '0': CMAKE_PREFIX_PATH=${CMAKE_PREFIX_PATH}:/root/dev_ws/install/line_follower_pkg:/root/dev_ws/install/laser_tf_publisher:/userdata/dev_ws/install/utils:/userdata/dev_ws/install/origincar_base:/userdata/dev_ws/install/serial:/userdata/dev_ws/install/origincar_msg:/userdata/dev_ws/install/origincar_description:/userdata/dev_ws/install/origincar_bringup:/userdata/dev_ws/install/line_follower_pkg:/userdata/dev_ws/install/ackermann_msgs:/opt/tros/humble:/opt/ros/humble /usr/bin/cmake --build /root/dev_ws/build/origincar_bringup -- -j8 -l8
[5.804s] Invoking command in '/root/dev_ws/build/origincar_bringup': CMAKE_PREFIX_PATH=${CMAKE_PREFIX_PATH}:/root/dev_ws/install/line_follower_pkg:/root/dev_ws/install/laser_tf_publisher:/userdata/dev_ws/install/utils:/userdata/dev_ws/install/origincar_base:/userdata/dev_ws/install/serial:/userdata/dev_ws/install/origincar_msg:/userdata/dev_ws/install/origincar_description:/userdata/dev_ws/install/origincar_bringup:/userdata/dev_ws/install/line_follower_pkg:/userdata/dev_ws/install/ackermann_msgs:/opt/tros/humble:/opt/ros/humble /usr/bin/cmake --install /root/dev_ws/build/origincar_bringup
[5.807s] -- Install configuration: ""
[5.813s] -- Up-to-date: /root/dev_ws/install/origincar_bringup/share/origincar_bringup/launch
[5.814s] -- Up-to-date: /root/dev_ws/install/origincar_bringup/share/origincar_bringup/launch/usb_websocket_display.launch.py
[5.815s] -- Up-to-date: /root/dev_ws/install/origincar_bringup/share/ament_index/resource_index/package_run_dependencies/origincar_bringup
[5.816s] -- Up-to-date: /root/dev_ws/install/origincar_bringup/share/ament_index/resource_index/parent_prefix_path/origincar_bringup
[5.817s] -- Up-to-date: /root/dev_ws/install/origincar_bringup/share/origincar_bringup/environment/ament_prefix_path.sh
[5.818s] -- Up-to-date: /root/dev_ws/install/origincar_bringup/share/origincar_bringup/environment/ament_prefix_path.dsv
[5.818s] -- Up-to-date: /root/dev_ws/install/origincar_bringup/share/origincar_bringup/environment/path.sh
[5.820s] -- Up-to-date: /root/dev_ws/install/origincar_bringup/share/origincar_bringup/environment/path.dsv
[5.820s] -- Up-to-date: /root/dev_ws/install/origincar_bringup/share/origincar_bringup/local_setup.bash
[5.821s] -- Up-to-date: /root/dev_ws/install/origincar_bringup/share/origincar_bringup/local_setup.sh
[5.821s] -- Up-to-date: /root/dev_ws/install/origincar_bringup/share/origincar_bringup/local_setup.zsh
[5.822s] -- Up-to-date: /root/dev_ws/install/origincar_bringup/share/origincar_bringup/local_setup.dsv
[5.823s] -- Installing: /root/dev_ws/install/origincar_bringup/share/origincar_bringup/package.dsv
[5.826s] -- Up-to-date: /root/dev_ws/install/origincar_bringup/share/ament_index/resource_index/packages/origincar_bringup
[5.826s] -- Up-to-date: /root/dev_ws/install/origincar_bringup/share/origincar_bringup/cmake/origincar_bringupConfig.cmake
[5.828s] -- Up-to-date: /root/dev_ws/install/origincar_bringup/share/origincar_bringup/cmake/origincar_bringupConfig-version.cmake
[5.829s] -- Up-to-date: /root/dev_ws/install/origincar_bringup/share/origincar_bringup/package.xml
[5.856s] Invoked command in '/root/dev_ws/build/origincar_bringup' returned '0': CMAKE_PREFIX_PATH=${CMAKE_PREFIX_PATH}:/root/dev_ws/install/line_follower_pkg:/root/dev_ws/install/laser_tf_publisher:/userdata/dev_ws/install/utils:/userdata/dev_ws/install/origincar_base:/userdata/dev_ws/install/serial:/userdata/dev_ws/install/origincar_msg:/userdata/dev_ws/install/origincar_description:/userdata/dev_ws/install/origincar_bringup:/userdata/dev_ws/install/line_follower_pkg:/userdata/dev_ws/install/ackermann_msgs:/opt/tros/humble:/opt/ros/humble /usr/bin/cmake --install /root/dev_ws/build/origincar_bringup
