[0.352s] Invoking command in '/root/dev_ws/build/ackermann_msgs': CMAKE_PREFIX_PATH=${CMAKE_PREFIX_PATH}:/root/dev_ws/install/line_follower_pkg:/root/dev_ws/install/laser_tf_publisher:/userdata/dev_ws/install/utils:/userdata/dev_ws/install/origincar_base:/userdata/dev_ws/install/serial:/userdata/dev_ws/install/origincar_msg:/userdata/dev_ws/install/origincar_description:/userdata/dev_ws/install/origincar_bringup:/userdata/dev_ws/install/line_follower_pkg:/userdata/dev_ws/install/ackermann_msgs:/opt/tros/humble:/opt/ros/humble /usr/bin/cmake --build /root/dev_ws/build/ackermann_msgs -- -j8 -l8
[5.164s] [  2%] Built target ackermann_msgs__cpp
[5.165s] [ 12%] Built target ackermann_msgs__rosidl_generator_c
[5.165s] [ 23%] Built target ackermann_msgs__rosidl_typesupport_introspection_cpp
[5.166s] [ 33%] Built target ackermann_msgs__rosidl_typesupport_cpp
[5.166s] [ 43%] Built target ackermann_msgs__rosidl_typesupport_fastrtps_cpp
[5.166s] [ 43%] Built target ament_cmake_python_copy_ackermann_msgs
[5.167s] [ 53%] Built target ackermann_msgs__rosidl_typesupport_introspection_c
[5.167s] [ 64%] Built target ackermann_msgs__rosidl_typesupport_c
[5.168s] [ 74%] Built target ackermann_msgs__rosidl_typesupport_fastrtps_c
[5.168s] [ 74%] Built target ackermann_msgs
[5.168s] [ 76%] Built target ackermann_msgs__py
[5.169s] [ 84%] Built target ackermann_msgs__rosidl_generator_py
[5.169s] [ 89%] Built target ackermann_msgs__rosidl_typesupport_introspection_c__pyext
[5.170s] [ 94%] Built target ackermann_msgs__rosidl_typesupport_fastrtps_c__pyext
[5.170s] [100%] Built target ackermann_msgs__rosidl_typesupport_c__pyext
[5.171s] running egg_info
[5.171s] writing ackermann_msgs.egg-info/PKG-INFO
[5.171s] writing dependency_links to ackermann_msgs.egg-info/dependency_links.txt
[5.172s] writing top-level names to ackermann_msgs.egg-info/top_level.txt
[5.172s] reading manifest file 'ackermann_msgs.egg-info/SOURCES.txt'
[5.173s] writing manifest file 'ackermann_msgs.egg-info/SOURCES.txt'
[5.173s] [100%] Built target ament_cmake_python_build_ackermann_msgs_egg
[5.245s] Invoked command in '/root/dev_ws/build/ackermann_msgs' returned '0': CMAKE_PREFIX_PATH=${CMAKE_PREFIX_PATH}:/root/dev_ws/install/line_follower_pkg:/root/dev_ws/install/laser_tf_publisher:/userdata/dev_ws/install/utils:/userdata/dev_ws/install/origincar_base:/userdata/dev_ws/install/serial:/userdata/dev_ws/install/origincar_msg:/userdata/dev_ws/install/origincar_description:/userdata/dev_ws/install/origincar_bringup:/userdata/dev_ws/install/line_follower_pkg:/userdata/dev_ws/install/ackermann_msgs:/opt/tros/humble:/opt/ros/humble /usr/bin/cmake --build /root/dev_ws/build/ackermann_msgs -- -j8 -l8
[5.255s] Invoking command in '/root/dev_ws/build/ackermann_msgs': CMAKE_PREFIX_PATH=${CMAKE_PREFIX_PATH}:/root/dev_ws/install/line_follower_pkg:/root/dev_ws/install/laser_tf_publisher:/userdata/dev_ws/install/utils:/userdata/dev_ws/install/origincar_base:/userdata/dev_ws/install/serial:/userdata/dev_ws/install/origincar_msg:/userdata/dev_ws/install/origincar_description:/userdata/dev_ws/install/origincar_bringup:/userdata/dev_ws/install/line_follower_pkg:/userdata/dev_ws/install/ackermann_msgs:/opt/tros/humble:/opt/ros/humble /usr/bin/cmake --install /root/dev_ws/build/ackermann_msgs
[5.532s] -- Install configuration: ""
[5.536s] -- Up-to-date: /root/dev_ws/install/ackermann_msgs/share/ament_index/resource_index/rosidl_interfaces/ackermann_msgs
[5.537s] -- Up-to-date: /root/dev_ws/install/ackermann_msgs/include/ackermann_msgs/ackermann_msgs
[5.539s] -- Up-to-date: /root/dev_ws/install/ackermann_msgs/include/ackermann_msgs/ackermann_msgs/msg
[5.540s] -- Up-to-date: /root/dev_ws/install/ackermann_msgs/include/ackermann_msgs/ackermann_msgs/msg/ackermann_drive.h
[5.541s] -- Up-to-date: /root/dev_ws/install/ackermann_msgs/include/ackermann_msgs/ackermann_msgs/msg/rosidl_generator_c__visibility_control.h
[5.542s] -- Up-to-date: /root/dev_ws/install/ackermann_msgs/include/ackermann_msgs/ackermann_msgs/msg/detail
[5.543s] -- Up-to-date: /root/dev_ws/install/ackermann_msgs/include/ackermann_msgs/ackermann_msgs/msg/detail/ackermann_drive_stamped__type_support.h
[5.544s] -- Up-to-date: /root/dev_ws/install/ackermann_msgs/include/ackermann_msgs/ackermann_msgs/msg/detail/ackermann_drive_stamped__functions.c
[5.551s] -- Up-to-date: /root/dev_ws/install/ackermann_msgs/include/ackermann_msgs/ackermann_msgs/msg/detail/ackermann_drive__type_support.h
[5.554s] -- Up-to-date: /root/dev_ws/install/ackermann_msgs/include/ackermann_msgs/ackermann_msgs/msg/detail/ackermann_drive_stamped__struct.h
[5.555s] -- Up-to-date: /root/dev_ws/install/ackermann_msgs/include/ackermann_msgs/ackermann_msgs/msg/detail/ackermann_drive__struct.h
[5.556s] -- Up-to-date: /root/dev_ws/install/ackermann_msgs/include/ackermann_msgs/ackermann_msgs/msg/detail/ackermann_drive__functions.h
[5.557s] -- Up-to-date: /root/dev_ws/install/ackermann_msgs/include/ackermann_msgs/ackermann_msgs/msg/detail/ackermann_drive_stamped__functions.h
[5.558s] -- Up-to-date: /root/dev_ws/install/ackermann_msgs/include/ackermann_msgs/ackermann_msgs/msg/detail/ackermann_drive__functions.c
[5.559s] -- Up-to-date: /root/dev_ws/install/ackermann_msgs/include/ackermann_msgs/ackermann_msgs/msg/ackermann_drive_stamped.h
[5.561s] -- Up-to-date: /root/dev_ws/install/ackermann_msgs/share/ackermann_msgs/environment/library_path.sh
[5.562s] -- Up-to-date: /root/dev_ws/install/ackermann_msgs/share/ackermann_msgs/environment/library_path.dsv
[5.563s] -- Up-to-date: /root/dev_ws/install/ackermann_msgs/lib/libackermann_msgs__rosidl_generator_c.so
[5.563s] -- Up-to-date: /root/dev_ws/install/ackermann_msgs/include/ackermann_msgs/ackermann_msgs
[5.564s] -- Up-to-date: /root/dev_ws/install/ackermann_msgs/include/ackermann_msgs/ackermann_msgs/msg
[5.565s] -- Up-to-date: /root/dev_ws/install/ackermann_msgs/include/ackermann_msgs/ackermann_msgs/msg/rosidl_typesupport_fastrtps_c__visibility_control.h
[5.566s] -- Up-to-date: /root/dev_ws/install/ackermann_msgs/include/ackermann_msgs/ackermann_msgs/msg/detail
[5.566s] -- Up-to-date: /root/dev_ws/install/ackermann_msgs/include/ackermann_msgs/ackermann_msgs/msg/detail/ackermann_drive_stamped__rosidl_typesupport_fastrtps_c.h
[5.567s] -- Up-to-date: /root/dev_ws/install/ackermann_msgs/include/ackermann_msgs/ackermann_msgs/msg/detail/ackermann_drive__rosidl_typesupport_fastrtps_c.h
[5.568s] -- Up-to-date: /root/dev_ws/install/ackermann_msgs/lib/libackermann_msgs__rosidl_typesupport_fastrtps_c.so
[5.569s] -- Up-to-date: /root/dev_ws/install/ackermann_msgs/include/ackermann_msgs/ackermann_msgs
[5.572s] -- Up-to-date: /root/dev_ws/install/ackermann_msgs/include/ackermann_msgs/ackermann_msgs/msg
[5.574s] -- Up-to-date: /root/dev_ws/install/ackermann_msgs/include/ackermann_msgs/ackermann_msgs/msg/rosidl_typesupport_introspection_c__visibility_control.h
[5.575s] -- Up-to-date: /root/dev_ws/install/ackermann_msgs/include/ackermann_msgs/ackermann_msgs/msg/detail
[5.576s] -- Up-to-date: /root/dev_ws/install/ackermann_msgs/include/ackermann_msgs/ackermann_msgs/msg/detail/ackermann_drive_stamped__type_support.c
[5.577s] -- Up-to-date: /root/dev_ws/install/ackermann_msgs/include/ackermann_msgs/ackermann_msgs/msg/detail/ackermann_drive__rosidl_typesupport_introspection_c.h
[5.579s] -- Up-to-date: /root/dev_ws/install/ackermann_msgs/include/ackermann_msgs/ackermann_msgs/msg/detail/ackermann_drive_stamped__rosidl_typesupport_introspection_c.h
[5.580s] -- Up-to-date: /root/dev_ws/install/ackermann_msgs/include/ackermann_msgs/ackermann_msgs/msg/detail/ackermann_drive__type_support.c
[5.582s] -- Up-to-date: /root/dev_ws/install/ackermann_msgs/lib/libackermann_msgs__rosidl_typesupport_introspection_c.so
[5.584s] -- Up-to-date: /root/dev_ws/install/ackermann_msgs/lib/libackermann_msgs__rosidl_typesupport_c.so
[5.585s] -- Up-to-date: /root/dev_ws/install/ackermann_msgs/include/ackermann_msgs/ackermann_msgs
[5.587s] -- Up-to-date: /root/dev_ws/install/ackermann_msgs/include/ackermann_msgs/ackermann_msgs/msg
[5.590s] -- Up-to-date: /root/dev_ws/install/ackermann_msgs/include/ackermann_msgs/ackermann_msgs/msg/ackermann_drive.hpp
[5.596s] -- Up-to-date: /root/dev_ws/install/ackermann_msgs/include/ackermann_msgs/ackermann_msgs/msg/detail
[5.599s] -- Up-to-date: /root/dev_ws/install/ackermann_msgs/include/ackermann_msgs/ackermann_msgs/msg/detail/ackermann_drive_stamped__struct.hpp
[5.600s] -- Up-to-date: /root/dev_ws/install/ackermann_msgs/include/ackermann_msgs/ackermann_msgs/msg/detail/ackermann_drive_stamped__traits.hpp
[5.602s] -- Up-to-date: /root/dev_ws/install/ackermann_msgs/include/ackermann_msgs/ackermann_msgs/msg/detail/ackermann_drive_stamped__builder.hpp
[5.605s] -- Up-to-date: /root/dev_ws/install/ackermann_msgs/include/ackermann_msgs/ackermann_msgs/msg/detail/ackermann_drive__builder.hpp
[5.606s] -- Up-to-date: /root/dev_ws/install/ackermann_msgs/include/ackermann_msgs/ackermann_msgs/msg/detail/ackermann_drive__struct.hpp
[5.608s] -- Up-to-date: /root/dev_ws/install/ackermann_msgs/include/ackermann_msgs/ackermann_msgs/msg/detail/ackermann_drive__traits.hpp
[5.611s] -- Up-to-date: /root/dev_ws/install/ackermann_msgs/include/ackermann_msgs/ackermann_msgs/msg/ackermann_drive_stamped.hpp
[5.612s] -- Up-to-date: /root/dev_ws/install/ackermann_msgs/include/ackermann_msgs/ackermann_msgs
[5.614s] -- Up-to-date: /root/dev_ws/install/ackermann_msgs/include/ackermann_msgs/ackermann_msgs/msg
[5.617s] -- Up-to-date: /root/dev_ws/install/ackermann_msgs/include/ackermann_msgs/ackermann_msgs/msg/detail
[5.618s] -- Up-to-date: /root/dev_ws/install/ackermann_msgs/include/ackermann_msgs/ackermann_msgs/msg/detail/dds_fastrtps
[5.620s] -- Up-to-date: /root/dev_ws/install/ackermann_msgs/include/ackermann_msgs/ackermann_msgs/msg/detail/ackermann_drive__rosidl_typesupport_fastrtps_cpp.hpp
[5.622s] -- Up-to-date: /root/dev_ws/install/ackermann_msgs/include/ackermann_msgs/ackermann_msgs/msg/detail/ackermann_drive_stamped__rosidl_typesupport_fastrtps_cpp.hpp
[5.625s] -- Up-to-date: /root/dev_ws/install/ackermann_msgs/include/ackermann_msgs/ackermann_msgs/msg/rosidl_typesupport_fastrtps_cpp__visibility_control.h
[5.627s] -- Up-to-date: /root/dev_ws/install/ackermann_msgs/lib/libackermann_msgs__rosidl_typesupport_fastrtps_cpp.so
[5.627s] -- Up-to-date: /root/dev_ws/install/ackermann_msgs/include/ackermann_msgs/ackermann_msgs
[5.629s] -- Up-to-date: /root/dev_ws/install/ackermann_msgs/include/ackermann_msgs/ackermann_msgs/msg
[5.636s] -- Up-to-date: /root/dev_ws/install/ackermann_msgs/include/ackermann_msgs/ackermann_msgs/msg/detail
[5.637s] -- Up-to-date: /root/dev_ws/install/ackermann_msgs/include/ackermann_msgs/ackermann_msgs/msg/detail/ackermann_drive__rosidl_typesupport_introspection_cpp.hpp
[5.638s] -- Up-to-date: /root/dev_ws/install/ackermann_msgs/include/ackermann_msgs/ackermann_msgs/msg/detail/ackermann_drive_stamped__type_support.cpp
[5.639s] -- Up-to-date: /root/dev_ws/install/ackermann_msgs/include/ackermann_msgs/ackermann_msgs/msg/detail/ackermann_drive__type_support.cpp
[5.640s] -- Up-to-date: /root/dev_ws/install/ackermann_msgs/include/ackermann_msgs/ackermann_msgs/msg/detail/ackermann_drive_stamped__rosidl_typesupport_introspection_cpp.hpp
[5.641s] -- Up-to-date: /root/dev_ws/install/ackermann_msgs/lib/libackermann_msgs__rosidl_typesupport_introspection_cpp.so
[5.642s] -- Up-to-date: /root/dev_ws/install/ackermann_msgs/lib/libackermann_msgs__rosidl_typesupport_cpp.so
[5.643s] -- Up-to-date: /root/dev_ws/install/ackermann_msgs/share/ackermann_msgs/environment/pythonpath.sh
[5.645s] -- Up-to-date: /root/dev_ws/install/ackermann_msgs/share/ackermann_msgs/environment/pythonpath.dsv
[5.646s] -- Up-to-date: /root/dev_ws/install/ackermann_msgs/local/lib/python3.10/dist-packages/ackermann_msgs-2.0.2-py3.10.egg-info
[5.647s] -- Installing: /root/dev_ws/install/ackermann_msgs/local/lib/python3.10/dist-packages/ackermann_msgs-2.0.2-py3.10.egg-info/SOURCES.txt
[5.648s] -- Installing: /root/dev_ws/install/ackermann_msgs/local/lib/python3.10/dist-packages/ackermann_msgs-2.0.2-py3.10.egg-info/PKG-INFO
[5.649s] -- Installing: /root/dev_ws/install/ackermann_msgs/local/lib/python3.10/dist-packages/ackermann_msgs-2.0.2-py3.10.egg-info/dependency_links.txt
[5.650s] -- Installing: /root/dev_ws/install/ackermann_msgs/local/lib/python3.10/dist-packages/ackermann_msgs-2.0.2-py3.10.egg-info/top_level.txt
[5.651s] -- Up-to-date: /root/dev_ws/install/ackermann_msgs/local/lib/python3.10/dist-packages/ackermann_msgs
[5.653s] -- Up-to-date: /root/dev_ws/install/ackermann_msgs/local/lib/python3.10/dist-packages/ackermann_msgs/_ackermann_msgs_s.ep.rosidl_typesupport_introspection_c.c
[5.654s] -- Up-to-date: /root/dev_ws/install/ackermann_msgs/local/lib/python3.10/dist-packages/ackermann_msgs/msg
[5.658s] -- Up-to-date: /root/dev_ws/install/ackermann_msgs/local/lib/python3.10/dist-packages/ackermann_msgs/msg/_ackermann_drive_stamped_s.c
[5.661s] -- Up-to-date: /root/dev_ws/install/ackermann_msgs/local/lib/python3.10/dist-packages/ackermann_msgs/msg/_ackermann_drive.py
[5.662s] -- Up-to-date: /root/dev_ws/install/ackermann_msgs/local/lib/python3.10/dist-packages/ackermann_msgs/msg/__init__.py
[5.664s] -- Up-to-date: /root/dev_ws/install/ackermann_msgs/local/lib/python3.10/dist-packages/ackermann_msgs/msg/_ackermann_drive_stamped.py
[5.664s] -- Up-to-date: /root/dev_ws/install/ackermann_msgs/local/lib/python3.10/dist-packages/ackermann_msgs/msg/_ackermann_drive_s.c
[5.666s] -- Up-to-date: /root/dev_ws/install/ackermann_msgs/local/lib/python3.10/dist-packages/ackermann_msgs/libackermann_msgs__rosidl_generator_py.so
[5.667s] -- Up-to-date: /root/dev_ws/install/ackermann_msgs/local/lib/python3.10/dist-packages/ackermann_msgs/__init__.py
[5.668s] -- Up-to-date: /root/dev_ws/install/ackermann_msgs/local/lib/python3.10/dist-packages/ackermann_msgs/ackermann_msgs_s__rosidl_typesupport_introspection_c.cpython-310-aarch64-linux-gnu.so
[5.670s] -- Up-to-date: /root/dev_ws/install/ackermann_msgs/local/lib/python3.10/dist-packages/ackermann_msgs/_ackermann_msgs_s.ep.rosidl_typesupport_fastrtps_c.c
[5.670s] -- Up-to-date: /root/dev_ws/install/ackermann_msgs/local/lib/python3.10/dist-packages/ackermann_msgs/ackermann_msgs_s__rosidl_typesupport_fastrtps_c.cpython-310-aarch64-linux-gnu.so
[5.672s] -- Up-to-date: /root/dev_ws/install/ackermann_msgs/local/lib/python3.10/dist-packages/ackermann_msgs/_ackermann_msgs_s.ep.rosidl_typesupport_c.c
[5.673s] -- Up-to-date: /root/dev_ws/install/ackermann_msgs/local/lib/python3.10/dist-packages/ackermann_msgs/ackermann_msgs_s__rosidl_typesupport_c.cpython-310-aarch64-linux-gnu.so
[6.041s] Listing '/root/dev_ws/install/ackermann_msgs/local/lib/python3.10/dist-packages/ackermann_msgs'...
[6.042s] Listing '/root/dev_ws/install/ackermann_msgs/local/lib/python3.10/dist-packages/ackermann_msgs/msg'...
[6.051s] -- Up-to-date: /root/dev_ws/install/ackermann_msgs/local/lib/python3.10/dist-packages/ackermann_msgs/ackermann_msgs_s__rosidl_typesupport_fastrtps_c.cpython-310-aarch64-linux-gnu.so
[6.052s] -- Up-to-date: /root/dev_ws/install/ackermann_msgs/local/lib/python3.10/dist-packages/ackermann_msgs/ackermann_msgs_s__rosidl_typesupport_introspection_c.cpython-310-aarch64-linux-gnu.so
[6.053s] -- Up-to-date: /root/dev_ws/install/ackermann_msgs/local/lib/python3.10/dist-packages/ackermann_msgs/ackermann_msgs_s__rosidl_typesupport_c.cpython-310-aarch64-linux-gnu.so
[6.056s] -- Up-to-date: /root/dev_ws/install/ackermann_msgs/lib/libackermann_msgs__rosidl_generator_py.so
[6.058s] -- Up-to-date: /root/dev_ws/install/ackermann_msgs/share/ackermann_msgs/msg/AckermannDrive.idl
[6.059s] -- Up-to-date: /root/dev_ws/install/ackermann_msgs/share/ackermann_msgs/msg/AckermannDriveStamped.idl
[6.061s] -- Up-to-date: /root/dev_ws/install/ackermann_msgs/share/ackermann_msgs/msg/AckermannDrive.msg
[6.062s] -- Up-to-date: /root/dev_ws/install/ackermann_msgs/share/ackermann_msgs/msg/AckermannDriveStamped.msg
[6.063s] -- Up-to-date: /root/dev_ws/install/ackermann_msgs/share/ament_index/resource_index/package_run_dependencies/ackermann_msgs
[6.064s] -- Up-to-date: /root/dev_ws/install/ackermann_msgs/share/ament_index/resource_index/parent_prefix_path/ackermann_msgs
[6.067s] -- Up-to-date: /root/dev_ws/install/ackermann_msgs/share/ackermann_msgs/environment/ament_prefix_path.sh
[6.071s] -- Up-to-date: /root/dev_ws/install/ackermann_msgs/share/ackermann_msgs/environment/ament_prefix_path.dsv
[6.074s] -- Up-to-date: /root/dev_ws/install/ackermann_msgs/share/ackermann_msgs/environment/path.sh
[6.076s] -- Up-to-date: /root/dev_ws/install/ackermann_msgs/share/ackermann_msgs/environment/path.dsv
[6.078s] -- Up-to-date: /root/dev_ws/install/ackermann_msgs/share/ackermann_msgs/local_setup.bash
[6.079s] -- Up-to-date: /root/dev_ws/install/ackermann_msgs/share/ackermann_msgs/local_setup.sh
[6.081s] -- Up-to-date: /root/dev_ws/install/ackermann_msgs/share/ackermann_msgs/local_setup.zsh
[6.081s] -- Up-to-date: /root/dev_ws/install/ackermann_msgs/share/ackermann_msgs/local_setup.dsv
[6.083s] -- Installing: /root/dev_ws/install/ackermann_msgs/share/ackermann_msgs/package.dsv
[6.084s] -- Up-to-date: /root/dev_ws/install/ackermann_msgs/share/ament_index/resource_index/packages/ackermann_msgs
[6.106s] -- Up-to-date: /root/dev_ws/install/ackermann_msgs/share/ackermann_msgs/cmake/export_ackermann_msgs__rosidl_generator_cExport.cmake
[6.106s] -- Up-to-date: /root/dev_ws/install/ackermann_msgs/share/ackermann_msgs/cmake/export_ackermann_msgs__rosidl_generator_cExport-noconfig.cmake
[6.109s] -- Up-to-date: /root/dev_ws/install/ackermann_msgs/share/ackermann_msgs/cmake/export_ackermann_msgs__rosidl_typesupport_fastrtps_cExport.cmake
[6.110s] -- Up-to-date: /root/dev_ws/install/ackermann_msgs/share/ackermann_msgs/cmake/export_ackermann_msgs__rosidl_typesupport_fastrtps_cExport-noconfig.cmake
[6.111s] -- Up-to-date: /root/dev_ws/install/ackermann_msgs/share/ackermann_msgs/cmake/ackermann_msgs__rosidl_typesupport_introspection_cExport.cmake
[6.111s] -- Up-to-date: /root/dev_ws/install/ackermann_msgs/share/ackermann_msgs/cmake/ackermann_msgs__rosidl_typesupport_introspection_cExport-noconfig.cmake
[6.112s] -- Up-to-date: /root/dev_ws/install/ackermann_msgs/share/ackermann_msgs/cmake/ackermann_msgs__rosidl_typesupport_cExport.cmake
[6.114s] -- Up-to-date: /root/dev_ws/install/ackermann_msgs/share/ackermann_msgs/cmake/ackermann_msgs__rosidl_typesupport_cExport-noconfig.cmake
[6.116s] -- Up-to-date: /root/dev_ws/install/ackermann_msgs/share/ackermann_msgs/cmake/export_ackermann_msgs__rosidl_generator_cppExport.cmake
[6.118s] -- Up-to-date: /root/dev_ws/install/ackermann_msgs/share/ackermann_msgs/cmake/export_ackermann_msgs__rosidl_typesupport_fastrtps_cppExport.cmake
[6.118s] -- Up-to-date: /root/dev_ws/install/ackermann_msgs/share/ackermann_msgs/cmake/export_ackermann_msgs__rosidl_typesupport_fastrtps_cppExport-noconfig.cmake
[6.120s] -- Up-to-date: /root/dev_ws/install/ackermann_msgs/share/ackermann_msgs/cmake/ackermann_msgs__rosidl_typesupport_introspection_cppExport.cmake
[6.121s] -- Up-to-date: /root/dev_ws/install/ackermann_msgs/share/ackermann_msgs/cmake/ackermann_msgs__rosidl_typesupport_introspection_cppExport-noconfig.cmake
[6.127s] -- Up-to-date: /root/dev_ws/install/ackermann_msgs/share/ackermann_msgs/cmake/ackermann_msgs__rosidl_typesupport_cppExport.cmake
[6.128s] -- Up-to-date: /root/dev_ws/install/ackermann_msgs/share/ackermann_msgs/cmake/ackermann_msgs__rosidl_typesupport_cppExport-noconfig.cmake
[6.130s] -- Up-to-date: /root/dev_ws/install/ackermann_msgs/share/ackermann_msgs/cmake/export_ackermann_msgs__rosidl_generator_pyExport.cmake
[6.132s] -- Up-to-date: /root/dev_ws/install/ackermann_msgs/share/ackermann_msgs/cmake/export_ackermann_msgs__rosidl_generator_pyExport-noconfig.cmake
[6.134s] -- Up-to-date: /root/dev_ws/install/ackermann_msgs/share/ackermann_msgs/cmake/rosidl_cmake-extras.cmake
[6.135s] -- Up-to-date: /root/dev_ws/install/ackermann_msgs/share/ackermann_msgs/cmake/ament_cmake_export_dependencies-extras.cmake
[6.136s] -- Up-to-date: /root/dev_ws/install/ackermann_msgs/share/ackermann_msgs/cmake/ament_cmake_export_include_directories-extras.cmake
[6.141s] -- Up-to-date: /root/dev_ws/install/ackermann_msgs/share/ackermann_msgs/cmake/ament_cmake_export_libraries-extras.cmake
[6.142s] -- Up-to-date: /root/dev_ws/install/ackermann_msgs/share/ackermann_msgs/cmake/ament_cmake_export_targets-extras.cmake
[6.143s] -- Up-to-date: /root/dev_ws/install/ackermann_msgs/share/ackermann_msgs/cmake/rosidl_cmake_export_typesupport_targets-extras.cmake
[6.145s] -- Up-to-date: /root/dev_ws/install/ackermann_msgs/share/ackermann_msgs/cmake/rosidl_cmake_export_typesupport_libraries-extras.cmake
[6.146s] -- Up-to-date: /root/dev_ws/install/ackermann_msgs/share/ackermann_msgs/cmake/ackermann_msgsConfig.cmake
[6.147s] -- Up-to-date: /root/dev_ws/install/ackermann_msgs/share/ackermann_msgs/cmake/ackermann_msgsConfig-version.cmake
[6.148s] -- Up-to-date: /root/dev_ws/install/ackermann_msgs/share/ackermann_msgs/package.xml
[6.317s] Invoked command in '/root/dev_ws/build/ackermann_msgs' returned '0': CMAKE_PREFIX_PATH=${CMAKE_PREFIX_PATH}:/root/dev_ws/install/line_follower_pkg:/root/dev_ws/install/laser_tf_publisher:/userdata/dev_ws/install/utils:/userdata/dev_ws/install/origincar_base:/userdata/dev_ws/install/serial:/userdata/dev_ws/install/origincar_msg:/userdata/dev_ws/install/origincar_description:/userdata/dev_ws/install/origincar_bringup:/userdata/dev_ws/install/line_follower_pkg:/userdata/dev_ws/install/ackermann_msgs:/opt/tros/humble:/opt/ros/humble /usr/bin/cmake --install /root/dev_ws/build/ackermann_msgs
