[0.122s] Invoking command in '/root/dev_ws/build/lslidar_driver': CMAKE_PREFIX_PATH=/root/dev_ws/install/lslidar_msgs:/root/dev_ws/install/utils:/root/dev_ws/install/origincar_base:/root/dev_ws/install/serial:/root/dev_ws/install/origincar_msg:/root/dev_ws/install/origincar_description:/root/dev_ws/install/origincar_bringup:/root/dev_ws/install/lslidar_driver:/root/dev_ws/install/hobot_nav2:/root/dev_ws/install/ackermann_msgs:/root/dev_ws/install/line_follower_pkg:/root/dev_ws/install/laser_tf_publisher:/userdata/dev_ws/install/utils:/userdata/dev_ws/install/origincar_base:/userdata/dev_ws/install/serial:/userdata/dev_ws/install/origincar_msg:/userdata/dev_ws/install/origincar_description:/userdata/dev_ws/install/origincar_bringup:/userdata/dev_ws/install/line_follower_pkg:/userdata/dev_ws/install/ackermann_msgs:/opt/tros/humble:/opt/ros/humble LD_LIBRARY_PATH=/root/dev_ws/install/lslidar_msgs/lib:/root/dev_ws/install/origincar_base/lib:/root/dev_ws/install/serial/lib:/root/dev_ws/install/origincar_msg/lib:/root/dev_ws/install/lslidar_driver/lib:/root/dev_ws/install/ackermann_msgs/lib:/userdata/dev_ws/install/origincar_base/lib:/userdata/dev_ws/install/serial/lib:/userdata/dev_ws/install/origincar_msg/lib:/userdata/dev_ws/install/ackermann_msgs/lib:/opt/tros/humble/lib/aarch64-linux-gnu:/opt/tros/humble/lib:/opt/ros/humble/opt/rviz_ogre_vendor/lib:/opt/ros/humble/lib/aarch64-linux-gnu:/opt/ros/humble/lib:/usr/hobot/lib:/app/lib:/app/pub/lib:/middleware/lib:/middleware/pub/lib:/usr/hobot/lib/sensor:/system/lib:/system/usr/lib:/lib /usr/bin/cmake --build /root/dev_ws/build/lslidar_driver -- -j8 -l8
[0.648s] [ 81%] Built target lslidar_driver
[0.835s] [100%] Built target lslidar_driver_node
[0.888s] Invoked command in '/root/dev_ws/build/lslidar_driver' returned '0': CMAKE_PREFIX_PATH=/root/dev_ws/install/lslidar_msgs:/root/dev_ws/install/utils:/root/dev_ws/install/origincar_base:/root/dev_ws/install/serial:/root/dev_ws/install/origincar_msg:/root/dev_ws/install/origincar_description:/root/dev_ws/install/origincar_bringup:/root/dev_ws/install/lslidar_driver:/root/dev_ws/install/hobot_nav2:/root/dev_ws/install/ackermann_msgs:/root/dev_ws/install/line_follower_pkg:/root/dev_ws/install/laser_tf_publisher:/userdata/dev_ws/install/utils:/userdata/dev_ws/install/origincar_base:/userdata/dev_ws/install/serial:/userdata/dev_ws/install/origincar_msg:/userdata/dev_ws/install/origincar_description:/userdata/dev_ws/install/origincar_bringup:/userdata/dev_ws/install/line_follower_pkg:/userdata/dev_ws/install/ackermann_msgs:/opt/tros/humble:/opt/ros/humble LD_LIBRARY_PATH=/root/dev_ws/install/lslidar_msgs/lib:/root/dev_ws/install/origincar_base/lib:/root/dev_ws/install/serial/lib:/root/dev_ws/install/origincar_msg/lib:/root/dev_ws/install/lslidar_driver/lib:/root/dev_ws/install/ackermann_msgs/lib:/userdata/dev_ws/install/origincar_base/lib:/userdata/dev_ws/install/serial/lib:/userdata/dev_ws/install/origincar_msg/lib:/userdata/dev_ws/install/ackermann_msgs/lib:/opt/tros/humble/lib/aarch64-linux-gnu:/opt/tros/humble/lib:/opt/ros/humble/opt/rviz_ogre_vendor/lib:/opt/ros/humble/lib/aarch64-linux-gnu:/opt/ros/humble/lib:/usr/hobot/lib:/app/lib:/app/pub/lib:/middleware/lib:/middleware/pub/lib:/usr/hobot/lib/sensor:/system/lib:/system/usr/lib:/lib /usr/bin/cmake --build /root/dev_ws/build/lslidar_driver -- -j8 -l8
[0.897s] Invoking command in '/root/dev_ws/build/lslidar_driver': CMAKE_PREFIX_PATH=/root/dev_ws/install/lslidar_msgs:/root/dev_ws/install/utils:/root/dev_ws/install/origincar_base:/root/dev_ws/install/serial:/root/dev_ws/install/origincar_msg:/root/dev_ws/install/origincar_description:/root/dev_ws/install/origincar_bringup:/root/dev_ws/install/lslidar_driver:/root/dev_ws/install/hobot_nav2:/root/dev_ws/install/ackermann_msgs:/root/dev_ws/install/line_follower_pkg:/root/dev_ws/install/laser_tf_publisher:/userdata/dev_ws/install/utils:/userdata/dev_ws/install/origincar_base:/userdata/dev_ws/install/serial:/userdata/dev_ws/install/origincar_msg:/userdata/dev_ws/install/origincar_description:/userdata/dev_ws/install/origincar_bringup:/userdata/dev_ws/install/line_follower_pkg:/userdata/dev_ws/install/ackermann_msgs:/opt/tros/humble:/opt/ros/humble LD_LIBRARY_PATH=/root/dev_ws/install/lslidar_msgs/lib:/root/dev_ws/install/origincar_base/lib:/root/dev_ws/install/serial/lib:/root/dev_ws/install/origincar_msg/lib:/root/dev_ws/install/lslidar_driver/lib:/root/dev_ws/install/ackermann_msgs/lib:/userdata/dev_ws/install/origincar_base/lib:/userdata/dev_ws/install/serial/lib:/userdata/dev_ws/install/origincar_msg/lib:/userdata/dev_ws/install/ackermann_msgs/lib:/opt/tros/humble/lib/aarch64-linux-gnu:/opt/tros/humble/lib:/opt/ros/humble/opt/rviz_ogre_vendor/lib:/opt/ros/humble/lib/aarch64-linux-gnu:/opt/ros/humble/lib:/usr/hobot/lib:/app/lib:/app/pub/lib:/middleware/lib:/middleware/pub/lib:/usr/hobot/lib/sensor:/system/lib:/system/usr/lib:/lib /usr/bin/cmake --install /root/dev_ws/build/lslidar_driver
[0.934s] -- Install configuration: "Release"
[0.935s] -- Up-to-date: /root/dev_ws/install/lslidar_driver/lib/lslidar_driver/liblslidar_driver.a
[0.935s] -- Up-to-date: /root/dev_ws/install/lslidar_driver/lib/lslidar_driver/lslidar_driver_node
[0.937s] -- Up-to-date: /root/dev_ws/install/lslidar_driver/include
[0.938s] -- Up-to-date: /root/dev_ws/install/lslidar_driver/include/lslidar_driver
[0.939s] -- Up-to-date: /root/dev_ws/install/lslidar_driver/include/lslidar_driver/lslidar_ch_driver.hpp
[0.939s] -- Up-to-date: /root/dev_ws/install/lslidar_driver/include/lslidar_driver/input.hpp
[0.940s] -- Up-to-date: /root/dev_ws/install/lslidar_driver/include/lslidar_driver/lsiosr.hpp
[0.941s] -- Up-to-date: /root/dev_ws/install/lslidar_driver/include/lslidar_driver/pointcloud_transform.hpp
[0.943s] -- Up-to-date: /root/dev_ws/install/lslidar_driver/include/lslidar_driver/lslidar_services.hpp
[0.943s] -- Up-to-date: /root/dev_ws/install/lslidar_driver/include/lslidar_driver/lslidar_x10_driver.hpp
[0.944s] -- Up-to-date: /root/dev_ws/install/lslidar_driver/include/lslidar_driver/lslidar_pointcloud.hpp
[0.946s] -- Up-to-date: /root/dev_ws/install/lslidar_driver/include/lslidar_driver/ThreadPool.h
[0.946s] -- Up-to-date: /root/dev_ws/install/lslidar_driver/include/lslidar_driver/lslidar_device_info.hpp
[0.947s] -- Up-to-date: /root/dev_ws/install/lslidar_driver/include/lslidar_driver/lslidar_cx_driver.hpp
[0.948s] -- Up-to-date: /root/dev_ws/install/lslidar_driver/include/lslidar_driver/lslidar_driver.hpp
[0.949s] -- Up-to-date: /root/dev_ws/install/lslidar_driver/include/lslidar_driver/lslidar_log.hpp
[0.950s] -- Up-to-date: /root/dev_ws/install/lslidar_driver/include/lslidar_driver/data_acquisition_strategy.hpp
[0.951s] -- Up-to-date: /root/dev_ws/install/lslidar_driver/include/lslidar_driver/lslidar_ls_driver.hpp
[0.952s] -- Up-to-date: /root/dev_ws/install/lslidar_driver/share/lslidar_driver/config
[0.952s] -- Up-to-date: /root/dev_ws/install/lslidar_driver/share/lslidar_driver/config/lslidar_n10_uart.yaml
[0.953s] -- Up-to-date: /root/dev_ws/install/lslidar_driver/share/lslidar_driver/config/lslidar_x10.yaml
[0.954s] -- Up-to-date: /root/dev_ws/install/lslidar_driver/share/lslidar_driver/config/network_setup.yaml
[0.955s] -- Up-to-date: /root/dev_ws/install/lslidar_driver/share/lslidar_driver/rviz
[0.956s] -- Up-to-date: /root/dev_ws/install/lslidar_driver/share/lslidar_driver/rviz/lslidar_cx.rviz
[0.957s] -- Up-to-date: /root/dev_ws/install/lslidar_driver/share/lslidar_driver/rviz/lslidar_ls.rviz
[0.957s] -- Up-to-date: /root/dev_ws/install/lslidar_driver/share/lslidar_driver/rviz/lslidar_ch.rviz
[0.959s] -- Up-to-date: /root/dev_ws/install/lslidar_driver/share/lslidar_driver/rviz/lslidar_x10.rviz
[0.960s] -- Up-to-date: /root/dev_ws/install/lslidar_driver/share/lslidar_driver/launch
[0.977s] -- Up-to-date: /root/dev_ws/install/lslidar_driver/share/lslidar_driver/launch/lslidar_cx_launch.py
[0.978s] -- Up-to-date: /root/dev_ws/install/lslidar_driver/share/lslidar_driver/launch/lslidar_double_launch.py
[0.979s] -- Up-to-date: /root/dev_ws/install/lslidar_driver/share/lslidar_driver/launch/lsm10p_uart_launch.py
[0.980s] -- Up-to-date: /root/dev_ws/install/lslidar_driver/share/lslidar_driver/launch/lsn10p_launch.py
[0.980s] -- Up-to-date: /root/dev_ws/install/lslidar_driver/share/lslidar_driver/launch/lslidar_ls_launch.py
[0.981s] -- Up-to-date: /root/dev_ws/install/lslidar_driver/share/lslidar_driver/launch/lsm10p_net_launch.py
[0.982s] -- Up-to-date: /root/dev_ws/install/lslidar_driver/share/lslidar_driver/launch/lsn10p_net_launch.py
[0.982s] -- Up-to-date: /root/dev_ws/install/lslidar_driver/share/lslidar_driver/launch/lsm10_uart_launch.py
[0.983s] -- Up-to-date: /root/dev_ws/install/lslidar_driver/share/lslidar_driver/launch/lsm10_net_launch.py
[0.984s] -- Up-to-date: /root/dev_ws/install/lslidar_driver/share/lslidar_driver/launch/lsn10_net_launch.py
[0.984s] -- Up-to-date: /root/dev_ws/install/lslidar_driver/share/lslidar_driver/launch/lslidar_ch_launch.py
[0.985s] -- Up-to-date: /root/dev_ws/install/lslidar_driver/share/lslidar_driver/launch/lsn10_launch.py
[0.985s] -- Up-to-date: /root/dev_ws/install/lslidar_driver/share/lslidar_driver/launch/lslidar_x10_launch.py
[0.986s] -- Up-to-date: /root/dev_ws/install/lslidar_driver/share/lslidar_driver/environment/library_path.sh
[0.987s] -- Up-to-date: /root/dev_ws/install/lslidar_driver/share/lslidar_driver/environment/library_path.dsv
[0.987s] -- Up-to-date: /root/dev_ws/install/lslidar_driver/share/ament_index/resource_index/package_run_dependencies/lslidar_driver
[0.988s] -- Up-to-date: /root/dev_ws/install/lslidar_driver/share/ament_index/resource_index/parent_prefix_path/lslidar_driver
[0.989s] -- Up-to-date: /root/dev_ws/install/lslidar_driver/share/lslidar_driver/environment/ament_prefix_path.sh
[0.989s] -- Up-to-date: /root/dev_ws/install/lslidar_driver/share/lslidar_driver/environment/ament_prefix_path.dsv
[0.990s] -- Up-to-date: /root/dev_ws/install/lslidar_driver/share/lslidar_driver/environment/path.sh
[0.990s] -- Up-to-date: /root/dev_ws/install/lslidar_driver/share/lslidar_driver/environment/path.dsv
[0.991s] -- Up-to-date: /root/dev_ws/install/lslidar_driver/share/lslidar_driver/local_setup.bash
[0.992s] -- Up-to-date: /root/dev_ws/install/lslidar_driver/share/lslidar_driver/local_setup.sh
[0.992s] -- Up-to-date: /root/dev_ws/install/lslidar_driver/share/lslidar_driver/local_setup.zsh
[0.993s] -- Up-to-date: /root/dev_ws/install/lslidar_driver/share/lslidar_driver/local_setup.dsv
[0.994s] -- Installing: /root/dev_ws/install/lslidar_driver/share/lslidar_driver/package.dsv
[0.994s] -- Up-to-date: /root/dev_ws/install/lslidar_driver/share/ament_index/resource_index/packages/lslidar_driver
[0.995s] -- Up-to-date: /root/dev_ws/install/lslidar_driver/share/lslidar_driver/cmake/ament_cmake_export_include_directories-extras.cmake
[0.998s] -- Up-to-date: /root/dev_ws/install/lslidar_driver/share/lslidar_driver/cmake/ament_cmake_export_libraries-extras.cmake
[0.999s] -- Up-to-date: /root/dev_ws/install/lslidar_driver/share/lslidar_driver/cmake/ament_cmake_export_dependencies-extras.cmake
[1.001s] -- Up-to-date: /root/dev_ws/install/lslidar_driver/share/lslidar_driver/cmake/lslidar_driverConfig.cmake
[1.003s] -- Up-to-date: /root/dev_ws/install/lslidar_driver/share/lslidar_driver/cmake/lslidar_driverConfig-version.cmake
[1.004s] -- Up-to-date: /root/dev_ws/install/lslidar_driver/share/lslidar_driver/package.xml
[1.005s] Invoked command in '/root/dev_ws/build/lslidar_driver' returned '0': CMAKE_PREFIX_PATH=/root/dev_ws/install/lslidar_msgs:/root/dev_ws/install/utils:/root/dev_ws/install/origincar_base:/root/dev_ws/install/serial:/root/dev_ws/install/origincar_msg:/root/dev_ws/install/origincar_description:/root/dev_ws/install/origincar_bringup:/root/dev_ws/install/lslidar_driver:/root/dev_ws/install/hobot_nav2:/root/dev_ws/install/ackermann_msgs:/root/dev_ws/install/line_follower_pkg:/root/dev_ws/install/laser_tf_publisher:/userdata/dev_ws/install/utils:/userdata/dev_ws/install/origincar_base:/userdata/dev_ws/install/serial:/userdata/dev_ws/install/origincar_msg:/userdata/dev_ws/install/origincar_description:/userdata/dev_ws/install/origincar_bringup:/userdata/dev_ws/install/line_follower_pkg:/userdata/dev_ws/install/ackermann_msgs:/opt/tros/humble:/opt/ros/humble LD_LIBRARY_PATH=/root/dev_ws/install/lslidar_msgs/lib:/root/dev_ws/install/origincar_base/lib:/root/dev_ws/install/serial/lib:/root/dev_ws/install/origincar_msg/lib:/root/dev_ws/install/lslidar_driver/lib:/root/dev_ws/install/ackermann_msgs/lib:/userdata/dev_ws/install/origincar_base/lib:/userdata/dev_ws/install/serial/lib:/userdata/dev_ws/install/origincar_msg/lib:/userdata/dev_ws/install/ackermann_msgs/lib:/opt/tros/humble/lib/aarch64-linux-gnu:/opt/tros/humble/lib:/opt/ros/humble/opt/rviz_ogre_vendor/lib:/opt/ros/humble/lib/aarch64-linux-gnu:/opt/ros/humble/lib:/usr/hobot/lib:/app/lib:/app/pub/lib:/middleware/lib:/middleware/pub/lib:/usr/hobot/lib/sensor:/system/lib:/system/usr/lib:/lib /usr/bin/cmake --install /root/dev_ws/build/lslidar_driver
