[8.947s] Invoking command in '/root/dev_ws/src/origincar/line_follower_pkg': PYTHONPATH=/root/dev_ws/build/line_follower_pkg/prefix_override:/usr/lib/python3/dist-packages/colcon_core/task/python/colcon_distutils_commands:/root/dev_ws/install/line_follower_pkg/lib/python3.10/site-packages:${PYTHONPATH} /usr/bin/python3 -W ignore:setup.py install is deprecated -W ignore:easy_install command is deprecated setup.py egg_info --egg-base ../../../build/line_follower_pkg build --build-base /root/dev_ws/build/line_follower_pkg/build install --record /root/dev_ws/build/line_follower_pkg/install.log --single-version-externally-managed install_data
[10.708s] running egg_info
[10.713s] writing ../../../build/line_follower_pkg/line_follower_pkg.egg-info/PKG-INFO
[10.715s] writing dependency_links to ../../../build/line_follower_pkg/line_follower_pkg.egg-info/dependency_links.txt
[10.715s] writing entry points to ../../../build/line_follower_pkg/line_follower_pkg.egg-info/entry_points.txt
[10.716s] writing requirements to ../../../build/line_follower_pkg/line_follower_pkg.egg-info/requires.txt
[10.717s] writing top-level names to ../../../build/line_follower_pkg/line_follower_pkg.egg-info/top_level.txt
[10.743s] reading manifest file '../../../build/line_follower_pkg/line_follower_pkg.egg-info/SOURCES.txt'
[10.750s] writing manifest file '../../../build/line_follower_pkg/line_follower_pkg.egg-info/SOURCES.txt'
[10.751s] running build
[10.751s] running build_py
[10.757s] running install
[10.759s] running install_lib
[10.768s] running install_data
[10.768s] running install_egg_info
[10.779s] removing '/root/dev_ws/install/line_follower_pkg/lib/python3.10/site-packages/line_follower_pkg-0.0.1-py3.10.egg-info' (and everything under it)
[10.780s] Copying ../../../build/line_follower_pkg/line_follower_pkg.egg-info to /root/dev_ws/install/line_follower_pkg/lib/python3.10/site-packages/line_follower_pkg-0.0.1-py3.10.egg-info
[10.786s] running install_scripts
[10.911s] Installing line_follower script to /root/dev_ws/install/line_follower_pkg/lib/line_follower_pkg
[10.913s] writing list of installed files to '/root/dev_ws/build/line_follower_pkg/install.log'
[11.124s] Invoked command in '/root/dev_ws/src/origincar/line_follower_pkg' returned '0': PYTHONPATH=/root/dev_ws/build/line_follower_pkg/prefix_override:/usr/lib/python3/dist-packages/colcon_core/task/python/colcon_distutils_commands:/root/dev_ws/install/line_follower_pkg/lib/python3.10/site-packages:${PYTHONPATH} /usr/bin/python3 -W ignore:setup.py install is deprecated -W ignore:easy_install command is deprecated setup.py egg_info --egg-base ../../../build/line_follower_pkg build --build-base /root/dev_ws/build/line_follower_pkg/build install --record /root/dev_ws/build/line_follower_pkg/install.log --single-version-externally-managed install_data
