[0.300s] Invoking command in '/root/dev_ws/build/utils': CMAKE_PREFIX_PATH=${CMAKE_PREFIX_PATH}:/root/dev_ws/install/line_follower_pkg:/root/dev_ws/install/laser_tf_publisher:/userdata/dev_ws/install/utils:/userdata/dev_ws/install/origincar_base:/userdata/dev_ws/install/serial:/userdata/dev_ws/install/origincar_msg:/userdata/dev_ws/install/origincar_description:/userdata/dev_ws/install/origincar_bringup:/userdata/dev_ws/install/line_follower_pkg:/userdata/dev_ws/install/ackermann_msgs:/opt/tros/humble:/opt/ros/humble /usr/bin/cmake --build /root/dev_ws/build/utils -- -j8 -l8
[0.799s] [100%] Built target image_transport_node
[0.868s] Invoked command in '/root/dev_ws/build/utils' returned '0': CMAKE_PREFIX_PATH=${CMAKE_PREFIX_PATH}:/root/dev_ws/install/line_follower_pkg:/root/dev_ws/install/laser_tf_publisher:/userdata/dev_ws/install/utils:/userdata/dev_ws/install/origincar_base:/userdata/dev_ws/install/serial:/userdata/dev_ws/install/origincar_msg:/userdata/dev_ws/install/origincar_description:/userdata/dev_ws/install/origincar_bringup:/userdata/dev_ws/install/line_follower_pkg:/userdata/dev_ws/install/ackermann_msgs:/opt/tros/humble:/opt/ros/humble /usr/bin/cmake --build /root/dev_ws/build/utils -- -j8 -l8
[0.885s] Invoking command in '/root/dev_ws/build/utils': CMAKE_PREFIX_PATH=${CMAKE_PREFIX_PATH}:/root/dev_ws/install/line_follower_pkg:/root/dev_ws/install/laser_tf_publisher:/userdata/dev_ws/install/utils:/userdata/dev_ws/install/origincar_base:/userdata/dev_ws/install/serial:/userdata/dev_ws/install/origincar_msg:/userdata/dev_ws/install/origincar_description:/userdata/dev_ws/install/origincar_bringup:/userdata/dev_ws/install/line_follower_pkg:/userdata/dev_ws/install/ackermann_msgs:/opt/tros/humble:/opt/ros/humble /usr/bin/cmake --install /root/dev_ws/build/utils
[0.922s] -- Install configuration: ""
[0.930s] -- Up-to-date: /root/dev_ws/install/utils/lib/utils/image_transport_node
[0.930s] -- Up-to-date: /root/dev_ws/install/utils/share/ament_index/resource_index/package_run_dependencies/utils
[0.932s] -- Up-to-date: /root/dev_ws/install/utils/share/ament_index/resource_index/parent_prefix_path/utils
[0.933s] -- Up-to-date: /root/dev_ws/install/utils/share/utils/environment/ament_prefix_path.sh
[0.934s] -- Up-to-date: /root/dev_ws/install/utils/share/utils/environment/ament_prefix_path.dsv
[0.935s] -- Up-to-date: /root/dev_ws/install/utils/share/utils/environment/path.sh
[0.936s] -- Up-to-date: /root/dev_ws/install/utils/share/utils/environment/path.dsv
[0.937s] -- Up-to-date: /root/dev_ws/install/utils/share/utils/local_setup.bash
[0.937s] -- Up-to-date: /root/dev_ws/install/utils/share/utils/local_setup.sh
[0.938s] -- Up-to-date: /root/dev_ws/install/utils/share/utils/local_setup.zsh
[0.939s] -- Up-to-date: /root/dev_ws/install/utils/share/utils/local_setup.dsv
[0.939s] -- Installing: /root/dev_ws/install/utils/share/utils/package.dsv
[0.940s] -- Up-to-date: /root/dev_ws/install/utils/share/ament_index/resource_index/packages/utils
[0.941s] -- Up-to-date: /root/dev_ws/install/utils/share/utils/cmake/utilsConfig.cmake
[0.941s] -- Up-to-date: /root/dev_ws/install/utils/share/utils/cmake/utilsConfig-version.cmake
[0.942s] -- Up-to-date: /root/dev_ws/install/utils/share/utils/package.xml
[0.949s] Invoked command in '/root/dev_ws/build/utils' returned '0': CMAKE_PREFIX_PATH=${CMAKE_PREFIX_PATH}:/root/dev_ws/install/line_follower_pkg:/root/dev_ws/install/laser_tf_publisher:/userdata/dev_ws/install/utils:/userdata/dev_ws/install/origincar_base:/userdata/dev_ws/install/serial:/userdata/dev_ws/install/origincar_msg:/userdata/dev_ws/install/origincar_description:/userdata/dev_ws/install/origincar_bringup:/userdata/dev_ws/install/line_follower_pkg:/userdata/dev_ws/install/ackermann_msgs:/opt/tros/humble:/opt/ros/humble /usr/bin/cmake --install /root/dev_ws/build/utils
