[0.252s] Invoking command in '/root/dev_ws/build/origincar_msg': CMAKE_PREFIX_PATH=${CMAKE_PREFIX_PATH}:/root/dev_ws/install/line_follower_pkg:/root/dev_ws/install/laser_tf_publisher:/userdata/dev_ws/install/utils:/userdata/dev_ws/install/origincar_base:/userdata/dev_ws/install/serial:/userdata/dev_ws/install/origincar_msg:/userdata/dev_ws/install/origincar_description:/userdata/dev_ws/install/origincar_bringup:/userdata/dev_ws/install/line_follower_pkg:/userdata/dev_ws/install/ackermann_msgs:/opt/tros/humble:/opt/ros/humble /usr/bin/cmake --build /root/dev_ws/build/origincar_msg -- -j8 -l8
[4.506s] [  2%] Built target origincar_msg__cpp
[4.506s] [ 12%] Built target origincar_msg__rosidl_generator_c
[4.507s] [ 12%] Built target ament_cmake_python_copy_origincar_msg
[4.507s] [ 23%] Built target origincar_msg__rosidl_typesupport_introspection_c
[4.508s] [ 33%] Built target origincar_msg__rosidl_typesupport_cpp
[4.508s] [ 43%] Built target origincar_msg__rosidl_typesupport_fastrtps_cpp
[4.509s] [ 53%] Built target origincar_msg__rosidl_typesupport_introspection_cpp
[4.509s] [ 74%] Built target origincar_msg__rosidl_typesupport_fastrtps_c
[4.510s] [ 64%] Built target origincar_msg__rosidl_typesupport_c
[4.510s] [ 74%] Built target origincar_msg
[4.510s] [ 76%] Built target origincar_msg__py
[4.511s] [ 84%] Built target origincar_msg__rosidl_generator_py
[4.511s] [ 89%] Built target origincar_msg__rosidl_typesupport_fastrtps_c__pyext
[4.512s] [ 94%] Built target origincar_msg__rosidl_typesupport_introspection_c__pyext
[4.512s] [100%] Built target origincar_msg__rosidl_typesupport_c__pyext
[4.513s] running egg_info
[4.513s] writing origincar_msg.egg-info/PKG-INFO
[4.513s] writing dependency_links to origincar_msg.egg-info/dependency_links.txt
[4.514s] writing top-level names to origincar_msg.egg-info/top_level.txt
[4.514s] reading manifest file 'origincar_msg.egg-info/SOURCES.txt'
[4.515s] writing manifest file 'origincar_msg.egg-info/SOURCES.txt'
[4.515s] [100%] Built target ament_cmake_python_build_origincar_msg_egg
[4.560s] Invoked command in '/root/dev_ws/build/origincar_msg' returned '0': CMAKE_PREFIX_PATH=${CMAKE_PREFIX_PATH}:/root/dev_ws/install/line_follower_pkg:/root/dev_ws/install/laser_tf_publisher:/userdata/dev_ws/install/utils:/userdata/dev_ws/install/origincar_base:/userdata/dev_ws/install/serial:/userdata/dev_ws/install/origincar_msg:/userdata/dev_ws/install/origincar_description:/userdata/dev_ws/install/origincar_bringup:/userdata/dev_ws/install/line_follower_pkg:/userdata/dev_ws/install/ackermann_msgs:/opt/tros/humble:/opt/ros/humble /usr/bin/cmake --build /root/dev_ws/build/origincar_msg -- -j8 -l8
[4.567s] Invoking command in '/root/dev_ws/build/origincar_msg': CMAKE_PREFIX_PATH=${CMAKE_PREFIX_PATH}:/root/dev_ws/install/line_follower_pkg:/root/dev_ws/install/laser_tf_publisher:/userdata/dev_ws/install/utils:/userdata/dev_ws/install/origincar_base:/userdata/dev_ws/install/serial:/userdata/dev_ws/install/origincar_msg:/userdata/dev_ws/install/origincar_description:/userdata/dev_ws/install/origincar_bringup:/userdata/dev_ws/install/line_follower_pkg:/userdata/dev_ws/install/ackermann_msgs:/opt/tros/humble:/opt/ros/humble /usr/bin/cmake --install /root/dev_ws/build/origincar_msg
[4.778s] -- Install configuration: ""
[4.779s] -- Up-to-date: /root/dev_ws/install/origincar_msg/share/ament_index/resource_index/rosidl_interfaces/origincar_msg
[4.781s] -- Up-to-date: /root/dev_ws/install/origincar_msg/include/origincar_msg/origincar_msg
[4.783s] -- Up-to-date: /root/dev_ws/install/origincar_msg/include/origincar_msg/origincar_msg/msg
[4.784s] -- Up-to-date: /root/dev_ws/install/origincar_msg/include/origincar_msg/origincar_msg/msg/rosidl_generator_c__visibility_control.h
[4.789s] -- Up-to-date: /root/dev_ws/install/origincar_msg/include/origincar_msg/origincar_msg/msg/sign.h
[4.791s] -- Up-to-date: /root/dev_ws/install/origincar_msg/include/origincar_msg/origincar_msg/msg/detail
[4.792s] -- Up-to-date: /root/dev_ws/install/origincar_msg/include/origincar_msg/origincar_msg/msg/detail/data__type_support.h
[4.793s] -- Up-to-date: /root/dev_ws/install/origincar_msg/include/origincar_msg/origincar_msg/msg/detail/sign__functions.h
[4.794s] -- Up-to-date: /root/dev_ws/install/origincar_msg/include/origincar_msg/origincar_msg/msg/detail/sign__struct.h
[4.795s] -- Up-to-date: /root/dev_ws/install/origincar_msg/include/origincar_msg/origincar_msg/msg/detail/data__functions.c
[4.796s] -- Up-to-date: /root/dev_ws/install/origincar_msg/include/origincar_msg/origincar_msg/msg/detail/data__functions.h
[4.798s] -- Up-to-date: /root/dev_ws/install/origincar_msg/include/origincar_msg/origincar_msg/msg/detail/sign__type_support.h
[4.798s] -- Up-to-date: /root/dev_ws/install/origincar_msg/include/origincar_msg/origincar_msg/msg/detail/sign__functions.c
[4.799s] -- Up-to-date: /root/dev_ws/install/origincar_msg/include/origincar_msg/origincar_msg/msg/detail/data__struct.h
[4.800s] -- Up-to-date: /root/dev_ws/install/origincar_msg/include/origincar_msg/origincar_msg/msg/data.h
[4.801s] -- Up-to-date: /root/dev_ws/install/origincar_msg/share/origincar_msg/environment/library_path.sh
[4.801s] -- Up-to-date: /root/dev_ws/install/origincar_msg/share/origincar_msg/environment/library_path.dsv
[4.802s] -- Up-to-date: /root/dev_ws/install/origincar_msg/lib/liborigincar_msg__rosidl_generator_c.so
[4.803s] -- Up-to-date: /root/dev_ws/install/origincar_msg/include/origincar_msg/origincar_msg
[4.804s] -- Up-to-date: /root/dev_ws/install/origincar_msg/include/origincar_msg/origincar_msg/msg
[4.804s] -- Up-to-date: /root/dev_ws/install/origincar_msg/include/origincar_msg/origincar_msg/msg/rosidl_typesupport_fastrtps_c__visibility_control.h
[4.805s] -- Up-to-date: /root/dev_ws/install/origincar_msg/include/origincar_msg/origincar_msg/msg/detail
[4.808s] -- Up-to-date: /root/dev_ws/install/origincar_msg/include/origincar_msg/origincar_msg/msg/detail/sign__rosidl_typesupport_fastrtps_c.h
[4.809s] -- Up-to-date: /root/dev_ws/install/origincar_msg/include/origincar_msg/origincar_msg/msg/detail/data__rosidl_typesupport_fastrtps_c.h
[4.811s] -- Up-to-date: /root/dev_ws/install/origincar_msg/lib/liborigincar_msg__rosidl_typesupport_fastrtps_c.so
[4.813s] -- Up-to-date: /root/dev_ws/install/origincar_msg/include/origincar_msg/origincar_msg
[4.815s] -- Up-to-date: /root/dev_ws/install/origincar_msg/include/origincar_msg/origincar_msg/msg
[4.816s] -- Up-to-date: /root/dev_ws/install/origincar_msg/include/origincar_msg/origincar_msg/msg/rosidl_typesupport_introspection_c__visibility_control.h
[4.818s] -- Up-to-date: /root/dev_ws/install/origincar_msg/include/origincar_msg/origincar_msg/msg/detail
[4.820s] -- Up-to-date: /root/dev_ws/install/origincar_msg/include/origincar_msg/origincar_msg/msg/detail/sign__rosidl_typesupport_introspection_c.h
[4.822s] -- Up-to-date: /root/dev_ws/install/origincar_msg/include/origincar_msg/origincar_msg/msg/detail/data__rosidl_typesupport_introspection_c.h
[4.825s] -- Up-to-date: /root/dev_ws/install/origincar_msg/include/origincar_msg/origincar_msg/msg/detail/data__type_support.c
[4.831s] -- Up-to-date: /root/dev_ws/install/origincar_msg/include/origincar_msg/origincar_msg/msg/detail/sign__type_support.c
[4.834s] -- Up-to-date: /root/dev_ws/install/origincar_msg/lib/liborigincar_msg__rosidl_typesupport_introspection_c.so
[4.836s] -- Up-to-date: /root/dev_ws/install/origincar_msg/lib/liborigincar_msg__rosidl_typesupport_c.so
[4.839s] -- Up-to-date: /root/dev_ws/install/origincar_msg/include/origincar_msg/origincar_msg
[4.840s] -- Up-to-date: /root/dev_ws/install/origincar_msg/include/origincar_msg/origincar_msg/msg
[4.841s] -- Up-to-date: /root/dev_ws/install/origincar_msg/include/origincar_msg/origincar_msg/msg/data.hpp
[4.844s] -- Up-to-date: /root/dev_ws/install/origincar_msg/include/origincar_msg/origincar_msg/msg/detail
[4.845s] -- Up-to-date: /root/dev_ws/install/origincar_msg/include/origincar_msg/origincar_msg/msg/detail/sign__traits.hpp
[4.846s] -- Up-to-date: /root/dev_ws/install/origincar_msg/include/origincar_msg/origincar_msg/msg/detail/sign__builder.hpp
[4.849s] -- Up-to-date: /root/dev_ws/install/origincar_msg/include/origincar_msg/origincar_msg/msg/detail/data__builder.hpp
[4.850s] -- Up-to-date: /root/dev_ws/install/origincar_msg/include/origincar_msg/origincar_msg/msg/detail/data__struct.hpp
[4.851s] -- Up-to-date: /root/dev_ws/install/origincar_msg/include/origincar_msg/origincar_msg/msg/detail/sign__struct.hpp
[4.855s] -- Up-to-date: /root/dev_ws/install/origincar_msg/include/origincar_msg/origincar_msg/msg/detail/data__traits.hpp
[4.856s] -- Up-to-date: /root/dev_ws/install/origincar_msg/include/origincar_msg/origincar_msg/msg/sign.hpp
[4.857s] -- Up-to-date: /root/dev_ws/install/origincar_msg/include/origincar_msg/origincar_msg
[4.859s] -- Up-to-date: /root/dev_ws/install/origincar_msg/include/origincar_msg/origincar_msg/msg
[4.866s] -- Up-to-date: /root/dev_ws/install/origincar_msg/include/origincar_msg/origincar_msg/msg/detail
[4.867s] -- Up-to-date: /root/dev_ws/install/origincar_msg/include/origincar_msg/origincar_msg/msg/detail/dds_fastrtps
[4.868s] -- Up-to-date: /root/dev_ws/install/origincar_msg/include/origincar_msg/origincar_msg/msg/detail/sign__rosidl_typesupport_fastrtps_cpp.hpp
[4.869s] -- Up-to-date: /root/dev_ws/install/origincar_msg/include/origincar_msg/origincar_msg/msg/detail/data__rosidl_typesupport_fastrtps_cpp.hpp
[4.870s] -- Up-to-date: /root/dev_ws/install/origincar_msg/include/origincar_msg/origincar_msg/msg/rosidl_typesupport_fastrtps_cpp__visibility_control.h
[4.872s] -- Up-to-date: /root/dev_ws/install/origincar_msg/lib/liborigincar_msg__rosidl_typesupport_fastrtps_cpp.so
[4.893s] -- Up-to-date: /root/dev_ws/install/origincar_msg/include/origincar_msg/origincar_msg
[4.893s] -- Up-to-date: /root/dev_ws/install/origincar_msg/include/origincar_msg/origincar_msg/msg
[4.895s] -- Up-to-date: /root/dev_ws/install/origincar_msg/include/origincar_msg/origincar_msg/msg/detail
[4.901s] -- Up-to-date: /root/dev_ws/install/origincar_msg/include/origincar_msg/origincar_msg/msg/detail/data__rosidl_typesupport_introspection_cpp.hpp
[4.905s] -- Up-to-date: /root/dev_ws/install/origincar_msg/include/origincar_msg/origincar_msg/msg/detail/data__type_support.cpp
[4.907s] -- Up-to-date: /root/dev_ws/install/origincar_msg/include/origincar_msg/origincar_msg/msg/detail/sign__rosidl_typesupport_introspection_cpp.hpp
[4.913s] -- Up-to-date: /root/dev_ws/install/origincar_msg/include/origincar_msg/origincar_msg/msg/detail/sign__type_support.cpp
[4.914s] -- Up-to-date: /root/dev_ws/install/origincar_msg/lib/liborigincar_msg__rosidl_typesupport_introspection_cpp.so
[4.937s] -- Up-to-date: /root/dev_ws/install/origincar_msg/lib/liborigincar_msg__rosidl_typesupport_cpp.so
[4.940s] -- Up-to-date: /root/dev_ws/install/origincar_msg/share/origincar_msg/environment/pythonpath.sh
[4.948s] -- Up-to-date: /root/dev_ws/install/origincar_msg/share/origincar_msg/environment/pythonpath.dsv
[4.949s] -- Up-to-date: /root/dev_ws/install/origincar_msg/local/lib/python3.10/dist-packages/origincar_msg-0.0.0-py3.10.egg-info
[4.950s] -- Installing: /root/dev_ws/install/origincar_msg/local/lib/python3.10/dist-packages/origincar_msg-0.0.0-py3.10.egg-info/SOURCES.txt
[4.951s] -- Installing: /root/dev_ws/install/origincar_msg/local/lib/python3.10/dist-packages/origincar_msg-0.0.0-py3.10.egg-info/PKG-INFO
[4.956s] -- Installing: /root/dev_ws/install/origincar_msg/local/lib/python3.10/dist-packages/origincar_msg-0.0.0-py3.10.egg-info/dependency_links.txt
[5.037s] -- Installing: /root/dev_ws/install/origincar_msg/local/lib/python3.10/dist-packages/origincar_msg-0.0.0-py3.10.egg-info/top_level.txt
[5.038s] -- Up-to-date: /root/dev_ws/install/origincar_msg/local/lib/python3.10/dist-packages/origincar_msg
[5.039s] -- Up-to-date: /root/dev_ws/install/origincar_msg/local/lib/python3.10/dist-packages/origincar_msg/_origincar_msg_s.ep.rosidl_typesupport_c.c
[5.040s] -- Up-to-date: /root/dev_ws/install/origincar_msg/local/lib/python3.10/dist-packages/origincar_msg/msg
[5.040s] -- Up-to-date: /root/dev_ws/install/origincar_msg/local/lib/python3.10/dist-packages/origincar_msg/msg/_sign_s.c
[5.041s] -- Up-to-date: /root/dev_ws/install/origincar_msg/local/lib/python3.10/dist-packages/origincar_msg/msg/_sign.py
[5.042s] -- Up-to-date: /root/dev_ws/install/origincar_msg/local/lib/python3.10/dist-packages/origincar_msg/msg/_data.py
[5.042s] -- Up-to-date: /root/dev_ws/install/origincar_msg/local/lib/python3.10/dist-packages/origincar_msg/msg/__init__.py
[5.043s] -- Up-to-date: /root/dev_ws/install/origincar_msg/local/lib/python3.10/dist-packages/origincar_msg/msg/_data_s.c
[5.044s] -- Up-to-date: /root/dev_ws/install/origincar_msg/local/lib/python3.10/dist-packages/origincar_msg/origincar_msg_s__rosidl_typesupport_introspection_c.cpython-310-aarch64-linux-gnu.so
[5.044s] -- Up-to-date: /root/dev_ws/install/origincar_msg/local/lib/python3.10/dist-packages/origincar_msg/__init__.py
[5.045s] -- Up-to-date: /root/dev_ws/install/origincar_msg/local/lib/python3.10/dist-packages/origincar_msg/origincar_msg_s__rosidl_typesupport_c.cpython-310-aarch64-linux-gnu.so
[5.046s] -- Up-to-date: /root/dev_ws/install/origincar_msg/local/lib/python3.10/dist-packages/origincar_msg/origincar_msg_s__rosidl_typesupport_fastrtps_c.cpython-310-aarch64-linux-gnu.so
[5.047s] -- Up-to-date: /root/dev_ws/install/origincar_msg/local/lib/python3.10/dist-packages/origincar_msg/_origincar_msg_s.ep.rosidl_typesupport_fastrtps_c.c
[5.047s] -- Up-to-date: /root/dev_ws/install/origincar_msg/local/lib/python3.10/dist-packages/origincar_msg/liborigincar_msg__rosidl_generator_py.so
[5.048s] -- Up-to-date: /root/dev_ws/install/origincar_msg/local/lib/python3.10/dist-packages/origincar_msg/_origincar_msg_s.ep.rosidl_typesupport_introspection_c.c
[5.395s] Listing '/root/dev_ws/install/origincar_msg/local/lib/python3.10/dist-packages/origincar_msg'...
[5.396s] Listing '/root/dev_ws/install/origincar_msg/local/lib/python3.10/dist-packages/origincar_msg/msg'...
[5.408s] -- Up-to-date: /root/dev_ws/install/origincar_msg/local/lib/python3.10/dist-packages/origincar_msg/origincar_msg_s__rosidl_typesupport_fastrtps_c.cpython-310-aarch64-linux-gnu.so
[5.411s] -- Up-to-date: /root/dev_ws/install/origincar_msg/local/lib/python3.10/dist-packages/origincar_msg/origincar_msg_s__rosidl_typesupport_introspection_c.cpython-310-aarch64-linux-gnu.so
[5.412s] -- Up-to-date: /root/dev_ws/install/origincar_msg/local/lib/python3.10/dist-packages/origincar_msg/origincar_msg_s__rosidl_typesupport_c.cpython-310-aarch64-linux-gnu.so
[5.412s] -- Up-to-date: /root/dev_ws/install/origincar_msg/lib/liborigincar_msg__rosidl_generator_py.so
[5.414s] -- Up-to-date: /root/dev_ws/install/origincar_msg/share/origincar_msg/msg/Data.idl
[5.416s] -- Up-to-date: /root/dev_ws/install/origincar_msg/share/origincar_msg/msg/Sign.idl
[5.417s] -- Up-to-date: /root/dev_ws/install/origincar_msg/share/origincar_msg/msg/Data.msg
[5.418s] -- Up-to-date: /root/dev_ws/install/origincar_msg/share/origincar_msg/msg/Sign.msg
[5.420s] -- Up-to-date: /root/dev_ws/install/origincar_msg/share/ament_index/resource_index/package_run_dependencies/origincar_msg
[5.421s] -- Up-to-date: /root/dev_ws/install/origincar_msg/share/ament_index/resource_index/parent_prefix_path/origincar_msg
[5.422s] -- Up-to-date: /root/dev_ws/install/origincar_msg/share/origincar_msg/environment/ament_prefix_path.sh
[5.423s] -- Up-to-date: /root/dev_ws/install/origincar_msg/share/origincar_msg/environment/ament_prefix_path.dsv
[5.423s] -- Up-to-date: /root/dev_ws/install/origincar_msg/share/origincar_msg/environment/path.sh
[5.425s] -- Up-to-date: /root/dev_ws/install/origincar_msg/share/origincar_msg/environment/path.dsv
[5.426s] -- Up-to-date: /root/dev_ws/install/origincar_msg/share/origincar_msg/local_setup.bash
[5.426s] -- Up-to-date: /root/dev_ws/install/origincar_msg/share/origincar_msg/local_setup.sh
[5.428s] -- Up-to-date: /root/dev_ws/install/origincar_msg/share/origincar_msg/local_setup.zsh
[5.429s] -- Up-to-date: /root/dev_ws/install/origincar_msg/share/origincar_msg/local_setup.dsv
[5.430s] -- Installing: /root/dev_ws/install/origincar_msg/share/origincar_msg/package.dsv
[5.430s] -- Up-to-date: /root/dev_ws/install/origincar_msg/share/ament_index/resource_index/packages/origincar_msg
[5.431s] -- Up-to-date: /root/dev_ws/install/origincar_msg/share/origincar_msg/cmake/export_origincar_msg__rosidl_generator_cExport.cmake
[5.432s] -- Up-to-date: /root/dev_ws/install/origincar_msg/share/origincar_msg/cmake/export_origincar_msg__rosidl_generator_cExport-noconfig.cmake
[5.433s] -- Up-to-date: /root/dev_ws/install/origincar_msg/share/origincar_msg/cmake/export_origincar_msg__rosidl_typesupport_fastrtps_cExport.cmake
[5.434s] -- Up-to-date: /root/dev_ws/install/origincar_msg/share/origincar_msg/cmake/export_origincar_msg__rosidl_typesupport_fastrtps_cExport-noconfig.cmake
[5.434s] -- Up-to-date: /root/dev_ws/install/origincar_msg/share/origincar_msg/cmake/origincar_msg__rosidl_typesupport_introspection_cExport.cmake
[5.435s] -- Up-to-date: /root/dev_ws/install/origincar_msg/share/origincar_msg/cmake/origincar_msg__rosidl_typesupport_introspection_cExport-noconfig.cmake
[5.439s] -- Up-to-date: /root/dev_ws/install/origincar_msg/share/origincar_msg/cmake/origincar_msg__rosidl_typesupport_cExport.cmake
[5.441s] -- Up-to-date: /root/dev_ws/install/origincar_msg/share/origincar_msg/cmake/origincar_msg__rosidl_typesupport_cExport-noconfig.cmake
[5.442s] -- Up-to-date: /root/dev_ws/install/origincar_msg/share/origincar_msg/cmake/export_origincar_msg__rosidl_generator_cppExport.cmake
[5.442s] -- Up-to-date: /root/dev_ws/install/origincar_msg/share/origincar_msg/cmake/export_origincar_msg__rosidl_typesupport_fastrtps_cppExport.cmake
[5.443s] -- Up-to-date: /root/dev_ws/install/origincar_msg/share/origincar_msg/cmake/export_origincar_msg__rosidl_typesupport_fastrtps_cppExport-noconfig.cmake
[5.444s] -- Up-to-date: /root/dev_ws/install/origincar_msg/share/origincar_msg/cmake/origincar_msg__rosidl_typesupport_introspection_cppExport.cmake
[5.445s] -- Up-to-date: /root/dev_ws/install/origincar_msg/share/origincar_msg/cmake/origincar_msg__rosidl_typesupport_introspection_cppExport-noconfig.cmake
[5.446s] -- Up-to-date: /root/dev_ws/install/origincar_msg/share/origincar_msg/cmake/origincar_msg__rosidl_typesupport_cppExport.cmake
[5.448s] -- Up-to-date: /root/dev_ws/install/origincar_msg/share/origincar_msg/cmake/origincar_msg__rosidl_typesupport_cppExport-noconfig.cmake
[5.449s] -- Up-to-date: /root/dev_ws/install/origincar_msg/share/origincar_msg/cmake/export_origincar_msg__rosidl_generator_pyExport.cmake
[5.450s] -- Up-to-date: /root/dev_ws/install/origincar_msg/share/origincar_msg/cmake/export_origincar_msg__rosidl_generator_pyExport-noconfig.cmake
[5.450s] -- Up-to-date: /root/dev_ws/install/origincar_msg/share/origincar_msg/cmake/rosidl_cmake-extras.cmake
[5.451s] -- Up-to-date: /root/dev_ws/install/origincar_msg/share/origincar_msg/cmake/ament_cmake_export_dependencies-extras.cmake
[5.452s] -- Up-to-date: /root/dev_ws/install/origincar_msg/share/origincar_msg/cmake/ament_cmake_export_include_directories-extras.cmake
[5.453s] -- Up-to-date: /root/dev_ws/install/origincar_msg/share/origincar_msg/cmake/ament_cmake_export_libraries-extras.cmake
[5.454s] -- Up-to-date: /root/dev_ws/install/origincar_msg/share/origincar_msg/cmake/ament_cmake_export_targets-extras.cmake
[5.454s] -- Up-to-date: /root/dev_ws/install/origincar_msg/share/origincar_msg/cmake/rosidl_cmake_export_typesupport_targets-extras.cmake
[5.455s] -- Up-to-date: /root/dev_ws/install/origincar_msg/share/origincar_msg/cmake/rosidl_cmake_export_typesupport_libraries-extras.cmake
[5.456s] -- Up-to-date: /root/dev_ws/install/origincar_msg/share/origincar_msg/cmake/origincar_msgConfig.cmake
[5.456s] -- Up-to-date: /root/dev_ws/install/origincar_msg/share/origincar_msg/cmake/origincar_msgConfig-version.cmake
[5.458s] -- Up-to-date: /root/dev_ws/install/origincar_msg/share/origincar_msg/package.xml
[5.651s] Invoked command in '/root/dev_ws/build/origincar_msg' returned '0': CMAKE_PREFIX_PATH=${CMAKE_PREFIX_PATH}:/root/dev_ws/install/line_follower_pkg:/root/dev_ws/install/laser_tf_publisher:/userdata/dev_ws/install/utils:/userdata/dev_ws/install/origincar_base:/userdata/dev_ws/install/serial:/userdata/dev_ws/install/origincar_msg:/userdata/dev_ws/install/origincar_description:/userdata/dev_ws/install/origincar_bringup:/userdata/dev_ws/install/line_follower_pkg:/userdata/dev_ws/install/ackermann_msgs:/opt/tros/humble:/opt/ros/humble /usr/bin/cmake --install /root/dev_ws/build/origincar_msg
