[4.513s] Invoking command in '/root/dev_ws/build/origincar_bringup': CMAKE_PREFIX_PATH=${CMAKE_PREFIX_PATH}:/root/dev_ws/install/line_follower_pkg:/root/dev_ws/install/laser_tf_publisher:/userdata/dev_ws/install/utils:/userdata/dev_ws/install/origincar_base:/userdata/dev_ws/install/serial:/userdata/dev_ws/install/origincar_msg:/userdata/dev_ws/install/origincar_description:/userdata/dev_ws/install/origincar_bringup:/userdata/dev_ws/install/line_follower_pkg:/userdata/dev_ws/install/ackermann_msgs:/opt/tros/humble:/opt/ros/humble /usr/bin/cmake /root/dev_ws/src/origincar/origincar_bringup -DCMAKE_INSTALL_PREFIX=/root/dev_ws/install/origincar_bringup
[4.862s] -- The C compiler identification is GNU 11.2.0
[5.242s] -- The CXX compiler identification is GNU 11.2.0
[5.287s] -- Detecting C compiler ABI info
[5.764s] -- Detecting C compiler ABI info - done
[5.814s] -- Check for working C compiler: /usr/bin/cc - skipped
[5.815s] -- Detecting C compile features
[5.820s] -- Detecting C compile features - done
[5.836s] -- Detecting CXX compiler ABI info
[6.377s] -- Detecting CXX compiler ABI info - done
[6.462s] -- Check for working CXX compiler: /usr/bin/c++ - skipped
[6.463s] -- Detecting CXX compile features
[6.466s] -- Detecting CXX compile features - done
[6.482s] -- Found ament_cmake: 1.3.10 (/opt/ros/humble/share/ament_cmake/cmake)
[8.357s] -- Found Python3: /usr/bin/python3 (found version "3.10.12") found components: Interpreter 
[9.269s] -- Found ament_lint_auto: 0.12.11 (/opt/ros/humble/share/ament_lint_auto/cmake)
[10.054s] -- Added test 'copyright' to check source files copyright and LICENSE
[10.063s] -- Added test 'flake8' to check Python code syntax and style conventions
[10.068s] -- Added test 'lint_cmake' to check CMake code style
[10.072s] -- Added test 'pep257' to check Python code against some of the docstring style conventions in PEP 257
[10.078s] -- Added test 'xmllint' to check XML markup files
[10.091s] -- Configuring done
[10.123s] -- Generating done
[10.148s] -- Build files have been written to: /root/dev_ws/build/origincar_bringup
[10.183s] Invoked command in '/root/dev_ws/build/origincar_bringup' returned '0': CMAKE_PREFIX_PATH=${CMAKE_PREFIX_PATH}:/root/dev_ws/install/line_follower_pkg:/root/dev_ws/install/laser_tf_publisher:/userdata/dev_ws/install/utils:/userdata/dev_ws/install/origincar_base:/userdata/dev_ws/install/serial:/userdata/dev_ws/install/origincar_msg:/userdata/dev_ws/install/origincar_description:/userdata/dev_ws/install/origincar_bringup:/userdata/dev_ws/install/line_follower_pkg:/userdata/dev_ws/install/ackermann_msgs:/opt/tros/humble:/opt/ros/humble /usr/bin/cmake /root/dev_ws/src/origincar/origincar_bringup -DCMAKE_INSTALL_PREFIX=/root/dev_ws/install/origincar_bringup
[10.186s] Invoking command in '/root/dev_ws/build/origincar_bringup': CMAKE_PREFIX_PATH=${CMAKE_PREFIX_PATH}:/root/dev_ws/install/line_follower_pkg:/root/dev_ws/install/laser_tf_publisher:/userdata/dev_ws/install/utils:/userdata/dev_ws/install/origincar_base:/userdata/dev_ws/install/serial:/userdata/dev_ws/install/origincar_msg:/userdata/dev_ws/install/origincar_description:/userdata/dev_ws/install/origincar_bringup:/userdata/dev_ws/install/line_follower_pkg:/userdata/dev_ws/install/ackermann_msgs:/opt/tros/humble:/opt/ros/humble /usr/bin/cmake --build /root/dev_ws/build/origincar_bringup -- -j8 -l8
[10.881s] Invoked command in '/root/dev_ws/build/origincar_bringup' returned '0': CMAKE_PREFIX_PATH=${CMAKE_PREFIX_PATH}:/root/dev_ws/install/line_follower_pkg:/root/dev_ws/install/laser_tf_publisher:/userdata/dev_ws/install/utils:/userdata/dev_ws/install/origincar_base:/userdata/dev_ws/install/serial:/userdata/dev_ws/install/origincar_msg:/userdata/dev_ws/install/origincar_description:/userdata/dev_ws/install/origincar_bringup:/userdata/dev_ws/install/line_follower_pkg:/userdata/dev_ws/install/ackermann_msgs:/opt/tros/humble:/opt/ros/humble /usr/bin/cmake --build /root/dev_ws/build/origincar_bringup -- -j8 -l8
[10.888s] Invoking command in '/root/dev_ws/build/origincar_bringup': CMAKE_PREFIX_PATH=${CMAKE_PREFIX_PATH}:/root/dev_ws/install/line_follower_pkg:/root/dev_ws/install/laser_tf_publisher:/userdata/dev_ws/install/utils:/userdata/dev_ws/install/origincar_base:/userdata/dev_ws/install/serial:/userdata/dev_ws/install/origincar_msg:/userdata/dev_ws/install/origincar_description:/userdata/dev_ws/install/origincar_bringup:/userdata/dev_ws/install/line_follower_pkg:/userdata/dev_ws/install/ackermann_msgs:/opt/tros/humble:/opt/ros/humble /usr/bin/cmake --install /root/dev_ws/build/origincar_bringup
[10.911s] -- Install configuration: ""
[10.915s] -- Installing: /root/dev_ws/install/origincar_bringup/share/origincar_bringup/launch
[10.924s] -- Installing: /root/dev_ws/install/origincar_bringup/share/origincar_bringup/launch/usb_websocket_display.launch.py
[10.933s] -- Installing: /root/dev_ws/install/origincar_bringup/share/ament_index/resource_index/package_run_dependencies/origincar_bringup
[10.938s] -- Installing: /root/dev_ws/install/origincar_bringup/share/ament_index/resource_index/parent_prefix_path/origincar_bringup
[10.942s] -- Installing: /root/dev_ws/install/origincar_bringup/share/origincar_bringup/environment/ament_prefix_path.sh
[10.950s] -- Installing: /root/dev_ws/install/origincar_bringup/share/origincar_bringup/environment/ament_prefix_path.dsv
[10.951s] -- Installing: /root/dev_ws/install/origincar_bringup/share/origincar_bringup/environment/path.sh
[10.955s] -- Installing: /root/dev_ws/install/origincar_bringup/share/origincar_bringup/environment/path.dsv
[10.956s] -- Installing: /root/dev_ws/install/origincar_bringup/share/origincar_bringup/local_setup.bash
[10.962s] -- Installing: /root/dev_ws/install/origincar_bringup/share/origincar_bringup/local_setup.sh
[10.963s] -- Installing: /root/dev_ws/install/origincar_bringup/share/origincar_bringup/local_setup.zsh
[10.964s] -- Installing: /root/dev_ws/install/origincar_bringup/share/origincar_bringup/local_setup.dsv
[10.965s] -- Installing: /root/dev_ws/install/origincar_bringup/share/origincar_bringup/package.dsv
[10.966s] -- Installing: /root/dev_ws/install/origincar_bringup/share/ament_index/resource_index/packages/origincar_bringup
[10.967s] -- Installing: /root/dev_ws/install/origincar_bringup/share/origincar_bringup/cmake/origincar_bringupConfig.cmake
[10.968s] -- Installing: /root/dev_ws/install/origincar_bringup/share/origincar_bringup/cmake/origincar_bringupConfig-version.cmake
[10.970s] -- Installing: /root/dev_ws/install/origincar_bringup/share/origincar_bringup/package.xml
[11.035s] Invoked command in '/root/dev_ws/build/origincar_bringup' returned '0': CMAKE_PREFIX_PATH=${CMAKE_PREFIX_PATH}:/root/dev_ws/install/line_follower_pkg:/root/dev_ws/install/laser_tf_publisher:/userdata/dev_ws/install/utils:/userdata/dev_ws/install/origincar_base:/userdata/dev_ws/install/serial:/userdata/dev_ws/install/origincar_msg:/userdata/dev_ws/install/origincar_description:/userdata/dev_ws/install/origincar_bringup:/userdata/dev_ws/install/line_follower_pkg:/userdata/dev_ws/install/ackermann_msgs:/opt/tros/humble:/opt/ros/humble /usr/bin/cmake --install /root/dev_ws/build/origincar_bringup
