[0.106s] Invoking command in '/root/dev_ws/build/origincar_base': CMAKE_PREFIX_PATH=/root/dev_ws/install/serial:/root/dev_ws/install/origincar_msg:/root/dev_ws/install/origincar_description:/root/dev_ws/install/ackermann_msgs:/root/dev_ws/install/utils:/root/dev_ws/install/origincar_base:/root/dev_ws/install/origincar_bringup:/root/dev_ws/install/lslidar_driver:/root/dev_ws/install/lslidar_msgs:/root/dev_ws/install/hobot_nav2:/root/dev_ws/install/line_follower_pkg:/root/dev_ws/install/laser_tf_publisher:/userdata/dev_ws/install/utils:/userdata/dev_ws/install/origincar_base:/userdata/dev_ws/install/serial:/userdata/dev_ws/install/origincar_msg:/userdata/dev_ws/install/origincar_description:/userdata/dev_ws/install/origincar_bringup:/userdata/dev_ws/install/line_follower_pkg:/userdata/dev_ws/install/ackermann_msgs:/opt/tros/humble:/opt/ros/humble LD_LIBRARY_PATH=/root/dev_ws/install/origincar_msg/lib:/root/dev_ws/install/ackermann_msgs/lib:/root/dev_ws/install/origincar_base/lib:/root/dev_ws/install/serial/lib:/root/dev_ws/install/lslidar_driver/lib:/root/dev_ws/install/lslidar_msgs/lib:/userdata/dev_ws/install/origincar_base/lib:/userdata/dev_ws/install/serial/lib:/userdata/dev_ws/install/origincar_msg/lib:/userdata/dev_ws/install/ackermann_msgs/lib:/opt/tros/humble/lib/aarch64-linux-gnu:/opt/tros/humble/lib:/opt/ros/humble/opt/rviz_ogre_vendor/lib:/opt/ros/humble/lib/aarch64-linux-gnu:/opt/ros/humble/lib:/usr/hobot/lib:/app/lib:/app/pub/lib:/middleware/lib:/middleware/pub/lib:/usr/hobot/lib/sensor:/system/lib:/system/usr/lib:/lib /usr/bin/cmake --build /root/dev_ws/build/origincar_base -- -j8 -l8
[0.367s] [  8%] Built target origincar_base__rosidl_generator_c
[0.368s] [ 11%] Built target origincar_base__cpp
[0.428s] [ 20%] Built target origincar_base_node
[0.475s] [ 20%] Built target ament_cmake_python_copy_origincar_base
[0.536s] [ 29%] Built target origincar_base__rosidl_typesupport_introspection_c
[0.539s] [ 38%] Built target origincar_base__rosidl_typesupport_fastrtps_c
[0.545s] [ 47%] Built target origincar_base__rosidl_typesupport_c
[0.570s] [ 55%] Built target origincar_base__rosidl_typesupport_introspection_cpp
[0.577s] [ 64%] Built target origincar_base__rosidl_typesupport_cpp
[0.614s] [ 73%] Built target origincar_base__rosidl_typesupport_fastrtps_cpp
[0.709s] [ 73%] Built target origincar_base
[0.810s] [ 76%] Built target origincar_base__py
[0.935s] [ 82%] Built target origincar_base__rosidl_generator_py
[1.018s] [ 94%] Built target origincar_base__rosidl_typesupport_introspection_c__pyext
[1.019s] [ 94%] Built target origincar_base__rosidl_typesupport_c__pyext
[1.020s] [100%] Built target origincar_base__rosidl_typesupport_fastrtps_c__pyext
[2.366s] running egg_info
[2.371s] writing origincar_base.egg-info/PKG-INFO
[2.373s] writing dependency_links to origincar_base.egg-info/dependency_links.txt
[2.374s] writing top-level names to origincar_base.egg-info/top_level.txt
[2.387s] reading manifest file 'origincar_base.egg-info/SOURCES.txt'
[2.391s] writing manifest file 'origincar_base.egg-info/SOURCES.txt'
[2.603s] [100%] Built target ament_cmake_python_build_origincar_base_egg
[2.655s] Invoked command in '/root/dev_ws/build/origincar_base' returned '0': CMAKE_PREFIX_PATH=/root/dev_ws/install/serial:/root/dev_ws/install/origincar_msg:/root/dev_ws/install/origincar_description:/root/dev_ws/install/ackermann_msgs:/root/dev_ws/install/utils:/root/dev_ws/install/origincar_base:/root/dev_ws/install/origincar_bringup:/root/dev_ws/install/lslidar_driver:/root/dev_ws/install/lslidar_msgs:/root/dev_ws/install/hobot_nav2:/root/dev_ws/install/line_follower_pkg:/root/dev_ws/install/laser_tf_publisher:/userdata/dev_ws/install/utils:/userdata/dev_ws/install/origincar_base:/userdata/dev_ws/install/serial:/userdata/dev_ws/install/origincar_msg:/userdata/dev_ws/install/origincar_description:/userdata/dev_ws/install/origincar_bringup:/userdata/dev_ws/install/line_follower_pkg:/userdata/dev_ws/install/ackermann_msgs:/opt/tros/humble:/opt/ros/humble LD_LIBRARY_PATH=/root/dev_ws/install/origincar_msg/lib:/root/dev_ws/install/ackermann_msgs/lib:/root/dev_ws/install/origincar_base/lib:/root/dev_ws/install/serial/lib:/root/dev_ws/install/lslidar_driver/lib:/root/dev_ws/install/lslidar_msgs/lib:/userdata/dev_ws/install/origincar_base/lib:/userdata/dev_ws/install/serial/lib:/userdata/dev_ws/install/origincar_msg/lib:/userdata/dev_ws/install/ackermann_msgs/lib:/opt/tros/humble/lib/aarch64-linux-gnu:/opt/tros/humble/lib:/opt/ros/humble/opt/rviz_ogre_vendor/lib:/opt/ros/humble/lib/aarch64-linux-gnu:/opt/ros/humble/lib:/usr/hobot/lib:/app/lib:/app/pub/lib:/middleware/lib:/middleware/pub/lib:/usr/hobot/lib/sensor:/system/lib:/system/usr/lib:/lib /usr/bin/cmake --build /root/dev_ws/build/origincar_base -- -j8 -l8
[2.662s] Invoking command in '/root/dev_ws/build/origincar_base': CMAKE_PREFIX_PATH=/root/dev_ws/install/serial:/root/dev_ws/install/origincar_msg:/root/dev_ws/install/origincar_description:/root/dev_ws/install/ackermann_msgs:/root/dev_ws/install/utils:/root/dev_ws/install/origincar_base:/root/dev_ws/install/origincar_bringup:/root/dev_ws/install/lslidar_driver:/root/dev_ws/install/lslidar_msgs:/root/dev_ws/install/hobot_nav2:/root/dev_ws/install/line_follower_pkg:/root/dev_ws/install/laser_tf_publisher:/userdata/dev_ws/install/utils:/userdata/dev_ws/install/origincar_base:/userdata/dev_ws/install/serial:/userdata/dev_ws/install/origincar_msg:/userdata/dev_ws/install/origincar_description:/userdata/dev_ws/install/origincar_bringup:/userdata/dev_ws/install/line_follower_pkg:/userdata/dev_ws/install/ackermann_msgs:/opt/tros/humble:/opt/ros/humble LD_LIBRARY_PATH=/root/dev_ws/install/origincar_msg/lib:/root/dev_ws/install/ackermann_msgs/lib:/root/dev_ws/install/origincar_base/lib:/root/dev_ws/install/serial/lib:/root/dev_ws/install/lslidar_driver/lib:/root/dev_ws/install/lslidar_msgs/lib:/userdata/dev_ws/install/origincar_base/lib:/userdata/dev_ws/install/serial/lib:/userdata/dev_ws/install/origincar_msg/lib:/userdata/dev_ws/install/ackermann_msgs/lib:/opt/tros/humble/lib/aarch64-linux-gnu:/opt/tros/humble/lib:/opt/ros/humble/opt/rviz_ogre_vendor/lib:/opt/ros/humble/lib/aarch64-linux-gnu:/opt/ros/humble/lib:/usr/hobot/lib:/app/lib:/app/pub/lib:/middleware/lib:/middleware/pub/lib:/usr/hobot/lib/sensor:/system/lib:/system/usr/lib:/lib /usr/bin/cmake --install /root/dev_ws/build/origincar_base
[2.699s] -- Install configuration: ""
[2.700s] -- Up-to-date: /root/dev_ws/install/origincar_base/share/ament_index/resource_index/rosidl_interfaces/origincar_base
[2.701s] -- Up-to-date: /root/dev_ws/install/origincar_base/include/origincar_base/origincar_base
[2.702s] -- Up-to-date: /root/dev_ws/install/origincar_base/include/origincar_base/origincar_base/msg
[2.702s] -- Up-to-date: /root/dev_ws/install/origincar_base/include/origincar_base/origincar_base/msg/position.h
[2.703s] -- Up-to-date: /root/dev_ws/install/origincar_base/include/origincar_base/origincar_base/msg/rosidl_generator_c__visibility_control.h
[2.704s] -- Up-to-date: /root/dev_ws/install/origincar_base/include/origincar_base/origincar_base/msg/detail
[2.704s] -- Up-to-date: /root/dev_ws/install/origincar_base/include/origincar_base/origincar_base/msg/detail/position__type_support.h
[2.705s] -- Up-to-date: /root/dev_ws/install/origincar_base/include/origincar_base/origincar_base/msg/detail/position__functions.h
[2.706s] -- Up-to-date: /root/dev_ws/install/origincar_base/include/origincar_base/origincar_base/msg/detail/position__struct.h
[2.706s] -- Up-to-date: /root/dev_ws/install/origincar_base/include/origincar_base/origincar_base/msg/detail/position__functions.c
[2.707s] -- Up-to-date: /root/dev_ws/install/origincar_base/share/origincar_base/environment/library_path.sh
[2.708s] -- Up-to-date: /root/dev_ws/install/origincar_base/share/origincar_base/environment/library_path.dsv
[2.708s] -- Up-to-date: /root/dev_ws/install/origincar_base/lib/liborigincar_base__rosidl_generator_c.so
[2.709s] -- Up-to-date: /root/dev_ws/install/origincar_base/include/origincar_base/origincar_base
[2.709s] -- Up-to-date: /root/dev_ws/install/origincar_base/include/origincar_base/origincar_base/msg
[2.710s] -- Up-to-date: /root/dev_ws/install/origincar_base/include/origincar_base/origincar_base/msg/rosidl_typesupport_fastrtps_c__visibility_control.h
[2.711s] -- Up-to-date: /root/dev_ws/install/origincar_base/include/origincar_base/origincar_base/msg/detail
[2.711s] -- Up-to-date: /root/dev_ws/install/origincar_base/include/origincar_base/origincar_base/msg/detail/position__rosidl_typesupport_fastrtps_c.h
[2.712s] -- Up-to-date: /root/dev_ws/install/origincar_base/lib/liborigincar_base__rosidl_typesupport_fastrtps_c.so
[2.712s] -- Up-to-date: /root/dev_ws/install/origincar_base/include/origincar_base/origincar_base
[2.713s] -- Up-to-date: /root/dev_ws/install/origincar_base/include/origincar_base/origincar_base/msg
[2.713s] -- Up-to-date: /root/dev_ws/install/origincar_base/include/origincar_base/origincar_base/msg/position.hpp
[2.714s] -- Up-to-date: /root/dev_ws/install/origincar_base/include/origincar_base/origincar_base/msg/detail
[2.714s] -- Up-to-date: /root/dev_ws/install/origincar_base/include/origincar_base/origincar_base/msg/detail/position__struct.hpp
[2.715s] -- Up-to-date: /root/dev_ws/install/origincar_base/include/origincar_base/origincar_base/msg/detail/position__traits.hpp
[2.716s] -- Up-to-date: /root/dev_ws/install/origincar_base/include/origincar_base/origincar_base/msg/detail/position__builder.hpp
[2.716s] -- Up-to-date: /root/dev_ws/install/origincar_base/include/origincar_base/origincar_base
[2.717s] -- Up-to-date: /root/dev_ws/install/origincar_base/include/origincar_base/origincar_base/msg
[2.718s] -- Up-to-date: /root/dev_ws/install/origincar_base/include/origincar_base/origincar_base/msg/detail
[2.718s] -- Up-to-date: /root/dev_ws/install/origincar_base/include/origincar_base/origincar_base/msg/detail/position__rosidl_typesupport_fastrtps_cpp.hpp
[2.719s] -- Up-to-date: /root/dev_ws/install/origincar_base/include/origincar_base/origincar_base/msg/detail/dds_fastrtps
[2.719s] -- Up-to-date: /root/dev_ws/install/origincar_base/include/origincar_base/origincar_base/msg/rosidl_typesupport_fastrtps_cpp__visibility_control.h
[2.720s] -- Up-to-date: /root/dev_ws/install/origincar_base/lib/liborigincar_base__rosidl_typesupport_fastrtps_cpp.so
[2.721s] -- Up-to-date: /root/dev_ws/install/origincar_base/include/origincar_base/origincar_base
[2.721s] -- Up-to-date: /root/dev_ws/install/origincar_base/include/origincar_base/origincar_base/msg
[2.722s] -- Up-to-date: /root/dev_ws/install/origincar_base/include/origincar_base/origincar_base/msg/rosidl_typesupport_introspection_c__visibility_control.h
[2.722s] -- Up-to-date: /root/dev_ws/install/origincar_base/include/origincar_base/origincar_base/msg/detail
[2.722s] -- Up-to-date: /root/dev_ws/install/origincar_base/include/origincar_base/origincar_base/msg/detail/position__type_support.c
[2.723s] -- Up-to-date: /root/dev_ws/install/origincar_base/include/origincar_base/origincar_base/msg/detail/position__rosidl_typesupport_introspection_c.h
[2.723s] -- Up-to-date: /root/dev_ws/install/origincar_base/lib/liborigincar_base__rosidl_typesupport_introspection_c.so
[2.724s] -- Up-to-date: /root/dev_ws/install/origincar_base/lib/liborigincar_base__rosidl_typesupport_c.so
[2.724s] -- Up-to-date: /root/dev_ws/install/origincar_base/include/origincar_base/origincar_base
[2.725s] -- Up-to-date: /root/dev_ws/install/origincar_base/include/origincar_base/origincar_base/msg
[2.725s] -- Up-to-date: /root/dev_ws/install/origincar_base/include/origincar_base/origincar_base/msg/detail
[2.726s] -- Up-to-date: /root/dev_ws/install/origincar_base/include/origincar_base/origincar_base/msg/detail/position__rosidl_typesupport_introspection_cpp.hpp
[2.726s] -- Up-to-date: /root/dev_ws/install/origincar_base/include/origincar_base/origincar_base/msg/detail/position__type_support.cpp
[2.726s] -- Up-to-date: /root/dev_ws/install/origincar_base/lib/liborigincar_base__rosidl_typesupport_introspection_cpp.so
[2.727s] -- Up-to-date: /root/dev_ws/install/origincar_base/lib/liborigincar_base__rosidl_typesupport_cpp.so
[2.727s] -- Up-to-date: /root/dev_ws/install/origincar_base/share/origincar_base/environment/pythonpath.sh
[2.728s] -- Up-to-date: /root/dev_ws/install/origincar_base/share/origincar_base/environment/pythonpath.dsv
[2.728s] -- Up-to-date: /root/dev_ws/install/origincar_base/local/lib/python3.10/dist-packages/origincar_base-0.0.0-py3.10.egg-info
[2.729s] -- Installing: /root/dev_ws/install/origincar_base/local/lib/python3.10/dist-packages/origincar_base-0.0.0-py3.10.egg-info/SOURCES.txt
[2.729s] -- Installing: /root/dev_ws/install/origincar_base/local/lib/python3.10/dist-packages/origincar_base-0.0.0-py3.10.egg-info/PKG-INFO
[2.730s] -- Installing: /root/dev_ws/install/origincar_base/local/lib/python3.10/dist-packages/origincar_base-0.0.0-py3.10.egg-info/dependency_links.txt
[2.730s] -- Installing: /root/dev_ws/install/origincar_base/local/lib/python3.10/dist-packages/origincar_base-0.0.0-py3.10.egg-info/top_level.txt
[2.731s] -- Up-to-date: /root/dev_ws/install/origincar_base/local/lib/python3.10/dist-packages/origincar_base
[2.731s] -- Up-to-date: /root/dev_ws/install/origincar_base/local/lib/python3.10/dist-packages/origincar_base/_origincar_base_s.ep.rosidl_typesupport_fastrtps_c.c
[2.731s] -- Up-to-date: /root/dev_ws/install/origincar_base/local/lib/python3.10/dist-packages/origincar_base/msg
[2.732s] -- Up-to-date: /root/dev_ws/install/origincar_base/local/lib/python3.10/dist-packages/origincar_base/msg/_position_s.c
[2.732s] -- Up-to-date: /root/dev_ws/install/origincar_base/local/lib/python3.10/dist-packages/origincar_base/msg/_position.py
[2.733s] -- Up-to-date: /root/dev_ws/install/origincar_base/local/lib/python3.10/dist-packages/origincar_base/msg/__init__.py
[2.733s] -- Up-to-date: /root/dev_ws/install/origincar_base/local/lib/python3.10/dist-packages/origincar_base/liborigincar_base__rosidl_generator_py.so
[2.734s] -- Up-to-date: /root/dev_ws/install/origincar_base/local/lib/python3.10/dist-packages/origincar_base/origincar_base_s__rosidl_typesupport_fastrtps_c.cpython-310-aarch64-linux-gnu.so
[2.734s] -- Up-to-date: /root/dev_ws/install/origincar_base/local/lib/python3.10/dist-packages/origincar_base/_origincar_base_s.ep.rosidl_typesupport_c.c
[2.735s] -- Up-to-date: /root/dev_ws/install/origincar_base/local/lib/python3.10/dist-packages/origincar_base/__init__.py
[2.735s] -- Up-to-date: /root/dev_ws/install/origincar_base/local/lib/python3.10/dist-packages/origincar_base/_origincar_base_s.ep.rosidl_typesupport_introspection_c.c
[2.735s] -- Up-to-date: /root/dev_ws/install/origincar_base/local/lib/python3.10/dist-packages/origincar_base/origincar_base_s__rosidl_typesupport_introspection_c.cpython-310-aarch64-linux-gnu.so
[2.736s] -- Up-to-date: /root/dev_ws/install/origincar_base/local/lib/python3.10/dist-packages/origincar_base/origincar_base_s__rosidl_typesupport_c.cpython-310-aarch64-linux-gnu.so
[2.965s] Listing '/root/dev_ws/install/origincar_base/local/lib/python3.10/dist-packages/origincar_base'...
[2.965s] Listing '/root/dev_ws/install/origincar_base/local/lib/python3.10/dist-packages/origincar_base/msg'...
[2.990s] -- Up-to-date: /root/dev_ws/install/origincar_base/local/lib/python3.10/dist-packages/origincar_base/origincar_base_s__rosidl_typesupport_fastrtps_c.cpython-310-aarch64-linux-gnu.so
[3.079s] -- Up-to-date: /root/dev_ws/install/origincar_base/local/lib/python3.10/dist-packages/origincar_base/origincar_base_s__rosidl_typesupport_introspection_c.cpython-310-aarch64-linux-gnu.so
[3.080s] -- Up-to-date: /root/dev_ws/install/origincar_base/local/lib/python3.10/dist-packages/origincar_base/origincar_base_s__rosidl_typesupport_c.cpython-310-aarch64-linux-gnu.so
[3.081s] -- Up-to-date: /root/dev_ws/install/origincar_base/lib/liborigincar_base__rosidl_generator_py.so
[3.082s] -- Up-to-date: /root/dev_ws/install/origincar_base/share/origincar_base/msg/Position.idl
[3.083s] -- Up-to-date: /root/dev_ws/install/origincar_base/share/origincar_base/msg/Position.msg
[3.083s] -- Up-to-date: /root/dev_ws/install/origincar_base/lib/origincar_base/cmd_vel_to_ackermann_drive.py
[3.085s] -- Up-to-date: /root/dev_ws/install/origincar_base/lib/origincar_base/origincar_base_node
[3.085s] -- Up-to-date: /root/dev_ws/install/origincar_base/share/origincar_base/launch
[3.086s] -- Up-to-date: /root/dev_ws/install/origincar_base/share/origincar_base/launch/origincar_bringup.launch.py
[3.087s] -- Up-to-date: /root/dev_ws/install/origincar_base/share/origincar_base/launch/robot_mode_description.launch.py
[3.088s] -- Up-to-date: /root/dev_ws/install/origincar_base/share/origincar_base/launch/ekf.launch.py
[3.088s] -- Up-to-date: /root/dev_ws/install/origincar_base/share/origincar_base/launch/base_serial.launch.py
[3.089s] -- Up-to-date: /root/dev_ws/install/origincar_base/share/origincar_base/launch/__pycache__
[3.089s] -- Up-to-date: /root/dev_ws/install/origincar_base/share/origincar_base/launch/__pycache__/testtwo.launch.cpython-38.pyc
[3.090s] -- Up-to-date: /root/dev_ws/install/origincar_base/share/origincar_base/config
[3.090s] -- Up-to-date: /root/dev_ws/install/origincar_base/share/origincar_base/config/imu.yaml
[3.091s] -- Up-to-date: /root/dev_ws/install/origincar_base/share/origincar_base/config/ekf.yaml
[3.091s] -- Up-to-date: /root/dev_ws/install/origincar_base/share/ament_index/resource_index/package_run_dependencies/origincar_base
[3.092s] -- Up-to-date: /root/dev_ws/install/origincar_base/share/ament_index/resource_index/parent_prefix_path/origincar_base
[3.092s] -- Up-to-date: /root/dev_ws/install/origincar_base/share/origincar_base/environment/ament_prefix_path.sh
[3.093s] -- Up-to-date: /root/dev_ws/install/origincar_base/share/origincar_base/environment/ament_prefix_path.dsv
[3.093s] -- Up-to-date: /root/dev_ws/install/origincar_base/share/origincar_base/environment/path.sh
[3.094s] -- Up-to-date: /root/dev_ws/install/origincar_base/share/origincar_base/environment/path.dsv
[3.094s] -- Up-to-date: /root/dev_ws/install/origincar_base/share/origincar_base/local_setup.bash
[3.095s] -- Up-to-date: /root/dev_ws/install/origincar_base/share/origincar_base/local_setup.sh
[3.096s] -- Up-to-date: /root/dev_ws/install/origincar_base/share/origincar_base/local_setup.zsh
[3.096s] -- Up-to-date: /root/dev_ws/install/origincar_base/share/origincar_base/local_setup.dsv
[3.097s] -- Installing: /root/dev_ws/install/origincar_base/share/origincar_base/package.dsv
[3.097s] -- Up-to-date: /root/dev_ws/install/origincar_base/share/ament_index/resource_index/packages/origincar_base
[3.098s] -- Up-to-date: /root/dev_ws/install/origincar_base/share/origincar_base/cmake/export_origincar_base__rosidl_generator_cExport.cmake
[3.099s] -- Up-to-date: /root/dev_ws/install/origincar_base/share/origincar_base/cmake/export_origincar_base__rosidl_generator_cExport-noconfig.cmake
[3.100s] -- Up-to-date: /root/dev_ws/install/origincar_base/share/origincar_base/cmake/export_origincar_base__rosidl_typesupport_fastrtps_cExport.cmake
[3.101s] -- Up-to-date: /root/dev_ws/install/origincar_base/share/origincar_base/cmake/export_origincar_base__rosidl_typesupport_fastrtps_cExport-noconfig.cmake
[3.102s] -- Up-to-date: /root/dev_ws/install/origincar_base/share/origincar_base/cmake/export_origincar_base__rosidl_generator_cppExport.cmake
[3.102s] -- Up-to-date: /root/dev_ws/install/origincar_base/share/origincar_base/cmake/export_origincar_base__rosidl_typesupport_fastrtps_cppExport.cmake
[3.102s] -- Up-to-date: /root/dev_ws/install/origincar_base/share/origincar_base/cmake/export_origincar_base__rosidl_typesupport_fastrtps_cppExport-noconfig.cmake
[3.103s] -- Up-to-date: /root/dev_ws/install/origincar_base/share/origincar_base/cmake/origincar_base__rosidl_typesupport_introspection_cExport.cmake
[3.103s] -- Up-to-date: /root/dev_ws/install/origincar_base/share/origincar_base/cmake/origincar_base__rosidl_typesupport_introspection_cExport-noconfig.cmake
[3.104s] -- Up-to-date: /root/dev_ws/install/origincar_base/share/origincar_base/cmake/origincar_base__rosidl_typesupport_cExport.cmake
[3.104s] -- Up-to-date: /root/dev_ws/install/origincar_base/share/origincar_base/cmake/origincar_base__rosidl_typesupport_cExport-noconfig.cmake
[3.105s] -- Up-to-date: /root/dev_ws/install/origincar_base/share/origincar_base/cmake/origincar_base__rosidl_typesupport_introspection_cppExport.cmake
[3.105s] -- Up-to-date: /root/dev_ws/install/origincar_base/share/origincar_base/cmake/origincar_base__rosidl_typesupport_introspection_cppExport-noconfig.cmake
[3.106s] -- Up-to-date: /root/dev_ws/install/origincar_base/share/origincar_base/cmake/origincar_base__rosidl_typesupport_cppExport.cmake
[3.106s] -- Up-to-date: /root/dev_ws/install/origincar_base/share/origincar_base/cmake/origincar_base__rosidl_typesupport_cppExport-noconfig.cmake
[3.107s] -- Up-to-date: /root/dev_ws/install/origincar_base/share/origincar_base/cmake/export_origincar_base__rosidl_generator_pyExport.cmake
[3.107s] -- Up-to-date: /root/dev_ws/install/origincar_base/share/origincar_base/cmake/export_origincar_base__rosidl_generator_pyExport-noconfig.cmake
[3.107s] -- Up-to-date: /root/dev_ws/install/origincar_base/share/origincar_base/cmake/rosidl_cmake-extras.cmake
[3.108s] -- Up-to-date: /root/dev_ws/install/origincar_base/share/origincar_base/cmake/ament_cmake_export_include_directories-extras.cmake
[3.109s] -- Up-to-date: /root/dev_ws/install/origincar_base/share/origincar_base/cmake/ament_cmake_export_libraries-extras.cmake
[3.113s] -- Up-to-date: /root/dev_ws/install/origincar_base/share/origincar_base/cmake/ament_cmake_export_targets-extras.cmake
[3.115s] -- Up-to-date: /root/dev_ws/install/origincar_base/share/origincar_base/cmake/rosidl_cmake_export_typesupport_targets-extras.cmake
[3.116s] -- Up-to-date: /root/dev_ws/install/origincar_base/share/origincar_base/cmake/ament_cmake_export_dependencies-extras.cmake
[3.116s] -- Up-to-date: /root/dev_ws/install/origincar_base/share/origincar_base/cmake/rosidl_cmake_export_typesupport_libraries-extras.cmake
[3.117s] -- Up-to-date: /root/dev_ws/install/origincar_base/share/origincar_base/cmake/origincar_baseConfig.cmake
[3.118s] -- Up-to-date: /root/dev_ws/install/origincar_base/share/origincar_base/cmake/origincar_baseConfig-version.cmake
[3.119s] -- Up-to-date: /root/dev_ws/install/origincar_base/share/origincar_base/package.xml
[3.120s] Invoked command in '/root/dev_ws/build/origincar_base' returned '0': CMAKE_PREFIX_PATH=/root/dev_ws/install/serial:/root/dev_ws/install/origincar_msg:/root/dev_ws/install/origincar_description:/root/dev_ws/install/ackermann_msgs:/root/dev_ws/install/utils:/root/dev_ws/install/origincar_base:/root/dev_ws/install/origincar_bringup:/root/dev_ws/install/lslidar_driver:/root/dev_ws/install/lslidar_msgs:/root/dev_ws/install/hobot_nav2:/root/dev_ws/install/line_follower_pkg:/root/dev_ws/install/laser_tf_publisher:/userdata/dev_ws/install/utils:/userdata/dev_ws/install/origincar_base:/userdata/dev_ws/install/serial:/userdata/dev_ws/install/origincar_msg:/userdata/dev_ws/install/origincar_description:/userdata/dev_ws/install/origincar_bringup:/userdata/dev_ws/install/line_follower_pkg:/userdata/dev_ws/install/ackermann_msgs:/opt/tros/humble:/opt/ros/humble LD_LIBRARY_PATH=/root/dev_ws/install/origincar_msg/lib:/root/dev_ws/install/ackermann_msgs/lib:/root/dev_ws/install/origincar_base/lib:/root/dev_ws/install/serial/lib:/root/dev_ws/install/lslidar_driver/lib:/root/dev_ws/install/lslidar_msgs/lib:/userdata/dev_ws/install/origincar_base/lib:/userdata/dev_ws/install/serial/lib:/userdata/dev_ws/install/origincar_msg/lib:/userdata/dev_ws/install/ackermann_msgs/lib:/opt/tros/humble/lib/aarch64-linux-gnu:/opt/tros/humble/lib:/opt/ros/humble/opt/rviz_ogre_vendor/lib:/opt/ros/humble/lib/aarch64-linux-gnu:/opt/ros/humble/lib:/usr/hobot/lib:/app/lib:/app/pub/lib:/middleware/lib:/middleware/pub/lib:/usr/hobot/lib/sensor:/system/lib:/system/usr/lib:/lib /usr/bin/cmake --install /root/dev_ws/build/origincar_base
