[0.061s] Invoking command in '/root/dev_ws/build/hobot_nav2': CMAKE_PREFIX_PATH=${CMAKE_PREFIX_PATH}:/root/dev_ws/install/line_follower_pkg:/root/dev_ws/install/laser_tf_publisher:/userdata/dev_ws/install/utils:/userdata/dev_ws/install/origincar_base:/userdata/dev_ws/install/serial:/userdata/dev_ws/install/origincar_msg:/userdata/dev_ws/install/origincar_description:/userdata/dev_ws/install/origincar_bringup:/userdata/dev_ws/install/line_follower_pkg:/userdata/dev_ws/install/ackermann_msgs:/opt/tros/humble:/opt/ros/humble /usr/bin/cmake --build /root/dev_ws/build/hobot_nav2 -- -j8 -l8
[0.277s] Invoked command in '/root/dev_ws/build/hobot_nav2' returned '0': CMAKE_PREFIX_PATH=${CMAKE_PREFIX_PATH}:/root/dev_ws/install/line_follower_pkg:/root/dev_ws/install/laser_tf_publisher:/userdata/dev_ws/install/utils:/userdata/dev_ws/install/origincar_base:/userdata/dev_ws/install/serial:/userdata/dev_ws/install/origincar_msg:/userdata/dev_ws/install/origincar_description:/userdata/dev_ws/install/origincar_bringup:/userdata/dev_ws/install/line_follower_pkg:/userdata/dev_ws/install/ackermann_msgs:/opt/tros/humble:/opt/ros/humble /usr/bin/cmake --build /root/dev_ws/build/hobot_nav2 -- -j8 -l8
[0.325s] Invoking command in '/root/dev_ws/build/hobot_nav2': CMAKE_PREFIX_PATH=${CMAKE_PREFIX_PATH}:/root/dev_ws/install/line_follower_pkg:/root/dev_ws/install/laser_tf_publisher:/userdata/dev_ws/install/utils:/userdata/dev_ws/install/origincar_base:/userdata/dev_ws/install/serial:/userdata/dev_ws/install/origincar_msg:/userdata/dev_ws/install/origincar_description:/userdata/dev_ws/install/origincar_bringup:/userdata/dev_ws/install/line_follower_pkg:/userdata/dev_ws/install/ackermann_msgs:/opt/tros/humble:/opt/ros/humble /usr/bin/cmake --install /root/dev_ws/build/hobot_nav2
[0.365s] -- Install configuration: ""
[0.365s] -- Up-to-date: /root/dev_ws/install/hobot_nav2/share/hobot_nav2/launch
[0.366s] -- Up-to-date: /root/dev_ws/install/hobot_nav2/share/hobot_nav2/launch/hobot_nav2_bringup.launch.py
[0.367s] -- Up-to-date: /root/dev_ws/install/hobot_nav2/share/hobot_nav2/launch/bringup_launch_noremap.py
[0.368s] -- Up-to-date: /root/dev_ws/install/hobot_nav2/share/hobot_nav2/launch/hobot_nav2_bringup_noremapping.launch.py
[0.368s] -- Up-to-date: /root/dev_ws/install/hobot_nav2/share/hobot_nav2/launch/__pycache__
[0.369s] -- Up-to-date: /root/dev_ws/install/hobot_nav2/share/hobot_nav2/launch/__pycache__/bringup_launch_noremap.cpython-310.pyc
[0.370s] -- Installing: /root/dev_ws/install/hobot_nav2/share/hobot_nav2/launch/__pycache__/hobot_nav2_bringup.launch.cpython-310.pyc
[0.370s] -- Up-to-date: /root/dev_ws/install/hobot_nav2/share/hobot_nav2/param
[0.371s] -- Installing: /root/dev_ws/install/hobot_nav2/share/hobot_nav2/param/hobot_nav2.yaml
[0.371s] -- Up-to-date: /root/dev_ws/install/hobot_nav2/share/hobot_nav2/maps
[0.371s] -- Up-to-date: /root/dev_ws/install/hobot_nav2/share/hobot_nav2/maps/final_3.yaml
[0.372s] -- Up-to-date: /root/dev_ws/install/hobot_nav2/share/hobot_nav2/maps/row_1.pgm
[0.372s] -- Up-to-date: /root/dev_ws/install/hobot_nav2/share/hobot_nav2/maps/final_2.yaml
[0.373s] -- Up-to-date: /root/dev_ws/install/hobot_nav2/share/hobot_nav2/maps/final_1_1.yaml
[0.373s] -- Up-to-date: /root/dev_ws/install/hobot_nav2/share/hobot_nav2/maps/row_1.yaml
[0.374s] -- Up-to-date: /root/dev_ws/install/hobot_nav2/share/hobot_nav2/maps/final_1.pgm
[0.374s] -- Up-to-date: /root/dev_ws/install/hobot_nav2/share/hobot_nav2/maps/final_3.pgm
[0.374s] -- Up-to-date: /root/dev_ws/install/hobot_nav2/share/hobot_nav2/maps/row_3.yaml
[0.375s] -- Up-to-date: /root/dev_ws/install/hobot_nav2/share/hobot_nav2/maps/keepout_mask.pgm
[0.377s] -- Up-to-date: /root/dev_ws/install/hobot_nav2/share/hobot_nav2/maps/final_1.yaml
[0.380s] -- Up-to-date: /root/dev_ws/install/hobot_nav2/share/hobot_nav2/maps/row_2.pgm
[0.384s] -- Up-to-date: /root/dev_ws/install/hobot_nav2/share/hobot_nav2/maps/final_1_1.pgm
[0.386s] -- Up-to-date: /root/dev_ws/install/hobot_nav2/share/hobot_nav2/maps/final_2.pgm
[0.388s] -- Up-to-date: /root/dev_ws/install/hobot_nav2/share/hobot_nav2/maps/keepout_filter_mask.yaml
[0.390s] -- Up-to-date: /root/dev_ws/install/hobot_nav2/share/hobot_nav2/maps/row_3.pgm
[0.392s] -- Up-to-date: /root/dev_ws/install/hobot_nav2/share/hobot_nav2/maps/row_2.yaml
[0.393s] -- Up-to-date: /root/dev_ws/install/hobot_nav2/share/ament_index/resource_index/package_run_dependencies/hobot_nav2
[0.396s] -- Up-to-date: /root/dev_ws/install/hobot_nav2/share/ament_index/resource_index/parent_prefix_path/hobot_nav2
[0.396s] -- Up-to-date: /root/dev_ws/install/hobot_nav2/share/hobot_nav2/environment/ament_prefix_path.sh
[0.397s] -- Up-to-date: /root/dev_ws/install/hobot_nav2/share/hobot_nav2/environment/ament_prefix_path.dsv
[0.397s] -- Up-to-date: /root/dev_ws/install/hobot_nav2/share/hobot_nav2/environment/path.sh
[0.398s] -- Up-to-date: /root/dev_ws/install/hobot_nav2/share/hobot_nav2/environment/path.dsv
[0.399s] -- Up-to-date: /root/dev_ws/install/hobot_nav2/share/hobot_nav2/local_setup.bash
[0.400s] -- Up-to-date: /root/dev_ws/install/hobot_nav2/share/hobot_nav2/local_setup.sh
[0.401s] -- Up-to-date: /root/dev_ws/install/hobot_nav2/share/hobot_nav2/local_setup.zsh
[0.402s] -- Up-to-date: /root/dev_ws/install/hobot_nav2/share/hobot_nav2/local_setup.dsv
[0.403s] -- Installing: /root/dev_ws/install/hobot_nav2/share/hobot_nav2/package.dsv
[0.404s] -- Up-to-date: /root/dev_ws/install/hobot_nav2/share/ament_index/resource_index/packages/hobot_nav2
[0.405s] -- Up-to-date: /root/dev_ws/install/hobot_nav2/share/hobot_nav2/cmake/hobot_nav2Config.cmake
[0.405s] -- Up-to-date: /root/dev_ws/install/hobot_nav2/share/hobot_nav2/cmake/hobot_nav2Config-version.cmake
[0.407s] -- Up-to-date: /root/dev_ws/install/hobot_nav2/share/hobot_nav2/package.xml
[0.409s] Invoked command in '/root/dev_ws/build/hobot_nav2' returned '0': CMAKE_PREFIX_PATH=${CMAKE_PREFIX_PATH}:/root/dev_ws/install/line_follower_pkg:/root/dev_ws/install/laser_tf_publisher:/userdata/dev_ws/install/utils:/userdata/dev_ws/install/origincar_base:/userdata/dev_ws/install/serial:/userdata/dev_ws/install/origincar_msg:/userdata/dev_ws/install/origincar_description:/userdata/dev_ws/install/origincar_bringup:/userdata/dev_ws/install/line_follower_pkg:/userdata/dev_ws/install/ackermann_msgs:/opt/tros/humble:/opt/ros/humble /usr/bin/cmake --install /root/dev_ws/build/hobot_nav2
