[0.223s] Invoking command in '/root/dev_ws/build/hobot_nav2': CMAKE_PREFIX_PATH=${CMAKE_PREFIX_PATH}:/root/dev_ws/install/line_follower_pkg:/root/dev_ws/install/laser_tf_publisher:/userdata/dev_ws/install/utils:/userdata/dev_ws/install/origincar_base:/userdata/dev_ws/install/serial:/userdata/dev_ws/install/origincar_msg:/userdata/dev_ws/install/origincar_description:/userdata/dev_ws/install/origincar_bringup:/userdata/dev_ws/install/line_follower_pkg:/userdata/dev_ws/install/ackermann_msgs:/opt/tros/humble:/opt/ros/humble /usr/bin/cmake --build /root/dev_ws/build/hobot_nav2 -- -j8 -l8
[4.996s] Invoked command in '/root/dev_ws/build/hobot_nav2' returned '0': CMAKE_PREFIX_PATH=${CMAKE_PREFIX_PATH}:/root/dev_ws/install/line_follower_pkg:/root/dev_ws/install/laser_tf_publisher:/userdata/dev_ws/install/utils:/userdata/dev_ws/install/origincar_base:/userdata/dev_ws/install/serial:/userdata/dev_ws/install/origincar_msg:/userdata/dev_ws/install/origincar_description:/userdata/dev_ws/install/origincar_bringup:/userdata/dev_ws/install/line_follower_pkg:/userdata/dev_ws/install/ackermann_msgs:/opt/tros/humble:/opt/ros/humble /usr/bin/cmake --build /root/dev_ws/build/hobot_nav2 -- -j8 -l8
[5.002s] Invoking command in '/root/dev_ws/build/hobot_nav2': CMAKE_PREFIX_PATH=${CMAKE_PREFIX_PATH}:/root/dev_ws/install/line_follower_pkg:/root/dev_ws/install/laser_tf_publisher:/userdata/dev_ws/install/utils:/userdata/dev_ws/install/origincar_base:/userdata/dev_ws/install/serial:/userdata/dev_ws/install/origincar_msg:/userdata/dev_ws/install/origincar_description:/userdata/dev_ws/install/origincar_bringup:/userdata/dev_ws/install/line_follower_pkg:/userdata/dev_ws/install/ackermann_msgs:/opt/tros/humble:/opt/ros/humble /usr/bin/cmake --install /root/dev_ws/build/hobot_nav2
[5.149s] -- Install configuration: ""
[5.150s] -- Up-to-date: /root/dev_ws/install/hobot_nav2/share/hobot_nav2/launch
[5.152s] -- Up-to-date: /root/dev_ws/install/hobot_nav2/share/hobot_nav2/launch/hobot_nav2_bringup.launch.py
[5.155s] -- Up-to-date: /root/dev_ws/install/hobot_nav2/share/hobot_nav2/launch/bringup_launch_noremap.py
[5.157s] -- Up-to-date: /root/dev_ws/install/hobot_nav2/share/hobot_nav2/launch/hobot_nav2_bringup_noremapping.launch.py
[5.158s] -- Up-to-date: /root/dev_ws/install/hobot_nav2/share/hobot_nav2/launch/__pycache__
[5.160s] -- Up-to-date: /root/dev_ws/install/hobot_nav2/share/hobot_nav2/launch/__pycache__/bringup_launch_noremap.cpython-310.pyc
[5.163s] -- Up-to-date: /root/dev_ws/install/hobot_nav2/share/hobot_nav2/launch/__pycache__/hobot_nav2_bringup.launch.cpython-310.pyc
[5.165s] -- Up-to-date: /root/dev_ws/install/hobot_nav2/share/hobot_nav2/param
[5.166s] -- Up-to-date: /root/dev_ws/install/hobot_nav2/share/hobot_nav2/param/hobot_nav2.yaml
[5.167s] -- Up-to-date: /root/dev_ws/install/hobot_nav2/share/hobot_nav2/maps
[5.168s] -- Up-to-date: /root/dev_ws/install/hobot_nav2/share/hobot_nav2/maps/final_3.yaml
[5.170s] -- Up-to-date: /root/dev_ws/install/hobot_nav2/share/hobot_nav2/maps/row_1.pgm
[5.171s] -- Up-to-date: /root/dev_ws/install/hobot_nav2/share/hobot_nav2/maps/final_2.yaml
[5.172s] -- Up-to-date: /root/dev_ws/install/hobot_nav2/share/hobot_nav2/maps/final_1_1.yaml
[5.174s] -- Up-to-date: /root/dev_ws/install/hobot_nav2/share/hobot_nav2/maps/row_1.yaml
[5.175s] -- Up-to-date: /root/dev_ws/install/hobot_nav2/share/hobot_nav2/maps/final_1.pgm
[5.175s] -- Up-to-date: /root/dev_ws/install/hobot_nav2/share/hobot_nav2/maps/final_3.pgm
[5.180s] -- Up-to-date: /root/dev_ws/install/hobot_nav2/share/hobot_nav2/maps/row_3.yaml
[5.181s] -- Up-to-date: /root/dev_ws/install/hobot_nav2/share/hobot_nav2/maps/keepout_mask.pgm
[5.182s] -- Up-to-date: /root/dev_ws/install/hobot_nav2/share/hobot_nav2/maps/final_1.yaml
[5.183s] -- Up-to-date: /root/dev_ws/install/hobot_nav2/share/hobot_nav2/maps/row_2.pgm
[5.184s] -- Up-to-date: /root/dev_ws/install/hobot_nav2/share/hobot_nav2/maps/final_1_1.pgm
[5.185s] -- Up-to-date: /root/dev_ws/install/hobot_nav2/share/hobot_nav2/maps/final_2.pgm
[5.186s] -- Up-to-date: /root/dev_ws/install/hobot_nav2/share/hobot_nav2/maps/keepout_filter_mask.yaml
[5.186s] -- Up-to-date: /root/dev_ws/install/hobot_nav2/share/hobot_nav2/maps/row_3.pgm
[5.187s] -- Up-to-date: /root/dev_ws/install/hobot_nav2/share/hobot_nav2/maps/row_2.yaml
[5.187s] -- Up-to-date: /root/dev_ws/install/hobot_nav2/share/ament_index/resource_index/package_run_dependencies/hobot_nav2
[5.188s] -- Up-to-date: /root/dev_ws/install/hobot_nav2/share/ament_index/resource_index/parent_prefix_path/hobot_nav2
[5.188s] -- Up-to-date: /root/dev_ws/install/hobot_nav2/share/hobot_nav2/environment/ament_prefix_path.sh
[5.189s] -- Up-to-date: /root/dev_ws/install/hobot_nav2/share/hobot_nav2/environment/ament_prefix_path.dsv
[5.189s] -- Up-to-date: /root/dev_ws/install/hobot_nav2/share/hobot_nav2/environment/path.sh
[5.190s] -- Up-to-date: /root/dev_ws/install/hobot_nav2/share/hobot_nav2/environment/path.dsv
[5.190s] -- Up-to-date: /root/dev_ws/install/hobot_nav2/share/hobot_nav2/local_setup.bash
[5.192s] -- Up-to-date: /root/dev_ws/install/hobot_nav2/share/hobot_nav2/local_setup.sh
[5.192s] -- Up-to-date: /root/dev_ws/install/hobot_nav2/share/hobot_nav2/local_setup.zsh
[5.193s] -- Up-to-date: /root/dev_ws/install/hobot_nav2/share/hobot_nav2/local_setup.dsv
[5.194s] -- Installing: /root/dev_ws/install/hobot_nav2/share/hobot_nav2/package.dsv
[5.195s] -- Up-to-date: /root/dev_ws/install/hobot_nav2/share/ament_index/resource_index/packages/hobot_nav2
[5.196s] -- Up-to-date: /root/dev_ws/install/hobot_nav2/share/hobot_nav2/cmake/hobot_nav2Config.cmake
[5.196s] -- Up-to-date: /root/dev_ws/install/hobot_nav2/share/hobot_nav2/cmake/hobot_nav2Config-version.cmake
[5.197s] -- Up-to-date: /root/dev_ws/install/hobot_nav2/share/hobot_nav2/package.xml
[5.995s] Invoked command in '/root/dev_ws/build/hobot_nav2' returned '0': CMAKE_PREFIX_PATH=${CMAKE_PREFIX_PATH}:/root/dev_ws/install/line_follower_pkg:/root/dev_ws/install/laser_tf_publisher:/userdata/dev_ws/install/utils:/userdata/dev_ws/install/origincar_base:/userdata/dev_ws/install/serial:/userdata/dev_ws/install/origincar_msg:/userdata/dev_ws/install/origincar_description:/userdata/dev_ws/install/origincar_bringup:/userdata/dev_ws/install/line_follower_pkg:/userdata/dev_ws/install/ackermann_msgs:/opt/tros/humble:/opt/ros/humble /usr/bin/cmake --install /root/dev_ws/build/hobot_nav2
