[0.244s] Invoking command in '/root/dev_ws/build/serial': CMAKE_PREFIX_PATH=/userdata/dev_ws/install/utils:/userdata/dev_ws/install/origincar_base:/userdata/dev_ws/install/serial:/userdata/dev_ws/install/origincar_msg:/userdata/dev_ws/install/origincar_description:/userdata/dev_ws/install/origincar_bringup:/userdata/dev_ws/install/line_follower_pkg:/userdata/dev_ws/install/ackermann_msgs:/opt/tros/humble:/opt/ros/humble /usr/bin/cmake --build /root/dev_ws/build/serial -- -j8 -l8
[4.360s] [100%] Built target serial
[4.396s] Invoked command in '/root/dev_ws/build/serial' returned '0': CMAKE_PREFIX_PATH=/userdata/dev_ws/install/utils:/userdata/dev_ws/install/origincar_base:/userdata/dev_ws/install/serial:/userdata/dev_ws/install/origincar_msg:/userdata/dev_ws/install/origincar_description:/userdata/dev_ws/install/origincar_bringup:/userdata/dev_ws/install/line_follower_pkg:/userdata/dev_ws/install/ackermann_msgs:/opt/tros/humble:/opt/ros/humble /usr/bin/cmake --build /root/dev_ws/build/serial -- -j8 -l8
[4.405s] Invoking command in '/root/dev_ws/build/serial': CMAKE_PREFIX_PATH=/userdata/dev_ws/install/utils:/userdata/dev_ws/install/origincar_base:/userdata/dev_ws/install/serial:/userdata/dev_ws/install/origincar_msg:/userdata/dev_ws/install/origincar_description:/userdata/dev_ws/install/origincar_bringup:/userdata/dev_ws/install/line_follower_pkg:/userdata/dev_ws/install/ackermann_msgs:/opt/tros/humble:/opt/ros/humble /usr/bin/cmake --install /root/dev_ws/build/serial
[4.603s] -- Install configuration: ""
[4.604s] -- Up-to-date: /root/dev_ws/install/serial/lib/libserial.a
[4.605s] -- Up-to-date: /root/dev_ws/install/serial/share/serial/environment/library_path.sh
[4.607s] -- Up-to-date: /root/dev_ws/install/serial/share/serial/environment/library_path.dsv
[4.608s] -- Up-to-date: /root/dev_ws/install/serial/include/serial
[4.610s] -- Up-to-date: /root/dev_ws/install/serial/include/serial/impl
[4.612s] -- Up-to-date: /root/dev_ws/install/serial/include/serial/impl/unix.h
[4.613s] -- Up-to-date: /root/dev_ws/install/serial/include/serial/impl/win.h
[4.615s] -- Up-to-date: /root/dev_ws/install/serial/include/serial/serial.h
[4.617s] -- Up-to-date: /root/dev_ws/install/serial/include/serial/v8stdint.h
[4.623s] -- Up-to-date: /root/dev_ws/install/serial/share/ament_index/resource_index/package_run_dependencies/serial
[4.624s] -- Up-to-date: /root/dev_ws/install/serial/share/ament_index/resource_index/parent_prefix_path/serial
[4.629s] -- Up-to-date: /root/dev_ws/install/serial/share/serial/environment/ament_prefix_path.sh
[4.630s] -- Up-to-date: /root/dev_ws/install/serial/share/serial/environment/ament_prefix_path.dsv
[4.631s] -- Up-to-date: /root/dev_ws/install/serial/share/serial/environment/path.sh
[4.634s] -- Up-to-date: /root/dev_ws/install/serial/share/serial/environment/path.dsv
[4.635s] -- Up-to-date: /root/dev_ws/install/serial/share/serial/local_setup.bash
[4.637s] -- Up-to-date: /root/dev_ws/install/serial/share/serial/local_setup.sh
[4.638s] -- Up-to-date: /root/dev_ws/install/serial/share/serial/local_setup.zsh
[4.639s] -- Up-to-date: /root/dev_ws/install/serial/share/serial/local_setup.dsv
[4.639s] -- Installing: /root/dev_ws/install/serial/share/serial/package.dsv
[4.640s] -- Up-to-date: /root/dev_ws/install/serial/share/ament_index/resource_index/packages/serial
[4.641s] -- Up-to-date: /root/dev_ws/install/serial/share/serial/cmake/ament_cmake_export_include_directories-extras.cmake
[4.641s] -- Up-to-date: /root/dev_ws/install/serial/share/serial/cmake/ament_cmake_export_libraries-extras.cmake
[4.642s] -- Up-to-date: /root/dev_ws/install/serial/share/serial/cmake/ament_cmake_export_dependencies-extras.cmake
[4.642s] -- Up-to-date: /root/dev_ws/install/serial/share/serial/cmake/serialConfig.cmake
[4.643s] -- Up-to-date: /root/dev_ws/install/serial/share/serial/cmake/serialConfig-version.cmake
[4.647s] -- Up-to-date: /root/dev_ws/install/serial/share/serial/package.xml
[5.544s] Invoked command in '/root/dev_ws/build/serial' returned '0': CMAKE_PREFIX_PATH=/userdata/dev_ws/install/utils:/userdata/dev_ws/install/origincar_base:/userdata/dev_ws/install/serial:/userdata/dev_ws/install/origincar_msg:/userdata/dev_ws/install/origincar_description:/userdata/dev_ws/install/origincar_bringup:/userdata/dev_ws/install/line_follower_pkg:/userdata/dev_ws/install/ackermann_msgs:/opt/tros/humble:/opt/ros/humble /usr/bin/cmake --install /root/dev_ws/build/serial
