[0.284s] Invoking command in '/root/dev_ws/build/lslidar_msgs': CMAKE_PREFIX_PATH=${CMAKE_PREFIX_PATH}:/root/dev_ws/install/line_follower_pkg:/root/dev_ws/install/laser_tf_publisher:/userdata/dev_ws/install/utils:/userdata/dev_ws/install/origincar_base:/userdata/dev_ws/install/serial:/userdata/dev_ws/install/origincar_msg:/userdata/dev_ws/install/origincar_description:/userdata/dev_ws/install/origincar_bringup:/userdata/dev_ws/install/line_follower_pkg:/userdata/dev_ws/install/ackermann_msgs:/opt/tros/humble:/opt/ros/humble /usr/bin/cmake --build /root/dev_ws/build/lslidar_msgs -- -j8 -l8
[4.536s] [  0%] Built target lslidar_msgs__cpp
[4.536s] [ 12%] Built target lslidar_msgs__rosidl_generator_c
[4.537s] [ 12%] Built target ament_cmake_python_copy_lslidar_msgs
[4.537s] [ 24%] Built target lslidar_msgs__rosidl_typesupport_cpp
[4.538s] [ 36%] Built target lslidar_msgs__rosidl_typesupport_introspection_cpp
[4.538s] [ 48%] Built target lslidar_msgs__rosidl_typesupport_fastrtps_cpp
[4.538s] [ 60%] Built target lslidar_msgs__rosidl_typesupport_introspection_c
[4.539s] [ 72%] Built target lslidar_msgs__rosidl_typesupport_fastrtps_c
[4.539s] [ 84%] Built target lslidar_msgs__rosidl_typesupport_c
[4.540s] [ 84%] Built target lslidar_msgs
[4.540s] [ 85%] Built target lslidar_msgs__py
[4.541s] [ 96%] Built target lslidar_msgs__rosidl_generator_py
[4.541s] [ 97%] Built target lslidar_msgs__rosidl_typesupport_c__pyext
[4.542s] [ 99%] Built target lslidar_msgs__rosidl_typesupport_introspection_c__pyext
[4.542s] [100%] Built target lslidar_msgs__rosidl_typesupport_fastrtps_c__pyext
[4.542s] running egg_info
[4.543s] writing lslidar_msgs.egg-info/PKG-INFO
[4.543s] writing dependency_links to lslidar_msgs.egg-info/dependency_links.txt
[4.544s] writing top-level names to lslidar_msgs.egg-info/top_level.txt
[4.544s] reading manifest file 'lslidar_msgs.egg-info/SOURCES.txt'
[4.545s] writing manifest file 'lslidar_msgs.egg-info/SOURCES.txt'
[4.545s] [100%] Built target ament_cmake_python_build_lslidar_msgs_egg
[4.608s] Invoked command in '/root/dev_ws/build/lslidar_msgs' returned '0': CMAKE_PREFIX_PATH=${CMAKE_PREFIX_PATH}:/root/dev_ws/install/line_follower_pkg:/root/dev_ws/install/laser_tf_publisher:/userdata/dev_ws/install/utils:/userdata/dev_ws/install/origincar_base:/userdata/dev_ws/install/serial:/userdata/dev_ws/install/origincar_msg:/userdata/dev_ws/install/origincar_description:/userdata/dev_ws/install/origincar_bringup:/userdata/dev_ws/install/line_follower_pkg:/userdata/dev_ws/install/ackermann_msgs:/opt/tros/humble:/opt/ros/humble /usr/bin/cmake --build /root/dev_ws/build/lslidar_msgs -- -j8 -l8
[4.615s] Invoking command in '/root/dev_ws/build/lslidar_msgs': CMAKE_PREFIX_PATH=${CMAKE_PREFIX_PATH}:/root/dev_ws/install/line_follower_pkg:/root/dev_ws/install/laser_tf_publisher:/userdata/dev_ws/install/utils:/userdata/dev_ws/install/origincar_base:/userdata/dev_ws/install/serial:/userdata/dev_ws/install/origincar_msg:/userdata/dev_ws/install/origincar_description:/userdata/dev_ws/install/origincar_bringup:/userdata/dev_ws/install/line_follower_pkg:/userdata/dev_ws/install/ackermann_msgs:/opt/tros/humble:/opt/ros/humble /usr/bin/cmake --install /root/dev_ws/build/lslidar_msgs
[4.975s] -- Install configuration: ""
[4.977s] -- Up-to-date: /root/dev_ws/install/lslidar_msgs/share/ament_index/resource_index/rosidl_interfaces/lslidar_msgs
[4.985s] -- Up-to-date: /root/dev_ws/install/lslidar_msgs/include/lslidar_msgs/lslidar_msgs
[4.987s] -- Up-to-date: /root/dev_ws/install/lslidar_msgs/include/lslidar_msgs/lslidar_msgs/msg
[4.988s] -- Up-to-date: /root/dev_ws/install/lslidar_msgs/include/lslidar_msgs/lslidar_msgs/msg/lslidar_information.h
[4.990s] -- Up-to-date: /root/dev_ws/install/lslidar_msgs/include/lslidar_msgs/lslidar_msgs/msg/lslidar_packet.h
[4.992s] -- Up-to-date: /root/dev_ws/install/lslidar_msgs/include/lslidar_msgs/lslidar_msgs/msg/rosidl_generator_c__visibility_control.h
[4.993s] -- Up-to-date: /root/dev_ws/install/lslidar_msgs/include/lslidar_msgs/lslidar_msgs/msg/detail
[4.995s] -- Up-to-date: /root/dev_ws/install/lslidar_msgs/include/lslidar_msgs/lslidar_msgs/msg/detail/lslidar_packet__struct.h
[4.995s] -- Up-to-date: /root/dev_ws/install/lslidar_msgs/include/lslidar_msgs/lslidar_msgs/msg/detail/lslidar_information__struct.h
[4.996s] -- Up-to-date: /root/dev_ws/install/lslidar_msgs/include/lslidar_msgs/lslidar_msgs/msg/detail/lslidar_information__functions.h
[4.997s] -- Up-to-date: /root/dev_ws/install/lslidar_msgs/include/lslidar_msgs/lslidar_msgs/msg/detail/lslidar_packet__type_support.h
[4.998s] -- Up-to-date: /root/dev_ws/install/lslidar_msgs/include/lslidar_msgs/lslidar_msgs/msg/detail/lslidar_packet__functions.h
[4.999s] -- Up-to-date: /root/dev_ws/install/lslidar_msgs/include/lslidar_msgs/lslidar_msgs/msg/detail/lslidar_information__functions.c
[4.999s] -- Up-to-date: /root/dev_ws/install/lslidar_msgs/include/lslidar_msgs/lslidar_msgs/msg/detail/lslidar_information__type_support.h
[5.000s] -- Up-to-date: /root/dev_ws/install/lslidar_msgs/include/lslidar_msgs/lslidar_msgs/msg/detail/lslidar_packet__functions.c
[5.001s] -- Up-to-date: /root/dev_ws/install/lslidar_msgs/include/lslidar_msgs/lslidar_msgs/srv
[5.002s] -- Up-to-date: /root/dev_ws/install/lslidar_msgs/include/lslidar_msgs/lslidar_msgs/srv/angle_distortion_correction.h
[5.003s] -- Up-to-date: /root/dev_ws/install/lslidar_msgs/include/lslidar_msgs/lslidar_msgs/srv/power_control.h
[5.004s] -- Up-to-date: /root/dev_ws/install/lslidar_msgs/include/lslidar_msgs/lslidar_msgs/srv/tail_removal.h
[5.005s] -- Up-to-date: /root/dev_ws/install/lslidar_msgs/include/lslidar_msgs/lslidar_msgs/srv/invalid_data.h
[5.006s] -- Up-to-date: /root/dev_ws/install/lslidar_msgs/include/lslidar_msgs/lslidar_msgs/srv/motor_speed.h
[5.007s] -- Up-to-date: /root/dev_ws/install/lslidar_msgs/include/lslidar_msgs/lslidar_msgs/srv/time_mode.h
[5.008s] -- Up-to-date: /root/dev_ws/install/lslidar_msgs/include/lslidar_msgs/lslidar_msgs/srv/frame_rate.h
[5.009s] -- Up-to-date: /root/dev_ws/install/lslidar_msgs/include/lslidar_msgs/lslidar_msgs/srv/standby_mode.h
[5.013s] -- Up-to-date: /root/dev_ws/install/lslidar_msgs/include/lslidar_msgs/lslidar_msgs/srv/ip_and_port.h
[5.015s] -- Up-to-date: /root/dev_ws/install/lslidar_msgs/include/lslidar_msgs/lslidar_msgs/srv/rfd_removal.h
[5.017s] -- Up-to-date: /root/dev_ws/install/lslidar_msgs/include/lslidar_msgs/lslidar_msgs/srv/detail
[5.019s] -- Up-to-date: /root/dev_ws/install/lslidar_msgs/include/lslidar_msgs/lslidar_msgs/srv/detail/tail_removal__struct.h
[5.021s] -- Up-to-date: /root/dev_ws/install/lslidar_msgs/include/lslidar_msgs/lslidar_msgs/srv/detail/standby_mode__type_support.h
[5.022s] -- Up-to-date: /root/dev_ws/install/lslidar_msgs/include/lslidar_msgs/lslidar_msgs/srv/detail/frame_rate__struct.h
[5.025s] -- Up-to-date: /root/dev_ws/install/lslidar_msgs/include/lslidar_msgs/lslidar_msgs/srv/detail/angle_distortion_correction__functions.h
[5.027s] -- Up-to-date: /root/dev_ws/install/lslidar_msgs/include/lslidar_msgs/lslidar_msgs/srv/detail/power_control__functions.c
[5.028s] -- Up-to-date: /root/dev_ws/install/lslidar_msgs/include/lslidar_msgs/lslidar_msgs/srv/detail/motor_speed__functions.c
[5.029s] -- Up-to-date: /root/dev_ws/install/lslidar_msgs/include/lslidar_msgs/lslidar_msgs/srv/detail/power_control__struct.h
[5.031s] -- Up-to-date: /root/dev_ws/install/lslidar_msgs/include/lslidar_msgs/lslidar_msgs/srv/detail/angle_distortion_correction__type_support.h
[5.032s] -- Up-to-date: /root/dev_ws/install/lslidar_msgs/include/lslidar_msgs/lslidar_msgs/srv/detail/ip_and_port__functions.h
[5.033s] -- Up-to-date: /root/dev_ws/install/lslidar_msgs/include/lslidar_msgs/lslidar_msgs/srv/detail/motor_control__type_support.h
[5.037s] -- Up-to-date: /root/dev_ws/install/lslidar_msgs/include/lslidar_msgs/lslidar_msgs/srv/detail/time_mode__struct.h
[5.040s] -- Up-to-date: /root/dev_ws/install/lslidar_msgs/include/lslidar_msgs/lslidar_msgs/srv/detail/frame_rate__functions.h
[5.042s] -- Up-to-date: /root/dev_ws/install/lslidar_msgs/include/lslidar_msgs/lslidar_msgs/srv/detail/time_mode__type_support.h
[5.043s] -- Up-to-date: /root/dev_ws/install/lslidar_msgs/include/lslidar_msgs/lslidar_msgs/srv/detail/ip_and_port__struct.h
[5.045s] -- Up-to-date: /root/dev_ws/install/lslidar_msgs/include/lslidar_msgs/lslidar_msgs/srv/detail/power_control__functions.h
[5.047s] -- Up-to-date: /root/dev_ws/install/lslidar_msgs/include/lslidar_msgs/lslidar_msgs/srv/detail/rfd_removal__functions.h
[5.048s] -- Up-to-date: /root/dev_ws/install/lslidar_msgs/include/lslidar_msgs/lslidar_msgs/srv/detail/motor_speed__functions.h
[5.049s] -- Up-to-date: /root/dev_ws/install/lslidar_msgs/include/lslidar_msgs/lslidar_msgs/srv/detail/motor_control__functions.h
[5.050s] -- Up-to-date: /root/dev_ws/install/lslidar_msgs/include/lslidar_msgs/lslidar_msgs/srv/detail/time_mode__functions.c
[5.052s] -- Up-to-date: /root/dev_ws/install/lslidar_msgs/include/lslidar_msgs/lslidar_msgs/srv/detail/rfd_removal__functions.c
[5.053s] -- Up-to-date: /root/dev_ws/install/lslidar_msgs/include/lslidar_msgs/lslidar_msgs/srv/detail/motor_control__functions.c
[5.054s] -- Up-to-date: /root/dev_ws/install/lslidar_msgs/include/lslidar_msgs/lslidar_msgs/srv/detail/rfd_removal__struct.h
[5.055s] -- Up-to-date: /root/dev_ws/install/lslidar_msgs/include/lslidar_msgs/lslidar_msgs/srv/detail/tail_removal__type_support.h
[5.057s] -- Up-to-date: /root/dev_ws/install/lslidar_msgs/include/lslidar_msgs/lslidar_msgs/srv/detail/invalid_data__functions.h
[5.058s] -- Up-to-date: /root/dev_ws/install/lslidar_msgs/include/lslidar_msgs/lslidar_msgs/srv/detail/invalid_data__type_support.h
[5.059s] -- Up-to-date: /root/dev_ws/install/lslidar_msgs/include/lslidar_msgs/lslidar_msgs/srv/detail/motor_control__struct.h
[5.060s] -- Up-to-date: /root/dev_ws/install/lslidar_msgs/include/lslidar_msgs/lslidar_msgs/srv/detail/tail_removal__functions.c
[5.062s] -- Up-to-date: /root/dev_ws/install/lslidar_msgs/include/lslidar_msgs/lslidar_msgs/srv/detail/rfd_removal__type_support.h
[5.062s] -- Up-to-date: /root/dev_ws/install/lslidar_msgs/include/lslidar_msgs/lslidar_msgs/srv/detail/standby_mode__functions.h
[5.064s] -- Up-to-date: /root/dev_ws/install/lslidar_msgs/include/lslidar_msgs/lslidar_msgs/srv/detail/power_control__type_support.h
[5.064s] -- Up-to-date: /root/dev_ws/install/lslidar_msgs/include/lslidar_msgs/lslidar_msgs/srv/detail/frame_rate__functions.c
[5.069s] -- Up-to-date: /root/dev_ws/install/lslidar_msgs/include/lslidar_msgs/lslidar_msgs/srv/detail/motor_speed__struct.h
[5.070s] -- Up-to-date: /root/dev_ws/install/lslidar_msgs/include/lslidar_msgs/lslidar_msgs/srv/detail/angle_distortion_correction__functions.c
[5.070s] -- Up-to-date: /root/dev_ws/install/lslidar_msgs/include/lslidar_msgs/lslidar_msgs/srv/detail/frame_rate__type_support.h
[5.071s] -- Up-to-date: /root/dev_ws/install/lslidar_msgs/include/lslidar_msgs/lslidar_msgs/srv/detail/time_mode__functions.h
[5.072s] -- Up-to-date: /root/dev_ws/install/lslidar_msgs/include/lslidar_msgs/lslidar_msgs/srv/detail/tail_removal__functions.h
[5.073s] -- Up-to-date: /root/dev_ws/install/lslidar_msgs/include/lslidar_msgs/lslidar_msgs/srv/detail/ip_and_port__type_support.h
[5.074s] -- Up-to-date: /root/dev_ws/install/lslidar_msgs/include/lslidar_msgs/lslidar_msgs/srv/detail/invalid_data__functions.c
[5.074s] -- Up-to-date: /root/dev_ws/install/lslidar_msgs/include/lslidar_msgs/lslidar_msgs/srv/detail/standby_mode__functions.c
[5.075s] -- Up-to-date: /root/dev_ws/install/lslidar_msgs/include/lslidar_msgs/lslidar_msgs/srv/detail/motor_speed__type_support.h
[5.076s] -- Up-to-date: /root/dev_ws/install/lslidar_msgs/include/lslidar_msgs/lslidar_msgs/srv/detail/invalid_data__struct.h
[5.077s] -- Up-to-date: /root/dev_ws/install/lslidar_msgs/include/lslidar_msgs/lslidar_msgs/srv/detail/ip_and_port__functions.c
[5.077s] -- Up-to-date: /root/dev_ws/install/lslidar_msgs/include/lslidar_msgs/lslidar_msgs/srv/detail/angle_distortion_correction__struct.h
[5.078s] -- Up-to-date: /root/dev_ws/install/lslidar_msgs/include/lslidar_msgs/lslidar_msgs/srv/detail/standby_mode__struct.h
[5.078s] -- Up-to-date: /root/dev_ws/install/lslidar_msgs/include/lslidar_msgs/lslidar_msgs/srv/motor_control.h
[5.079s] -- Up-to-date: /root/dev_ws/install/lslidar_msgs/share/lslidar_msgs/environment/library_path.sh
[5.080s] -- Up-to-date: /root/dev_ws/install/lslidar_msgs/share/lslidar_msgs/environment/library_path.dsv
[5.080s] -- Up-to-date: /root/dev_ws/install/lslidar_msgs/lib/liblslidar_msgs__rosidl_generator_c.so
[5.083s] -- Up-to-date: /root/dev_ws/install/lslidar_msgs/include/lslidar_msgs/lslidar_msgs
[5.085s] -- Up-to-date: /root/dev_ws/install/lslidar_msgs/include/lslidar_msgs/lslidar_msgs/msg
[5.086s] -- Up-to-date: /root/dev_ws/install/lslidar_msgs/include/lslidar_msgs/lslidar_msgs/msg/rosidl_typesupport_fastrtps_c__visibility_control.h
[5.086s] -- Up-to-date: /root/dev_ws/install/lslidar_msgs/include/lslidar_msgs/lslidar_msgs/msg/detail
[5.111s] -- Up-to-date: /root/dev_ws/install/lslidar_msgs/include/lslidar_msgs/lslidar_msgs/msg/detail/lslidar_packet__rosidl_typesupport_fastrtps_c.h
[5.113s] -- Up-to-date: /root/dev_ws/install/lslidar_msgs/include/lslidar_msgs/lslidar_msgs/msg/detail/lslidar_information__rosidl_typesupport_fastrtps_c.h
[5.113s] -- Up-to-date: /root/dev_ws/install/lslidar_msgs/include/lslidar_msgs/lslidar_msgs/srv
[5.115s] -- Up-to-date: /root/dev_ws/install/lslidar_msgs/include/lslidar_msgs/lslidar_msgs/srv/detail
[5.116s] -- Up-to-date: /root/dev_ws/install/lslidar_msgs/include/lslidar_msgs/lslidar_msgs/srv/detail/invalid_data__rosidl_typesupport_fastrtps_c.h
[5.117s] -- Up-to-date: /root/dev_ws/install/lslidar_msgs/include/lslidar_msgs/lslidar_msgs/srv/detail/motor_speed__rosidl_typesupport_fastrtps_c.h
[5.119s] -- Up-to-date: /root/dev_ws/install/lslidar_msgs/include/lslidar_msgs/lslidar_msgs/srv/detail/rfd_removal__rosidl_typesupport_fastrtps_c.h
[5.120s] -- Up-to-date: /root/dev_ws/install/lslidar_msgs/include/lslidar_msgs/lslidar_msgs/srv/detail/standby_mode__rosidl_typesupport_fastrtps_c.h
[5.121s] -- Up-to-date: /root/dev_ws/install/lslidar_msgs/include/lslidar_msgs/lslidar_msgs/srv/detail/ip_and_port__rosidl_typesupport_fastrtps_c.h
[5.122s] -- Up-to-date: /root/dev_ws/install/lslidar_msgs/include/lslidar_msgs/lslidar_msgs/srv/detail/frame_rate__rosidl_typesupport_fastrtps_c.h
[5.125s] -- Up-to-date: /root/dev_ws/install/lslidar_msgs/include/lslidar_msgs/lslidar_msgs/srv/detail/power_control__rosidl_typesupport_fastrtps_c.h
[5.126s] -- Up-to-date: /root/dev_ws/install/lslidar_msgs/include/lslidar_msgs/lslidar_msgs/srv/detail/time_mode__rosidl_typesupport_fastrtps_c.h
[5.127s] -- Up-to-date: /root/dev_ws/install/lslidar_msgs/include/lslidar_msgs/lslidar_msgs/srv/detail/motor_control__rosidl_typesupport_fastrtps_c.h
[5.128s] -- Up-to-date: /root/dev_ws/install/lslidar_msgs/include/lslidar_msgs/lslidar_msgs/srv/detail/angle_distortion_correction__rosidl_typesupport_fastrtps_c.h
[5.129s] -- Up-to-date: /root/dev_ws/install/lslidar_msgs/include/lslidar_msgs/lslidar_msgs/srv/detail/tail_removal__rosidl_typesupport_fastrtps_c.h
[5.130s] -- Up-to-date: /root/dev_ws/install/lslidar_msgs/lib/liblslidar_msgs__rosidl_typesupport_fastrtps_c.so
[5.130s] -- Up-to-date: /root/dev_ws/install/lslidar_msgs/include/lslidar_msgs/lslidar_msgs
[5.131s] -- Up-to-date: /root/dev_ws/install/lslidar_msgs/include/lslidar_msgs/lslidar_msgs/msg
[5.137s] -- Up-to-date: /root/dev_ws/install/lslidar_msgs/include/lslidar_msgs/lslidar_msgs/msg/rosidl_typesupport_introspection_c__visibility_control.h
[5.138s] -- Up-to-date: /root/dev_ws/install/lslidar_msgs/include/lslidar_msgs/lslidar_msgs/msg/detail
[5.138s] -- Up-to-date: /root/dev_ws/install/lslidar_msgs/include/lslidar_msgs/lslidar_msgs/msg/detail/lslidar_packet__type_support.c
[5.139s] -- Up-to-date: /root/dev_ws/install/lslidar_msgs/include/lslidar_msgs/lslidar_msgs/msg/detail/lslidar_information__type_support.c
[5.141s] -- Up-to-date: /root/dev_ws/install/lslidar_msgs/include/lslidar_msgs/lslidar_msgs/msg/detail/lslidar_packet__rosidl_typesupport_introspection_c.h
[5.141s] -- Up-to-date: /root/dev_ws/install/lslidar_msgs/include/lslidar_msgs/lslidar_msgs/msg/detail/lslidar_information__rosidl_typesupport_introspection_c.h
[5.144s] -- Up-to-date: /root/dev_ws/install/lslidar_msgs/include/lslidar_msgs/lslidar_msgs/srv
[5.147s] -- Up-to-date: /root/dev_ws/install/lslidar_msgs/include/lslidar_msgs/lslidar_msgs/srv/detail
[5.154s] -- Up-to-date: /root/dev_ws/install/lslidar_msgs/include/lslidar_msgs/lslidar_msgs/srv/detail/tail_removal__type_support.c
[5.155s] -- Up-to-date: /root/dev_ws/install/lslidar_msgs/include/lslidar_msgs/lslidar_msgs/srv/detail/motor_speed__type_support.c
[5.156s] -- Up-to-date: /root/dev_ws/install/lslidar_msgs/include/lslidar_msgs/lslidar_msgs/srv/detail/standby_mode__rosidl_typesupport_introspection_c.h
[5.157s] -- Up-to-date: /root/dev_ws/install/lslidar_msgs/include/lslidar_msgs/lslidar_msgs/srv/detail/ip_and_port__rosidl_typesupport_introspection_c.h
[5.158s] -- Up-to-date: /root/dev_ws/install/lslidar_msgs/include/lslidar_msgs/lslidar_msgs/srv/detail/rfd_removal__rosidl_typesupport_introspection_c.h
[5.160s] -- Up-to-date: /root/dev_ws/install/lslidar_msgs/include/lslidar_msgs/lslidar_msgs/srv/detail/invalid_data__rosidl_typesupport_introspection_c.h
[5.161s] -- Up-to-date: /root/dev_ws/install/lslidar_msgs/include/lslidar_msgs/lslidar_msgs/srv/detail/motor_control__rosidl_typesupport_introspection_c.h
[5.162s] -- Up-to-date: /root/dev_ws/install/lslidar_msgs/include/lslidar_msgs/lslidar_msgs/srv/detail/time_mode__rosidl_typesupport_introspection_c.h
[5.163s] -- Up-to-date: /root/dev_ws/install/lslidar_msgs/include/lslidar_msgs/lslidar_msgs/srv/detail/frame_rate__type_support.c
[5.167s] -- Up-to-date: /root/dev_ws/install/lslidar_msgs/include/lslidar_msgs/lslidar_msgs/srv/detail/invalid_data__type_support.c
[5.178s] -- Up-to-date: /root/dev_ws/install/lslidar_msgs/include/lslidar_msgs/lslidar_msgs/srv/detail/standby_mode__type_support.c
[5.178s] -- Up-to-date: /root/dev_ws/install/lslidar_msgs/include/lslidar_msgs/lslidar_msgs/srv/detail/tail_removal__rosidl_typesupport_introspection_c.h
[5.180s] -- Up-to-date: /root/dev_ws/install/lslidar_msgs/include/lslidar_msgs/lslidar_msgs/srv/detail/time_mode__type_support.c
[5.182s] -- Up-to-date: /root/dev_ws/install/lslidar_msgs/include/lslidar_msgs/lslidar_msgs/srv/detail/angle_distortion_correction__rosidl_typesupport_introspection_c.h
[5.183s] -- Up-to-date: /root/dev_ws/install/lslidar_msgs/include/lslidar_msgs/lslidar_msgs/srv/detail/frame_rate__rosidl_typesupport_introspection_c.h
[5.184s] -- Up-to-date: /root/dev_ws/install/lslidar_msgs/include/lslidar_msgs/lslidar_msgs/srv/detail/power_control__type_support.c
[5.186s] -- Up-to-date: /root/dev_ws/install/lslidar_msgs/include/lslidar_msgs/lslidar_msgs/srv/detail/angle_distortion_correction__type_support.c
[5.187s] -- Up-to-date: /root/dev_ws/install/lslidar_msgs/include/lslidar_msgs/lslidar_msgs/srv/detail/rfd_removal__type_support.c
[5.194s] -- Up-to-date: /root/dev_ws/install/lslidar_msgs/include/lslidar_msgs/lslidar_msgs/srv/detail/ip_and_port__type_support.c
[5.197s] -- Up-to-date: /root/dev_ws/install/lslidar_msgs/include/lslidar_msgs/lslidar_msgs/srv/detail/motor_control__type_support.c
[5.199s] -- Up-to-date: /root/dev_ws/install/lslidar_msgs/include/lslidar_msgs/lslidar_msgs/srv/detail/power_control__rosidl_typesupport_introspection_c.h
[5.200s] -- Up-to-date: /root/dev_ws/install/lslidar_msgs/include/lslidar_msgs/lslidar_msgs/srv/detail/motor_speed__rosidl_typesupport_introspection_c.h
[5.201s] -- Up-to-date: /root/dev_ws/install/lslidar_msgs/lib/liblslidar_msgs__rosidl_typesupport_introspection_c.so
[5.206s] -- Up-to-date: /root/dev_ws/install/lslidar_msgs/lib/liblslidar_msgs__rosidl_typesupport_c.so
[5.208s] -- Up-to-date: /root/dev_ws/install/lslidar_msgs/include/lslidar_msgs/lslidar_msgs
[5.208s] -- Up-to-date: /root/dev_ws/install/lslidar_msgs/include/lslidar_msgs/lslidar_msgs/msg
[5.209s] -- Up-to-date: /root/dev_ws/install/lslidar_msgs/include/lslidar_msgs/lslidar_msgs/msg/lslidar_information.hpp
[5.210s] -- Up-to-date: /root/dev_ws/install/lslidar_msgs/include/lslidar_msgs/lslidar_msgs/msg/lslidar_packet.hpp
[5.210s] -- Up-to-date: /root/dev_ws/install/lslidar_msgs/include/lslidar_msgs/lslidar_msgs/msg/detail
[5.211s] -- Up-to-date: /root/dev_ws/install/lslidar_msgs/include/lslidar_msgs/lslidar_msgs/msg/detail/lslidar_information__builder.hpp
[5.211s] -- Up-to-date: /root/dev_ws/install/lslidar_msgs/include/lslidar_msgs/lslidar_msgs/msg/detail/lslidar_packet__builder.hpp
[5.212s] -- Up-to-date: /root/dev_ws/install/lslidar_msgs/include/lslidar_msgs/lslidar_msgs/msg/detail/lslidar_information__struct.hpp
[5.212s] -- Up-to-date: /root/dev_ws/install/lslidar_msgs/include/lslidar_msgs/lslidar_msgs/msg/detail/lslidar_information__traits.hpp
[5.213s] -- Up-to-date: /root/dev_ws/install/lslidar_msgs/include/lslidar_msgs/lslidar_msgs/msg/detail/lslidar_packet__traits.hpp
[5.213s] -- Up-to-date: /root/dev_ws/install/lslidar_msgs/include/lslidar_msgs/lslidar_msgs/msg/detail/lslidar_packet__struct.hpp
[5.214s] -- Up-to-date: /root/dev_ws/install/lslidar_msgs/include/lslidar_msgs/lslidar_msgs/srv
[5.215s] -- Up-to-date: /root/dev_ws/install/lslidar_msgs/include/lslidar_msgs/lslidar_msgs/srv/rfd_removal.hpp
[5.216s] -- Up-to-date: /root/dev_ws/install/lslidar_msgs/include/lslidar_msgs/lslidar_msgs/srv/invalid_data.hpp
[5.217s] -- Up-to-date: /root/dev_ws/install/lslidar_msgs/include/lslidar_msgs/lslidar_msgs/srv/power_control.hpp
[5.217s] -- Up-to-date: /root/dev_ws/install/lslidar_msgs/include/lslidar_msgs/lslidar_msgs/srv/angle_distortion_correction.hpp
[5.218s] -- Up-to-date: /root/dev_ws/install/lslidar_msgs/include/lslidar_msgs/lslidar_msgs/srv/ip_and_port.hpp
[5.218s] -- Up-to-date: /root/dev_ws/install/lslidar_msgs/include/lslidar_msgs/lslidar_msgs/srv/standby_mode.hpp
[5.219s] -- Up-to-date: /root/dev_ws/install/lslidar_msgs/include/lslidar_msgs/lslidar_msgs/srv/tail_removal.hpp
[5.219s] -- Up-to-date: /root/dev_ws/install/lslidar_msgs/include/lslidar_msgs/lslidar_msgs/srv/frame_rate.hpp
[5.220s] -- Up-to-date: /root/dev_ws/install/lslidar_msgs/include/lslidar_msgs/lslidar_msgs/srv/motor_control.hpp
[5.225s] -- Up-to-date: /root/dev_ws/install/lslidar_msgs/include/lslidar_msgs/lslidar_msgs/srv/time_mode.hpp
[5.225s] -- Up-to-date: /root/dev_ws/install/lslidar_msgs/include/lslidar_msgs/lslidar_msgs/srv/detail
[5.228s] -- Up-to-date: /root/dev_ws/install/lslidar_msgs/include/lslidar_msgs/lslidar_msgs/srv/detail/power_control__traits.hpp
[5.229s] -- Up-to-date: /root/dev_ws/install/lslidar_msgs/include/lslidar_msgs/lslidar_msgs/srv/detail/angle_distortion_correction__traits.hpp
[5.230s] -- Up-to-date: /root/dev_ws/install/lslidar_msgs/include/lslidar_msgs/lslidar_msgs/srv/detail/motor_control__struct.hpp
[5.231s] -- Up-to-date: /root/dev_ws/install/lslidar_msgs/include/lslidar_msgs/lslidar_msgs/srv/detail/time_mode__struct.hpp
[5.232s] -- Up-to-date: /root/dev_ws/install/lslidar_msgs/include/lslidar_msgs/lslidar_msgs/srv/detail/motor_speed__builder.hpp
[5.234s] -- Up-to-date: /root/dev_ws/install/lslidar_msgs/include/lslidar_msgs/lslidar_msgs/srv/detail/rfd_removal__struct.hpp
[5.235s] -- Up-to-date: /root/dev_ws/install/lslidar_msgs/include/lslidar_msgs/lslidar_msgs/srv/detail/power_control__builder.hpp
[5.236s] -- Up-to-date: /root/dev_ws/install/lslidar_msgs/include/lslidar_msgs/lslidar_msgs/srv/detail/rfd_removal__traits.hpp
[5.238s] -- Up-to-date: /root/dev_ws/install/lslidar_msgs/include/lslidar_msgs/lslidar_msgs/srv/detail/ip_and_port__builder.hpp
[5.238s] -- Up-to-date: /root/dev_ws/install/lslidar_msgs/include/lslidar_msgs/lslidar_msgs/srv/detail/motor_speed__traits.hpp
[5.239s] -- Up-to-date: /root/dev_ws/install/lslidar_msgs/include/lslidar_msgs/lslidar_msgs/srv/detail/tail_removal__struct.hpp
[5.241s] -- Up-to-date: /root/dev_ws/install/lslidar_msgs/include/lslidar_msgs/lslidar_msgs/srv/detail/frame_rate__struct.hpp
[5.242s] -- Up-to-date: /root/dev_ws/install/lslidar_msgs/include/lslidar_msgs/lslidar_msgs/srv/detail/rfd_removal__builder.hpp
[5.243s] -- Up-to-date: /root/dev_ws/install/lslidar_msgs/include/lslidar_msgs/lslidar_msgs/srv/detail/tail_removal__traits.hpp
[5.244s] -- Up-to-date: /root/dev_ws/install/lslidar_msgs/include/lslidar_msgs/lslidar_msgs/srv/detail/frame_rate__traits.hpp
[5.245s] -- Up-to-date: /root/dev_ws/install/lslidar_msgs/include/lslidar_msgs/lslidar_msgs/srv/detail/motor_speed__struct.hpp
[5.249s] -- Up-to-date: /root/dev_ws/install/lslidar_msgs/include/lslidar_msgs/lslidar_msgs/srv/detail/standby_mode__builder.hpp
[5.250s] -- Up-to-date: /root/dev_ws/install/lslidar_msgs/include/lslidar_msgs/lslidar_msgs/srv/detail/standby_mode__struct.hpp
[5.250s] -- Up-to-date: /root/dev_ws/install/lslidar_msgs/include/lslidar_msgs/lslidar_msgs/srv/detail/frame_rate__builder.hpp
[5.251s] -- Up-to-date: /root/dev_ws/install/lslidar_msgs/include/lslidar_msgs/lslidar_msgs/srv/detail/invalid_data__struct.hpp
[5.252s] -- Up-to-date: /root/dev_ws/install/lslidar_msgs/include/lslidar_msgs/lslidar_msgs/srv/detail/ip_and_port__struct.hpp
[5.252s] -- Up-to-date: /root/dev_ws/install/lslidar_msgs/include/lslidar_msgs/lslidar_msgs/srv/detail/invalid_data__builder.hpp
[5.253s] -- Up-to-date: /root/dev_ws/install/lslidar_msgs/include/lslidar_msgs/lslidar_msgs/srv/detail/time_mode__traits.hpp
[5.253s] -- Up-to-date: /root/dev_ws/install/lslidar_msgs/include/lslidar_msgs/lslidar_msgs/srv/detail/tail_removal__builder.hpp
[5.262s] -- Up-to-date: /root/dev_ws/install/lslidar_msgs/include/lslidar_msgs/lslidar_msgs/srv/detail/invalid_data__traits.hpp
[5.264s] -- Up-to-date: /root/dev_ws/install/lslidar_msgs/include/lslidar_msgs/lslidar_msgs/srv/detail/motor_control__traits.hpp
[5.265s] -- Up-to-date: /root/dev_ws/install/lslidar_msgs/include/lslidar_msgs/lslidar_msgs/srv/detail/standby_mode__traits.hpp
[5.266s] -- Up-to-date: /root/dev_ws/install/lslidar_msgs/include/lslidar_msgs/lslidar_msgs/srv/detail/motor_control__builder.hpp
[5.268s] -- Up-to-date: /root/dev_ws/install/lslidar_msgs/include/lslidar_msgs/lslidar_msgs/srv/detail/angle_distortion_correction__struct.hpp
[5.270s] -- Up-to-date: /root/dev_ws/install/lslidar_msgs/include/lslidar_msgs/lslidar_msgs/srv/detail/time_mode__builder.hpp
[5.273s] -- Up-to-date: /root/dev_ws/install/lslidar_msgs/include/lslidar_msgs/lslidar_msgs/srv/detail/angle_distortion_correction__builder.hpp
[5.277s] -- Up-to-date: /root/dev_ws/install/lslidar_msgs/include/lslidar_msgs/lslidar_msgs/srv/detail/ip_and_port__traits.hpp
[5.277s] -- Up-to-date: /root/dev_ws/install/lslidar_msgs/include/lslidar_msgs/lslidar_msgs/srv/detail/power_control__struct.hpp
[5.278s] -- Up-to-date: /root/dev_ws/install/lslidar_msgs/include/lslidar_msgs/lslidar_msgs/srv/motor_speed.hpp
[5.279s] -- Up-to-date: /root/dev_ws/install/lslidar_msgs/include/lslidar_msgs/lslidar_msgs
[5.280s] -- Up-to-date: /root/dev_ws/install/lslidar_msgs/include/lslidar_msgs/lslidar_msgs/msg
[5.280s] -- Up-to-date: /root/dev_ws/install/lslidar_msgs/include/lslidar_msgs/lslidar_msgs/msg/detail
[5.281s] -- Up-to-date: /root/dev_ws/install/lslidar_msgs/include/lslidar_msgs/lslidar_msgs/msg/detail/dds_fastrtps
[5.282s] -- Up-to-date: /root/dev_ws/install/lslidar_msgs/include/lslidar_msgs/lslidar_msgs/msg/detail/lslidar_packet__rosidl_typesupport_fastrtps_cpp.hpp
[5.283s] -- Up-to-date: /root/dev_ws/install/lslidar_msgs/include/lslidar_msgs/lslidar_msgs/msg/detail/lslidar_information__rosidl_typesupport_fastrtps_cpp.hpp
[5.283s] -- Up-to-date: /root/dev_ws/install/lslidar_msgs/include/lslidar_msgs/lslidar_msgs/msg/rosidl_typesupport_fastrtps_cpp__visibility_control.h
[5.284s] -- Up-to-date: /root/dev_ws/install/lslidar_msgs/include/lslidar_msgs/lslidar_msgs/srv
[5.284s] -- Up-to-date: /root/dev_ws/install/lslidar_msgs/include/lslidar_msgs/lslidar_msgs/srv/detail
[5.285s] -- Up-to-date: /root/dev_ws/install/lslidar_msgs/include/lslidar_msgs/lslidar_msgs/srv/detail/angle_distortion_correction__rosidl_typesupport_fastrtps_cpp.hpp
[5.286s] -- Up-to-date: /root/dev_ws/install/lslidar_msgs/include/lslidar_msgs/lslidar_msgs/srv/detail/standby_mode__rosidl_typesupport_fastrtps_cpp.hpp
[5.286s] -- Up-to-date: /root/dev_ws/install/lslidar_msgs/include/lslidar_msgs/lslidar_msgs/srv/detail/tail_removal__rosidl_typesupport_fastrtps_cpp.hpp
[5.287s] -- Up-to-date: /root/dev_ws/install/lslidar_msgs/include/lslidar_msgs/lslidar_msgs/srv/detail/invalid_data__rosidl_typesupport_fastrtps_cpp.hpp
[5.288s] -- Up-to-date: /root/dev_ws/install/lslidar_msgs/include/lslidar_msgs/lslidar_msgs/srv/detail/dds_fastrtps
[5.302s] -- Up-to-date: /root/dev_ws/install/lslidar_msgs/include/lslidar_msgs/lslidar_msgs/srv/detail/motor_speed__rosidl_typesupport_fastrtps_cpp.hpp
[5.302s] -- Up-to-date: /root/dev_ws/install/lslidar_msgs/include/lslidar_msgs/lslidar_msgs/srv/detail/rfd_removal__rosidl_typesupport_fastrtps_cpp.hpp
[5.303s] -- Up-to-date: /root/dev_ws/install/lslidar_msgs/include/lslidar_msgs/lslidar_msgs/srv/detail/power_control__rosidl_typesupport_fastrtps_cpp.hpp
[5.303s] -- Up-to-date: /root/dev_ws/install/lslidar_msgs/include/lslidar_msgs/lslidar_msgs/srv/detail/motor_control__rosidl_typesupport_fastrtps_cpp.hpp
[5.304s] -- Up-to-date: /root/dev_ws/install/lslidar_msgs/include/lslidar_msgs/lslidar_msgs/srv/detail/ip_and_port__rosidl_typesupport_fastrtps_cpp.hpp
[5.305s] -- Up-to-date: /root/dev_ws/install/lslidar_msgs/include/lslidar_msgs/lslidar_msgs/srv/detail/time_mode__rosidl_typesupport_fastrtps_cpp.hpp
[5.305s] -- Up-to-date: /root/dev_ws/install/lslidar_msgs/include/lslidar_msgs/lslidar_msgs/srv/detail/frame_rate__rosidl_typesupport_fastrtps_cpp.hpp
[5.306s] -- Up-to-date: /root/dev_ws/install/lslidar_msgs/lib/liblslidar_msgs__rosidl_typesupport_fastrtps_cpp.so
[5.310s] -- Up-to-date: /root/dev_ws/install/lslidar_msgs/include/lslidar_msgs/lslidar_msgs
[5.311s] -- Up-to-date: /root/dev_ws/install/lslidar_msgs/include/lslidar_msgs/lslidar_msgs/msg
[5.311s] -- Up-to-date: /root/dev_ws/install/lslidar_msgs/include/lslidar_msgs/lslidar_msgs/msg/detail
[5.312s] -- Up-to-date: /root/dev_ws/install/lslidar_msgs/include/lslidar_msgs/lslidar_msgs/msg/detail/lslidar_information__type_support.cpp
[5.313s] -- Up-to-date: /root/dev_ws/install/lslidar_msgs/include/lslidar_msgs/lslidar_msgs/msg/detail/lslidar_packet__rosidl_typesupport_introspection_cpp.hpp
[5.314s] -- Up-to-date: /root/dev_ws/install/lslidar_msgs/include/lslidar_msgs/lslidar_msgs/msg/detail/lslidar_packet__type_support.cpp
[5.316s] -- Up-to-date: /root/dev_ws/install/lslidar_msgs/include/lslidar_msgs/lslidar_msgs/msg/detail/lslidar_information__rosidl_typesupport_introspection_cpp.hpp
[5.317s] -- Up-to-date: /root/dev_ws/install/lslidar_msgs/include/lslidar_msgs/lslidar_msgs/srv
[5.318s] -- Up-to-date: /root/dev_ws/install/lslidar_msgs/include/lslidar_msgs/lslidar_msgs/srv/detail
[5.318s] -- Up-to-date: /root/dev_ws/install/lslidar_msgs/include/lslidar_msgs/lslidar_msgs/srv/detail/frame_rate__type_support.cpp
[5.319s] -- Up-to-date: /root/dev_ws/install/lslidar_msgs/include/lslidar_msgs/lslidar_msgs/srv/detail/standby_mode__type_support.cpp
[5.321s] -- Up-to-date: /root/dev_ws/install/lslidar_msgs/include/lslidar_msgs/lslidar_msgs/srv/detail/tail_removal__rosidl_typesupport_introspection_cpp.hpp
[5.322s] -- Up-to-date: /root/dev_ws/install/lslidar_msgs/include/lslidar_msgs/lslidar_msgs/srv/detail/motor_speed__rosidl_typesupport_introspection_cpp.hpp
[5.322s] -- Up-to-date: /root/dev_ws/install/lslidar_msgs/include/lslidar_msgs/lslidar_msgs/srv/detail/frame_rate__rosidl_typesupport_introspection_cpp.hpp
[5.324s] -- Up-to-date: /root/dev_ws/install/lslidar_msgs/include/lslidar_msgs/lslidar_msgs/srv/detail/motor_speed__type_support.cpp
[5.325s] -- Up-to-date: /root/dev_ws/install/lslidar_msgs/include/lslidar_msgs/lslidar_msgs/srv/detail/motor_control__type_support.cpp
[5.327s] -- Up-to-date: /root/dev_ws/install/lslidar_msgs/include/lslidar_msgs/lslidar_msgs/srv/detail/invalid_data__rosidl_typesupport_introspection_cpp.hpp
[5.328s] -- Up-to-date: /root/dev_ws/install/lslidar_msgs/include/lslidar_msgs/lslidar_msgs/srv/detail/time_mode__type_support.cpp
[5.330s] -- Up-to-date: /root/dev_ws/install/lslidar_msgs/include/lslidar_msgs/lslidar_msgs/srv/detail/time_mode__rosidl_typesupport_introspection_cpp.hpp
[5.331s] -- Up-to-date: /root/dev_ws/install/lslidar_msgs/include/lslidar_msgs/lslidar_msgs/srv/detail/rfd_removal__type_support.cpp
[5.334s] -- Up-to-date: /root/dev_ws/install/lslidar_msgs/include/lslidar_msgs/lslidar_msgs/srv/detail/angle_distortion_correction__rosidl_typesupport_introspection_cpp.hpp
[5.334s] -- Up-to-date: /root/dev_ws/install/lslidar_msgs/include/lslidar_msgs/lslidar_msgs/srv/detail/power_control__rosidl_typesupport_introspection_cpp.hpp
[5.335s] -- Up-to-date: /root/dev_ws/install/lslidar_msgs/include/lslidar_msgs/lslidar_msgs/srv/detail/rfd_removal__rosidl_typesupport_introspection_cpp.hpp
[5.335s] -- Up-to-date: /root/dev_ws/install/lslidar_msgs/include/lslidar_msgs/lslidar_msgs/srv/detail/ip_and_port__rosidl_typesupport_introspection_cpp.hpp
[5.348s] -- Up-to-date: /root/dev_ws/install/lslidar_msgs/include/lslidar_msgs/lslidar_msgs/srv/detail/tail_removal__type_support.cpp
[5.352s] -- Up-to-date: /root/dev_ws/install/lslidar_msgs/include/lslidar_msgs/lslidar_msgs/srv/detail/invalid_data__type_support.cpp
[5.353s] -- Up-to-date: /root/dev_ws/install/lslidar_msgs/include/lslidar_msgs/lslidar_msgs/srv/detail/power_control__type_support.cpp
[5.355s] -- Up-to-date: /root/dev_ws/install/lslidar_msgs/include/lslidar_msgs/lslidar_msgs/srv/detail/standby_mode__rosidl_typesupport_introspection_cpp.hpp
[5.356s] -- Up-to-date: /root/dev_ws/install/lslidar_msgs/include/lslidar_msgs/lslidar_msgs/srv/detail/angle_distortion_correction__type_support.cpp
[5.359s] -- Up-to-date: /root/dev_ws/install/lslidar_msgs/include/lslidar_msgs/lslidar_msgs/srv/detail/motor_control__rosidl_typesupport_introspection_cpp.hpp
[5.360s] -- Up-to-date: /root/dev_ws/install/lslidar_msgs/include/lslidar_msgs/lslidar_msgs/srv/detail/ip_and_port__type_support.cpp
[5.362s] -- Up-to-date: /root/dev_ws/install/lslidar_msgs/lib/liblslidar_msgs__rosidl_typesupport_introspection_cpp.so
[5.366s] -- Up-to-date: /root/dev_ws/install/lslidar_msgs/lib/liblslidar_msgs__rosidl_typesupport_cpp.so
[5.368s] -- Up-to-date: /root/dev_ws/install/lslidar_msgs/share/lslidar_msgs/environment/pythonpath.sh
[5.368s] -- Up-to-date: /root/dev_ws/install/lslidar_msgs/share/lslidar_msgs/environment/pythonpath.dsv
[5.369s] -- Up-to-date: /root/dev_ws/install/lslidar_msgs/local/lib/python3.10/dist-packages/lslidar_msgs-5.1.1-py3.10.egg-info
[5.370s] -- Installing: /root/dev_ws/install/lslidar_msgs/local/lib/python3.10/dist-packages/lslidar_msgs-5.1.1-py3.10.egg-info/SOURCES.txt
[5.382s] -- Installing: /root/dev_ws/install/lslidar_msgs/local/lib/python3.10/dist-packages/lslidar_msgs-5.1.1-py3.10.egg-info/PKG-INFO
[5.382s] -- Installing: /root/dev_ws/install/lslidar_msgs/local/lib/python3.10/dist-packages/lslidar_msgs-5.1.1-py3.10.egg-info/dependency_links.txt
[5.383s] -- Installing: /root/dev_ws/install/lslidar_msgs/local/lib/python3.10/dist-packages/lslidar_msgs-5.1.1-py3.10.egg-info/top_level.txt
[5.383s] -- Up-to-date: /root/dev_ws/install/lslidar_msgs/local/lib/python3.10/dist-packages/lslidar_msgs
[5.384s] -- Up-to-date: /root/dev_ws/install/lslidar_msgs/local/lib/python3.10/dist-packages/lslidar_msgs/_lslidar_msgs_s.ep.rosidl_typesupport_introspection_c.c
[5.386s] -- Up-to-date: /root/dev_ws/install/lslidar_msgs/local/lib/python3.10/dist-packages/lslidar_msgs/msg
[5.388s] -- Up-to-date: /root/dev_ws/install/lslidar_msgs/local/lib/python3.10/dist-packages/lslidar_msgs/msg/_lslidar_packet_s.c
[5.389s] -- Up-to-date: /root/dev_ws/install/lslidar_msgs/local/lib/python3.10/dist-packages/lslidar_msgs/msg/_lslidar_information.py
[5.391s] -- Up-to-date: /root/dev_ws/install/lslidar_msgs/local/lib/python3.10/dist-packages/lslidar_msgs/msg/_lslidar_information_s.c
[5.392s] -- Up-to-date: /root/dev_ws/install/lslidar_msgs/local/lib/python3.10/dist-packages/lslidar_msgs/msg/__init__.py
[5.393s] -- Up-to-date: /root/dev_ws/install/lslidar_msgs/local/lib/python3.10/dist-packages/lslidar_msgs/msg/_lslidar_packet.py
[5.397s] -- Up-to-date: /root/dev_ws/install/lslidar_msgs/local/lib/python3.10/dist-packages/lslidar_msgs/liblslidar_msgs__rosidl_generator_py.so
[5.398s] -- Up-to-date: /root/dev_ws/install/lslidar_msgs/local/lib/python3.10/dist-packages/lslidar_msgs/_lslidar_msgs_s.ep.rosidl_typesupport_c.c
[5.400s] -- Up-to-date: /root/dev_ws/install/lslidar_msgs/local/lib/python3.10/dist-packages/lslidar_msgs/lslidar_msgs_s__rosidl_typesupport_fastrtps_c.cpython-310-aarch64-linux-gnu.so
[5.401s] -- Up-to-date: /root/dev_ws/install/lslidar_msgs/local/lib/python3.10/dist-packages/lslidar_msgs/lslidar_msgs_s__rosidl_typesupport_c.cpython-310-aarch64-linux-gnu.so
[5.403s] -- Up-to-date: /root/dev_ws/install/lslidar_msgs/local/lib/python3.10/dist-packages/lslidar_msgs/srv
[5.405s] -- Up-to-date: /root/dev_ws/install/lslidar_msgs/local/lib/python3.10/dist-packages/lslidar_msgs/srv/_motor_speed_s.c
[5.406s] -- Up-to-date: /root/dev_ws/install/lslidar_msgs/local/lib/python3.10/dist-packages/lslidar_msgs/srv/_tail_removal.py
[5.407s] -- Up-to-date: /root/dev_ws/install/lslidar_msgs/local/lib/python3.10/dist-packages/lslidar_msgs/srv/_angle_distortion_correction.py
[5.408s] -- Up-to-date: /root/dev_ws/install/lslidar_msgs/local/lib/python3.10/dist-packages/lslidar_msgs/srv/_frame_rate.py
[5.409s] -- Up-to-date: /root/dev_ws/install/lslidar_msgs/local/lib/python3.10/dist-packages/lslidar_msgs/srv/_motor_speed.py
[5.410s] -- Up-to-date: /root/dev_ws/install/lslidar_msgs/local/lib/python3.10/dist-packages/lslidar_msgs/srv/_tail_removal_s.c
[5.411s] -- Up-to-date: /root/dev_ws/install/lslidar_msgs/local/lib/python3.10/dist-packages/lslidar_msgs/srv/_motor_control_s.c
[5.413s] -- Up-to-date: /root/dev_ws/install/lslidar_msgs/local/lib/python3.10/dist-packages/lslidar_msgs/srv/_frame_rate_s.c
[5.414s] -- Up-to-date: /root/dev_ws/install/lslidar_msgs/local/lib/python3.10/dist-packages/lslidar_msgs/srv/_angle_distortion_correction_s.c
[5.414s] -- Up-to-date: /root/dev_ws/install/lslidar_msgs/local/lib/python3.10/dist-packages/lslidar_msgs/srv/_time_mode.py
[5.416s] -- Up-to-date: /root/dev_ws/install/lslidar_msgs/local/lib/python3.10/dist-packages/lslidar_msgs/srv/_motor_control.py
[5.419s] -- Up-to-date: /root/dev_ws/install/lslidar_msgs/local/lib/python3.10/dist-packages/lslidar_msgs/srv/_power_control.py
[5.423s] -- Up-to-date: /root/dev_ws/install/lslidar_msgs/local/lib/python3.10/dist-packages/lslidar_msgs/srv/_rfd_removal.py
[5.426s] -- Up-to-date: /root/dev_ws/install/lslidar_msgs/local/lib/python3.10/dist-packages/lslidar_msgs/srv/_standby_mode_s.c
[5.428s] -- Up-to-date: /root/dev_ws/install/lslidar_msgs/local/lib/python3.10/dist-packages/lslidar_msgs/srv/_time_mode_s.c
[5.430s] -- Up-to-date: /root/dev_ws/install/lslidar_msgs/local/lib/python3.10/dist-packages/lslidar_msgs/srv/_invalid_data_s.c
[5.431s] -- Up-to-date: /root/dev_ws/install/lslidar_msgs/local/lib/python3.10/dist-packages/lslidar_msgs/srv/_ip_and_port.py
[5.433s] -- Up-to-date: /root/dev_ws/install/lslidar_msgs/local/lib/python3.10/dist-packages/lslidar_msgs/srv/__init__.py
[5.435s] -- Up-to-date: /root/dev_ws/install/lslidar_msgs/local/lib/python3.10/dist-packages/lslidar_msgs/srv/_standby_mode.py
[5.436s] -- Up-to-date: /root/dev_ws/install/lslidar_msgs/local/lib/python3.10/dist-packages/lslidar_msgs/srv/_ip_and_port_s.c
[5.438s] -- Up-to-date: /root/dev_ws/install/lslidar_msgs/local/lib/python3.10/dist-packages/lslidar_msgs/srv/_rfd_removal_s.c
[5.439s] -- Up-to-date: /root/dev_ws/install/lslidar_msgs/local/lib/python3.10/dist-packages/lslidar_msgs/srv/_power_control_s.c
[5.441s] -- Up-to-date: /root/dev_ws/install/lslidar_msgs/local/lib/python3.10/dist-packages/lslidar_msgs/srv/_invalid_data.py
[5.443s] -- Up-to-date: /root/dev_ws/install/lslidar_msgs/local/lib/python3.10/dist-packages/lslidar_msgs/lslidar_msgs_s__rosidl_typesupport_introspection_c.cpython-310-aarch64-linux-gnu.so
[5.443s] -- Up-to-date: /root/dev_ws/install/lslidar_msgs/local/lib/python3.10/dist-packages/lslidar_msgs/__init__.py
[5.445s] -- Up-to-date: /root/dev_ws/install/lslidar_msgs/local/lib/python3.10/dist-packages/lslidar_msgs/_lslidar_msgs_s.ep.rosidl_typesupport_fastrtps_c.c
[5.458s] Listing '/root/dev_ws/install/lslidar_msgs/local/lib/python3.10/dist-packages/lslidar_msgs'...
[5.459s] Listing '/root/dev_ws/install/lslidar_msgs/local/lib/python3.10/dist-packages/lslidar_msgs/msg'...
[5.460s] Listing '/root/dev_ws/install/lslidar_msgs/local/lib/python3.10/dist-packages/lslidar_msgs/srv'...
[5.573s] -- Up-to-date: /root/dev_ws/install/lslidar_msgs/local/lib/python3.10/dist-packages/lslidar_msgs/lslidar_msgs_s__rosidl_typesupport_fastrtps_c.cpython-310-aarch64-linux-gnu.so
[5.574s] -- Up-to-date: /root/dev_ws/install/lslidar_msgs/local/lib/python3.10/dist-packages/lslidar_msgs/lslidar_msgs_s__rosidl_typesupport_introspection_c.cpython-310-aarch64-linux-gnu.so
[5.575s] -- Up-to-date: /root/dev_ws/install/lslidar_msgs/local/lib/python3.10/dist-packages/lslidar_msgs/lslidar_msgs_s__rosidl_typesupport_c.cpython-310-aarch64-linux-gnu.so
[5.578s] -- Up-to-date: /root/dev_ws/install/lslidar_msgs/lib/liblslidar_msgs__rosidl_generator_py.so
[5.580s] -- Up-to-date: /root/dev_ws/install/lslidar_msgs/share/lslidar_msgs/msg/LslidarInformation.idl
[5.580s] -- Up-to-date: /root/dev_ws/install/lslidar_msgs/share/lslidar_msgs/msg/LslidarPacket.idl
[5.581s] -- Up-to-date: /root/dev_ws/install/lslidar_msgs/share/lslidar_msgs/srv/AngleDistortionCorrection.idl
[5.582s] -- Up-to-date: /root/dev_ws/install/lslidar_msgs/share/lslidar_msgs/srv/FrameRate.idl
[5.583s] -- Up-to-date: /root/dev_ws/install/lslidar_msgs/share/lslidar_msgs/srv/InvalidData.idl
[5.584s] -- Up-to-date: /root/dev_ws/install/lslidar_msgs/share/lslidar_msgs/srv/IpAndPort.idl
[5.585s] -- Up-to-date: /root/dev_ws/install/lslidar_msgs/share/lslidar_msgs/srv/MotorControl.idl
[5.586s] -- Up-to-date: /root/dev_ws/install/lslidar_msgs/share/lslidar_msgs/srv/MotorSpeed.idl
[5.588s] -- Up-to-date: /root/dev_ws/install/lslidar_msgs/share/lslidar_msgs/srv/PowerControl.idl
[5.588s] -- Up-to-date: /root/dev_ws/install/lslidar_msgs/share/lslidar_msgs/srv/RfdRemoval.idl
[5.589s] -- Up-to-date: /root/dev_ws/install/lslidar_msgs/share/lslidar_msgs/srv/StandbyMode.idl
[5.591s] -- Up-to-date: /root/dev_ws/install/lslidar_msgs/share/lslidar_msgs/srv/TailRemoval.idl
[5.594s] -- Up-to-date: /root/dev_ws/install/lslidar_msgs/share/lslidar_msgs/srv/TimeMode.idl
[5.598s] -- Up-to-date: /root/dev_ws/install/lslidar_msgs/share/lslidar_msgs/msg/LslidarInformation.msg
[5.600s] -- Up-to-date: /root/dev_ws/install/lslidar_msgs/share/lslidar_msgs/msg/LslidarPacket.msg
[5.601s] -- Up-to-date: /root/dev_ws/install/lslidar_msgs/share/lslidar_msgs/srv/AngleDistortionCorrection.srv
[5.602s] -- Up-to-date: /root/dev_ws/install/lslidar_msgs/share/lslidar_msgs/srv/AngleDistortionCorrection_Request.msg
[5.603s] -- Up-to-date: /root/dev_ws/install/lslidar_msgs/share/lslidar_msgs/srv/AngleDistortionCorrection_Response.msg
[5.605s] -- Up-to-date: /root/dev_ws/install/lslidar_msgs/share/lslidar_msgs/srv/FrameRate.srv
[5.606s] -- Up-to-date: /root/dev_ws/install/lslidar_msgs/share/lslidar_msgs/srv/FrameRate_Request.msg
[5.607s] -- Up-to-date: /root/dev_ws/install/lslidar_msgs/share/lslidar_msgs/srv/FrameRate_Response.msg
[5.609s] -- Up-to-date: /root/dev_ws/install/lslidar_msgs/share/lslidar_msgs/srv/InvalidData.srv
[5.610s] -- Up-to-date: /root/dev_ws/install/lslidar_msgs/share/lslidar_msgs/srv/InvalidData_Request.msg
[5.612s] -- Up-to-date: /root/dev_ws/install/lslidar_msgs/share/lslidar_msgs/srv/InvalidData_Response.msg
[5.614s] -- Up-to-date: /root/dev_ws/install/lslidar_msgs/share/lslidar_msgs/srv/IpAndPort.srv
[5.614s] -- Up-to-date: /root/dev_ws/install/lslidar_msgs/share/lslidar_msgs/srv/IpAndPort_Request.msg
[5.616s] -- Up-to-date: /root/dev_ws/install/lslidar_msgs/share/lslidar_msgs/srv/IpAndPort_Response.msg
[5.618s] -- Up-to-date: /root/dev_ws/install/lslidar_msgs/share/lslidar_msgs/srv/MotorControl.srv
[5.619s] -- Up-to-date: /root/dev_ws/install/lslidar_msgs/share/lslidar_msgs/srv/MotorControl_Request.msg
[5.620s] -- Up-to-date: /root/dev_ws/install/lslidar_msgs/share/lslidar_msgs/srv/MotorControl_Response.msg
[5.621s] -- Up-to-date: /root/dev_ws/install/lslidar_msgs/share/lslidar_msgs/srv/MotorSpeed.srv
[5.622s] -- Up-to-date: /root/dev_ws/install/lslidar_msgs/share/lslidar_msgs/srv/MotorSpeed_Request.msg
[5.623s] -- Up-to-date: /root/dev_ws/install/lslidar_msgs/share/lslidar_msgs/srv/MotorSpeed_Response.msg
[5.623s] -- Up-to-date: /root/dev_ws/install/lslidar_msgs/share/lslidar_msgs/srv/PowerControl.srv
[5.624s] -- Up-to-date: /root/dev_ws/install/lslidar_msgs/share/lslidar_msgs/srv/PowerControl_Request.msg
[5.631s] -- Up-to-date: /root/dev_ws/install/lslidar_msgs/share/lslidar_msgs/srv/PowerControl_Response.msg
[5.632s] -- Up-to-date: /root/dev_ws/install/lslidar_msgs/share/lslidar_msgs/srv/RfdRemoval.srv
[5.633s] -- Up-to-date: /root/dev_ws/install/lslidar_msgs/share/lslidar_msgs/srv/RfdRemoval_Request.msg
[5.634s] -- Up-to-date: /root/dev_ws/install/lslidar_msgs/share/lslidar_msgs/srv/RfdRemoval_Response.msg
[5.635s] -- Up-to-date: /root/dev_ws/install/lslidar_msgs/share/lslidar_msgs/srv/StandbyMode.srv
[5.636s] -- Up-to-date: /root/dev_ws/install/lslidar_msgs/share/lslidar_msgs/srv/StandbyMode_Request.msg
[5.637s] -- Up-to-date: /root/dev_ws/install/lslidar_msgs/share/lslidar_msgs/srv/StandbyMode_Response.msg
[5.638s] -- Up-to-date: /root/dev_ws/install/lslidar_msgs/share/lslidar_msgs/srv/TailRemoval.srv
[5.639s] -- Up-to-date: /root/dev_ws/install/lslidar_msgs/share/lslidar_msgs/srv/TailRemoval_Request.msg
[5.639s] -- Up-to-date: /root/dev_ws/install/lslidar_msgs/share/lslidar_msgs/srv/TailRemoval_Response.msg
[5.640s] -- Up-to-date: /root/dev_ws/install/lslidar_msgs/share/lslidar_msgs/srv/TimeMode.srv
[5.641s] -- Up-to-date: /root/dev_ws/install/lslidar_msgs/share/lslidar_msgs/srv/TimeMode_Request.msg
[5.642s] -- Up-to-date: /root/dev_ws/install/lslidar_msgs/share/lslidar_msgs/srv/TimeMode_Response.msg
[5.643s] -- Up-to-date: /root/dev_ws/install/lslidar_msgs/share/ament_index/resource_index/package_run_dependencies/lslidar_msgs
[5.643s] -- Up-to-date: /root/dev_ws/install/lslidar_msgs/share/ament_index/resource_index/parent_prefix_path/lslidar_msgs
[5.644s] -- Up-to-date: /root/dev_ws/install/lslidar_msgs/share/lslidar_msgs/environment/ament_prefix_path.sh
[5.645s] -- Up-to-date: /root/dev_ws/install/lslidar_msgs/share/lslidar_msgs/environment/ament_prefix_path.dsv
[5.645s] -- Up-to-date: /root/dev_ws/install/lslidar_msgs/share/lslidar_msgs/environment/path.sh
[5.646s] -- Up-to-date: /root/dev_ws/install/lslidar_msgs/share/lslidar_msgs/environment/path.dsv
[5.647s] -- Up-to-date: /root/dev_ws/install/lslidar_msgs/share/lslidar_msgs/local_setup.bash
[5.648s] -- Up-to-date: /root/dev_ws/install/lslidar_msgs/share/lslidar_msgs/local_setup.sh
[5.651s] -- Up-to-date: /root/dev_ws/install/lslidar_msgs/share/lslidar_msgs/local_setup.zsh
[5.653s] -- Up-to-date: /root/dev_ws/install/lslidar_msgs/share/lslidar_msgs/local_setup.dsv
[5.654s] -- Installing: /root/dev_ws/install/lslidar_msgs/share/lslidar_msgs/package.dsv
[5.655s] -- Up-to-date: /root/dev_ws/install/lslidar_msgs/share/ament_index/resource_index/packages/lslidar_msgs
[5.657s] -- Up-to-date: /root/dev_ws/install/lslidar_msgs/share/lslidar_msgs/cmake/export_lslidar_msgs__rosidl_generator_cExport.cmake
[5.658s] -- Up-to-date: /root/dev_ws/install/lslidar_msgs/share/lslidar_msgs/cmake/export_lslidar_msgs__rosidl_generator_cExport-noconfig.cmake
[5.660s] -- Up-to-date: /root/dev_ws/install/lslidar_msgs/share/lslidar_msgs/cmake/export_lslidar_msgs__rosidl_typesupport_fastrtps_cExport.cmake
[5.662s] -- Up-to-date: /root/dev_ws/install/lslidar_msgs/share/lslidar_msgs/cmake/export_lslidar_msgs__rosidl_typesupport_fastrtps_cExport-noconfig.cmake
[5.663s] -- Up-to-date: /root/dev_ws/install/lslidar_msgs/share/lslidar_msgs/cmake/lslidar_msgs__rosidl_typesupport_introspection_cExport.cmake
[5.664s] -- Up-to-date: /root/dev_ws/install/lslidar_msgs/share/lslidar_msgs/cmake/lslidar_msgs__rosidl_typesupport_introspection_cExport-noconfig.cmake
[5.665s] -- Up-to-date: /root/dev_ws/install/lslidar_msgs/share/lslidar_msgs/cmake/lslidar_msgs__rosidl_typesupport_cExport.cmake
[5.666s] -- Up-to-date: /root/dev_ws/install/lslidar_msgs/share/lslidar_msgs/cmake/lslidar_msgs__rosidl_typesupport_cExport-noconfig.cmake
[5.669s] -- Up-to-date: /root/dev_ws/install/lslidar_msgs/share/lslidar_msgs/cmake/export_lslidar_msgs__rosidl_generator_cppExport.cmake
[5.671s] -- Up-to-date: /root/dev_ws/install/lslidar_msgs/share/lslidar_msgs/cmake/export_lslidar_msgs__rosidl_typesupport_fastrtps_cppExport.cmake
[5.672s] -- Up-to-date: /root/dev_ws/install/lslidar_msgs/share/lslidar_msgs/cmake/export_lslidar_msgs__rosidl_typesupport_fastrtps_cppExport-noconfig.cmake
[5.674s] -- Up-to-date: /root/dev_ws/install/lslidar_msgs/share/lslidar_msgs/cmake/lslidar_msgs__rosidl_typesupport_introspection_cppExport.cmake
[5.675s] -- Up-to-date: /root/dev_ws/install/lslidar_msgs/share/lslidar_msgs/cmake/lslidar_msgs__rosidl_typesupport_introspection_cppExport-noconfig.cmake
[5.676s] -- Up-to-date: /root/dev_ws/install/lslidar_msgs/share/lslidar_msgs/cmake/lslidar_msgs__rosidl_typesupport_cppExport.cmake
[5.678s] -- Up-to-date: /root/dev_ws/install/lslidar_msgs/share/lslidar_msgs/cmake/lslidar_msgs__rosidl_typesupport_cppExport-noconfig.cmake
[5.680s] -- Up-to-date: /root/dev_ws/install/lslidar_msgs/share/lslidar_msgs/cmake/export_lslidar_msgs__rosidl_generator_pyExport.cmake
[5.681s] -- Up-to-date: /root/dev_ws/install/lslidar_msgs/share/lslidar_msgs/cmake/export_lslidar_msgs__rosidl_generator_pyExport-noconfig.cmake
[5.682s] -- Up-to-date: /root/dev_ws/install/lslidar_msgs/share/lslidar_msgs/cmake/rosidl_cmake-extras.cmake
[5.686s] -- Up-to-date: /root/dev_ws/install/lslidar_msgs/share/lslidar_msgs/cmake/ament_cmake_export_dependencies-extras.cmake
[5.692s] -- Up-to-date: /root/dev_ws/install/lslidar_msgs/share/lslidar_msgs/cmake/ament_cmake_export_include_directories-extras.cmake
[5.693s] -- Up-to-date: /root/dev_ws/install/lslidar_msgs/share/lslidar_msgs/cmake/ament_cmake_export_libraries-extras.cmake
[5.694s] -- Up-to-date: /root/dev_ws/install/lslidar_msgs/share/lslidar_msgs/cmake/ament_cmake_export_targets-extras.cmake
[5.700s] -- Up-to-date: /root/dev_ws/install/lslidar_msgs/share/lslidar_msgs/cmake/rosidl_cmake_export_typesupport_targets-extras.cmake
[5.701s] -- Up-to-date: /root/dev_ws/install/lslidar_msgs/share/lslidar_msgs/cmake/rosidl_cmake_export_typesupport_libraries-extras.cmake
[5.702s] -- Up-to-date: /root/dev_ws/install/lslidar_msgs/share/lslidar_msgs/cmake/lslidar_msgsConfig.cmake
[5.705s] -- Up-to-date: /root/dev_ws/install/lslidar_msgs/share/lslidar_msgs/cmake/lslidar_msgsConfig-version.cmake
[5.706s] -- Up-to-date: /root/dev_ws/install/lslidar_msgs/share/lslidar_msgs/package.xml
[5.732s] Invoked command in '/root/dev_ws/build/lslidar_msgs' returned '0': CMAKE_PREFIX_PATH=${CMAKE_PREFIX_PATH}:/root/dev_ws/install/line_follower_pkg:/root/dev_ws/install/laser_tf_publisher:/userdata/dev_ws/install/utils:/userdata/dev_ws/install/origincar_base:/userdata/dev_ws/install/serial:/userdata/dev_ws/install/origincar_msg:/userdata/dev_ws/install/origincar_description:/userdata/dev_ws/install/origincar_bringup:/userdata/dev_ws/install/line_follower_pkg:/userdata/dev_ws/install/ackermann_msgs:/opt/tros/humble:/opt/ros/humble /usr/bin/cmake --install /root/dev_ws/build/lslidar_msgs
