[0.201s] Invoking command in '/root/dev_ws/build/origincar_bringup': CMAKE_PREFIX_PATH=${CMAKE_PREFIX_PATH}:/root/dev_ws/install/line_follower_pkg:/root/dev_ws/install/laser_tf_publisher:/userdata/dev_ws/install/utils:/userdata/dev_ws/install/origincar_base:/userdata/dev_ws/install/serial:/userdata/dev_ws/install/origincar_msg:/userdata/dev_ws/install/origincar_description:/userdata/dev_ws/install/origincar_bringup:/userdata/dev_ws/install/line_follower_pkg:/userdata/dev_ws/install/ackermann_msgs:/opt/tros/humble:/opt/ros/humble /usr/bin/cmake --build /root/dev_ws/build/origincar_bringup -- -j8 -l8
[0.388s] Invoked command in '/root/dev_ws/build/origincar_bringup' returned '0': CMAKE_PREFIX_PATH=${CMAKE_PREFIX_PATH}:/root/dev_ws/install/line_follower_pkg:/root/dev_ws/install/laser_tf_publisher:/userdata/dev_ws/install/utils:/userdata/dev_ws/install/origincar_base:/userdata/dev_ws/install/serial:/userdata/dev_ws/install/origincar_msg:/userdata/dev_ws/install/origincar_description:/userdata/dev_ws/install/origincar_bringup:/userdata/dev_ws/install/line_follower_pkg:/userdata/dev_ws/install/ackermann_msgs:/opt/tros/humble:/opt/ros/humble /usr/bin/cmake --build /root/dev_ws/build/origincar_bringup -- -j8 -l8
[0.396s] Invoking command in '/root/dev_ws/build/origincar_bringup': CMAKE_PREFIX_PATH=${CMAKE_PREFIX_PATH}:/root/dev_ws/install/line_follower_pkg:/root/dev_ws/install/laser_tf_publisher:/userdata/dev_ws/install/utils:/userdata/dev_ws/install/origincar_base:/userdata/dev_ws/install/serial:/userdata/dev_ws/install/origincar_msg:/userdata/dev_ws/install/origincar_description:/userdata/dev_ws/install/origincar_bringup:/userdata/dev_ws/install/line_follower_pkg:/userdata/dev_ws/install/ackermann_msgs:/opt/tros/humble:/opt/ros/humble /usr/bin/cmake --install /root/dev_ws/build/origincar_bringup
[0.434s] -- Install configuration: ""
[0.436s] -- Up-to-date: /root/dev_ws/install/origincar_bringup/share/origincar_bringup/launch
[0.436s] -- Up-to-date: /root/dev_ws/install/origincar_bringup/share/origincar_bringup/launch/usb_websocket_display.launch.py
[0.437s] -- Up-to-date: /root/dev_ws/install/origincar_bringup/share/ament_index/resource_index/package_run_dependencies/origincar_bringup
[0.438s] -- Up-to-date: /root/dev_ws/install/origincar_bringup/share/ament_index/resource_index/parent_prefix_path/origincar_bringup
[0.439s] -- Up-to-date: /root/dev_ws/install/origincar_bringup/share/origincar_bringup/environment/ament_prefix_path.sh
[0.440s] -- Up-to-date: /root/dev_ws/install/origincar_bringup/share/origincar_bringup/environment/ament_prefix_path.dsv
[0.440s] -- Up-to-date: /root/dev_ws/install/origincar_bringup/share/origincar_bringup/environment/path.sh
[0.441s] -- Up-to-date: /root/dev_ws/install/origincar_bringup/share/origincar_bringup/environment/path.dsv
[0.442s] -- Up-to-date: /root/dev_ws/install/origincar_bringup/share/origincar_bringup/local_setup.bash
[0.443s] -- Up-to-date: /root/dev_ws/install/origincar_bringup/share/origincar_bringup/local_setup.sh
[0.443s] -- Up-to-date: /root/dev_ws/install/origincar_bringup/share/origincar_bringup/local_setup.zsh
[0.454s] -- Up-to-date: /root/dev_ws/install/origincar_bringup/share/origincar_bringup/local_setup.dsv
[0.455s] -- Installing: /root/dev_ws/install/origincar_bringup/share/origincar_bringup/package.dsv
[0.455s] -- Up-to-date: /root/dev_ws/install/origincar_bringup/share/ament_index/resource_index/packages/origincar_bringup
[0.456s] -- Up-to-date: /root/dev_ws/install/origincar_bringup/share/origincar_bringup/cmake/origincar_bringupConfig.cmake
[0.457s] -- Up-to-date: /root/dev_ws/install/origincar_bringup/share/origincar_bringup/cmake/origincar_bringupConfig-version.cmake
[0.458s] -- Up-to-date: /root/dev_ws/install/origincar_bringup/share/origincar_bringup/package.xml
[0.459s] Invoked command in '/root/dev_ws/build/origincar_bringup' returned '0': CMAKE_PREFIX_PATH=${CMAKE_PREFIX_PATH}:/root/dev_ws/install/line_follower_pkg:/root/dev_ws/install/laser_tf_publisher:/userdata/dev_ws/install/utils:/userdata/dev_ws/install/origincar_base:/userdata/dev_ws/install/serial:/userdata/dev_ws/install/origincar_msg:/userdata/dev_ws/install/origincar_description:/userdata/dev_ws/install/origincar_bringup:/userdata/dev_ws/install/line_follower_pkg:/userdata/dev_ws/install/ackermann_msgs:/opt/tros/humble:/opt/ros/humble /usr/bin/cmake --install /root/dev_ws/build/origincar_bringup
