[4.314s] Invoking command in '/root/dev_ws/build/origincar_bringup': CMAKE_PREFIX_PATH=/userdata/dev_ws/install/utils:/userdata/dev_ws/install/origincar_base:/userdata/dev_ws/install/serial:/userdata/dev_ws/install/origincar_msg:/userdata/dev_ws/install/origincar_description:/userdata/dev_ws/install/origincar_bringup:/userdata/dev_ws/install/line_follower_pkg:/userdata/dev_ws/install/ackermann_msgs:/opt/tros/humble:/opt/ros/humble /usr/bin/cmake --build /root/dev_ws/build/origincar_bringup -- -j8 -l8
[5.637s] Invoked command in '/root/dev_ws/build/origincar_bringup' returned '0': CMAKE_PREFIX_PATH=/userdata/dev_ws/install/utils:/userdata/dev_ws/install/origincar_base:/userdata/dev_ws/install/serial:/userdata/dev_ws/install/origincar_msg:/userdata/dev_ws/install/origincar_description:/userdata/dev_ws/install/origincar_bringup:/userdata/dev_ws/install/line_follower_pkg:/userdata/dev_ws/install/ackermann_msgs:/opt/tros/humble:/opt/ros/humble /usr/bin/cmake --build /root/dev_ws/build/origincar_bringup -- -j8 -l8
[5.640s] Invoking command in '/root/dev_ws/build/origincar_bringup': CMAKE_PREFIX_PATH=/userdata/dev_ws/install/utils:/userdata/dev_ws/install/origincar_base:/userdata/dev_ws/install/serial:/userdata/dev_ws/install/origincar_msg:/userdata/dev_ws/install/origincar_description:/userdata/dev_ws/install/origincar_bringup:/userdata/dev_ws/install/line_follower_pkg:/userdata/dev_ws/install/ackermann_msgs:/opt/tros/humble:/opt/ros/humble /usr/bin/cmake --install /root/dev_ws/build/origincar_bringup
[5.642s] -- Install configuration: ""
[5.643s] -- Up-to-date: /root/dev_ws/install/origincar_bringup/share/origincar_bringup/launch
[5.643s] -- Up-to-date: /root/dev_ws/install/origincar_bringup/share/origincar_bringup/launch/usb_websocket_display.launch.py
[5.645s] -- Up-to-date: /root/dev_ws/install/origincar_bringup/share/ament_index/resource_index/package_run_dependencies/origincar_bringup
[5.649s] -- Up-to-date: /root/dev_ws/install/origincar_bringup/share/ament_index/resource_index/parent_prefix_path/origincar_bringup
[5.651s] -- Up-to-date: /root/dev_ws/install/origincar_bringup/share/origincar_bringup/environment/ament_prefix_path.sh
[5.653s] -- Up-to-date: /root/dev_ws/install/origincar_bringup/share/origincar_bringup/environment/ament_prefix_path.dsv
[5.654s] -- Up-to-date: /root/dev_ws/install/origincar_bringup/share/origincar_bringup/environment/path.sh
[5.655s] -- Up-to-date: /root/dev_ws/install/origincar_bringup/share/origincar_bringup/environment/path.dsv
[5.656s] -- Up-to-date: /root/dev_ws/install/origincar_bringup/share/origincar_bringup/local_setup.bash
[5.657s] -- Up-to-date: /root/dev_ws/install/origincar_bringup/share/origincar_bringup/local_setup.sh
[5.659s] -- Up-to-date: /root/dev_ws/install/origincar_bringup/share/origincar_bringup/local_setup.zsh
[5.661s] -- Up-to-date: /root/dev_ws/install/origincar_bringup/share/origincar_bringup/local_setup.dsv
[5.662s] -- Installing: /root/dev_ws/install/origincar_bringup/share/origincar_bringup/package.dsv
[5.665s] -- Up-to-date: /root/dev_ws/install/origincar_bringup/share/ament_index/resource_index/packages/origincar_bringup
[5.669s] -- Up-to-date: /root/dev_ws/install/origincar_bringup/share/origincar_bringup/cmake/origincar_bringupConfig.cmake
[5.672s] -- Up-to-date: /root/dev_ws/install/origincar_bringup/share/origincar_bringup/cmake/origincar_bringupConfig-version.cmake
[5.672s] -- Up-to-date: /root/dev_ws/install/origincar_bringup/share/origincar_bringup/package.xml
[5.698s] Invoked command in '/root/dev_ws/build/origincar_bringup' returned '0': CMAKE_PREFIX_PATH=/userdata/dev_ws/install/utils:/userdata/dev_ws/install/origincar_base:/userdata/dev_ws/install/serial:/userdata/dev_ws/install/origincar_msg:/userdata/dev_ws/install/origincar_description:/userdata/dev_ws/install/origincar_bringup:/userdata/dev_ws/install/line_follower_pkg:/userdata/dev_ws/install/ackermann_msgs:/opt/tros/humble:/opt/ros/humble /usr/bin/cmake --install /root/dev_ws/build/origincar_bringup
