[0.142s] Invoking command in '/root/dev_ws/build/lslidar_driver': CMAKE_PREFIX_PATH=/root/dev_ws/install/lslidar_msgs:/root/dev_ws/install/utils:/root/dev_ws/install/origincar_base:/root/dev_ws/install/serial:/root/dev_ws/install/origincar_msg:/root/dev_ws/install/origincar_description:/root/dev_ws/install/origincar_bringup:/root/dev_ws/install/lslidar_driver:/root/dev_ws/install/hobot_nav2:/root/dev_ws/install/ackermann_msgs:/root/dev_ws/install/line_follower_pkg:/root/dev_ws/install/laser_tf_publisher:/userdata/dev_ws/install/utils:/userdata/dev_ws/install/origincar_base:/userdata/dev_ws/install/serial:/userdata/dev_ws/install/origincar_msg:/userdata/dev_ws/install/origincar_description:/userdata/dev_ws/install/origincar_bringup:/userdata/dev_ws/install/line_follower_pkg:/userdata/dev_ws/install/ackermann_msgs:/opt/tros/humble:/opt/ros/humble LD_LIBRARY_PATH=/root/dev_ws/install/lslidar_msgs/lib:/root/dev_ws/install/origincar_base/lib:/root/dev_ws/install/serial/lib:/root/dev_ws/install/origincar_msg/lib:/root/dev_ws/install/lslidar_driver/lib:/root/dev_ws/install/ackermann_msgs/lib:/userdata/dev_ws/install/origincar_base/lib:/userdata/dev_ws/install/serial/lib:/userdata/dev_ws/install/origincar_msg/lib:/userdata/dev_ws/install/ackermann_msgs/lib:/opt/tros/humble/lib/aarch64-linux-gnu:/opt/tros/humble/lib:/opt/ros/humble/opt/rviz_ogre_vendor/lib:/opt/ros/humble/lib/aarch64-linux-gnu:/opt/ros/humble/lib:/usr/hobot/lib:/app/lib:/app/pub/lib:/middleware/lib:/middleware/pub/lib:/usr/hobot/lib/sensor:/system/lib:/system/usr/lib:/lib /usr/bin/cmake --build /root/dev_ws/build/lslidar_driver -- -j8 -l8
[0.794s] [ 81%] Built target lslidar_driver
[1.025s] [100%] Built target lslidar_driver_node
[1.106s] Invoked command in '/root/dev_ws/build/lslidar_driver' returned '0': CMAKE_PREFIX_PATH=/root/dev_ws/install/lslidar_msgs:/root/dev_ws/install/utils:/root/dev_ws/install/origincar_base:/root/dev_ws/install/serial:/root/dev_ws/install/origincar_msg:/root/dev_ws/install/origincar_description:/root/dev_ws/install/origincar_bringup:/root/dev_ws/install/lslidar_driver:/root/dev_ws/install/hobot_nav2:/root/dev_ws/install/ackermann_msgs:/root/dev_ws/install/line_follower_pkg:/root/dev_ws/install/laser_tf_publisher:/userdata/dev_ws/install/utils:/userdata/dev_ws/install/origincar_base:/userdata/dev_ws/install/serial:/userdata/dev_ws/install/origincar_msg:/userdata/dev_ws/install/origincar_description:/userdata/dev_ws/install/origincar_bringup:/userdata/dev_ws/install/line_follower_pkg:/userdata/dev_ws/install/ackermann_msgs:/opt/tros/humble:/opt/ros/humble LD_LIBRARY_PATH=/root/dev_ws/install/lslidar_msgs/lib:/root/dev_ws/install/origincar_base/lib:/root/dev_ws/install/serial/lib:/root/dev_ws/install/origincar_msg/lib:/root/dev_ws/install/lslidar_driver/lib:/root/dev_ws/install/ackermann_msgs/lib:/userdata/dev_ws/install/origincar_base/lib:/userdata/dev_ws/install/serial/lib:/userdata/dev_ws/install/origincar_msg/lib:/userdata/dev_ws/install/ackermann_msgs/lib:/opt/tros/humble/lib/aarch64-linux-gnu:/opt/tros/humble/lib:/opt/ros/humble/opt/rviz_ogre_vendor/lib:/opt/ros/humble/lib/aarch64-linux-gnu:/opt/ros/humble/lib:/usr/hobot/lib:/app/lib:/app/pub/lib:/middleware/lib:/middleware/pub/lib:/usr/hobot/lib/sensor:/system/lib:/system/usr/lib:/lib /usr/bin/cmake --build /root/dev_ws/build/lslidar_driver -- -j8 -l8
[1.109s] Invoking command in '/root/dev_ws/build/lslidar_driver': CMAKE_PREFIX_PATH=/root/dev_ws/install/lslidar_msgs:/root/dev_ws/install/utils:/root/dev_ws/install/origincar_base:/root/dev_ws/install/serial:/root/dev_ws/install/origincar_msg:/root/dev_ws/install/origincar_description:/root/dev_ws/install/origincar_bringup:/root/dev_ws/install/lslidar_driver:/root/dev_ws/install/hobot_nav2:/root/dev_ws/install/ackermann_msgs:/root/dev_ws/install/line_follower_pkg:/root/dev_ws/install/laser_tf_publisher:/userdata/dev_ws/install/utils:/userdata/dev_ws/install/origincar_base:/userdata/dev_ws/install/serial:/userdata/dev_ws/install/origincar_msg:/userdata/dev_ws/install/origincar_description:/userdata/dev_ws/install/origincar_bringup:/userdata/dev_ws/install/line_follower_pkg:/userdata/dev_ws/install/ackermann_msgs:/opt/tros/humble:/opt/ros/humble LD_LIBRARY_PATH=/root/dev_ws/install/lslidar_msgs/lib:/root/dev_ws/install/origincar_base/lib:/root/dev_ws/install/serial/lib:/root/dev_ws/install/origincar_msg/lib:/root/dev_ws/install/lslidar_driver/lib:/root/dev_ws/install/ackermann_msgs/lib:/userdata/dev_ws/install/origincar_base/lib:/userdata/dev_ws/install/serial/lib:/userdata/dev_ws/install/origincar_msg/lib:/userdata/dev_ws/install/ackermann_msgs/lib:/opt/tros/humble/lib/aarch64-linux-gnu:/opt/tros/humble/lib:/opt/ros/humble/opt/rviz_ogre_vendor/lib:/opt/ros/humble/lib/aarch64-linux-gnu:/opt/ros/humble/lib:/usr/hobot/lib:/app/lib:/app/pub/lib:/middleware/lib:/middleware/pub/lib:/usr/hobot/lib/sensor:/system/lib:/system/usr/lib:/lib /usr/bin/cmake --install /root/dev_ws/build/lslidar_driver
[1.150s] -- Install configuration: "Release"
[1.151s] -- Up-to-date: /root/dev_ws/install/lslidar_driver/lib/lslidar_driver/liblslidar_driver.a
[1.153s] -- Up-to-date: /root/dev_ws/install/lslidar_driver/lib/lslidar_driver/lslidar_driver_node
[1.156s] -- Up-to-date: /root/dev_ws/install/lslidar_driver/include
[1.157s] -- Up-to-date: /root/dev_ws/install/lslidar_driver/include/lslidar_driver
[1.159s] -- Up-to-date: /root/dev_ws/install/lslidar_driver/include/lslidar_driver/lslidar_ch_driver.hpp
[1.161s] -- Up-to-date: /root/dev_ws/install/lslidar_driver/include/lslidar_driver/input.hpp
[1.162s] -- Up-to-date: /root/dev_ws/install/lslidar_driver/include/lslidar_driver/lsiosr.hpp
[1.163s] -- Up-to-date: /root/dev_ws/install/lslidar_driver/include/lslidar_driver/pointcloud_transform.hpp
[1.166s] -- Up-to-date: /root/dev_ws/install/lslidar_driver/include/lslidar_driver/lslidar_services.hpp
[1.167s] -- Up-to-date: /root/dev_ws/install/lslidar_driver/include/lslidar_driver/lslidar_x10_driver.hpp
[1.168s] -- Up-to-date: /root/dev_ws/install/lslidar_driver/include/lslidar_driver/lslidar_pointcloud.hpp
[1.181s] -- Up-to-date: /root/dev_ws/install/lslidar_driver/include/lslidar_driver/ThreadPool.h
[1.182s] -- Up-to-date: /root/dev_ws/install/lslidar_driver/include/lslidar_driver/lslidar_device_info.hpp
[1.183s] -- Up-to-date: /root/dev_ws/install/lslidar_driver/include/lslidar_driver/lslidar_cx_driver.hpp
[1.184s] -- Up-to-date: /root/dev_ws/install/lslidar_driver/include/lslidar_driver/lslidar_driver.hpp
[1.184s] -- Up-to-date: /root/dev_ws/install/lslidar_driver/include/lslidar_driver/lslidar_log.hpp
[1.186s] -- Up-to-date: /root/dev_ws/install/lslidar_driver/include/lslidar_driver/data_acquisition_strategy.hpp
[1.187s] -- Up-to-date: /root/dev_ws/install/lslidar_driver/include/lslidar_driver/lslidar_ls_driver.hpp
[1.188s] -- Up-to-date: /root/dev_ws/install/lslidar_driver/share/lslidar_driver/config
[1.189s] -- Up-to-date: /root/dev_ws/install/lslidar_driver/share/lslidar_driver/config/lslidar_n10_uart.yaml
[1.190s] -- Up-to-date: /root/dev_ws/install/lslidar_driver/share/lslidar_driver/config/lslidar_x10.yaml
[1.192s] -- Up-to-date: /root/dev_ws/install/lslidar_driver/share/lslidar_driver/config/network_setup.yaml
[1.192s] -- Up-to-date: /root/dev_ws/install/lslidar_driver/share/lslidar_driver/rviz
[1.193s] -- Up-to-date: /root/dev_ws/install/lslidar_driver/share/lslidar_driver/rviz/lslidar_cx.rviz
[1.194s] -- Up-to-date: /root/dev_ws/install/lslidar_driver/share/lslidar_driver/rviz/lslidar_ls.rviz
[1.195s] -- Up-to-date: /root/dev_ws/install/lslidar_driver/share/lslidar_driver/rviz/lslidar_ch.rviz
[1.196s] -- Up-to-date: /root/dev_ws/install/lslidar_driver/share/lslidar_driver/rviz/lslidar_x10.rviz
[1.197s] -- Up-to-date: /root/dev_ws/install/lslidar_driver/share/lslidar_driver/launch
[1.198s] -- Up-to-date: /root/dev_ws/install/lslidar_driver/share/lslidar_driver/launch/lslidar_cx_launch.py
[1.199s] -- Up-to-date: /root/dev_ws/install/lslidar_driver/share/lslidar_driver/launch/lslidar_double_launch.py
[1.199s] -- Up-to-date: /root/dev_ws/install/lslidar_driver/share/lslidar_driver/launch/lsm10p_uart_launch.py
[1.200s] -- Up-to-date: /root/dev_ws/install/lslidar_driver/share/lslidar_driver/launch/lsn10p_launch.py
[1.201s] -- Up-to-date: /root/dev_ws/install/lslidar_driver/share/lslidar_driver/launch/lslidar_ls_launch.py
[1.202s] -- Up-to-date: /root/dev_ws/install/lslidar_driver/share/lslidar_driver/launch/lsm10p_net_launch.py
[1.203s] -- Up-to-date: /root/dev_ws/install/lslidar_driver/share/lslidar_driver/launch/lsn10p_net_launch.py
[1.204s] -- Up-to-date: /root/dev_ws/install/lslidar_driver/share/lslidar_driver/launch/lsm10_uart_launch.py
[1.209s] -- Up-to-date: /root/dev_ws/install/lslidar_driver/share/lslidar_driver/launch/lsm10_net_launch.py
[1.210s] -- Up-to-date: /root/dev_ws/install/lslidar_driver/share/lslidar_driver/launch/lsn10_net_launch.py
[1.211s] -- Up-to-date: /root/dev_ws/install/lslidar_driver/share/lslidar_driver/launch/lslidar_ch_launch.py
[1.212s] -- Up-to-date: /root/dev_ws/install/lslidar_driver/share/lslidar_driver/launch/lsn10_launch.py
[1.213s] -- Up-to-date: /root/dev_ws/install/lslidar_driver/share/lslidar_driver/launch/lslidar_x10_launch.py
[1.215s] -- Up-to-date: /root/dev_ws/install/lslidar_driver/share/lslidar_driver/environment/library_path.sh
[1.222s] -- Up-to-date: /root/dev_ws/install/lslidar_driver/share/lslidar_driver/environment/library_path.dsv
[1.225s] -- Up-to-date: /root/dev_ws/install/lslidar_driver/share/ament_index/resource_index/package_run_dependencies/lslidar_driver
[1.228s] -- Up-to-date: /root/dev_ws/install/lslidar_driver/share/ament_index/resource_index/parent_prefix_path/lslidar_driver
[1.229s] -- Up-to-date: /root/dev_ws/install/lslidar_driver/share/lslidar_driver/environment/ament_prefix_path.sh
[1.241s] -- Up-to-date: /root/dev_ws/install/lslidar_driver/share/lslidar_driver/environment/ament_prefix_path.dsv
[1.242s] -- Up-to-date: /root/dev_ws/install/lslidar_driver/share/lslidar_driver/environment/path.sh
[1.244s] -- Up-to-date: /root/dev_ws/install/lslidar_driver/share/lslidar_driver/environment/path.dsv
[1.252s] -- Up-to-date: /root/dev_ws/install/lslidar_driver/share/lslidar_driver/local_setup.bash
[1.253s] -- Up-to-date: /root/dev_ws/install/lslidar_driver/share/lslidar_driver/local_setup.sh
[1.255s] -- Up-to-date: /root/dev_ws/install/lslidar_driver/share/lslidar_driver/local_setup.zsh
[1.260s] -- Up-to-date: /root/dev_ws/install/lslidar_driver/share/lslidar_driver/local_setup.dsv
[1.262s] -- Installing: /root/dev_ws/install/lslidar_driver/share/lslidar_driver/package.dsv
[1.268s] -- Up-to-date: /root/dev_ws/install/lslidar_driver/share/ament_index/resource_index/packages/lslidar_driver
[1.272s] -- Up-to-date: /root/dev_ws/install/lslidar_driver/share/lslidar_driver/cmake/ament_cmake_export_include_directories-extras.cmake
[1.274s] -- Up-to-date: /root/dev_ws/install/lslidar_driver/share/lslidar_driver/cmake/ament_cmake_export_libraries-extras.cmake
[1.280s] -- Up-to-date: /root/dev_ws/install/lslidar_driver/share/lslidar_driver/cmake/ament_cmake_export_dependencies-extras.cmake
[1.285s] -- Up-to-date: /root/dev_ws/install/lslidar_driver/share/lslidar_driver/cmake/lslidar_driverConfig.cmake
[1.290s] -- Up-to-date: /root/dev_ws/install/lslidar_driver/share/lslidar_driver/cmake/lslidar_driverConfig-version.cmake
[1.293s] -- Up-to-date: /root/dev_ws/install/lslidar_driver/share/lslidar_driver/package.xml
[1.296s] Invoked command in '/root/dev_ws/build/lslidar_driver' returned '0': CMAKE_PREFIX_PATH=/root/dev_ws/install/lslidar_msgs:/root/dev_ws/install/utils:/root/dev_ws/install/origincar_base:/root/dev_ws/install/serial:/root/dev_ws/install/origincar_msg:/root/dev_ws/install/origincar_description:/root/dev_ws/install/origincar_bringup:/root/dev_ws/install/lslidar_driver:/root/dev_ws/install/hobot_nav2:/root/dev_ws/install/ackermann_msgs:/root/dev_ws/install/line_follower_pkg:/root/dev_ws/install/laser_tf_publisher:/userdata/dev_ws/install/utils:/userdata/dev_ws/install/origincar_base:/userdata/dev_ws/install/serial:/userdata/dev_ws/install/origincar_msg:/userdata/dev_ws/install/origincar_description:/userdata/dev_ws/install/origincar_bringup:/userdata/dev_ws/install/line_follower_pkg:/userdata/dev_ws/install/ackermann_msgs:/opt/tros/humble:/opt/ros/humble LD_LIBRARY_PATH=/root/dev_ws/install/lslidar_msgs/lib:/root/dev_ws/install/origincar_base/lib:/root/dev_ws/install/serial/lib:/root/dev_ws/install/origincar_msg/lib:/root/dev_ws/install/lslidar_driver/lib:/root/dev_ws/install/ackermann_msgs/lib:/userdata/dev_ws/install/origincar_base/lib:/userdata/dev_ws/install/serial/lib:/userdata/dev_ws/install/origincar_msg/lib:/userdata/dev_ws/install/ackermann_msgs/lib:/opt/tros/humble/lib/aarch64-linux-gnu:/opt/tros/humble/lib:/opt/ros/humble/opt/rviz_ogre_vendor/lib:/opt/ros/humble/lib/aarch64-linux-gnu:/opt/ros/humble/lib:/usr/hobot/lib:/app/lib:/app/pub/lib:/middleware/lib:/middleware/pub/lib:/usr/hobot/lib/sensor:/system/lib:/system/usr/lib:/lib /usr/bin/cmake --install /root/dev_ws/build/lslidar_driver
