[0.294s] Invoking command in '/root/dev_ws/build/lslidar_msgs': CMAKE_PREFIX_PATH=${CMAKE_PREFIX_PATH}:/root/dev_ws/install/line_follower_pkg:/root/dev_ws/install/laser_tf_publisher:/userdata/dev_ws/install/utils:/userdata/dev_ws/install/origincar_base:/userdata/dev_ws/install/serial:/userdata/dev_ws/install/origincar_msg:/userdata/dev_ws/install/origincar_description:/userdata/dev_ws/install/origincar_bringup:/userdata/dev_ws/install/line_follower_pkg:/userdata/dev_ws/install/ackermann_msgs:/opt/tros/humble:/opt/ros/humble /usr/bin/cmake --build /root/dev_ws/build/lslidar_msgs -- -j8 -l8
[4.661s] [  0%] Built target lslidar_msgs__cpp
[4.664s] [ 12%] Built target lslidar_msgs__rosidl_generator_c
[4.667s] [ 12%] Built target ament_cmake_python_copy_lslidar_msgs
[4.668s] [ 24%] Built target lslidar_msgs__rosidl_typesupport_cpp
[4.669s] [ 36%] Built target lslidar_msgs__rosidl_typesupport_c
[4.671s] [ 48%] Built target lslidar_msgs__rosidl_typesupport_introspection_c
[4.673s] [ 60%] Built target lslidar_msgs__rosidl_typesupport_fastrtps_c
[4.674s] [ 74%] Built target lslidar_msgs__rosidl_typesupport_introspection_cpp
[4.675s] [ 84%] Built target lslidar_msgs__rosidl_typesupport_fastrtps_cpp
[4.677s] [ 84%] Built target lslidar_msgs
[4.679s] [ 85%] Built target lslidar_msgs__py
[4.681s] [ 96%] Built target lslidar_msgs__rosidl_generator_py
[4.682s] [ 99%] Built target lslidar_msgs__rosidl_typesupport_fastrtps_c__pyext
[4.682s] [ 99%] Built target lslidar_msgs__rosidl_typesupport_introspection_c__pyext
[4.683s] [100%] Built target lslidar_msgs__rosidl_typesupport_c__pyext
[4.684s] running egg_info
[4.685s] writing lslidar_msgs.egg-info/PKG-INFO
[4.686s] writing dependency_links to lslidar_msgs.egg-info/dependency_links.txt
[4.686s] writing top-level names to lslidar_msgs.egg-info/top_level.txt
[4.687s] reading manifest file 'lslidar_msgs.egg-info/SOURCES.txt'
[4.687s] writing manifest file 'lslidar_msgs.egg-info/SOURCES.txt'
[4.688s] [100%] Built target ament_cmake_python_build_lslidar_msgs_egg
[4.782s] Invoked command in '/root/dev_ws/build/lslidar_msgs' returned '0': CMAKE_PREFIX_PATH=${CMAKE_PREFIX_PATH}:/root/dev_ws/install/line_follower_pkg:/root/dev_ws/install/laser_tf_publisher:/userdata/dev_ws/install/utils:/userdata/dev_ws/install/origincar_base:/userdata/dev_ws/install/serial:/userdata/dev_ws/install/origincar_msg:/userdata/dev_ws/install/origincar_description:/userdata/dev_ws/install/origincar_bringup:/userdata/dev_ws/install/line_follower_pkg:/userdata/dev_ws/install/ackermann_msgs:/opt/tros/humble:/opt/ros/humble /usr/bin/cmake --build /root/dev_ws/build/lslidar_msgs -- -j8 -l8
[4.792s] Invoking command in '/root/dev_ws/build/lslidar_msgs': CMAKE_PREFIX_PATH=${CMAKE_PREFIX_PATH}:/root/dev_ws/install/line_follower_pkg:/root/dev_ws/install/laser_tf_publisher:/userdata/dev_ws/install/utils:/userdata/dev_ws/install/origincar_base:/userdata/dev_ws/install/serial:/userdata/dev_ws/install/origincar_msg:/userdata/dev_ws/install/origincar_description:/userdata/dev_ws/install/origincar_bringup:/userdata/dev_ws/install/line_follower_pkg:/userdata/dev_ws/install/ackermann_msgs:/opt/tros/humble:/opt/ros/humble /usr/bin/cmake --install /root/dev_ws/build/lslidar_msgs
[5.313s] -- Install configuration: ""
[5.314s] -- Up-to-date: /root/dev_ws/install/lslidar_msgs/share/ament_index/resource_index/rosidl_interfaces/lslidar_msgs
[5.315s] -- Up-to-date: /root/dev_ws/install/lslidar_msgs/include/lslidar_msgs/lslidar_msgs
[5.315s] -- Up-to-date: /root/dev_ws/install/lslidar_msgs/include/lslidar_msgs/lslidar_msgs/msg
[5.316s] -- Up-to-date: /root/dev_ws/install/lslidar_msgs/include/lslidar_msgs/lslidar_msgs/msg/lslidar_information.h
[5.317s] -- Up-to-date: /root/dev_ws/install/lslidar_msgs/include/lslidar_msgs/lslidar_msgs/msg/lslidar_packet.h
[5.318s] -- Up-to-date: /root/dev_ws/install/lslidar_msgs/include/lslidar_msgs/lslidar_msgs/msg/rosidl_generator_c__visibility_control.h
[5.319s] -- Up-to-date: /root/dev_ws/install/lslidar_msgs/include/lslidar_msgs/lslidar_msgs/msg/detail
[5.320s] -- Up-to-date: /root/dev_ws/install/lslidar_msgs/include/lslidar_msgs/lslidar_msgs/msg/detail/lslidar_packet__struct.h
[5.321s] -- Up-to-date: /root/dev_ws/install/lslidar_msgs/include/lslidar_msgs/lslidar_msgs/msg/detail/lslidar_information__struct.h
[5.327s] -- Up-to-date: /root/dev_ws/install/lslidar_msgs/include/lslidar_msgs/lslidar_msgs/msg/detail/lslidar_information__functions.h
[5.327s] -- Up-to-date: /root/dev_ws/install/lslidar_msgs/include/lslidar_msgs/lslidar_msgs/msg/detail/lslidar_packet__type_support.h
[5.328s] -- Up-to-date: /root/dev_ws/install/lslidar_msgs/include/lslidar_msgs/lslidar_msgs/msg/detail/lslidar_packet__functions.h
[5.328s] -- Up-to-date: /root/dev_ws/install/lslidar_msgs/include/lslidar_msgs/lslidar_msgs/msg/detail/lslidar_information__functions.c
[5.331s] -- Up-to-date: /root/dev_ws/install/lslidar_msgs/include/lslidar_msgs/lslidar_msgs/msg/detail/lslidar_information__type_support.h
[5.338s] -- Up-to-date: /root/dev_ws/install/lslidar_msgs/include/lslidar_msgs/lslidar_msgs/msg/detail/lslidar_packet__functions.c
[5.340s] -- Up-to-date: /root/dev_ws/install/lslidar_msgs/include/lslidar_msgs/lslidar_msgs/srv
[5.342s] -- Up-to-date: /root/dev_ws/install/lslidar_msgs/include/lslidar_msgs/lslidar_msgs/srv/angle_distortion_correction.h
[5.344s] -- Up-to-date: /root/dev_ws/install/lslidar_msgs/include/lslidar_msgs/lslidar_msgs/srv/power_control.h
[5.346s] -- Up-to-date: /root/dev_ws/install/lslidar_msgs/include/lslidar_msgs/lslidar_msgs/srv/tail_removal.h
[5.348s] -- Up-to-date: /root/dev_ws/install/lslidar_msgs/include/lslidar_msgs/lslidar_msgs/srv/invalid_data.h
[5.353s] -- Up-to-date: /root/dev_ws/install/lslidar_msgs/include/lslidar_msgs/lslidar_msgs/srv/motor_speed.h
[5.355s] -- Up-to-date: /root/dev_ws/install/lslidar_msgs/include/lslidar_msgs/lslidar_msgs/srv/time_mode.h
[5.355s] -- Up-to-date: /root/dev_ws/install/lslidar_msgs/include/lslidar_msgs/lslidar_msgs/srv/frame_rate.h
[5.356s] -- Up-to-date: /root/dev_ws/install/lslidar_msgs/include/lslidar_msgs/lslidar_msgs/srv/standby_mode.h
[5.357s] -- Up-to-date: /root/dev_ws/install/lslidar_msgs/include/lslidar_msgs/lslidar_msgs/srv/ip_and_port.h
[5.357s] -- Up-to-date: /root/dev_ws/install/lslidar_msgs/include/lslidar_msgs/lslidar_msgs/srv/rfd_removal.h
[5.358s] -- Up-to-date: /root/dev_ws/install/lslidar_msgs/include/lslidar_msgs/lslidar_msgs/srv/detail
[5.364s] -- Up-to-date: /root/dev_ws/install/lslidar_msgs/include/lslidar_msgs/lslidar_msgs/srv/detail/tail_removal__struct.h
[5.365s] -- Up-to-date: /root/dev_ws/install/lslidar_msgs/include/lslidar_msgs/lslidar_msgs/srv/detail/standby_mode__type_support.h
[5.366s] -- Up-to-date: /root/dev_ws/install/lslidar_msgs/include/lslidar_msgs/lslidar_msgs/srv/detail/frame_rate__struct.h
[5.366s] -- Up-to-date: /root/dev_ws/install/lslidar_msgs/include/lslidar_msgs/lslidar_msgs/srv/detail/angle_distortion_correction__functions.h
[5.367s] -- Up-to-date: /root/dev_ws/install/lslidar_msgs/include/lslidar_msgs/lslidar_msgs/srv/detail/power_control__functions.c
[5.367s] -- Up-to-date: /root/dev_ws/install/lslidar_msgs/include/lslidar_msgs/lslidar_msgs/srv/detail/motor_speed__functions.c
[5.368s] -- Up-to-date: /root/dev_ws/install/lslidar_msgs/include/lslidar_msgs/lslidar_msgs/srv/detail/power_control__struct.h
[5.369s] -- Up-to-date: /root/dev_ws/install/lslidar_msgs/include/lslidar_msgs/lslidar_msgs/srv/detail/angle_distortion_correction__type_support.h
[5.369s] -- Up-to-date: /root/dev_ws/install/lslidar_msgs/include/lslidar_msgs/lslidar_msgs/srv/detail/ip_and_port__functions.h
[5.370s] -- Up-to-date: /root/dev_ws/install/lslidar_msgs/include/lslidar_msgs/lslidar_msgs/srv/detail/motor_control__type_support.h
[5.371s] -- Up-to-date: /root/dev_ws/install/lslidar_msgs/include/lslidar_msgs/lslidar_msgs/srv/detail/time_mode__struct.h
[5.371s] -- Up-to-date: /root/dev_ws/install/lslidar_msgs/include/lslidar_msgs/lslidar_msgs/srv/detail/frame_rate__functions.h
[5.372s] -- Up-to-date: /root/dev_ws/install/lslidar_msgs/include/lslidar_msgs/lslidar_msgs/srv/detail/time_mode__type_support.h
[5.372s] -- Up-to-date: /root/dev_ws/install/lslidar_msgs/include/lslidar_msgs/lslidar_msgs/srv/detail/ip_and_port__struct.h
[5.373s] -- Up-to-date: /root/dev_ws/install/lslidar_msgs/include/lslidar_msgs/lslidar_msgs/srv/detail/power_control__functions.h
[5.374s] -- Up-to-date: /root/dev_ws/install/lslidar_msgs/include/lslidar_msgs/lslidar_msgs/srv/detail/rfd_removal__functions.h
[5.374s] -- Up-to-date: /root/dev_ws/install/lslidar_msgs/include/lslidar_msgs/lslidar_msgs/srv/detail/motor_speed__functions.h
[5.375s] -- Up-to-date: /root/dev_ws/install/lslidar_msgs/include/lslidar_msgs/lslidar_msgs/srv/detail/motor_control__functions.h
[5.375s] -- Up-to-date: /root/dev_ws/install/lslidar_msgs/include/lslidar_msgs/lslidar_msgs/srv/detail/time_mode__functions.c
[5.376s] -- Up-to-date: /root/dev_ws/install/lslidar_msgs/include/lslidar_msgs/lslidar_msgs/srv/detail/rfd_removal__functions.c
[5.377s] -- Up-to-date: /root/dev_ws/install/lslidar_msgs/include/lslidar_msgs/lslidar_msgs/srv/detail/motor_control__functions.c
[5.377s] -- Up-to-date: /root/dev_ws/install/lslidar_msgs/include/lslidar_msgs/lslidar_msgs/srv/detail/rfd_removal__struct.h
[5.390s] -- Up-to-date: /root/dev_ws/install/lslidar_msgs/include/lslidar_msgs/lslidar_msgs/srv/detail/tail_removal__type_support.h
[5.391s] -- Up-to-date: /root/dev_ws/install/lslidar_msgs/include/lslidar_msgs/lslidar_msgs/srv/detail/invalid_data__functions.h
[5.392s] -- Up-to-date: /root/dev_ws/install/lslidar_msgs/include/lslidar_msgs/lslidar_msgs/srv/detail/invalid_data__type_support.h
[5.395s] -- Up-to-date: /root/dev_ws/install/lslidar_msgs/include/lslidar_msgs/lslidar_msgs/srv/detail/motor_control__struct.h
[5.396s] -- Up-to-date: /root/dev_ws/install/lslidar_msgs/include/lslidar_msgs/lslidar_msgs/srv/detail/tail_removal__functions.c
[5.397s] -- Up-to-date: /root/dev_ws/install/lslidar_msgs/include/lslidar_msgs/lslidar_msgs/srv/detail/rfd_removal__type_support.h
[5.398s] -- Up-to-date: /root/dev_ws/install/lslidar_msgs/include/lslidar_msgs/lslidar_msgs/srv/detail/standby_mode__functions.h
[5.399s] -- Up-to-date: /root/dev_ws/install/lslidar_msgs/include/lslidar_msgs/lslidar_msgs/srv/detail/power_control__type_support.h
[5.400s] -- Up-to-date: /root/dev_ws/install/lslidar_msgs/include/lslidar_msgs/lslidar_msgs/srv/detail/frame_rate__functions.c
[5.401s] -- Up-to-date: /root/dev_ws/install/lslidar_msgs/include/lslidar_msgs/lslidar_msgs/srv/detail/motor_speed__struct.h
[5.402s] -- Up-to-date: /root/dev_ws/install/lslidar_msgs/include/lslidar_msgs/lslidar_msgs/srv/detail/angle_distortion_correction__functions.c
[5.403s] -- Up-to-date: /root/dev_ws/install/lslidar_msgs/include/lslidar_msgs/lslidar_msgs/srv/detail/frame_rate__type_support.h
[5.404s] -- Up-to-date: /root/dev_ws/install/lslidar_msgs/include/lslidar_msgs/lslidar_msgs/srv/detail/time_mode__functions.h
[5.409s] -- Up-to-date: /root/dev_ws/install/lslidar_msgs/include/lslidar_msgs/lslidar_msgs/srv/detail/tail_removal__functions.h
[5.410s] -- Up-to-date: /root/dev_ws/install/lslidar_msgs/include/lslidar_msgs/lslidar_msgs/srv/detail/ip_and_port__type_support.h
[5.410s] -- Up-to-date: /root/dev_ws/install/lslidar_msgs/include/lslidar_msgs/lslidar_msgs/srv/detail/invalid_data__functions.c
[5.419s] -- Up-to-date: /root/dev_ws/install/lslidar_msgs/include/lslidar_msgs/lslidar_msgs/srv/detail/standby_mode__functions.c
[5.445s] -- Up-to-date: /root/dev_ws/install/lslidar_msgs/include/lslidar_msgs/lslidar_msgs/srv/detail/motor_speed__type_support.h
[5.446s] -- Up-to-date: /root/dev_ws/install/lslidar_msgs/include/lslidar_msgs/lslidar_msgs/srv/detail/invalid_data__struct.h
[5.448s] -- Up-to-date: /root/dev_ws/install/lslidar_msgs/include/lslidar_msgs/lslidar_msgs/srv/detail/ip_and_port__functions.c
[5.449s] -- Up-to-date: /root/dev_ws/install/lslidar_msgs/include/lslidar_msgs/lslidar_msgs/srv/detail/angle_distortion_correction__struct.h
[5.453s] -- Up-to-date: /root/dev_ws/install/lslidar_msgs/include/lslidar_msgs/lslidar_msgs/srv/detail/standby_mode__struct.h
[5.454s] -- Up-to-date: /root/dev_ws/install/lslidar_msgs/include/lslidar_msgs/lslidar_msgs/srv/motor_control.h
[5.455s] -- Up-to-date: /root/dev_ws/install/lslidar_msgs/share/lslidar_msgs/environment/library_path.sh
[5.456s] -- Up-to-date: /root/dev_ws/install/lslidar_msgs/share/lslidar_msgs/environment/library_path.dsv
[5.477s] -- Up-to-date: /root/dev_ws/install/lslidar_msgs/lib/liblslidar_msgs__rosidl_generator_c.so
[5.478s] -- Up-to-date: /root/dev_ws/install/lslidar_msgs/include/lslidar_msgs/lslidar_msgs
[5.480s] -- Up-to-date: /root/dev_ws/install/lslidar_msgs/include/lslidar_msgs/lslidar_msgs/msg
[5.482s] -- Up-to-date: /root/dev_ws/install/lslidar_msgs/include/lslidar_msgs/lslidar_msgs/msg/rosidl_typesupport_fastrtps_c__visibility_control.h
[5.483s] -- Up-to-date: /root/dev_ws/install/lslidar_msgs/include/lslidar_msgs/lslidar_msgs/msg/detail
[5.484s] -- Up-to-date: /root/dev_ws/install/lslidar_msgs/include/lslidar_msgs/lslidar_msgs/msg/detail/lslidar_packet__rosidl_typesupport_fastrtps_c.h
[5.486s] -- Up-to-date: /root/dev_ws/install/lslidar_msgs/include/lslidar_msgs/lslidar_msgs/msg/detail/lslidar_information__rosidl_typesupport_fastrtps_c.h
[5.493s] -- Up-to-date: /root/dev_ws/install/lslidar_msgs/include/lslidar_msgs/lslidar_msgs/srv
[5.496s] -- Up-to-date: /root/dev_ws/install/lslidar_msgs/include/lslidar_msgs/lslidar_msgs/srv/detail
[5.497s] -- Up-to-date: /root/dev_ws/install/lslidar_msgs/include/lslidar_msgs/lslidar_msgs/srv/detail/invalid_data__rosidl_typesupport_fastrtps_c.h
[5.498s] -- Up-to-date: /root/dev_ws/install/lslidar_msgs/include/lslidar_msgs/lslidar_msgs/srv/detail/motor_speed__rosidl_typesupport_fastrtps_c.h
[5.499s] -- Up-to-date: /root/dev_ws/install/lslidar_msgs/include/lslidar_msgs/lslidar_msgs/srv/detail/rfd_removal__rosidl_typesupport_fastrtps_c.h
[5.500s] -- Up-to-date: /root/dev_ws/install/lslidar_msgs/include/lslidar_msgs/lslidar_msgs/srv/detail/standby_mode__rosidl_typesupport_fastrtps_c.h
[5.501s] -- Up-to-date: /root/dev_ws/install/lslidar_msgs/include/lslidar_msgs/lslidar_msgs/srv/detail/ip_and_port__rosidl_typesupport_fastrtps_c.h
[5.506s] -- Up-to-date: /root/dev_ws/install/lslidar_msgs/include/lslidar_msgs/lslidar_msgs/srv/detail/frame_rate__rosidl_typesupport_fastrtps_c.h
[5.507s] -- Up-to-date: /root/dev_ws/install/lslidar_msgs/include/lslidar_msgs/lslidar_msgs/srv/detail/power_control__rosidl_typesupport_fastrtps_c.h
[5.507s] -- Up-to-date: /root/dev_ws/install/lslidar_msgs/include/lslidar_msgs/lslidar_msgs/srv/detail/time_mode__rosidl_typesupport_fastrtps_c.h
[5.508s] -- Up-to-date: /root/dev_ws/install/lslidar_msgs/include/lslidar_msgs/lslidar_msgs/srv/detail/motor_control__rosidl_typesupport_fastrtps_c.h
[5.509s] -- Up-to-date: /root/dev_ws/install/lslidar_msgs/include/lslidar_msgs/lslidar_msgs/srv/detail/angle_distortion_correction__rosidl_typesupport_fastrtps_c.h
[5.509s] -- Up-to-date: /root/dev_ws/install/lslidar_msgs/include/lslidar_msgs/lslidar_msgs/srv/detail/tail_removal__rosidl_typesupport_fastrtps_c.h
[5.510s] -- Up-to-date: /root/dev_ws/install/lslidar_msgs/lib/liblslidar_msgs__rosidl_typesupport_fastrtps_c.so
[5.511s] -- Up-to-date: /root/dev_ws/install/lslidar_msgs/include/lslidar_msgs/lslidar_msgs
[5.512s] -- Up-to-date: /root/dev_ws/install/lslidar_msgs/include/lslidar_msgs/lslidar_msgs/msg
[5.513s] -- Up-to-date: /root/dev_ws/install/lslidar_msgs/include/lslidar_msgs/lslidar_msgs/msg/rosidl_typesupport_introspection_c__visibility_control.h
[5.513s] -- Up-to-date: /root/dev_ws/install/lslidar_msgs/include/lslidar_msgs/lslidar_msgs/msg/detail
[5.515s] -- Up-to-date: /root/dev_ws/install/lslidar_msgs/include/lslidar_msgs/lslidar_msgs/msg/detail/lslidar_packet__type_support.c
[5.516s] -- Up-to-date: /root/dev_ws/install/lslidar_msgs/include/lslidar_msgs/lslidar_msgs/msg/detail/lslidar_information__type_support.c
[5.516s] -- Up-to-date: /root/dev_ws/install/lslidar_msgs/include/lslidar_msgs/lslidar_msgs/msg/detail/lslidar_packet__rosidl_typesupport_introspection_c.h
[5.517s] -- Up-to-date: /root/dev_ws/install/lslidar_msgs/include/lslidar_msgs/lslidar_msgs/msg/detail/lslidar_information__rosidl_typesupport_introspection_c.h
[5.520s] -- Up-to-date: /root/dev_ws/install/lslidar_msgs/include/lslidar_msgs/lslidar_msgs/srv
[5.522s] -- Up-to-date: /root/dev_ws/install/lslidar_msgs/include/lslidar_msgs/lslidar_msgs/srv/detail
[5.523s] -- Up-to-date: /root/dev_ws/install/lslidar_msgs/include/lslidar_msgs/lslidar_msgs/srv/detail/tail_removal__type_support.c
[5.524s] -- Up-to-date: /root/dev_ws/install/lslidar_msgs/include/lslidar_msgs/lslidar_msgs/srv/detail/motor_speed__type_support.c
[5.526s] -- Up-to-date: /root/dev_ws/install/lslidar_msgs/include/lslidar_msgs/lslidar_msgs/srv/detail/standby_mode__rosidl_typesupport_introspection_c.h
[5.527s] -- Up-to-date: /root/dev_ws/install/lslidar_msgs/include/lslidar_msgs/lslidar_msgs/srv/detail/ip_and_port__rosidl_typesupport_introspection_c.h
[5.528s] -- Up-to-date: /root/dev_ws/install/lslidar_msgs/include/lslidar_msgs/lslidar_msgs/srv/detail/rfd_removal__rosidl_typesupport_introspection_c.h
[5.530s] -- Up-to-date: /root/dev_ws/install/lslidar_msgs/include/lslidar_msgs/lslidar_msgs/srv/detail/invalid_data__rosidl_typesupport_introspection_c.h
[5.531s] -- Up-to-date: /root/dev_ws/install/lslidar_msgs/include/lslidar_msgs/lslidar_msgs/srv/detail/motor_control__rosidl_typesupport_introspection_c.h
[5.532s] -- Up-to-date: /root/dev_ws/install/lslidar_msgs/include/lslidar_msgs/lslidar_msgs/srv/detail/time_mode__rosidl_typesupport_introspection_c.h
[5.535s] -- Up-to-date: /root/dev_ws/install/lslidar_msgs/include/lslidar_msgs/lslidar_msgs/srv/detail/frame_rate__type_support.c
[5.540s] -- Up-to-date: /root/dev_ws/install/lslidar_msgs/include/lslidar_msgs/lslidar_msgs/srv/detail/invalid_data__type_support.c
[5.543s] -- Up-to-date: /root/dev_ws/install/lslidar_msgs/include/lslidar_msgs/lslidar_msgs/srv/detail/standby_mode__type_support.c
[5.544s] -- Up-to-date: /root/dev_ws/install/lslidar_msgs/include/lslidar_msgs/lslidar_msgs/srv/detail/tail_removal__rosidl_typesupport_introspection_c.h
[5.545s] -- Up-to-date: /root/dev_ws/install/lslidar_msgs/include/lslidar_msgs/lslidar_msgs/srv/detail/time_mode__type_support.c
[5.548s] -- Up-to-date: /root/dev_ws/install/lslidar_msgs/include/lslidar_msgs/lslidar_msgs/srv/detail/angle_distortion_correction__rosidl_typesupport_introspection_c.h
[5.556s] -- Up-to-date: /root/dev_ws/install/lslidar_msgs/include/lslidar_msgs/lslidar_msgs/srv/detail/frame_rate__rosidl_typesupport_introspection_c.h
[5.557s] -- Up-to-date: /root/dev_ws/install/lslidar_msgs/include/lslidar_msgs/lslidar_msgs/srv/detail/power_control__type_support.c
[5.559s] -- Up-to-date: /root/dev_ws/install/lslidar_msgs/include/lslidar_msgs/lslidar_msgs/srv/detail/angle_distortion_correction__type_support.c
[5.561s] -- Up-to-date: /root/dev_ws/install/lslidar_msgs/include/lslidar_msgs/lslidar_msgs/srv/detail/rfd_removal__type_support.c
[5.562s] -- Up-to-date: /root/dev_ws/install/lslidar_msgs/include/lslidar_msgs/lslidar_msgs/srv/detail/ip_and_port__type_support.c
[5.563s] -- Up-to-date: /root/dev_ws/install/lslidar_msgs/include/lslidar_msgs/lslidar_msgs/srv/detail/motor_control__type_support.c
[5.566s] -- Up-to-date: /root/dev_ws/install/lslidar_msgs/include/lslidar_msgs/lslidar_msgs/srv/detail/power_control__rosidl_typesupport_introspection_c.h
[5.567s] -- Up-to-date: /root/dev_ws/install/lslidar_msgs/include/lslidar_msgs/lslidar_msgs/srv/detail/motor_speed__rosidl_typesupport_introspection_c.h
[5.568s] -- Up-to-date: /root/dev_ws/install/lslidar_msgs/lib/liblslidar_msgs__rosidl_typesupport_introspection_c.so
[5.575s] -- Up-to-date: /root/dev_ws/install/lslidar_msgs/lib/liblslidar_msgs__rosidl_typesupport_c.so
[5.576s] -- Up-to-date: /root/dev_ws/install/lslidar_msgs/include/lslidar_msgs/lslidar_msgs
[5.576s] -- Up-to-date: /root/dev_ws/install/lslidar_msgs/include/lslidar_msgs/lslidar_msgs/msg
[5.577s] -- Up-to-date: /root/dev_ws/install/lslidar_msgs/include/lslidar_msgs/lslidar_msgs/msg/lslidar_information.hpp
[5.578s] -- Up-to-date: /root/dev_ws/install/lslidar_msgs/include/lslidar_msgs/lslidar_msgs/msg/lslidar_packet.hpp
[5.579s] -- Up-to-date: /root/dev_ws/install/lslidar_msgs/include/lslidar_msgs/lslidar_msgs/msg/detail
[5.580s] -- Up-to-date: /root/dev_ws/install/lslidar_msgs/include/lslidar_msgs/lslidar_msgs/msg/detail/lslidar_information__builder.hpp
[5.580s] -- Up-to-date: /root/dev_ws/install/lslidar_msgs/include/lslidar_msgs/lslidar_msgs/msg/detail/lslidar_packet__builder.hpp
[5.581s] -- Up-to-date: /root/dev_ws/install/lslidar_msgs/include/lslidar_msgs/lslidar_msgs/msg/detail/lslidar_information__struct.hpp
[5.582s] -- Up-to-date: /root/dev_ws/install/lslidar_msgs/include/lslidar_msgs/lslidar_msgs/msg/detail/lslidar_information__traits.hpp
[5.582s] -- Up-to-date: /root/dev_ws/install/lslidar_msgs/include/lslidar_msgs/lslidar_msgs/msg/detail/lslidar_packet__traits.hpp
[5.583s] -- Up-to-date: /root/dev_ws/install/lslidar_msgs/include/lslidar_msgs/lslidar_msgs/msg/detail/lslidar_packet__struct.hpp
[5.584s] -- Up-to-date: /root/dev_ws/install/lslidar_msgs/include/lslidar_msgs/lslidar_msgs/srv
[5.585s] -- Up-to-date: /root/dev_ws/install/lslidar_msgs/include/lslidar_msgs/lslidar_msgs/srv/rfd_removal.hpp
[5.586s] -- Up-to-date: /root/dev_ws/install/lslidar_msgs/include/lslidar_msgs/lslidar_msgs/srv/invalid_data.hpp
[5.586s] -- Up-to-date: /root/dev_ws/install/lslidar_msgs/include/lslidar_msgs/lslidar_msgs/srv/power_control.hpp
[5.587s] -- Up-to-date: /root/dev_ws/install/lslidar_msgs/include/lslidar_msgs/lslidar_msgs/srv/angle_distortion_correction.hpp
[5.588s] -- Up-to-date: /root/dev_ws/install/lslidar_msgs/include/lslidar_msgs/lslidar_msgs/srv/ip_and_port.hpp
[5.588s] -- Up-to-date: /root/dev_ws/install/lslidar_msgs/include/lslidar_msgs/lslidar_msgs/srv/standby_mode.hpp
[5.589s] -- Up-to-date: /root/dev_ws/install/lslidar_msgs/include/lslidar_msgs/lslidar_msgs/srv/tail_removal.hpp
[5.589s] -- Up-to-date: /root/dev_ws/install/lslidar_msgs/include/lslidar_msgs/lslidar_msgs/srv/frame_rate.hpp
[5.590s] -- Up-to-date: /root/dev_ws/install/lslidar_msgs/include/lslidar_msgs/lslidar_msgs/srv/motor_control.hpp
[5.593s] -- Up-to-date: /root/dev_ws/install/lslidar_msgs/include/lslidar_msgs/lslidar_msgs/srv/time_mode.hpp
[5.595s] -- Up-to-date: /root/dev_ws/install/lslidar_msgs/include/lslidar_msgs/lslidar_msgs/srv/detail
[5.596s] -- Up-to-date: /root/dev_ws/install/lslidar_msgs/include/lslidar_msgs/lslidar_msgs/srv/detail/power_control__traits.hpp
[5.597s] -- Up-to-date: /root/dev_ws/install/lslidar_msgs/include/lslidar_msgs/lslidar_msgs/srv/detail/angle_distortion_correction__traits.hpp
[5.599s] -- Up-to-date: /root/dev_ws/install/lslidar_msgs/include/lslidar_msgs/lslidar_msgs/srv/detail/motor_control__struct.hpp
[5.600s] -- Up-to-date: /root/dev_ws/install/lslidar_msgs/include/lslidar_msgs/lslidar_msgs/srv/detail/time_mode__struct.hpp
[5.602s] -- Up-to-date: /root/dev_ws/install/lslidar_msgs/include/lslidar_msgs/lslidar_msgs/srv/detail/motor_speed__builder.hpp
[5.604s] -- Up-to-date: /root/dev_ws/install/lslidar_msgs/include/lslidar_msgs/lslidar_msgs/srv/detail/rfd_removal__struct.hpp
[5.605s] -- Up-to-date: /root/dev_ws/install/lslidar_msgs/include/lslidar_msgs/lslidar_msgs/srv/detail/power_control__builder.hpp
[5.606s] -- Up-to-date: /root/dev_ws/install/lslidar_msgs/include/lslidar_msgs/lslidar_msgs/srv/detail/rfd_removal__traits.hpp
[5.607s] -- Up-to-date: /root/dev_ws/install/lslidar_msgs/include/lslidar_msgs/lslidar_msgs/srv/detail/ip_and_port__builder.hpp
[5.610s] -- Up-to-date: /root/dev_ws/install/lslidar_msgs/include/lslidar_msgs/lslidar_msgs/srv/detail/motor_speed__traits.hpp
[5.612s] -- Up-to-date: /root/dev_ws/install/lslidar_msgs/include/lslidar_msgs/lslidar_msgs/srv/detail/tail_removal__struct.hpp
[5.613s] -- Up-to-date: /root/dev_ws/install/lslidar_msgs/include/lslidar_msgs/lslidar_msgs/srv/detail/frame_rate__struct.hpp
[5.614s] -- Up-to-date: /root/dev_ws/install/lslidar_msgs/include/lslidar_msgs/lslidar_msgs/srv/detail/rfd_removal__builder.hpp
[5.616s] -- Up-to-date: /root/dev_ws/install/lslidar_msgs/include/lslidar_msgs/lslidar_msgs/srv/detail/tail_removal__traits.hpp
[5.617s] -- Up-to-date: /root/dev_ws/install/lslidar_msgs/include/lslidar_msgs/lslidar_msgs/srv/detail/frame_rate__traits.hpp
[5.618s] -- Up-to-date: /root/dev_ws/install/lslidar_msgs/include/lslidar_msgs/lslidar_msgs/srv/detail/motor_speed__struct.hpp
[5.620s] -- Up-to-date: /root/dev_ws/install/lslidar_msgs/include/lslidar_msgs/lslidar_msgs/srv/detail/standby_mode__builder.hpp
[5.621s] -- Up-to-date: /root/dev_ws/install/lslidar_msgs/include/lslidar_msgs/lslidar_msgs/srv/detail/standby_mode__struct.hpp
[5.623s] -- Up-to-date: /root/dev_ws/install/lslidar_msgs/include/lslidar_msgs/lslidar_msgs/srv/detail/frame_rate__builder.hpp
[5.629s] -- Up-to-date: /root/dev_ws/install/lslidar_msgs/include/lslidar_msgs/lslidar_msgs/srv/detail/invalid_data__struct.hpp
[5.632s] -- Up-to-date: /root/dev_ws/install/lslidar_msgs/include/lslidar_msgs/lslidar_msgs/srv/detail/ip_and_port__struct.hpp
[5.632s] -- Up-to-date: /root/dev_ws/install/lslidar_msgs/include/lslidar_msgs/lslidar_msgs/srv/detail/invalid_data__builder.hpp
[5.633s] -- Up-to-date: /root/dev_ws/install/lslidar_msgs/include/lslidar_msgs/lslidar_msgs/srv/detail/time_mode__traits.hpp
[5.635s] -- Up-to-date: /root/dev_ws/install/lslidar_msgs/include/lslidar_msgs/lslidar_msgs/srv/detail/tail_removal__builder.hpp
[5.637s] -- Up-to-date: /root/dev_ws/install/lslidar_msgs/include/lslidar_msgs/lslidar_msgs/srv/detail/invalid_data__traits.hpp
[5.638s] -- Up-to-date: /root/dev_ws/install/lslidar_msgs/include/lslidar_msgs/lslidar_msgs/srv/detail/motor_control__traits.hpp
[5.639s] -- Up-to-date: /root/dev_ws/install/lslidar_msgs/include/lslidar_msgs/lslidar_msgs/srv/detail/standby_mode__traits.hpp
[5.642s] -- Up-to-date: /root/dev_ws/install/lslidar_msgs/include/lslidar_msgs/lslidar_msgs/srv/detail/motor_control__builder.hpp
[5.642s] -- Up-to-date: /root/dev_ws/install/lslidar_msgs/include/lslidar_msgs/lslidar_msgs/srv/detail/angle_distortion_correction__struct.hpp
[5.644s] -- Up-to-date: /root/dev_ws/install/lslidar_msgs/include/lslidar_msgs/lslidar_msgs/srv/detail/time_mode__builder.hpp
[5.646s] -- Up-to-date: /root/dev_ws/install/lslidar_msgs/include/lslidar_msgs/lslidar_msgs/srv/detail/angle_distortion_correction__builder.hpp
[5.646s] -- Up-to-date: /root/dev_ws/install/lslidar_msgs/include/lslidar_msgs/lslidar_msgs/srv/detail/ip_and_port__traits.hpp
[5.648s] -- Up-to-date: /root/dev_ws/install/lslidar_msgs/include/lslidar_msgs/lslidar_msgs/srv/detail/power_control__struct.hpp
[5.650s] -- Up-to-date: /root/dev_ws/install/lslidar_msgs/include/lslidar_msgs/lslidar_msgs/srv/motor_speed.hpp
[5.650s] -- Up-to-date: /root/dev_ws/install/lslidar_msgs/include/lslidar_msgs/lslidar_msgs
[5.652s] -- Up-to-date: /root/dev_ws/install/lslidar_msgs/include/lslidar_msgs/lslidar_msgs/msg
[5.653s] -- Up-to-date: /root/dev_ws/install/lslidar_msgs/include/lslidar_msgs/lslidar_msgs/msg/detail
[5.654s] -- Up-to-date: /root/dev_ws/install/lslidar_msgs/include/lslidar_msgs/lslidar_msgs/msg/detail/dds_fastrtps
[5.654s] -- Up-to-date: /root/dev_ws/install/lslidar_msgs/include/lslidar_msgs/lslidar_msgs/msg/detail/lslidar_packet__rosidl_typesupport_fastrtps_cpp.hpp
[5.655s] -- Up-to-date: /root/dev_ws/install/lslidar_msgs/include/lslidar_msgs/lslidar_msgs/msg/detail/lslidar_information__rosidl_typesupport_fastrtps_cpp.hpp
[5.661s] -- Up-to-date: /root/dev_ws/install/lslidar_msgs/include/lslidar_msgs/lslidar_msgs/msg/rosidl_typesupport_fastrtps_cpp__visibility_control.h
[5.662s] -- Up-to-date: /root/dev_ws/install/lslidar_msgs/include/lslidar_msgs/lslidar_msgs/srv
[5.663s] -- Up-to-date: /root/dev_ws/install/lslidar_msgs/include/lslidar_msgs/lslidar_msgs/srv/detail
[5.664s] -- Up-to-date: /root/dev_ws/install/lslidar_msgs/include/lslidar_msgs/lslidar_msgs/srv/detail/angle_distortion_correction__rosidl_typesupport_fastrtps_cpp.hpp
[5.666s] -- Up-to-date: /root/dev_ws/install/lslidar_msgs/include/lslidar_msgs/lslidar_msgs/srv/detail/standby_mode__rosidl_typesupport_fastrtps_cpp.hpp
[5.667s] -- Up-to-date: /root/dev_ws/install/lslidar_msgs/include/lslidar_msgs/lslidar_msgs/srv/detail/tail_removal__rosidl_typesupport_fastrtps_cpp.hpp
[5.667s] -- Up-to-date: /root/dev_ws/install/lslidar_msgs/include/lslidar_msgs/lslidar_msgs/srv/detail/invalid_data__rosidl_typesupport_fastrtps_cpp.hpp
[5.668s] -- Up-to-date: /root/dev_ws/install/lslidar_msgs/include/lslidar_msgs/lslidar_msgs/srv/detail/dds_fastrtps
[5.669s] -- Up-to-date: /root/dev_ws/install/lslidar_msgs/include/lslidar_msgs/lslidar_msgs/srv/detail/motor_speed__rosidl_typesupport_fastrtps_cpp.hpp
[5.670s] -- Up-to-date: /root/dev_ws/install/lslidar_msgs/include/lslidar_msgs/lslidar_msgs/srv/detail/rfd_removal__rosidl_typesupport_fastrtps_cpp.hpp
[5.671s] -- Up-to-date: /root/dev_ws/install/lslidar_msgs/include/lslidar_msgs/lslidar_msgs/srv/detail/power_control__rosidl_typesupport_fastrtps_cpp.hpp
[5.672s] -- Up-to-date: /root/dev_ws/install/lslidar_msgs/include/lslidar_msgs/lslidar_msgs/srv/detail/motor_control__rosidl_typesupport_fastrtps_cpp.hpp
[5.673s] -- Up-to-date: /root/dev_ws/install/lslidar_msgs/include/lslidar_msgs/lslidar_msgs/srv/detail/ip_and_port__rosidl_typesupport_fastrtps_cpp.hpp
[5.673s] -- Up-to-date: /root/dev_ws/install/lslidar_msgs/include/lslidar_msgs/lslidar_msgs/srv/detail/time_mode__rosidl_typesupport_fastrtps_cpp.hpp
[5.674s] -- Up-to-date: /root/dev_ws/install/lslidar_msgs/include/lslidar_msgs/lslidar_msgs/srv/detail/frame_rate__rosidl_typesupport_fastrtps_cpp.hpp
[5.675s] -- Up-to-date: /root/dev_ws/install/lslidar_msgs/lib/liblslidar_msgs__rosidl_typesupport_fastrtps_cpp.so
[5.675s] -- Up-to-date: /root/dev_ws/install/lslidar_msgs/include/lslidar_msgs/lslidar_msgs
[5.676s] -- Up-to-date: /root/dev_ws/install/lslidar_msgs/include/lslidar_msgs/lslidar_msgs/msg
[5.677s] -- Up-to-date: /root/dev_ws/install/lslidar_msgs/include/lslidar_msgs/lslidar_msgs/msg/detail
[5.680s] -- Up-to-date: /root/dev_ws/install/lslidar_msgs/include/lslidar_msgs/lslidar_msgs/msg/detail/lslidar_information__type_support.cpp
[5.682s] -- Up-to-date: /root/dev_ws/install/lslidar_msgs/include/lslidar_msgs/lslidar_msgs/msg/detail/lslidar_packet__rosidl_typesupport_introspection_cpp.hpp
[5.683s] -- Up-to-date: /root/dev_ws/install/lslidar_msgs/include/lslidar_msgs/lslidar_msgs/msg/detail/lslidar_packet__type_support.cpp
[5.684s] -- Up-to-date: /root/dev_ws/install/lslidar_msgs/include/lslidar_msgs/lslidar_msgs/msg/detail/lslidar_information__rosidl_typesupport_introspection_cpp.hpp
[5.686s] -- Up-to-date: /root/dev_ws/install/lslidar_msgs/include/lslidar_msgs/lslidar_msgs/srv
[5.687s] -- Up-to-date: /root/dev_ws/install/lslidar_msgs/include/lslidar_msgs/lslidar_msgs/srv/detail
[5.689s] -- Up-to-date: /root/dev_ws/install/lslidar_msgs/include/lslidar_msgs/lslidar_msgs/srv/detail/frame_rate__type_support.cpp
[5.691s] -- Up-to-date: /root/dev_ws/install/lslidar_msgs/include/lslidar_msgs/lslidar_msgs/srv/detail/standby_mode__type_support.cpp
[5.692s] -- Up-to-date: /root/dev_ws/install/lslidar_msgs/include/lslidar_msgs/lslidar_msgs/srv/detail/tail_removal__rosidl_typesupport_introspection_cpp.hpp
[5.694s] -- Up-to-date: /root/dev_ws/install/lslidar_msgs/include/lslidar_msgs/lslidar_msgs/srv/detail/motor_speed__rosidl_typesupport_introspection_cpp.hpp
[5.695s] -- Up-to-date: /root/dev_ws/install/lslidar_msgs/include/lslidar_msgs/lslidar_msgs/srv/detail/frame_rate__rosidl_typesupport_introspection_cpp.hpp
[5.697s] -- Up-to-date: /root/dev_ws/install/lslidar_msgs/include/lslidar_msgs/lslidar_msgs/srv/detail/motor_speed__type_support.cpp
[5.699s] -- Up-to-date: /root/dev_ws/install/lslidar_msgs/include/lslidar_msgs/lslidar_msgs/srv/detail/motor_control__type_support.cpp
[5.700s] -- Up-to-date: /root/dev_ws/install/lslidar_msgs/include/lslidar_msgs/lslidar_msgs/srv/detail/invalid_data__rosidl_typesupport_introspection_cpp.hpp
[5.702s] -- Up-to-date: /root/dev_ws/install/lslidar_msgs/include/lslidar_msgs/lslidar_msgs/srv/detail/time_mode__type_support.cpp
[5.704s] -- Up-to-date: /root/dev_ws/install/lslidar_msgs/include/lslidar_msgs/lslidar_msgs/srv/detail/time_mode__rosidl_typesupport_introspection_cpp.hpp
[5.704s] -- Up-to-date: /root/dev_ws/install/lslidar_msgs/include/lslidar_msgs/lslidar_msgs/srv/detail/rfd_removal__type_support.cpp
[5.706s] -- Up-to-date: /root/dev_ws/install/lslidar_msgs/include/lslidar_msgs/lslidar_msgs/srv/detail/angle_distortion_correction__rosidl_typesupport_introspection_cpp.hpp
[5.708s] -- Up-to-date: /root/dev_ws/install/lslidar_msgs/include/lslidar_msgs/lslidar_msgs/srv/detail/power_control__rosidl_typesupport_introspection_cpp.hpp
[5.710s] -- Up-to-date: /root/dev_ws/install/lslidar_msgs/include/lslidar_msgs/lslidar_msgs/srv/detail/rfd_removal__rosidl_typesupport_introspection_cpp.hpp
[5.713s] -- Up-to-date: /root/dev_ws/install/lslidar_msgs/include/lslidar_msgs/lslidar_msgs/srv/detail/ip_and_port__rosidl_typesupport_introspection_cpp.hpp
[5.717s] -- Up-to-date: /root/dev_ws/install/lslidar_msgs/include/lslidar_msgs/lslidar_msgs/srv/detail/tail_removal__type_support.cpp
[5.720s] -- Up-to-date: /root/dev_ws/install/lslidar_msgs/include/lslidar_msgs/lslidar_msgs/srv/detail/invalid_data__type_support.cpp
[5.721s] -- Up-to-date: /root/dev_ws/install/lslidar_msgs/include/lslidar_msgs/lslidar_msgs/srv/detail/power_control__type_support.cpp
[5.724s] -- Up-to-date: /root/dev_ws/install/lslidar_msgs/include/lslidar_msgs/lslidar_msgs/srv/detail/standby_mode__rosidl_typesupport_introspection_cpp.hpp
[5.725s] -- Up-to-date: /root/dev_ws/install/lslidar_msgs/include/lslidar_msgs/lslidar_msgs/srv/detail/angle_distortion_correction__type_support.cpp
[5.727s] -- Up-to-date: /root/dev_ws/install/lslidar_msgs/include/lslidar_msgs/lslidar_msgs/srv/detail/motor_control__rosidl_typesupport_introspection_cpp.hpp
[5.729s] -- Up-to-date: /root/dev_ws/install/lslidar_msgs/include/lslidar_msgs/lslidar_msgs/srv/detail/ip_and_port__type_support.cpp
[5.730s] -- Up-to-date: /root/dev_ws/install/lslidar_msgs/lib/liblslidar_msgs__rosidl_typesupport_introspection_cpp.so
[5.732s] -- Up-to-date: /root/dev_ws/install/lslidar_msgs/lib/liblslidar_msgs__rosidl_typesupport_cpp.so
[5.734s] -- Up-to-date: /root/dev_ws/install/lslidar_msgs/share/lslidar_msgs/environment/pythonpath.sh
[5.735s] -- Up-to-date: /root/dev_ws/install/lslidar_msgs/share/lslidar_msgs/environment/pythonpath.dsv
[5.737s] -- Up-to-date: /root/dev_ws/install/lslidar_msgs/local/lib/python3.10/dist-packages/lslidar_msgs-5.1.1-py3.10.egg-info
[5.739s] -- Installing: /root/dev_ws/install/lslidar_msgs/local/lib/python3.10/dist-packages/lslidar_msgs-5.1.1-py3.10.egg-info/SOURCES.txt
[5.739s] -- Installing: /root/dev_ws/install/lslidar_msgs/local/lib/python3.10/dist-packages/lslidar_msgs-5.1.1-py3.10.egg-info/PKG-INFO
[5.741s] -- Installing: /root/dev_ws/install/lslidar_msgs/local/lib/python3.10/dist-packages/lslidar_msgs-5.1.1-py3.10.egg-info/dependency_links.txt
[5.742s] -- Installing: /root/dev_ws/install/lslidar_msgs/local/lib/python3.10/dist-packages/lslidar_msgs-5.1.1-py3.10.egg-info/top_level.txt
[5.746s] -- Up-to-date: /root/dev_ws/install/lslidar_msgs/local/lib/python3.10/dist-packages/lslidar_msgs
[5.747s] -- Up-to-date: /root/dev_ws/install/lslidar_msgs/local/lib/python3.10/dist-packages/lslidar_msgs/_lslidar_msgs_s.ep.rosidl_typesupport_introspection_c.c
[5.747s] -- Up-to-date: /root/dev_ws/install/lslidar_msgs/local/lib/python3.10/dist-packages/lslidar_msgs/msg
[5.748s] -- Up-to-date: /root/dev_ws/install/lslidar_msgs/local/lib/python3.10/dist-packages/lslidar_msgs/msg/_lslidar_packet_s.c
[5.749s] -- Up-to-date: /root/dev_ws/install/lslidar_msgs/local/lib/python3.10/dist-packages/lslidar_msgs/msg/_lslidar_information.py
[5.750s] -- Up-to-date: /root/dev_ws/install/lslidar_msgs/local/lib/python3.10/dist-packages/lslidar_msgs/msg/_lslidar_information_s.c
[5.751s] -- Up-to-date: /root/dev_ws/install/lslidar_msgs/local/lib/python3.10/dist-packages/lslidar_msgs/msg/__init__.py
[5.752s] -- Up-to-date: /root/dev_ws/install/lslidar_msgs/local/lib/python3.10/dist-packages/lslidar_msgs/msg/_lslidar_packet.py
[5.752s] -- Up-to-date: /root/dev_ws/install/lslidar_msgs/local/lib/python3.10/dist-packages/lslidar_msgs/liblslidar_msgs__rosidl_generator_py.so
[5.753s] -- Up-to-date: /root/dev_ws/install/lslidar_msgs/local/lib/python3.10/dist-packages/lslidar_msgs/_lslidar_msgs_s.ep.rosidl_typesupport_c.c
[5.754s] -- Up-to-date: /root/dev_ws/install/lslidar_msgs/local/lib/python3.10/dist-packages/lslidar_msgs/lslidar_msgs_s__rosidl_typesupport_fastrtps_c.cpython-310-aarch64-linux-gnu.so
[5.755s] -- Up-to-date: /root/dev_ws/install/lslidar_msgs/local/lib/python3.10/dist-packages/lslidar_msgs/lslidar_msgs_s__rosidl_typesupport_c.cpython-310-aarch64-linux-gnu.so
[5.755s] -- Up-to-date: /root/dev_ws/install/lslidar_msgs/local/lib/python3.10/dist-packages/lslidar_msgs/srv
[5.756s] -- Up-to-date: /root/dev_ws/install/lslidar_msgs/local/lib/python3.10/dist-packages/lslidar_msgs/srv/_motor_speed_s.c
[5.757s] -- Up-to-date: /root/dev_ws/install/lslidar_msgs/local/lib/python3.10/dist-packages/lslidar_msgs/srv/_tail_removal.py
[5.758s] -- Up-to-date: /root/dev_ws/install/lslidar_msgs/local/lib/python3.10/dist-packages/lslidar_msgs/srv/_angle_distortion_correction.py
[5.758s] -- Up-to-date: /root/dev_ws/install/lslidar_msgs/local/lib/python3.10/dist-packages/lslidar_msgs/srv/_frame_rate.py
[5.759s] -- Up-to-date: /root/dev_ws/install/lslidar_msgs/local/lib/python3.10/dist-packages/lslidar_msgs/srv/_motor_speed.py
[5.760s] -- Up-to-date: /root/dev_ws/install/lslidar_msgs/local/lib/python3.10/dist-packages/lslidar_msgs/srv/_tail_removal_s.c
[5.760s] -- Up-to-date: /root/dev_ws/install/lslidar_msgs/local/lib/python3.10/dist-packages/lslidar_msgs/srv/_motor_control_s.c
[5.761s] -- Up-to-date: /root/dev_ws/install/lslidar_msgs/local/lib/python3.10/dist-packages/lslidar_msgs/srv/_frame_rate_s.c
[5.763s] -- Up-to-date: /root/dev_ws/install/lslidar_msgs/local/lib/python3.10/dist-packages/lslidar_msgs/srv/_angle_distortion_correction_s.c
[5.766s] -- Up-to-date: /root/dev_ws/install/lslidar_msgs/local/lib/python3.10/dist-packages/lslidar_msgs/srv/_time_mode.py
[5.767s] -- Up-to-date: /root/dev_ws/install/lslidar_msgs/local/lib/python3.10/dist-packages/lslidar_msgs/srv/_motor_control.py
[5.769s] -- Up-to-date: /root/dev_ws/install/lslidar_msgs/local/lib/python3.10/dist-packages/lslidar_msgs/srv/_power_control.py
[5.770s] -- Up-to-date: /root/dev_ws/install/lslidar_msgs/local/lib/python3.10/dist-packages/lslidar_msgs/srv/_rfd_removal.py
[5.771s] -- Up-to-date: /root/dev_ws/install/lslidar_msgs/local/lib/python3.10/dist-packages/lslidar_msgs/srv/_standby_mode_s.c
[5.773s] -- Up-to-date: /root/dev_ws/install/lslidar_msgs/local/lib/python3.10/dist-packages/lslidar_msgs/srv/_time_mode_s.c
[5.774s] -- Up-to-date: /root/dev_ws/install/lslidar_msgs/local/lib/python3.10/dist-packages/lslidar_msgs/srv/_invalid_data_s.c
[5.775s] -- Up-to-date: /root/dev_ws/install/lslidar_msgs/local/lib/python3.10/dist-packages/lslidar_msgs/srv/_ip_and_port.py
[5.777s] -- Up-to-date: /root/dev_ws/install/lslidar_msgs/local/lib/python3.10/dist-packages/lslidar_msgs/srv/__init__.py
[5.778s] -- Up-to-date: /root/dev_ws/install/lslidar_msgs/local/lib/python3.10/dist-packages/lslidar_msgs/srv/_standby_mode.py
[5.779s] -- Up-to-date: /root/dev_ws/install/lslidar_msgs/local/lib/python3.10/dist-packages/lslidar_msgs/srv/_ip_and_port_s.c
[5.782s] -- Up-to-date: /root/dev_ws/install/lslidar_msgs/local/lib/python3.10/dist-packages/lslidar_msgs/srv/_rfd_removal_s.c
[5.784s] -- Up-to-date: /root/dev_ws/install/lslidar_msgs/local/lib/python3.10/dist-packages/lslidar_msgs/srv/_power_control_s.c
[5.784s] -- Up-to-date: /root/dev_ws/install/lslidar_msgs/local/lib/python3.10/dist-packages/lslidar_msgs/srv/_invalid_data.py
[5.786s] -- Up-to-date: /root/dev_ws/install/lslidar_msgs/local/lib/python3.10/dist-packages/lslidar_msgs/lslidar_msgs_s__rosidl_typesupport_introspection_c.cpython-310-aarch64-linux-gnu.so
[5.787s] -- Up-to-date: /root/dev_ws/install/lslidar_msgs/local/lib/python3.10/dist-packages/lslidar_msgs/__init__.py
[5.788s] -- Up-to-date: /root/dev_ws/install/lslidar_msgs/local/lib/python3.10/dist-packages/lslidar_msgs/_lslidar_msgs_s.ep.rosidl_typesupport_fastrtps_c.c
[5.950s] Listing '/root/dev_ws/install/lslidar_msgs/local/lib/python3.10/dist-packages/lslidar_msgs'...
[5.951s] Listing '/root/dev_ws/install/lslidar_msgs/local/lib/python3.10/dist-packages/lslidar_msgs/msg'...
[5.953s] Listing '/root/dev_ws/install/lslidar_msgs/local/lib/python3.10/dist-packages/lslidar_msgs/srv'...
[5.954s] -- Up-to-date: /root/dev_ws/install/lslidar_msgs/local/lib/python3.10/dist-packages/lslidar_msgs/lslidar_msgs_s__rosidl_typesupport_fastrtps_c.cpython-310-aarch64-linux-gnu.so
[5.955s] -- Up-to-date: /root/dev_ws/install/lslidar_msgs/local/lib/python3.10/dist-packages/lslidar_msgs/lslidar_msgs_s__rosidl_typesupport_introspection_c.cpython-310-aarch64-linux-gnu.so
[5.962s] -- Up-to-date: /root/dev_ws/install/lslidar_msgs/local/lib/python3.10/dist-packages/lslidar_msgs/lslidar_msgs_s__rosidl_typesupport_c.cpython-310-aarch64-linux-gnu.so
[5.965s] -- Up-to-date: /root/dev_ws/install/lslidar_msgs/lib/liblslidar_msgs__rosidl_generator_py.so
[5.968s] -- Up-to-date: /root/dev_ws/install/lslidar_msgs/share/lslidar_msgs/msg/LslidarInformation.idl
[5.969s] -- Up-to-date: /root/dev_ws/install/lslidar_msgs/share/lslidar_msgs/msg/LslidarPacket.idl
[5.970s] -- Up-to-date: /root/dev_ws/install/lslidar_msgs/share/lslidar_msgs/srv/AngleDistortionCorrection.idl
[5.972s] -- Up-to-date: /root/dev_ws/install/lslidar_msgs/share/lslidar_msgs/srv/FrameRate.idl
[5.973s] -- Up-to-date: /root/dev_ws/install/lslidar_msgs/share/lslidar_msgs/srv/InvalidData.idl
[5.974s] -- Up-to-date: /root/dev_ws/install/lslidar_msgs/share/lslidar_msgs/srv/IpAndPort.idl
[5.976s] -- Up-to-date: /root/dev_ws/install/lslidar_msgs/share/lslidar_msgs/srv/MotorControl.idl
[5.977s] -- Up-to-date: /root/dev_ws/install/lslidar_msgs/share/lslidar_msgs/srv/MotorSpeed.idl
[5.978s] -- Up-to-date: /root/dev_ws/install/lslidar_msgs/share/lslidar_msgs/srv/PowerControl.idl
[5.982s] -- Up-to-date: /root/dev_ws/install/lslidar_msgs/share/lslidar_msgs/srv/RfdRemoval.idl
[5.985s] -- Up-to-date: /root/dev_ws/install/lslidar_msgs/share/lslidar_msgs/srv/StandbyMode.idl
[5.988s] -- Up-to-date: /root/dev_ws/install/lslidar_msgs/share/lslidar_msgs/srv/TailRemoval.idl
[5.989s] -- Up-to-date: /root/dev_ws/install/lslidar_msgs/share/lslidar_msgs/srv/TimeMode.idl
[5.992s] -- Up-to-date: /root/dev_ws/install/lslidar_msgs/share/lslidar_msgs/msg/LslidarInformation.msg
[5.993s] -- Up-to-date: /root/dev_ws/install/lslidar_msgs/share/lslidar_msgs/msg/LslidarPacket.msg
[5.994s] -- Up-to-date: /root/dev_ws/install/lslidar_msgs/share/lslidar_msgs/srv/AngleDistortionCorrection.srv
[5.995s] -- Up-to-date: /root/dev_ws/install/lslidar_msgs/share/lslidar_msgs/srv/AngleDistortionCorrection_Request.msg
[5.997s] -- Up-to-date: /root/dev_ws/install/lslidar_msgs/share/lslidar_msgs/srv/AngleDistortionCorrection_Response.msg
[5.999s] -- Up-to-date: /root/dev_ws/install/lslidar_msgs/share/lslidar_msgs/srv/FrameRate.srv
[6.000s] -- Up-to-date: /root/dev_ws/install/lslidar_msgs/share/lslidar_msgs/srv/FrameRate_Request.msg
[6.001s] -- Up-to-date: /root/dev_ws/install/lslidar_msgs/share/lslidar_msgs/srv/FrameRate_Response.msg
[6.003s] -- Up-to-date: /root/dev_ws/install/lslidar_msgs/share/lslidar_msgs/srv/InvalidData.srv
[6.004s] -- Up-to-date: /root/dev_ws/install/lslidar_msgs/share/lslidar_msgs/srv/InvalidData_Request.msg
[6.005s] -- Up-to-date: /root/dev_ws/install/lslidar_msgs/share/lslidar_msgs/srv/InvalidData_Response.msg
[6.006s] -- Up-to-date: /root/dev_ws/install/lslidar_msgs/share/lslidar_msgs/srv/IpAndPort.srv
[6.007s] -- Up-to-date: /root/dev_ws/install/lslidar_msgs/share/lslidar_msgs/srv/IpAndPort_Request.msg
[6.008s] -- Up-to-date: /root/dev_ws/install/lslidar_msgs/share/lslidar_msgs/srv/IpAndPort_Response.msg
[6.009s] -- Up-to-date: /root/dev_ws/install/lslidar_msgs/share/lslidar_msgs/srv/MotorControl.srv
[6.010s] -- Up-to-date: /root/dev_ws/install/lslidar_msgs/share/lslidar_msgs/srv/MotorControl_Request.msg
[6.015s] -- Up-to-date: /root/dev_ws/install/lslidar_msgs/share/lslidar_msgs/srv/MotorControl_Response.msg
[6.016s] -- Up-to-date: /root/dev_ws/install/lslidar_msgs/share/lslidar_msgs/srv/MotorSpeed.srv
[6.017s] -- Up-to-date: /root/dev_ws/install/lslidar_msgs/share/lslidar_msgs/srv/MotorSpeed_Request.msg
[6.018s] -- Up-to-date: /root/dev_ws/install/lslidar_msgs/share/lslidar_msgs/srv/MotorSpeed_Response.msg
[6.019s] -- Up-to-date: /root/dev_ws/install/lslidar_msgs/share/lslidar_msgs/srv/PowerControl.srv
[6.020s] -- Up-to-date: /root/dev_ws/install/lslidar_msgs/share/lslidar_msgs/srv/PowerControl_Request.msg
[6.021s] -- Up-to-date: /root/dev_ws/install/lslidar_msgs/share/lslidar_msgs/srv/PowerControl_Response.msg
[6.021s] -- Up-to-date: /root/dev_ws/install/lslidar_msgs/share/lslidar_msgs/srv/RfdRemoval.srv
[6.022s] -- Up-to-date: /root/dev_ws/install/lslidar_msgs/share/lslidar_msgs/srv/RfdRemoval_Request.msg
[6.023s] -- Up-to-date: /root/dev_ws/install/lslidar_msgs/share/lslidar_msgs/srv/RfdRemoval_Response.msg
[6.024s] -- Up-to-date: /root/dev_ws/install/lslidar_msgs/share/lslidar_msgs/srv/StandbyMode.srv
[6.024s] -- Up-to-date: /root/dev_ws/install/lslidar_msgs/share/lslidar_msgs/srv/StandbyMode_Request.msg
[6.025s] -- Up-to-date: /root/dev_ws/install/lslidar_msgs/share/lslidar_msgs/srv/StandbyMode_Response.msg
[6.026s] -- Up-to-date: /root/dev_ws/install/lslidar_msgs/share/lslidar_msgs/srv/TailRemoval.srv
[6.027s] -- Up-to-date: /root/dev_ws/install/lslidar_msgs/share/lslidar_msgs/srv/TailRemoval_Request.msg
[6.028s] -- Up-to-date: /root/dev_ws/install/lslidar_msgs/share/lslidar_msgs/srv/TailRemoval_Response.msg
[6.028s] -- Up-to-date: /root/dev_ws/install/lslidar_msgs/share/lslidar_msgs/srv/TimeMode.srv
[6.029s] -- Up-to-date: /root/dev_ws/install/lslidar_msgs/share/lslidar_msgs/srv/TimeMode_Request.msg
[6.030s] -- Up-to-date: /root/dev_ws/install/lslidar_msgs/share/lslidar_msgs/srv/TimeMode_Response.msg
[6.030s] -- Up-to-date: /root/dev_ws/install/lslidar_msgs/share/ament_index/resource_index/package_run_dependencies/lslidar_msgs
[6.031s] -- Up-to-date: /root/dev_ws/install/lslidar_msgs/share/ament_index/resource_index/parent_prefix_path/lslidar_msgs
[6.032s] -- Up-to-date: /root/dev_ws/install/lslidar_msgs/share/lslidar_msgs/environment/ament_prefix_path.sh
[6.032s] -- Up-to-date: /root/dev_ws/install/lslidar_msgs/share/lslidar_msgs/environment/ament_prefix_path.dsv
[6.033s] -- Up-to-date: /root/dev_ws/install/lslidar_msgs/share/lslidar_msgs/environment/path.sh
[6.034s] -- Up-to-date: /root/dev_ws/install/lslidar_msgs/share/lslidar_msgs/environment/path.dsv
[6.034s] -- Up-to-date: /root/dev_ws/install/lslidar_msgs/share/lslidar_msgs/local_setup.bash
[6.037s] -- Up-to-date: /root/dev_ws/install/lslidar_msgs/share/lslidar_msgs/local_setup.sh
[6.039s] -- Up-to-date: /root/dev_ws/install/lslidar_msgs/share/lslidar_msgs/local_setup.zsh
[6.040s] -- Up-to-date: /root/dev_ws/install/lslidar_msgs/share/lslidar_msgs/local_setup.dsv
[6.040s] -- Installing: /root/dev_ws/install/lslidar_msgs/share/lslidar_msgs/package.dsv
[6.042s] -- Up-to-date: /root/dev_ws/install/lslidar_msgs/share/ament_index/resource_index/packages/lslidar_msgs
[6.043s] -- Up-to-date: /root/dev_ws/install/lslidar_msgs/share/lslidar_msgs/cmake/export_lslidar_msgs__rosidl_generator_cExport.cmake
[6.044s] -- Up-to-date: /root/dev_ws/install/lslidar_msgs/share/lslidar_msgs/cmake/export_lslidar_msgs__rosidl_generator_cExport-noconfig.cmake
[6.046s] -- Up-to-date: /root/dev_ws/install/lslidar_msgs/share/lslidar_msgs/cmake/export_lslidar_msgs__rosidl_typesupport_fastrtps_cExport.cmake
[6.047s] -- Up-to-date: /root/dev_ws/install/lslidar_msgs/share/lslidar_msgs/cmake/export_lslidar_msgs__rosidl_typesupport_fastrtps_cExport-noconfig.cmake
[6.048s] -- Up-to-date: /root/dev_ws/install/lslidar_msgs/share/lslidar_msgs/cmake/lslidar_msgs__rosidl_typesupport_introspection_cExport.cmake
[6.049s] -- Up-to-date: /root/dev_ws/install/lslidar_msgs/share/lslidar_msgs/cmake/lslidar_msgs__rosidl_typesupport_introspection_cExport-noconfig.cmake
[6.051s] -- Up-to-date: /root/dev_ws/install/lslidar_msgs/share/lslidar_msgs/cmake/lslidar_msgs__rosidl_typesupport_cExport.cmake
[6.052s] -- Up-to-date: /root/dev_ws/install/lslidar_msgs/share/lslidar_msgs/cmake/lslidar_msgs__rosidl_typesupport_cExport-noconfig.cmake
[6.054s] -- Up-to-date: /root/dev_ws/install/lslidar_msgs/share/lslidar_msgs/cmake/export_lslidar_msgs__rosidl_generator_cppExport.cmake
[6.056s] -- Up-to-date: /root/dev_ws/install/lslidar_msgs/share/lslidar_msgs/cmake/export_lslidar_msgs__rosidl_typesupport_fastrtps_cppExport.cmake
[6.057s] -- Up-to-date: /root/dev_ws/install/lslidar_msgs/share/lslidar_msgs/cmake/export_lslidar_msgs__rosidl_typesupport_fastrtps_cppExport-noconfig.cmake
[6.059s] -- Up-to-date: /root/dev_ws/install/lslidar_msgs/share/lslidar_msgs/cmake/lslidar_msgs__rosidl_typesupport_introspection_cppExport.cmake
[6.060s] -- Up-to-date: /root/dev_ws/install/lslidar_msgs/share/lslidar_msgs/cmake/lslidar_msgs__rosidl_typesupport_introspection_cppExport-noconfig.cmake
[6.061s] -- Up-to-date: /root/dev_ws/install/lslidar_msgs/share/lslidar_msgs/cmake/lslidar_msgs__rosidl_typesupport_cppExport.cmake
[6.062s] -- Up-to-date: /root/dev_ws/install/lslidar_msgs/share/lslidar_msgs/cmake/lslidar_msgs__rosidl_typesupport_cppExport-noconfig.cmake
[6.064s] -- Up-to-date: /root/dev_ws/install/lslidar_msgs/share/lslidar_msgs/cmake/export_lslidar_msgs__rosidl_generator_pyExport.cmake
[6.065s] -- Up-to-date: /root/dev_ws/install/lslidar_msgs/share/lslidar_msgs/cmake/export_lslidar_msgs__rosidl_generator_pyExport-noconfig.cmake
[6.074s] -- Up-to-date: /root/dev_ws/install/lslidar_msgs/share/lslidar_msgs/cmake/rosidl_cmake-extras.cmake
[6.077s] -- Up-to-date: /root/dev_ws/install/lslidar_msgs/share/lslidar_msgs/cmake/ament_cmake_export_dependencies-extras.cmake
[6.078s] -- Up-to-date: /root/dev_ws/install/lslidar_msgs/share/lslidar_msgs/cmake/ament_cmake_export_include_directories-extras.cmake
[6.079s] -- Up-to-date: /root/dev_ws/install/lslidar_msgs/share/lslidar_msgs/cmake/ament_cmake_export_libraries-extras.cmake
[6.082s] -- Up-to-date: /root/dev_ws/install/lslidar_msgs/share/lslidar_msgs/cmake/ament_cmake_export_targets-extras.cmake
[6.083s] -- Up-to-date: /root/dev_ws/install/lslidar_msgs/share/lslidar_msgs/cmake/rosidl_cmake_export_typesupport_targets-extras.cmake
[6.084s] -- Up-to-date: /root/dev_ws/install/lslidar_msgs/share/lslidar_msgs/cmake/rosidl_cmake_export_typesupport_libraries-extras.cmake
[6.087s] -- Up-to-date: /root/dev_ws/install/lslidar_msgs/share/lslidar_msgs/cmake/lslidar_msgsConfig.cmake
[6.088s] -- Up-to-date: /root/dev_ws/install/lslidar_msgs/share/lslidar_msgs/cmake/lslidar_msgsConfig-version.cmake
[6.088s] -- Up-to-date: /root/dev_ws/install/lslidar_msgs/share/lslidar_msgs/package.xml
[6.113s] Invoked command in '/root/dev_ws/build/lslidar_msgs' returned '0': CMAKE_PREFIX_PATH=${CMAKE_PREFIX_PATH}:/root/dev_ws/install/line_follower_pkg:/root/dev_ws/install/laser_tf_publisher:/userdata/dev_ws/install/utils:/userdata/dev_ws/install/origincar_base:/userdata/dev_ws/install/serial:/userdata/dev_ws/install/origincar_msg:/userdata/dev_ws/install/origincar_description:/userdata/dev_ws/install/origincar_bringup:/userdata/dev_ws/install/line_follower_pkg:/userdata/dev_ws/install/ackermann_msgs:/opt/tros/humble:/opt/ros/humble /usr/bin/cmake --install /root/dev_ws/build/lslidar_msgs
