[0.300s] Invoking command in '/root/dev_ws/build/ackermann_msgs': CMAKE_PREFIX_PATH=${CMAKE_PREFIX_PATH}:/root/dev_ws/install/line_follower_pkg:/root/dev_ws/install/laser_tf_publisher:/userdata/dev_ws/install/utils:/userdata/dev_ws/install/origincar_base:/userdata/dev_ws/install/serial:/userdata/dev_ws/install/origincar_msg:/userdata/dev_ws/install/origincar_description:/userdata/dev_ws/install/origincar_bringup:/userdata/dev_ws/install/line_follower_pkg:/userdata/dev_ws/install/ackermann_msgs:/opt/tros/humble:/opt/ros/humble /usr/bin/cmake --build /root/dev_ws/build/ackermann_msgs -- -j8 -l8
[4.636s] [ 10%] Built target ackermann_msgs__rosidl_generator_c
[4.637s] [ 12%] Built target ackermann_msgs__cpp
[4.637s] [ 12%] Built target ament_cmake_python_copy_ackermann_msgs
[4.638s] [ 23%] Built target ackermann_msgs__rosidl_typesupport_fastrtps_c
[4.638s] [ 33%] Built target ackermann_msgs__rosidl_typesupport_introspection_c
[4.638s] [ 43%] Built target ackermann_msgs__rosidl_typesupport_cpp
[4.639s] [ 53%] Built target ackermann_msgs__rosidl_typesupport_introspection_cpp
[4.639s] [ 64%] Built target ackermann_msgs__rosidl_typesupport_c
[4.640s] [ 74%] Built target ackermann_msgs__rosidl_typesupport_fastrtps_cpp
[4.640s] [ 74%] Built target ackermann_msgs
[4.640s] [ 76%] Built target ackermann_msgs__py
[4.641s] [ 84%] Built target ackermann_msgs__rosidl_generator_py
[4.641s] [ 89%] Built target ackermann_msgs__rosidl_typesupport_introspection_c__pyext
[4.642s] [ 94%] Built target ackermann_msgs__rosidl_typesupport_fastrtps_c__pyext
[4.642s] [100%] Built target ackermann_msgs__rosidl_typesupport_c__pyext
[4.643s] running egg_info
[4.643s] writing ackermann_msgs.egg-info/PKG-INFO
[4.643s] writing dependency_links to ackermann_msgs.egg-info/dependency_links.txt
[4.644s] writing top-level names to ackermann_msgs.egg-info/top_level.txt
[4.644s] reading manifest file 'ackermann_msgs.egg-info/SOURCES.txt'
[4.645s] writing manifest file 'ackermann_msgs.egg-info/SOURCES.txt'
[4.645s] [100%] Built target ament_cmake_python_build_ackermann_msgs_egg
[4.711s] Invoked command in '/root/dev_ws/build/ackermann_msgs' returned '0': CMAKE_PREFIX_PATH=${CMAKE_PREFIX_PATH}:/root/dev_ws/install/line_follower_pkg:/root/dev_ws/install/laser_tf_publisher:/userdata/dev_ws/install/utils:/userdata/dev_ws/install/origincar_base:/userdata/dev_ws/install/serial:/userdata/dev_ws/install/origincar_msg:/userdata/dev_ws/install/origincar_description:/userdata/dev_ws/install/origincar_bringup:/userdata/dev_ws/install/line_follower_pkg:/userdata/dev_ws/install/ackermann_msgs:/opt/tros/humble:/opt/ros/humble /usr/bin/cmake --build /root/dev_ws/build/ackermann_msgs -- -j8 -l8
[4.719s] Invoking command in '/root/dev_ws/build/ackermann_msgs': CMAKE_PREFIX_PATH=${CMAKE_PREFIX_PATH}:/root/dev_ws/install/line_follower_pkg:/root/dev_ws/install/laser_tf_publisher:/userdata/dev_ws/install/utils:/userdata/dev_ws/install/origincar_base:/userdata/dev_ws/install/serial:/userdata/dev_ws/install/origincar_msg:/userdata/dev_ws/install/origincar_description:/userdata/dev_ws/install/origincar_bringup:/userdata/dev_ws/install/line_follower_pkg:/userdata/dev_ws/install/ackermann_msgs:/opt/tros/humble:/opt/ros/humble /usr/bin/cmake --install /root/dev_ws/build/ackermann_msgs
[4.953s] -- Install configuration: ""
[4.954s] -- Up-to-date: /root/dev_ws/install/ackermann_msgs/share/ament_index/resource_index/rosidl_interfaces/ackermann_msgs
[4.961s] -- Up-to-date: /root/dev_ws/install/ackermann_msgs/include/ackermann_msgs/ackermann_msgs
[4.968s] -- Up-to-date: /root/dev_ws/install/ackermann_msgs/include/ackermann_msgs/ackermann_msgs/msg
[4.969s] -- Up-to-date: /root/dev_ws/install/ackermann_msgs/include/ackermann_msgs/ackermann_msgs/msg/ackermann_drive.h
[4.972s] -- Up-to-date: /root/dev_ws/install/ackermann_msgs/include/ackermann_msgs/ackermann_msgs/msg/rosidl_generator_c__visibility_control.h
[4.973s] -- Up-to-date: /root/dev_ws/install/ackermann_msgs/include/ackermann_msgs/ackermann_msgs/msg/detail
[5.023s] -- Up-to-date: /root/dev_ws/install/ackermann_msgs/include/ackermann_msgs/ackermann_msgs/msg/detail/ackermann_drive_stamped__type_support.h
[5.025s] -- Up-to-date: /root/dev_ws/install/ackermann_msgs/include/ackermann_msgs/ackermann_msgs/msg/detail/ackermann_drive_stamped__functions.c
[5.027s] -- Up-to-date: /root/dev_ws/install/ackermann_msgs/include/ackermann_msgs/ackermann_msgs/msg/detail/ackermann_drive__type_support.h
[5.028s] -- Up-to-date: /root/dev_ws/install/ackermann_msgs/include/ackermann_msgs/ackermann_msgs/msg/detail/ackermann_drive_stamped__struct.h
[5.030s] -- Up-to-date: /root/dev_ws/install/ackermann_msgs/include/ackermann_msgs/ackermann_msgs/msg/detail/ackermann_drive__struct.h
[5.032s] -- Up-to-date: /root/dev_ws/install/ackermann_msgs/include/ackermann_msgs/ackermann_msgs/msg/detail/ackermann_drive__functions.h
[5.033s] -- Up-to-date: /root/dev_ws/install/ackermann_msgs/include/ackermann_msgs/ackermann_msgs/msg/detail/ackermann_drive_stamped__functions.h
[5.036s] -- Up-to-date: /root/dev_ws/install/ackermann_msgs/include/ackermann_msgs/ackermann_msgs/msg/detail/ackermann_drive__functions.c
[5.039s] -- Up-to-date: /root/dev_ws/install/ackermann_msgs/include/ackermann_msgs/ackermann_msgs/msg/ackermann_drive_stamped.h
[5.046s] -- Up-to-date: /root/dev_ws/install/ackermann_msgs/share/ackermann_msgs/environment/library_path.sh
[5.049s] -- Up-to-date: /root/dev_ws/install/ackermann_msgs/share/ackermann_msgs/environment/library_path.dsv
[5.051s] -- Up-to-date: /root/dev_ws/install/ackermann_msgs/lib/libackermann_msgs__rosidl_generator_c.so
[5.054s] -- Up-to-date: /root/dev_ws/install/ackermann_msgs/include/ackermann_msgs/ackermann_msgs
[5.055s] -- Up-to-date: /root/dev_ws/install/ackermann_msgs/include/ackermann_msgs/ackermann_msgs/msg
[5.060s] -- Up-to-date: /root/dev_ws/install/ackermann_msgs/include/ackermann_msgs/ackermann_msgs/msg/rosidl_typesupport_fastrtps_c__visibility_control.h
[5.062s] -- Up-to-date: /root/dev_ws/install/ackermann_msgs/include/ackermann_msgs/ackermann_msgs/msg/detail
[5.064s] -- Up-to-date: /root/dev_ws/install/ackermann_msgs/include/ackermann_msgs/ackermann_msgs/msg/detail/ackermann_drive_stamped__rosidl_typesupport_fastrtps_c.h
[5.066s] -- Up-to-date: /root/dev_ws/install/ackermann_msgs/include/ackermann_msgs/ackermann_msgs/msg/detail/ackermann_drive__rosidl_typesupport_fastrtps_c.h
[5.068s] -- Up-to-date: /root/dev_ws/install/ackermann_msgs/lib/libackermann_msgs__rosidl_typesupport_fastrtps_c.so
[5.070s] -- Up-to-date: /root/dev_ws/install/ackermann_msgs/include/ackermann_msgs/ackermann_msgs
[5.071s] -- Up-to-date: /root/dev_ws/install/ackermann_msgs/include/ackermann_msgs/ackermann_msgs/msg
[5.072s] -- Up-to-date: /root/dev_ws/install/ackermann_msgs/include/ackermann_msgs/ackermann_msgs/msg/rosidl_typesupport_introspection_c__visibility_control.h
[5.075s] -- Up-to-date: /root/dev_ws/install/ackermann_msgs/include/ackermann_msgs/ackermann_msgs/msg/detail
[5.076s] -- Up-to-date: /root/dev_ws/install/ackermann_msgs/include/ackermann_msgs/ackermann_msgs/msg/detail/ackermann_drive_stamped__type_support.c
[5.078s] -- Up-to-date: /root/dev_ws/install/ackermann_msgs/include/ackermann_msgs/ackermann_msgs/msg/detail/ackermann_drive__rosidl_typesupport_introspection_c.h
[5.084s] -- Up-to-date: /root/dev_ws/install/ackermann_msgs/include/ackermann_msgs/ackermann_msgs/msg/detail/ackermann_drive_stamped__rosidl_typesupport_introspection_c.h
[5.102s] -- Up-to-date: /root/dev_ws/install/ackermann_msgs/include/ackermann_msgs/ackermann_msgs/msg/detail/ackermann_drive__type_support.c
[5.103s] -- Up-to-date: /root/dev_ws/install/ackermann_msgs/lib/libackermann_msgs__rosidl_typesupport_introspection_c.so
[5.104s] -- Up-to-date: /root/dev_ws/install/ackermann_msgs/lib/libackermann_msgs__rosidl_typesupport_c.so
[5.187s] -- Up-to-date: /root/dev_ws/install/ackermann_msgs/include/ackermann_msgs/ackermann_msgs
[5.206s] -- Up-to-date: /root/dev_ws/install/ackermann_msgs/include/ackermann_msgs/ackermann_msgs/msg
[5.207s] -- Up-to-date: /root/dev_ws/install/ackermann_msgs/include/ackermann_msgs/ackermann_msgs/msg/ackermann_drive.hpp
[5.208s] -- Up-to-date: /root/dev_ws/install/ackermann_msgs/include/ackermann_msgs/ackermann_msgs/msg/detail
[5.208s] -- Up-to-date: /root/dev_ws/install/ackermann_msgs/include/ackermann_msgs/ackermann_msgs/msg/detail/ackermann_drive_stamped__struct.hpp
[5.209s] -- Up-to-date: /root/dev_ws/install/ackermann_msgs/include/ackermann_msgs/ackermann_msgs/msg/detail/ackermann_drive_stamped__traits.hpp
[5.209s] -- Up-to-date: /root/dev_ws/install/ackermann_msgs/include/ackermann_msgs/ackermann_msgs/msg/detail/ackermann_drive_stamped__builder.hpp
[5.210s] -- Up-to-date: /root/dev_ws/install/ackermann_msgs/include/ackermann_msgs/ackermann_msgs/msg/detail/ackermann_drive__builder.hpp
[5.211s] -- Up-to-date: /root/dev_ws/install/ackermann_msgs/include/ackermann_msgs/ackermann_msgs/msg/detail/ackermann_drive__struct.hpp
[5.211s] -- Up-to-date: /root/dev_ws/install/ackermann_msgs/include/ackermann_msgs/ackermann_msgs/msg/detail/ackermann_drive__traits.hpp
[5.212s] -- Up-to-date: /root/dev_ws/install/ackermann_msgs/include/ackermann_msgs/ackermann_msgs/msg/ackermann_drive_stamped.hpp
[5.212s] -- Up-to-date: /root/dev_ws/install/ackermann_msgs/include/ackermann_msgs/ackermann_msgs
[5.213s] -- Up-to-date: /root/dev_ws/install/ackermann_msgs/include/ackermann_msgs/ackermann_msgs/msg
[5.213s] -- Up-to-date: /root/dev_ws/install/ackermann_msgs/include/ackermann_msgs/ackermann_msgs/msg/detail
[5.214s] -- Up-to-date: /root/dev_ws/install/ackermann_msgs/include/ackermann_msgs/ackermann_msgs/msg/detail/dds_fastrtps
[5.215s] -- Up-to-date: /root/dev_ws/install/ackermann_msgs/include/ackermann_msgs/ackermann_msgs/msg/detail/ackermann_drive__rosidl_typesupport_fastrtps_cpp.hpp
[5.217s] -- Up-to-date: /root/dev_ws/install/ackermann_msgs/include/ackermann_msgs/ackermann_msgs/msg/detail/ackermann_drive_stamped__rosidl_typesupport_fastrtps_cpp.hpp
[5.218s] -- Up-to-date: /root/dev_ws/install/ackermann_msgs/include/ackermann_msgs/ackermann_msgs/msg/rosidl_typesupport_fastrtps_cpp__visibility_control.h
[5.219s] -- Up-to-date: /root/dev_ws/install/ackermann_msgs/lib/libackermann_msgs__rosidl_typesupport_fastrtps_cpp.so
[5.270s] -- Up-to-date: /root/dev_ws/install/ackermann_msgs/include/ackermann_msgs/ackermann_msgs
[5.272s] -- Up-to-date: /root/dev_ws/install/ackermann_msgs/include/ackermann_msgs/ackermann_msgs/msg
[5.273s] -- Up-to-date: /root/dev_ws/install/ackermann_msgs/include/ackermann_msgs/ackermann_msgs/msg/detail
[5.274s] -- Up-to-date: /root/dev_ws/install/ackermann_msgs/include/ackermann_msgs/ackermann_msgs/msg/detail/ackermann_drive__rosidl_typesupport_introspection_cpp.hpp
[5.274s] -- Up-to-date: /root/dev_ws/install/ackermann_msgs/include/ackermann_msgs/ackermann_msgs/msg/detail/ackermann_drive_stamped__type_support.cpp
[5.275s] -- Up-to-date: /root/dev_ws/install/ackermann_msgs/include/ackermann_msgs/ackermann_msgs/msg/detail/ackermann_drive__type_support.cpp
[5.275s] -- Up-to-date: /root/dev_ws/install/ackermann_msgs/include/ackermann_msgs/ackermann_msgs/msg/detail/ackermann_drive_stamped__rosidl_typesupport_introspection_cpp.hpp
[5.276s] -- Up-to-date: /root/dev_ws/install/ackermann_msgs/lib/libackermann_msgs__rosidl_typesupport_introspection_cpp.so
[5.332s] -- Up-to-date: /root/dev_ws/install/ackermann_msgs/lib/libackermann_msgs__rosidl_typesupport_cpp.so
[5.348s] -- Up-to-date: /root/dev_ws/install/ackermann_msgs/share/ackermann_msgs/environment/pythonpath.sh
[5.348s] -- Up-to-date: /root/dev_ws/install/ackermann_msgs/share/ackermann_msgs/environment/pythonpath.dsv
[5.349s] -- Up-to-date: /root/dev_ws/install/ackermann_msgs/local/lib/python3.10/dist-packages/ackermann_msgs-2.0.2-py3.10.egg-info
[5.350s] -- Installing: /root/dev_ws/install/ackermann_msgs/local/lib/python3.10/dist-packages/ackermann_msgs-2.0.2-py3.10.egg-info/SOURCES.txt
[5.351s] -- Installing: /root/dev_ws/install/ackermann_msgs/local/lib/python3.10/dist-packages/ackermann_msgs-2.0.2-py3.10.egg-info/PKG-INFO
[5.352s] -- Installing: /root/dev_ws/install/ackermann_msgs/local/lib/python3.10/dist-packages/ackermann_msgs-2.0.2-py3.10.egg-info/dependency_links.txt
[5.352s] -- Installing: /root/dev_ws/install/ackermann_msgs/local/lib/python3.10/dist-packages/ackermann_msgs-2.0.2-py3.10.egg-info/top_level.txt
[5.353s] -- Up-to-date: /root/dev_ws/install/ackermann_msgs/local/lib/python3.10/dist-packages/ackermann_msgs
[5.354s] -- Up-to-date: /root/dev_ws/install/ackermann_msgs/local/lib/python3.10/dist-packages/ackermann_msgs/_ackermann_msgs_s.ep.rosidl_typesupport_introspection_c.c
[5.354s] -- Up-to-date: /root/dev_ws/install/ackermann_msgs/local/lib/python3.10/dist-packages/ackermann_msgs/msg
[5.356s] -- Up-to-date: /root/dev_ws/install/ackermann_msgs/local/lib/python3.10/dist-packages/ackermann_msgs/msg/_ackermann_drive_stamped_s.c
[5.357s] -- Up-to-date: /root/dev_ws/install/ackermann_msgs/local/lib/python3.10/dist-packages/ackermann_msgs/msg/_ackermann_drive.py
[5.357s] -- Up-to-date: /root/dev_ws/install/ackermann_msgs/local/lib/python3.10/dist-packages/ackermann_msgs/msg/__init__.py
[5.360s] -- Up-to-date: /root/dev_ws/install/ackermann_msgs/local/lib/python3.10/dist-packages/ackermann_msgs/msg/_ackermann_drive_stamped.py
[5.362s] -- Up-to-date: /root/dev_ws/install/ackermann_msgs/local/lib/python3.10/dist-packages/ackermann_msgs/msg/_ackermann_drive_s.c
[5.363s] -- Up-to-date: /root/dev_ws/install/ackermann_msgs/local/lib/python3.10/dist-packages/ackermann_msgs/libackermann_msgs__rosidl_generator_py.so
[5.365s] -- Up-to-date: /root/dev_ws/install/ackermann_msgs/local/lib/python3.10/dist-packages/ackermann_msgs/__init__.py
[5.366s] -- Up-to-date: /root/dev_ws/install/ackermann_msgs/local/lib/python3.10/dist-packages/ackermann_msgs/ackermann_msgs_s__rosidl_typesupport_introspection_c.cpython-310-aarch64-linux-gnu.so
[5.367s] -- Up-to-date: /root/dev_ws/install/ackermann_msgs/local/lib/python3.10/dist-packages/ackermann_msgs/_ackermann_msgs_s.ep.rosidl_typesupport_fastrtps_c.c
[5.368s] -- Up-to-date: /root/dev_ws/install/ackermann_msgs/local/lib/python3.10/dist-packages/ackermann_msgs/ackermann_msgs_s__rosidl_typesupport_fastrtps_c.cpython-310-aarch64-linux-gnu.so
[5.369s] -- Up-to-date: /root/dev_ws/install/ackermann_msgs/local/lib/python3.10/dist-packages/ackermann_msgs/_ackermann_msgs_s.ep.rosidl_typesupport_c.c
[5.370s] -- Up-to-date: /root/dev_ws/install/ackermann_msgs/local/lib/python3.10/dist-packages/ackermann_msgs/ackermann_msgs_s__rosidl_typesupport_c.cpython-310-aarch64-linux-gnu.so
[5.583s] Listing '/root/dev_ws/install/ackermann_msgs/local/lib/python3.10/dist-packages/ackermann_msgs'...
[5.583s] Listing '/root/dev_ws/install/ackermann_msgs/local/lib/python3.10/dist-packages/ackermann_msgs/msg'...
[5.589s] -- Up-to-date: /root/dev_ws/install/ackermann_msgs/local/lib/python3.10/dist-packages/ackermann_msgs/ackermann_msgs_s__rosidl_typesupport_fastrtps_c.cpython-310-aarch64-linux-gnu.so
[5.591s] -- Up-to-date: /root/dev_ws/install/ackermann_msgs/local/lib/python3.10/dist-packages/ackermann_msgs/ackermann_msgs_s__rosidl_typesupport_introspection_c.cpython-310-aarch64-linux-gnu.so
[5.592s] -- Up-to-date: /root/dev_ws/install/ackermann_msgs/local/lib/python3.10/dist-packages/ackermann_msgs/ackermann_msgs_s__rosidl_typesupport_c.cpython-310-aarch64-linux-gnu.so
[5.593s] -- Up-to-date: /root/dev_ws/install/ackermann_msgs/lib/libackermann_msgs__rosidl_generator_py.so
[5.594s] -- Up-to-date: /root/dev_ws/install/ackermann_msgs/share/ackermann_msgs/msg/AckermannDrive.idl
[5.595s] -- Up-to-date: /root/dev_ws/install/ackermann_msgs/share/ackermann_msgs/msg/AckermannDriveStamped.idl
[5.597s] -- Up-to-date: /root/dev_ws/install/ackermann_msgs/share/ackermann_msgs/msg/AckermannDrive.msg
[5.599s] -- Up-to-date: /root/dev_ws/install/ackermann_msgs/share/ackermann_msgs/msg/AckermannDriveStamped.msg
[5.600s] -- Up-to-date: /root/dev_ws/install/ackermann_msgs/share/ament_index/resource_index/package_run_dependencies/ackermann_msgs
[5.600s] -- Up-to-date: /root/dev_ws/install/ackermann_msgs/share/ament_index/resource_index/parent_prefix_path/ackermann_msgs
[5.602s] -- Up-to-date: /root/dev_ws/install/ackermann_msgs/share/ackermann_msgs/environment/ament_prefix_path.sh
[5.603s] -- Up-to-date: /root/dev_ws/install/ackermann_msgs/share/ackermann_msgs/environment/ament_prefix_path.dsv
[5.604s] -- Up-to-date: /root/dev_ws/install/ackermann_msgs/share/ackermann_msgs/environment/path.sh
[5.605s] -- Up-to-date: /root/dev_ws/install/ackermann_msgs/share/ackermann_msgs/environment/path.dsv
[5.607s] -- Up-to-date: /root/dev_ws/install/ackermann_msgs/share/ackermann_msgs/local_setup.bash
[5.608s] -- Up-to-date: /root/dev_ws/install/ackermann_msgs/share/ackermann_msgs/local_setup.sh
[5.609s] -- Up-to-date: /root/dev_ws/install/ackermann_msgs/share/ackermann_msgs/local_setup.zsh
[5.612s] -- Up-to-date: /root/dev_ws/install/ackermann_msgs/share/ackermann_msgs/local_setup.dsv
[5.616s] -- Installing: /root/dev_ws/install/ackermann_msgs/share/ackermann_msgs/package.dsv
[5.619s] -- Up-to-date: /root/dev_ws/install/ackermann_msgs/share/ament_index/resource_index/packages/ackermann_msgs
[5.620s] -- Up-to-date: /root/dev_ws/install/ackermann_msgs/share/ackermann_msgs/cmake/export_ackermann_msgs__rosidl_generator_cExport.cmake
[5.620s] -- Up-to-date: /root/dev_ws/install/ackermann_msgs/share/ackermann_msgs/cmake/export_ackermann_msgs__rosidl_generator_cExport-noconfig.cmake
[5.622s] -- Up-to-date: /root/dev_ws/install/ackermann_msgs/share/ackermann_msgs/cmake/export_ackermann_msgs__rosidl_typesupport_fastrtps_cExport.cmake
[5.625s] -- Up-to-date: /root/dev_ws/install/ackermann_msgs/share/ackermann_msgs/cmake/export_ackermann_msgs__rosidl_typesupport_fastrtps_cExport-noconfig.cmake
[5.626s] -- Up-to-date: /root/dev_ws/install/ackermann_msgs/share/ackermann_msgs/cmake/ackermann_msgs__rosidl_typesupport_introspection_cExport.cmake
[5.627s] -- Up-to-date: /root/dev_ws/install/ackermann_msgs/share/ackermann_msgs/cmake/ackermann_msgs__rosidl_typesupport_introspection_cExport-noconfig.cmake
[5.629s] -- Up-to-date: /root/dev_ws/install/ackermann_msgs/share/ackermann_msgs/cmake/ackermann_msgs__rosidl_typesupport_cExport.cmake
[5.689s] -- Up-to-date: /root/dev_ws/install/ackermann_msgs/share/ackermann_msgs/cmake/ackermann_msgs__rosidl_typesupport_cExport-noconfig.cmake
[5.705s] -- Up-to-date: /root/dev_ws/install/ackermann_msgs/share/ackermann_msgs/cmake/export_ackermann_msgs__rosidl_generator_cppExport.cmake
[5.707s] -- Up-to-date: /root/dev_ws/install/ackermann_msgs/share/ackermann_msgs/cmake/export_ackermann_msgs__rosidl_typesupport_fastrtps_cppExport.cmake
[5.709s] -- Up-to-date: /root/dev_ws/install/ackermann_msgs/share/ackermann_msgs/cmake/export_ackermann_msgs__rosidl_typesupport_fastrtps_cppExport-noconfig.cmake
[5.709s] -- Up-to-date: /root/dev_ws/install/ackermann_msgs/share/ackermann_msgs/cmake/ackermann_msgs__rosidl_typesupport_introspection_cppExport.cmake
[5.710s] -- Up-to-date: /root/dev_ws/install/ackermann_msgs/share/ackermann_msgs/cmake/ackermann_msgs__rosidl_typesupport_introspection_cppExport-noconfig.cmake
[5.711s] -- Up-to-date: /root/dev_ws/install/ackermann_msgs/share/ackermann_msgs/cmake/ackermann_msgs__rosidl_typesupport_cppExport.cmake
[5.713s] -- Up-to-date: /root/dev_ws/install/ackermann_msgs/share/ackermann_msgs/cmake/ackermann_msgs__rosidl_typesupport_cppExport-noconfig.cmake
[5.714s] -- Up-to-date: /root/dev_ws/install/ackermann_msgs/share/ackermann_msgs/cmake/export_ackermann_msgs__rosidl_generator_pyExport.cmake
[5.715s] -- Up-to-date: /root/dev_ws/install/ackermann_msgs/share/ackermann_msgs/cmake/export_ackermann_msgs__rosidl_generator_pyExport-noconfig.cmake
[5.716s] -- Up-to-date: /root/dev_ws/install/ackermann_msgs/share/ackermann_msgs/cmake/rosidl_cmake-extras.cmake
[5.717s] -- Up-to-date: /root/dev_ws/install/ackermann_msgs/share/ackermann_msgs/cmake/ament_cmake_export_dependencies-extras.cmake
[5.718s] -- Up-to-date: /root/dev_ws/install/ackermann_msgs/share/ackermann_msgs/cmake/ament_cmake_export_include_directories-extras.cmake
[5.719s] -- Up-to-date: /root/dev_ws/install/ackermann_msgs/share/ackermann_msgs/cmake/ament_cmake_export_libraries-extras.cmake
[5.719s] -- Up-to-date: /root/dev_ws/install/ackermann_msgs/share/ackermann_msgs/cmake/ament_cmake_export_targets-extras.cmake
[5.720s] -- Up-to-date: /root/dev_ws/install/ackermann_msgs/share/ackermann_msgs/cmake/rosidl_cmake_export_typesupport_targets-extras.cmake
[5.721s] -- Up-to-date: /root/dev_ws/install/ackermann_msgs/share/ackermann_msgs/cmake/rosidl_cmake_export_typesupport_libraries-extras.cmake
[5.721s] -- Up-to-date: /root/dev_ws/install/ackermann_msgs/share/ackermann_msgs/cmake/ackermann_msgsConfig.cmake
[5.722s] -- Up-to-date: /root/dev_ws/install/ackermann_msgs/share/ackermann_msgs/cmake/ackermann_msgsConfig-version.cmake
[5.725s] -- Up-to-date: /root/dev_ws/install/ackermann_msgs/share/ackermann_msgs/package.xml
[5.840s] Invoked command in '/root/dev_ws/build/ackermann_msgs' returned '0': CMAKE_PREFIX_PATH=${CMAKE_PREFIX_PATH}:/root/dev_ws/install/line_follower_pkg:/root/dev_ws/install/laser_tf_publisher:/userdata/dev_ws/install/utils:/userdata/dev_ws/install/origincar_base:/userdata/dev_ws/install/serial:/userdata/dev_ws/install/origincar_msg:/userdata/dev_ws/install/origincar_description:/userdata/dev_ws/install/origincar_bringup:/userdata/dev_ws/install/line_follower_pkg:/userdata/dev_ws/install/ackermann_msgs:/opt/tros/humble:/opt/ros/humble /usr/bin/cmake --install /root/dev_ws/build/ackermann_msgs
