[0.311s] Invoking command in '/root/dev_ws/build/ackermann_msgs': CMAKE_PREFIX_PATH=${CMAKE_PREFIX_PATH}:/root/dev_ws/install/line_follower_pkg:/root/dev_ws/install/laser_tf_publisher:/userdata/dev_ws/install/utils:/userdata/dev_ws/install/origincar_base:/userdata/dev_ws/install/serial:/userdata/dev_ws/install/origincar_msg:/userdata/dev_ws/install/origincar_description:/userdata/dev_ws/install/origincar_bringup:/userdata/dev_ws/install/line_follower_pkg:/userdata/dev_ws/install/ackermann_msgs:/opt/tros/humble:/opt/ros/humble /usr/bin/cmake --build /root/dev_ws/build/ackermann_msgs -- -j8 -l8
[4.802s] [  7%] Built target ackermann_msgs__cpp
[4.805s] [ 12%] Built target ackermann_msgs__rosidl_generator_c
[4.809s] [ 12%] Built target ament_cmake_python_copy_ackermann_msgs
[4.811s] [ 23%] Built target ackermann_msgs__rosidl_typesupport_cpp
[4.812s] [ 33%] Built target ackermann_msgs__rosidl_typesupport_introspection_c
[4.813s] [ 43%] Built target ackermann_msgs__rosidl_typesupport_fastrtps_c
[4.815s] [ 53%] Built target ackermann_msgs__rosidl_typesupport_fastrtps_cpp
[4.816s] [ 64%] Built target ackermann_msgs__rosidl_typesupport_introspection_cpp
[4.818s] [ 74%] Built target ackermann_msgs__rosidl_typesupport_c
[4.819s] [ 74%] Built target ackermann_msgs
[4.822s] [ 76%] Built target ackermann_msgs__py
[4.823s] [ 84%] Built target ackermann_msgs__rosidl_generator_py
[4.824s] [ 89%] Built target ackermann_msgs__rosidl_typesupport_fastrtps_c__pyext
[4.824s] [ 94%] Built target ackermann_msgs__rosidl_typesupport_c__pyext
[4.825s] [100%] Built target ackermann_msgs__rosidl_typesupport_introspection_c__pyext
[4.825s] running egg_info
[4.826s] writing ackermann_msgs.egg-info/PKG-INFO
[4.828s] writing dependency_links to ackermann_msgs.egg-info/dependency_links.txt
[4.828s] writing top-level names to ackermann_msgs.egg-info/top_level.txt
[4.829s] reading manifest file 'ackermann_msgs.egg-info/SOURCES.txt'
[4.829s] writing manifest file 'ackermann_msgs.egg-info/SOURCES.txt'
[4.830s] [100%] Built target ament_cmake_python_build_ackermann_msgs_egg
[4.925s] Invoked command in '/root/dev_ws/build/ackermann_msgs' returned '0': CMAKE_PREFIX_PATH=${CMAKE_PREFIX_PATH}:/root/dev_ws/install/line_follower_pkg:/root/dev_ws/install/laser_tf_publisher:/userdata/dev_ws/install/utils:/userdata/dev_ws/install/origincar_base:/userdata/dev_ws/install/serial:/userdata/dev_ws/install/origincar_msg:/userdata/dev_ws/install/origincar_description:/userdata/dev_ws/install/origincar_bringup:/userdata/dev_ws/install/line_follower_pkg:/userdata/dev_ws/install/ackermann_msgs:/opt/tros/humble:/opt/ros/humble /usr/bin/cmake --build /root/dev_ws/build/ackermann_msgs -- -j8 -l8
[4.935s] Invoking command in '/root/dev_ws/build/ackermann_msgs': CMAKE_PREFIX_PATH=${CMAKE_PREFIX_PATH}:/root/dev_ws/install/line_follower_pkg:/root/dev_ws/install/laser_tf_publisher:/userdata/dev_ws/install/utils:/userdata/dev_ws/install/origincar_base:/userdata/dev_ws/install/serial:/userdata/dev_ws/install/origincar_msg:/userdata/dev_ws/install/origincar_description:/userdata/dev_ws/install/origincar_bringup:/userdata/dev_ws/install/line_follower_pkg:/userdata/dev_ws/install/ackermann_msgs:/opt/tros/humble:/opt/ros/humble /usr/bin/cmake --install /root/dev_ws/build/ackermann_msgs
[5.313s] -- Install configuration: ""
[5.336s] -- Up-to-date: /root/dev_ws/install/ackermann_msgs/share/ament_index/resource_index/rosidl_interfaces/ackermann_msgs
[5.345s] -- Up-to-date: /root/dev_ws/install/ackermann_msgs/include/ackermann_msgs/ackermann_msgs
[5.346s] -- Up-to-date: /root/dev_ws/install/ackermann_msgs/include/ackermann_msgs/ackermann_msgs/msg
[5.346s] -- Up-to-date: /root/dev_ws/install/ackermann_msgs/include/ackermann_msgs/ackermann_msgs/msg/ackermann_drive.h
[5.347s] -- Up-to-date: /root/dev_ws/install/ackermann_msgs/include/ackermann_msgs/ackermann_msgs/msg/rosidl_generator_c__visibility_control.h
[5.350s] -- Up-to-date: /root/dev_ws/install/ackermann_msgs/include/ackermann_msgs/ackermann_msgs/msg/detail
[5.353s] -- Up-to-date: /root/dev_ws/install/ackermann_msgs/include/ackermann_msgs/ackermann_msgs/msg/detail/ackermann_drive_stamped__type_support.h
[5.354s] -- Up-to-date: /root/dev_ws/install/ackermann_msgs/include/ackermann_msgs/ackermann_msgs/msg/detail/ackermann_drive_stamped__functions.c
[5.356s] -- Up-to-date: /root/dev_ws/install/ackermann_msgs/include/ackermann_msgs/ackermann_msgs/msg/detail/ackermann_drive__type_support.h
[5.357s] -- Up-to-date: /root/dev_ws/install/ackermann_msgs/include/ackermann_msgs/ackermann_msgs/msg/detail/ackermann_drive_stamped__struct.h
[5.358s] -- Up-to-date: /root/dev_ws/install/ackermann_msgs/include/ackermann_msgs/ackermann_msgs/msg/detail/ackermann_drive__struct.h
[5.360s] -- Up-to-date: /root/dev_ws/install/ackermann_msgs/include/ackermann_msgs/ackermann_msgs/msg/detail/ackermann_drive__functions.h
[5.362s] -- Up-to-date: /root/dev_ws/install/ackermann_msgs/include/ackermann_msgs/ackermann_msgs/msg/detail/ackermann_drive_stamped__functions.h
[5.365s] -- Up-to-date: /root/dev_ws/install/ackermann_msgs/include/ackermann_msgs/ackermann_msgs/msg/detail/ackermann_drive__functions.c
[5.366s] -- Up-to-date: /root/dev_ws/install/ackermann_msgs/include/ackermann_msgs/ackermann_msgs/msg/ackermann_drive_stamped.h
[5.367s] -- Up-to-date: /root/dev_ws/install/ackermann_msgs/share/ackermann_msgs/environment/library_path.sh
[5.394s] -- Up-to-date: /root/dev_ws/install/ackermann_msgs/share/ackermann_msgs/environment/library_path.dsv
[5.405s] -- Up-to-date: /root/dev_ws/install/ackermann_msgs/lib/libackermann_msgs__rosidl_generator_c.so
[5.419s] -- Up-to-date: /root/dev_ws/install/ackermann_msgs/include/ackermann_msgs/ackermann_msgs
[5.419s] -- Up-to-date: /root/dev_ws/install/ackermann_msgs/include/ackermann_msgs/ackermann_msgs/msg
[5.420s] -- Up-to-date: /root/dev_ws/install/ackermann_msgs/include/ackermann_msgs/ackermann_msgs/msg/rosidl_typesupport_fastrtps_c__visibility_control.h
[5.421s] -- Up-to-date: /root/dev_ws/install/ackermann_msgs/include/ackermann_msgs/ackermann_msgs/msg/detail
[5.425s] -- Up-to-date: /root/dev_ws/install/ackermann_msgs/include/ackermann_msgs/ackermann_msgs/msg/detail/ackermann_drive_stamped__rosidl_typesupport_fastrtps_c.h
[5.426s] -- Up-to-date: /root/dev_ws/install/ackermann_msgs/include/ackermann_msgs/ackermann_msgs/msg/detail/ackermann_drive__rosidl_typesupport_fastrtps_c.h
[5.429s] -- Up-to-date: /root/dev_ws/install/ackermann_msgs/lib/libackermann_msgs__rosidl_typesupport_fastrtps_c.so
[5.430s] -- Up-to-date: /root/dev_ws/install/ackermann_msgs/include/ackermann_msgs/ackermann_msgs
[5.432s] -- Up-to-date: /root/dev_ws/install/ackermann_msgs/include/ackermann_msgs/ackermann_msgs/msg
[5.432s] -- Up-to-date: /root/dev_ws/install/ackermann_msgs/include/ackermann_msgs/ackermann_msgs/msg/rosidl_typesupport_introspection_c__visibility_control.h
[5.433s] -- Up-to-date: /root/dev_ws/install/ackermann_msgs/include/ackermann_msgs/ackermann_msgs/msg/detail
[5.434s] -- Up-to-date: /root/dev_ws/install/ackermann_msgs/include/ackermann_msgs/ackermann_msgs/msg/detail/ackermann_drive_stamped__type_support.c
[5.434s] -- Up-to-date: /root/dev_ws/install/ackermann_msgs/include/ackermann_msgs/ackermann_msgs/msg/detail/ackermann_drive__rosidl_typesupport_introspection_c.h
[5.435s] -- Up-to-date: /root/dev_ws/install/ackermann_msgs/include/ackermann_msgs/ackermann_msgs/msg/detail/ackermann_drive_stamped__rosidl_typesupport_introspection_c.h
[5.435s] -- Up-to-date: /root/dev_ws/install/ackermann_msgs/include/ackermann_msgs/ackermann_msgs/msg/detail/ackermann_drive__type_support.c
[5.436s] -- Up-to-date: /root/dev_ws/install/ackermann_msgs/lib/libackermann_msgs__rosidl_typesupport_introspection_c.so
[5.445s] -- Up-to-date: /root/dev_ws/install/ackermann_msgs/lib/libackermann_msgs__rosidl_typesupport_c.so
[5.445s] -- Up-to-date: /root/dev_ws/install/ackermann_msgs/include/ackermann_msgs/ackermann_msgs
[5.446s] -- Up-to-date: /root/dev_ws/install/ackermann_msgs/include/ackermann_msgs/ackermann_msgs/msg
[5.448s] -- Up-to-date: /root/dev_ws/install/ackermann_msgs/include/ackermann_msgs/ackermann_msgs/msg/ackermann_drive.hpp
[5.449s] -- Up-to-date: /root/dev_ws/install/ackermann_msgs/include/ackermann_msgs/ackermann_msgs/msg/detail
[5.451s] -- Up-to-date: /root/dev_ws/install/ackermann_msgs/include/ackermann_msgs/ackermann_msgs/msg/detail/ackermann_drive_stamped__struct.hpp
[5.453s] -- Up-to-date: /root/dev_ws/install/ackermann_msgs/include/ackermann_msgs/ackermann_msgs/msg/detail/ackermann_drive_stamped__traits.hpp
[5.458s] -- Up-to-date: /root/dev_ws/install/ackermann_msgs/include/ackermann_msgs/ackermann_msgs/msg/detail/ackermann_drive_stamped__builder.hpp
[5.460s] -- Up-to-date: /root/dev_ws/install/ackermann_msgs/include/ackermann_msgs/ackermann_msgs/msg/detail/ackermann_drive__builder.hpp
[5.460s] -- Up-to-date: /root/dev_ws/install/ackermann_msgs/include/ackermann_msgs/ackermann_msgs/msg/detail/ackermann_drive__struct.hpp
[5.462s] -- Up-to-date: /root/dev_ws/install/ackermann_msgs/include/ackermann_msgs/ackermann_msgs/msg/detail/ackermann_drive__traits.hpp
[5.463s] -- Up-to-date: /root/dev_ws/install/ackermann_msgs/include/ackermann_msgs/ackermann_msgs/msg/ackermann_drive_stamped.hpp
[5.467s] -- Up-to-date: /root/dev_ws/install/ackermann_msgs/include/ackermann_msgs/ackermann_msgs
[5.470s] -- Up-to-date: /root/dev_ws/install/ackermann_msgs/include/ackermann_msgs/ackermann_msgs/msg
[5.485s] -- Up-to-date: /root/dev_ws/install/ackermann_msgs/include/ackermann_msgs/ackermann_msgs/msg/detail
[5.488s] -- Up-to-date: /root/dev_ws/install/ackermann_msgs/include/ackermann_msgs/ackermann_msgs/msg/detail/dds_fastrtps
[5.488s] -- Up-to-date: /root/dev_ws/install/ackermann_msgs/include/ackermann_msgs/ackermann_msgs/msg/detail/ackermann_drive__rosidl_typesupport_fastrtps_cpp.hpp
[5.489s] -- Up-to-date: /root/dev_ws/install/ackermann_msgs/include/ackermann_msgs/ackermann_msgs/msg/detail/ackermann_drive_stamped__rosidl_typesupport_fastrtps_cpp.hpp
[5.498s] -- Up-to-date: /root/dev_ws/install/ackermann_msgs/include/ackermann_msgs/ackermann_msgs/msg/rosidl_typesupport_fastrtps_cpp__visibility_control.h
[5.506s] -- Up-to-date: /root/dev_ws/install/ackermann_msgs/lib/libackermann_msgs__rosidl_typesupport_fastrtps_cpp.so
[5.509s] -- Up-to-date: /root/dev_ws/install/ackermann_msgs/include/ackermann_msgs/ackermann_msgs
[5.510s] -- Up-to-date: /root/dev_ws/install/ackermann_msgs/include/ackermann_msgs/ackermann_msgs/msg
[5.511s] -- Up-to-date: /root/dev_ws/install/ackermann_msgs/include/ackermann_msgs/ackermann_msgs/msg/detail
[5.511s] -- Up-to-date: /root/dev_ws/install/ackermann_msgs/include/ackermann_msgs/ackermann_msgs/msg/detail/ackermann_drive__rosidl_typesupport_introspection_cpp.hpp
[5.512s] -- Up-to-date: /root/dev_ws/install/ackermann_msgs/include/ackermann_msgs/ackermann_msgs/msg/detail/ackermann_drive_stamped__type_support.cpp
[5.513s] -- Up-to-date: /root/dev_ws/install/ackermann_msgs/include/ackermann_msgs/ackermann_msgs/msg/detail/ackermann_drive__type_support.cpp
[5.514s] -- Up-to-date: /root/dev_ws/install/ackermann_msgs/include/ackermann_msgs/ackermann_msgs/msg/detail/ackermann_drive_stamped__rosidl_typesupport_introspection_cpp.hpp
[5.514s] -- Up-to-date: /root/dev_ws/install/ackermann_msgs/lib/libackermann_msgs__rosidl_typesupport_introspection_cpp.so
[5.517s] -- Up-to-date: /root/dev_ws/install/ackermann_msgs/lib/libackermann_msgs__rosidl_typesupport_cpp.so
[5.519s] -- Up-to-date: /root/dev_ws/install/ackermann_msgs/share/ackermann_msgs/environment/pythonpath.sh
[5.520s] -- Up-to-date: /root/dev_ws/install/ackermann_msgs/share/ackermann_msgs/environment/pythonpath.dsv
[5.520s] -- Up-to-date: /root/dev_ws/install/ackermann_msgs/local/lib/python3.10/dist-packages/ackermann_msgs-2.0.2-py3.10.egg-info
[5.521s] -- Installing: /root/dev_ws/install/ackermann_msgs/local/lib/python3.10/dist-packages/ackermann_msgs-2.0.2-py3.10.egg-info/SOURCES.txt
[5.523s] -- Installing: /root/dev_ws/install/ackermann_msgs/local/lib/python3.10/dist-packages/ackermann_msgs-2.0.2-py3.10.egg-info/PKG-INFO
[5.534s] -- Installing: /root/dev_ws/install/ackermann_msgs/local/lib/python3.10/dist-packages/ackermann_msgs-2.0.2-py3.10.egg-info/dependency_links.txt
[5.535s] -- Installing: /root/dev_ws/install/ackermann_msgs/local/lib/python3.10/dist-packages/ackermann_msgs-2.0.2-py3.10.egg-info/top_level.txt
[5.536s] -- Up-to-date: /root/dev_ws/install/ackermann_msgs/local/lib/python3.10/dist-packages/ackermann_msgs
[5.562s] -- Up-to-date: /root/dev_ws/install/ackermann_msgs/local/lib/python3.10/dist-packages/ackermann_msgs/_ackermann_msgs_s.ep.rosidl_typesupport_introspection_c.c
[5.571s] -- Up-to-date: /root/dev_ws/install/ackermann_msgs/local/lib/python3.10/dist-packages/ackermann_msgs/msg
[5.573s] -- Up-to-date: /root/dev_ws/install/ackermann_msgs/local/lib/python3.10/dist-packages/ackermann_msgs/msg/_ackermann_drive_stamped_s.c
[5.574s] -- Up-to-date: /root/dev_ws/install/ackermann_msgs/local/lib/python3.10/dist-packages/ackermann_msgs/msg/_ackermann_drive.py
[5.576s] -- Up-to-date: /root/dev_ws/install/ackermann_msgs/local/lib/python3.10/dist-packages/ackermann_msgs/msg/__init__.py
[5.580s] -- Up-to-date: /root/dev_ws/install/ackermann_msgs/local/lib/python3.10/dist-packages/ackermann_msgs/msg/_ackermann_drive_stamped.py
[5.581s] -- Up-to-date: /root/dev_ws/install/ackermann_msgs/local/lib/python3.10/dist-packages/ackermann_msgs/msg/_ackermann_drive_s.c
[5.593s] -- Up-to-date: /root/dev_ws/install/ackermann_msgs/local/lib/python3.10/dist-packages/ackermann_msgs/libackermann_msgs__rosidl_generator_py.so
[5.596s] -- Up-to-date: /root/dev_ws/install/ackermann_msgs/local/lib/python3.10/dist-packages/ackermann_msgs/__init__.py
[5.596s] -- Up-to-date: /root/dev_ws/install/ackermann_msgs/local/lib/python3.10/dist-packages/ackermann_msgs/ackermann_msgs_s__rosidl_typesupport_introspection_c.cpython-310-aarch64-linux-gnu.so
[5.598s] -- Up-to-date: /root/dev_ws/install/ackermann_msgs/local/lib/python3.10/dist-packages/ackermann_msgs/_ackermann_msgs_s.ep.rosidl_typesupport_fastrtps_c.c
[5.599s] -- Up-to-date: /root/dev_ws/install/ackermann_msgs/local/lib/python3.10/dist-packages/ackermann_msgs/ackermann_msgs_s__rosidl_typesupport_fastrtps_c.cpython-310-aarch64-linux-gnu.so
[5.602s] -- Up-to-date: /root/dev_ws/install/ackermann_msgs/local/lib/python3.10/dist-packages/ackermann_msgs/_ackermann_msgs_s.ep.rosidl_typesupport_c.c
[5.603s] -- Up-to-date: /root/dev_ws/install/ackermann_msgs/local/lib/python3.10/dist-packages/ackermann_msgs/ackermann_msgs_s__rosidl_typesupport_c.cpython-310-aarch64-linux-gnu.so
[5.790s] Listing '/root/dev_ws/install/ackermann_msgs/local/lib/python3.10/dist-packages/ackermann_msgs'...
[5.792s] Listing '/root/dev_ws/install/ackermann_msgs/local/lib/python3.10/dist-packages/ackermann_msgs/msg'...
[5.796s] -- Up-to-date: /root/dev_ws/install/ackermann_msgs/local/lib/python3.10/dist-packages/ackermann_msgs/ackermann_msgs_s__rosidl_typesupport_fastrtps_c.cpython-310-aarch64-linux-gnu.so
[5.797s] -- Up-to-date: /root/dev_ws/install/ackermann_msgs/local/lib/python3.10/dist-packages/ackermann_msgs/ackermann_msgs_s__rosidl_typesupport_introspection_c.cpython-310-aarch64-linux-gnu.so
[5.806s] -- Up-to-date: /root/dev_ws/install/ackermann_msgs/local/lib/python3.10/dist-packages/ackermann_msgs/ackermann_msgs_s__rosidl_typesupport_c.cpython-310-aarch64-linux-gnu.so
[5.810s] -- Up-to-date: /root/dev_ws/install/ackermann_msgs/lib/libackermann_msgs__rosidl_generator_py.so
[5.811s] -- Up-to-date: /root/dev_ws/install/ackermann_msgs/share/ackermann_msgs/msg/AckermannDrive.idl
[5.811s] -- Up-to-date: /root/dev_ws/install/ackermann_msgs/share/ackermann_msgs/msg/AckermannDriveStamped.idl
[5.812s] -- Up-to-date: /root/dev_ws/install/ackermann_msgs/share/ackermann_msgs/msg/AckermannDrive.msg
[5.816s] -- Up-to-date: /root/dev_ws/install/ackermann_msgs/share/ackermann_msgs/msg/AckermannDriveStamped.msg
[5.817s] -- Up-to-date: /root/dev_ws/install/ackermann_msgs/share/ament_index/resource_index/package_run_dependencies/ackermann_msgs
[5.817s] -- Up-to-date: /root/dev_ws/install/ackermann_msgs/share/ament_index/resource_index/parent_prefix_path/ackermann_msgs
[5.820s] -- Up-to-date: /root/dev_ws/install/ackermann_msgs/share/ackermann_msgs/environment/ament_prefix_path.sh
[5.822s] -- Up-to-date: /root/dev_ws/install/ackermann_msgs/share/ackermann_msgs/environment/ament_prefix_path.dsv
[5.824s] -- Up-to-date: /root/dev_ws/install/ackermann_msgs/share/ackermann_msgs/environment/path.sh
[5.825s] -- Up-to-date: /root/dev_ws/install/ackermann_msgs/share/ackermann_msgs/environment/path.dsv
[5.827s] -- Up-to-date: /root/dev_ws/install/ackermann_msgs/share/ackermann_msgs/local_setup.bash
[5.828s] -- Up-to-date: /root/dev_ws/install/ackermann_msgs/share/ackermann_msgs/local_setup.sh
[5.829s] -- Up-to-date: /root/dev_ws/install/ackermann_msgs/share/ackermann_msgs/local_setup.zsh
[5.831s] -- Up-to-date: /root/dev_ws/install/ackermann_msgs/share/ackermann_msgs/local_setup.dsv
[5.832s] -- Installing: /root/dev_ws/install/ackermann_msgs/share/ackermann_msgs/package.dsv
[5.837s] -- Up-to-date: /root/dev_ws/install/ackermann_msgs/share/ament_index/resource_index/packages/ackermann_msgs
[5.842s] -- Up-to-date: /root/dev_ws/install/ackermann_msgs/share/ackermann_msgs/cmake/export_ackermann_msgs__rosidl_generator_cExport.cmake
[5.843s] -- Up-to-date: /root/dev_ws/install/ackermann_msgs/share/ackermann_msgs/cmake/export_ackermann_msgs__rosidl_generator_cExport-noconfig.cmake
[5.847s] -- Up-to-date: /root/dev_ws/install/ackermann_msgs/share/ackermann_msgs/cmake/export_ackermann_msgs__rosidl_typesupport_fastrtps_cExport.cmake
[5.848s] -- Up-to-date: /root/dev_ws/install/ackermann_msgs/share/ackermann_msgs/cmake/export_ackermann_msgs__rosidl_typesupport_fastrtps_cExport-noconfig.cmake
[5.852s] -- Up-to-date: /root/dev_ws/install/ackermann_msgs/share/ackermann_msgs/cmake/ackermann_msgs__rosidl_typesupport_introspection_cExport.cmake
[5.853s] -- Up-to-date: /root/dev_ws/install/ackermann_msgs/share/ackermann_msgs/cmake/ackermann_msgs__rosidl_typesupport_introspection_cExport-noconfig.cmake
[5.860s] -- Up-to-date: /root/dev_ws/install/ackermann_msgs/share/ackermann_msgs/cmake/ackermann_msgs__rosidl_typesupport_cExport.cmake
[5.869s] -- Up-to-date: /root/dev_ws/install/ackermann_msgs/share/ackermann_msgs/cmake/ackermann_msgs__rosidl_typesupport_cExport-noconfig.cmake
[5.871s] -- Up-to-date: /root/dev_ws/install/ackermann_msgs/share/ackermann_msgs/cmake/export_ackermann_msgs__rosidl_generator_cppExport.cmake
[5.872s] -- Up-to-date: /root/dev_ws/install/ackermann_msgs/share/ackermann_msgs/cmake/export_ackermann_msgs__rosidl_typesupport_fastrtps_cppExport.cmake
[5.874s] -- Up-to-date: /root/dev_ws/install/ackermann_msgs/share/ackermann_msgs/cmake/export_ackermann_msgs__rosidl_typesupport_fastrtps_cppExport-noconfig.cmake
[5.875s] -- Up-to-date: /root/dev_ws/install/ackermann_msgs/share/ackermann_msgs/cmake/ackermann_msgs__rosidl_typesupport_introspection_cppExport.cmake
[5.877s] -- Up-to-date: /root/dev_ws/install/ackermann_msgs/share/ackermann_msgs/cmake/ackermann_msgs__rosidl_typesupport_introspection_cppExport-noconfig.cmake
[5.880s] -- Up-to-date: /root/dev_ws/install/ackermann_msgs/share/ackermann_msgs/cmake/ackermann_msgs__rosidl_typesupport_cppExport.cmake
[5.883s] -- Up-to-date: /root/dev_ws/install/ackermann_msgs/share/ackermann_msgs/cmake/ackermann_msgs__rosidl_typesupport_cppExport-noconfig.cmake
[5.894s] -- Up-to-date: /root/dev_ws/install/ackermann_msgs/share/ackermann_msgs/cmake/export_ackermann_msgs__rosidl_generator_pyExport.cmake
[5.895s] -- Up-to-date: /root/dev_ws/install/ackermann_msgs/share/ackermann_msgs/cmake/export_ackermann_msgs__rosidl_generator_pyExport-noconfig.cmake
[5.900s] -- Up-to-date: /root/dev_ws/install/ackermann_msgs/share/ackermann_msgs/cmake/rosidl_cmake-extras.cmake
[5.900s] -- Up-to-date: /root/dev_ws/install/ackermann_msgs/share/ackermann_msgs/cmake/ament_cmake_export_dependencies-extras.cmake
[5.901s] -- Up-to-date: /root/dev_ws/install/ackermann_msgs/share/ackermann_msgs/cmake/ament_cmake_export_include_directories-extras.cmake
[5.902s] -- Up-to-date: /root/dev_ws/install/ackermann_msgs/share/ackermann_msgs/cmake/ament_cmake_export_libraries-extras.cmake
[5.903s] -- Up-to-date: /root/dev_ws/install/ackermann_msgs/share/ackermann_msgs/cmake/ament_cmake_export_targets-extras.cmake
[5.903s] -- Up-to-date: /root/dev_ws/install/ackermann_msgs/share/ackermann_msgs/cmake/rosidl_cmake_export_typesupport_targets-extras.cmake
[5.904s] -- Up-to-date: /root/dev_ws/install/ackermann_msgs/share/ackermann_msgs/cmake/rosidl_cmake_export_typesupport_libraries-extras.cmake
[5.905s] -- Up-to-date: /root/dev_ws/install/ackermann_msgs/share/ackermann_msgs/cmake/ackermann_msgsConfig.cmake
[5.905s] -- Up-to-date: /root/dev_ws/install/ackermann_msgs/share/ackermann_msgs/cmake/ackermann_msgsConfig-version.cmake
[5.906s] -- Up-to-date: /root/dev_ws/install/ackermann_msgs/share/ackermann_msgs/package.xml
[6.049s] Invoked command in '/root/dev_ws/build/ackermann_msgs' returned '0': CMAKE_PREFIX_PATH=${CMAKE_PREFIX_PATH}:/root/dev_ws/install/line_follower_pkg:/root/dev_ws/install/laser_tf_publisher:/userdata/dev_ws/install/utils:/userdata/dev_ws/install/origincar_base:/userdata/dev_ws/install/serial:/userdata/dev_ws/install/origincar_msg:/userdata/dev_ws/install/origincar_description:/userdata/dev_ws/install/origincar_bringup:/userdata/dev_ws/install/line_follower_pkg:/userdata/dev_ws/install/ackermann_msgs:/opt/tros/humble:/opt/ros/humble /usr/bin/cmake --install /root/dev_ws/build/ackermann_msgs
