[0.253s] Invoking command in '/root/dev_ws/build/origincar_msg': CMAKE_PREFIX_PATH=${CMAKE_PREFIX_PATH}:/root/dev_ws/install/line_follower_pkg:/root/dev_ws/install/laser_tf_publisher:/userdata/dev_ws/install/utils:/userdata/dev_ws/install/origincar_base:/userdata/dev_ws/install/serial:/userdata/dev_ws/install/origincar_msg:/userdata/dev_ws/install/origincar_description:/userdata/dev_ws/install/origincar_bringup:/userdata/dev_ws/install/line_follower_pkg:/userdata/dev_ws/install/ackermann_msgs:/opt/tros/humble:/opt/ros/humble /usr/bin/cmake --build /root/dev_ws/build/origincar_msg -- -j8 -l8
[4.702s] [ 10%] Built target origincar_msg__rosidl_generator_c
[4.702s] [ 12%] Built target origincar_msg__cpp
[4.703s] [ 12%] Built target ament_cmake_python_copy_origincar_msg
[4.703s] [ 23%] Built target origincar_msg__rosidl_typesupport_c
[4.704s] [ 33%] Built target origincar_msg__rosidl_typesupport_introspection_cpp
[4.704s] [ 46%] Built target origincar_msg__rosidl_typesupport_fastrtps_cpp
[4.705s] [ 53%] Built target origincar_msg__rosidl_typesupport_fastrtps_c
[4.706s] [ 64%] Built target origincar_msg__rosidl_typesupport_introspection_c
[4.706s] [ 74%] Built target origincar_msg__rosidl_typesupport_cpp
[4.707s] [ 74%] Built target origincar_msg
[4.708s] [ 76%] Built target origincar_msg__py
[4.708s] [ 84%] Built target origincar_msg__rosidl_generator_py
[4.709s] [ 89%] Built target origincar_msg__rosidl_typesupport_fastrtps_c__pyext
[4.710s] [ 94%] Built target origincar_msg__rosidl_typesupport_c__pyext
[4.710s] [100%] Built target origincar_msg__rosidl_typesupport_introspection_c__pyext
[4.711s] running egg_info
[4.711s] writing origincar_msg.egg-info/PKG-INFO
[4.712s] writing dependency_links to origincar_msg.egg-info/dependency_links.txt
[4.712s] writing top-level names to origincar_msg.egg-info/top_level.txt
[4.713s] reading manifest file 'origincar_msg.egg-info/SOURCES.txt'
[4.714s] writing manifest file 'origincar_msg.egg-info/SOURCES.txt'
[4.714s] [100%] Built target ament_cmake_python_build_origincar_msg_egg
[4.798s] Invoked command in '/root/dev_ws/build/origincar_msg' returned '0': CMAKE_PREFIX_PATH=${CMAKE_PREFIX_PATH}:/root/dev_ws/install/line_follower_pkg:/root/dev_ws/install/laser_tf_publisher:/userdata/dev_ws/install/utils:/userdata/dev_ws/install/origincar_base:/userdata/dev_ws/install/serial:/userdata/dev_ws/install/origincar_msg:/userdata/dev_ws/install/origincar_description:/userdata/dev_ws/install/origincar_bringup:/userdata/dev_ws/install/line_follower_pkg:/userdata/dev_ws/install/ackermann_msgs:/opt/tros/humble:/opt/ros/humble /usr/bin/cmake --build /root/dev_ws/build/origincar_msg -- -j8 -l8
[4.809s] Invoking command in '/root/dev_ws/build/origincar_msg': CMAKE_PREFIX_PATH=${CMAKE_PREFIX_PATH}:/root/dev_ws/install/line_follower_pkg:/root/dev_ws/install/laser_tf_publisher:/userdata/dev_ws/install/utils:/userdata/dev_ws/install/origincar_base:/userdata/dev_ws/install/serial:/userdata/dev_ws/install/origincar_msg:/userdata/dev_ws/install/origincar_description:/userdata/dev_ws/install/origincar_bringup:/userdata/dev_ws/install/line_follower_pkg:/userdata/dev_ws/install/ackermann_msgs:/opt/tros/humble:/opt/ros/humble /usr/bin/cmake --install /root/dev_ws/build/origincar_msg
[5.254s] -- Install configuration: ""
[5.311s] -- Up-to-date: /root/dev_ws/install/origincar_msg/share/ament_index/resource_index/rosidl_interfaces/origincar_msg
[5.313s] -- Up-to-date: /root/dev_ws/install/origincar_msg/include/origincar_msg/origincar_msg
[5.313s] -- Up-to-date: /root/dev_ws/install/origincar_msg/include/origincar_msg/origincar_msg/msg
[5.314s] -- Up-to-date: /root/dev_ws/install/origincar_msg/include/origincar_msg/origincar_msg/msg/rosidl_generator_c__visibility_control.h
[5.315s] -- Up-to-date: /root/dev_ws/install/origincar_msg/include/origincar_msg/origincar_msg/msg/sign.h
[5.317s] -- Up-to-date: /root/dev_ws/install/origincar_msg/include/origincar_msg/origincar_msg/msg/detail
[5.318s] -- Up-to-date: /root/dev_ws/install/origincar_msg/include/origincar_msg/origincar_msg/msg/detail/data__type_support.h
[5.321s] -- Up-to-date: /root/dev_ws/install/origincar_msg/include/origincar_msg/origincar_msg/msg/detail/sign__functions.h
[5.323s] -- Up-to-date: /root/dev_ws/install/origincar_msg/include/origincar_msg/origincar_msg/msg/detail/sign__struct.h
[5.324s] -- Up-to-date: /root/dev_ws/install/origincar_msg/include/origincar_msg/origincar_msg/msg/detail/data__functions.c
[5.325s] -- Up-to-date: /root/dev_ws/install/origincar_msg/include/origincar_msg/origincar_msg/msg/detail/data__functions.h
[5.327s] -- Up-to-date: /root/dev_ws/install/origincar_msg/include/origincar_msg/origincar_msg/msg/detail/sign__type_support.h
[5.328s] -- Up-to-date: /root/dev_ws/install/origincar_msg/include/origincar_msg/origincar_msg/msg/detail/sign__functions.c
[5.330s] -- Up-to-date: /root/dev_ws/install/origincar_msg/include/origincar_msg/origincar_msg/msg/detail/data__struct.h
[5.331s] -- Up-to-date: /root/dev_ws/install/origincar_msg/include/origincar_msg/origincar_msg/msg/data.h
[5.333s] -- Up-to-date: /root/dev_ws/install/origincar_msg/share/origincar_msg/environment/library_path.sh
[5.334s] -- Up-to-date: /root/dev_ws/install/origincar_msg/share/origincar_msg/environment/library_path.dsv
[5.335s] -- Up-to-date: /root/dev_ws/install/origincar_msg/lib/liborigincar_msg__rosidl_generator_c.so
[5.337s] -- Up-to-date: /root/dev_ws/install/origincar_msg/include/origincar_msg/origincar_msg
[5.341s] -- Up-to-date: /root/dev_ws/install/origincar_msg/include/origincar_msg/origincar_msg/msg
[5.344s] -- Up-to-date: /root/dev_ws/install/origincar_msg/include/origincar_msg/origincar_msg/msg/rosidl_typesupport_fastrtps_c__visibility_control.h
[5.346s] -- Up-to-date: /root/dev_ws/install/origincar_msg/include/origincar_msg/origincar_msg/msg/detail
[5.347s] -- Up-to-date: /root/dev_ws/install/origincar_msg/include/origincar_msg/origincar_msg/msg/detail/sign__rosidl_typesupport_fastrtps_c.h
[5.349s] -- Up-to-date: /root/dev_ws/install/origincar_msg/include/origincar_msg/origincar_msg/msg/detail/data__rosidl_typesupport_fastrtps_c.h
[5.351s] -- Up-to-date: /root/dev_ws/install/origincar_msg/lib/liborigincar_msg__rosidl_typesupport_fastrtps_c.so
[5.352s] -- Up-to-date: /root/dev_ws/install/origincar_msg/include/origincar_msg/origincar_msg
[5.353s] -- Up-to-date: /root/dev_ws/install/origincar_msg/include/origincar_msg/origincar_msg/msg
[5.354s] -- Up-to-date: /root/dev_ws/install/origincar_msg/include/origincar_msg/origincar_msg/msg/rosidl_typesupport_introspection_c__visibility_control.h
[5.356s] -- Up-to-date: /root/dev_ws/install/origincar_msg/include/origincar_msg/origincar_msg/msg/detail
[5.358s] -- Up-to-date: /root/dev_ws/install/origincar_msg/include/origincar_msg/origincar_msg/msg/detail/sign__rosidl_typesupport_introspection_c.h
[5.377s] -- Up-to-date: /root/dev_ws/install/origincar_msg/include/origincar_msg/origincar_msg/msg/detail/data__rosidl_typesupport_introspection_c.h
[5.377s] -- Up-to-date: /root/dev_ws/install/origincar_msg/include/origincar_msg/origincar_msg/msg/detail/data__type_support.c
[5.379s] -- Up-to-date: /root/dev_ws/install/origincar_msg/include/origincar_msg/origincar_msg/msg/detail/sign__type_support.c
[5.379s] -- Up-to-date: /root/dev_ws/install/origincar_msg/lib/liborigincar_msg__rosidl_typesupport_introspection_c.so
[5.380s] -- Up-to-date: /root/dev_ws/install/origincar_msg/lib/liborigincar_msg__rosidl_typesupport_c.so
[5.383s] -- Up-to-date: /root/dev_ws/install/origincar_msg/include/origincar_msg/origincar_msg
[5.383s] -- Up-to-date: /root/dev_ws/install/origincar_msg/include/origincar_msg/origincar_msg/msg
[5.384s] -- Up-to-date: /root/dev_ws/install/origincar_msg/include/origincar_msg/origincar_msg/msg/data.hpp
[5.384s] -- Up-to-date: /root/dev_ws/install/origincar_msg/include/origincar_msg/origincar_msg/msg/detail
[5.385s] -- Up-to-date: /root/dev_ws/install/origincar_msg/include/origincar_msg/origincar_msg/msg/detail/sign__traits.hpp
[5.386s] -- Up-to-date: /root/dev_ws/install/origincar_msg/include/origincar_msg/origincar_msg/msg/detail/sign__builder.hpp
[5.386s] -- Up-to-date: /root/dev_ws/install/origincar_msg/include/origincar_msg/origincar_msg/msg/detail/data__builder.hpp
[5.387s] -- Up-to-date: /root/dev_ws/install/origincar_msg/include/origincar_msg/origincar_msg/msg/detail/data__struct.hpp
[5.388s] -- Up-to-date: /root/dev_ws/install/origincar_msg/include/origincar_msg/origincar_msg/msg/detail/sign__struct.hpp
[5.389s] -- Up-to-date: /root/dev_ws/install/origincar_msg/include/origincar_msg/origincar_msg/msg/detail/data__traits.hpp
[5.390s] -- Up-to-date: /root/dev_ws/install/origincar_msg/include/origincar_msg/origincar_msg/msg/sign.hpp
[5.399s] -- Up-to-date: /root/dev_ws/install/origincar_msg/include/origincar_msg/origincar_msg
[5.401s] -- Up-to-date: /root/dev_ws/install/origincar_msg/include/origincar_msg/origincar_msg/msg
[5.402s] -- Up-to-date: /root/dev_ws/install/origincar_msg/include/origincar_msg/origincar_msg/msg/detail
[5.403s] -- Up-to-date: /root/dev_ws/install/origincar_msg/include/origincar_msg/origincar_msg/msg/detail/dds_fastrtps
[5.414s] -- Up-to-date: /root/dev_ws/install/origincar_msg/include/origincar_msg/origincar_msg/msg/detail/sign__rosidl_typesupport_fastrtps_cpp.hpp
[5.416s] -- Up-to-date: /root/dev_ws/install/origincar_msg/include/origincar_msg/origincar_msg/msg/detail/data__rosidl_typesupport_fastrtps_cpp.hpp
[5.417s] -- Up-to-date: /root/dev_ws/install/origincar_msg/include/origincar_msg/origincar_msg/msg/rosidl_typesupport_fastrtps_cpp__visibility_control.h
[5.426s] -- Up-to-date: /root/dev_ws/install/origincar_msg/lib/liborigincar_msg__rosidl_typesupport_fastrtps_cpp.so
[5.444s] -- Up-to-date: /root/dev_ws/install/origincar_msg/include/origincar_msg/origincar_msg
[5.448s] -- Up-to-date: /root/dev_ws/install/origincar_msg/include/origincar_msg/origincar_msg/msg
[5.448s] -- Up-to-date: /root/dev_ws/install/origincar_msg/include/origincar_msg/origincar_msg/msg/detail
[5.452s] -- Up-to-date: /root/dev_ws/install/origincar_msg/include/origincar_msg/origincar_msg/msg/detail/data__rosidl_typesupport_introspection_cpp.hpp
[5.453s] -- Up-to-date: /root/dev_ws/install/origincar_msg/include/origincar_msg/origincar_msg/msg/detail/data__type_support.cpp
[5.454s] -- Up-to-date: /root/dev_ws/install/origincar_msg/include/origincar_msg/origincar_msg/msg/detail/sign__rosidl_typesupport_introspection_cpp.hpp
[5.454s] -- Up-to-date: /root/dev_ws/install/origincar_msg/include/origincar_msg/origincar_msg/msg/detail/sign__type_support.cpp
[5.455s] -- Up-to-date: /root/dev_ws/install/origincar_msg/lib/liborigincar_msg__rosidl_typesupport_introspection_cpp.so
[5.456s] -- Up-to-date: /root/dev_ws/install/origincar_msg/lib/liborigincar_msg__rosidl_typesupport_cpp.so
[5.456s] -- Up-to-date: /root/dev_ws/install/origincar_msg/share/origincar_msg/environment/pythonpath.sh
[5.457s] -- Up-to-date: /root/dev_ws/install/origincar_msg/share/origincar_msg/environment/pythonpath.dsv
[5.458s] -- Up-to-date: /root/dev_ws/install/origincar_msg/local/lib/python3.10/dist-packages/origincar_msg-0.0.0-py3.10.egg-info
[5.458s] -- Installing: /root/dev_ws/install/origincar_msg/local/lib/python3.10/dist-packages/origincar_msg-0.0.0-py3.10.egg-info/SOURCES.txt
[5.459s] -- Installing: /root/dev_ws/install/origincar_msg/local/lib/python3.10/dist-packages/origincar_msg-0.0.0-py3.10.egg-info/PKG-INFO
[5.467s] -- Installing: /root/dev_ws/install/origincar_msg/local/lib/python3.10/dist-packages/origincar_msg-0.0.0-py3.10.egg-info/dependency_links.txt
[5.468s] -- Installing: /root/dev_ws/install/origincar_msg/local/lib/python3.10/dist-packages/origincar_msg-0.0.0-py3.10.egg-info/top_level.txt
[5.470s] -- Up-to-date: /root/dev_ws/install/origincar_msg/local/lib/python3.10/dist-packages/origincar_msg
[5.470s] -- Up-to-date: /root/dev_ws/install/origincar_msg/local/lib/python3.10/dist-packages/origincar_msg/_origincar_msg_s.ep.rosidl_typesupport_c.c
[5.476s] -- Up-to-date: /root/dev_ws/install/origincar_msg/local/lib/python3.10/dist-packages/origincar_msg/msg
[5.477s] -- Up-to-date: /root/dev_ws/install/origincar_msg/local/lib/python3.10/dist-packages/origincar_msg/msg/_sign_s.c
[5.478s] -- Up-to-date: /root/dev_ws/install/origincar_msg/local/lib/python3.10/dist-packages/origincar_msg/msg/_sign.py
[5.481s] -- Up-to-date: /root/dev_ws/install/origincar_msg/local/lib/python3.10/dist-packages/origincar_msg/msg/_data.py
[5.488s] -- Up-to-date: /root/dev_ws/install/origincar_msg/local/lib/python3.10/dist-packages/origincar_msg/msg/__init__.py
[5.490s] -- Up-to-date: /root/dev_ws/install/origincar_msg/local/lib/python3.10/dist-packages/origincar_msg/msg/_data_s.c
[5.509s] -- Up-to-date: /root/dev_ws/install/origincar_msg/local/lib/python3.10/dist-packages/origincar_msg/origincar_msg_s__rosidl_typesupport_introspection_c.cpython-310-aarch64-linux-gnu.so
[5.524s] -- Up-to-date: /root/dev_ws/install/origincar_msg/local/lib/python3.10/dist-packages/origincar_msg/__init__.py
[5.525s] -- Up-to-date: /root/dev_ws/install/origincar_msg/local/lib/python3.10/dist-packages/origincar_msg/origincar_msg_s__rosidl_typesupport_c.cpython-310-aarch64-linux-gnu.so
[5.525s] -- Up-to-date: /root/dev_ws/install/origincar_msg/local/lib/python3.10/dist-packages/origincar_msg/origincar_msg_s__rosidl_typesupport_fastrtps_c.cpython-310-aarch64-linux-gnu.so
[5.526s] -- Up-to-date: /root/dev_ws/install/origincar_msg/local/lib/python3.10/dist-packages/origincar_msg/_origincar_msg_s.ep.rosidl_typesupport_fastrtps_c.c
[5.527s] -- Up-to-date: /root/dev_ws/install/origincar_msg/local/lib/python3.10/dist-packages/origincar_msg/liborigincar_msg__rosidl_generator_py.so
[5.527s] -- Up-to-date: /root/dev_ws/install/origincar_msg/local/lib/python3.10/dist-packages/origincar_msg/_origincar_msg_s.ep.rosidl_typesupport_introspection_c.c
[5.661s] Listing '/root/dev_ws/install/origincar_msg/local/lib/python3.10/dist-packages/origincar_msg'...
[5.662s] Listing '/root/dev_ws/install/origincar_msg/local/lib/python3.10/dist-packages/origincar_msg/msg'...
[5.696s] -- Up-to-date: /root/dev_ws/install/origincar_msg/local/lib/python3.10/dist-packages/origincar_msg/origincar_msg_s__rosidl_typesupport_fastrtps_c.cpython-310-aarch64-linux-gnu.so
[5.700s] -- Up-to-date: /root/dev_ws/install/origincar_msg/local/lib/python3.10/dist-packages/origincar_msg/origincar_msg_s__rosidl_typesupport_introspection_c.cpython-310-aarch64-linux-gnu.so
[5.702s] -- Up-to-date: /root/dev_ws/install/origincar_msg/local/lib/python3.10/dist-packages/origincar_msg/origincar_msg_s__rosidl_typesupport_c.cpython-310-aarch64-linux-gnu.so
[5.704s] -- Up-to-date: /root/dev_ws/install/origincar_msg/lib/liborigincar_msg__rosidl_generator_py.so
[5.709s] -- Up-to-date: /root/dev_ws/install/origincar_msg/share/origincar_msg/msg/Data.idl
[5.710s] -- Up-to-date: /root/dev_ws/install/origincar_msg/share/origincar_msg/msg/Sign.idl
[5.712s] -- Up-to-date: /root/dev_ws/install/origincar_msg/share/origincar_msg/msg/Data.msg
[5.713s] -- Up-to-date: /root/dev_ws/install/origincar_msg/share/origincar_msg/msg/Sign.msg
[5.724s] -- Up-to-date: /root/dev_ws/install/origincar_msg/share/ament_index/resource_index/package_run_dependencies/origincar_msg
[5.727s] -- Up-to-date: /root/dev_ws/install/origincar_msg/share/ament_index/resource_index/parent_prefix_path/origincar_msg
[5.728s] -- Up-to-date: /root/dev_ws/install/origincar_msg/share/origincar_msg/environment/ament_prefix_path.sh
[5.732s] -- Up-to-date: /root/dev_ws/install/origincar_msg/share/origincar_msg/environment/ament_prefix_path.dsv
[5.735s] -- Up-to-date: /root/dev_ws/install/origincar_msg/share/origincar_msg/environment/path.sh
[5.738s] -- Up-to-date: /root/dev_ws/install/origincar_msg/share/origincar_msg/environment/path.dsv
[5.738s] -- Up-to-date: /root/dev_ws/install/origincar_msg/share/origincar_msg/local_setup.bash
[5.740s] -- Up-to-date: /root/dev_ws/install/origincar_msg/share/origincar_msg/local_setup.sh
[5.744s] -- Up-to-date: /root/dev_ws/install/origincar_msg/share/origincar_msg/local_setup.zsh
[5.746s] -- Up-to-date: /root/dev_ws/install/origincar_msg/share/origincar_msg/local_setup.dsv
[5.747s] -- Installing: /root/dev_ws/install/origincar_msg/share/origincar_msg/package.dsv
[5.757s] -- Up-to-date: /root/dev_ws/install/origincar_msg/share/ament_index/resource_index/packages/origincar_msg
[5.759s] -- Up-to-date: /root/dev_ws/install/origincar_msg/share/origincar_msg/cmake/export_origincar_msg__rosidl_generator_cExport.cmake
[5.760s] -- Up-to-date: /root/dev_ws/install/origincar_msg/share/origincar_msg/cmake/export_origincar_msg__rosidl_generator_cExport-noconfig.cmake
[5.760s] -- Up-to-date: /root/dev_ws/install/origincar_msg/share/origincar_msg/cmake/export_origincar_msg__rosidl_typesupport_fastrtps_cExport.cmake
[5.763s] -- Up-to-date: /root/dev_ws/install/origincar_msg/share/origincar_msg/cmake/export_origincar_msg__rosidl_typesupport_fastrtps_cExport-noconfig.cmake
[5.767s] -- Up-to-date: /root/dev_ws/install/origincar_msg/share/origincar_msg/cmake/origincar_msg__rosidl_typesupport_introspection_cExport.cmake
[5.767s] -- Up-to-date: /root/dev_ws/install/origincar_msg/share/origincar_msg/cmake/origincar_msg__rosidl_typesupport_introspection_cExport-noconfig.cmake
[5.768s] -- Up-to-date: /root/dev_ws/install/origincar_msg/share/origincar_msg/cmake/origincar_msg__rosidl_typesupport_cExport.cmake
[5.769s] -- Up-to-date: /root/dev_ws/install/origincar_msg/share/origincar_msg/cmake/origincar_msg__rosidl_typesupport_cExport-noconfig.cmake
[5.770s] -- Up-to-date: /root/dev_ws/install/origincar_msg/share/origincar_msg/cmake/export_origincar_msg__rosidl_generator_cppExport.cmake
[5.771s] -- Up-to-date: /root/dev_ws/install/origincar_msg/share/origincar_msg/cmake/export_origincar_msg__rosidl_typesupport_fastrtps_cppExport.cmake
[5.771s] -- Up-to-date: /root/dev_ws/install/origincar_msg/share/origincar_msg/cmake/export_origincar_msg__rosidl_typesupport_fastrtps_cppExport-noconfig.cmake
[5.772s] -- Up-to-date: /root/dev_ws/install/origincar_msg/share/origincar_msg/cmake/origincar_msg__rosidl_typesupport_introspection_cppExport.cmake
[5.773s] -- Up-to-date: /root/dev_ws/install/origincar_msg/share/origincar_msg/cmake/origincar_msg__rosidl_typesupport_introspection_cppExport-noconfig.cmake
[5.773s] -- Up-to-date: /root/dev_ws/install/origincar_msg/share/origincar_msg/cmake/origincar_msg__rosidl_typesupport_cppExport.cmake
[5.774s] -- Up-to-date: /root/dev_ws/install/origincar_msg/share/origincar_msg/cmake/origincar_msg__rosidl_typesupport_cppExport-noconfig.cmake
[5.775s] -- Up-to-date: /root/dev_ws/install/origincar_msg/share/origincar_msg/cmake/export_origincar_msg__rosidl_generator_pyExport.cmake
[5.775s] -- Up-to-date: /root/dev_ws/install/origincar_msg/share/origincar_msg/cmake/export_origincar_msg__rosidl_generator_pyExport-noconfig.cmake
[5.776s] -- Up-to-date: /root/dev_ws/install/origincar_msg/share/origincar_msg/cmake/rosidl_cmake-extras.cmake
[5.777s] -- Up-to-date: /root/dev_ws/install/origincar_msg/share/origincar_msg/cmake/ament_cmake_export_dependencies-extras.cmake
[5.778s] -- Up-to-date: /root/dev_ws/install/origincar_msg/share/origincar_msg/cmake/ament_cmake_export_include_directories-extras.cmake
[5.778s] -- Up-to-date: /root/dev_ws/install/origincar_msg/share/origincar_msg/cmake/ament_cmake_export_libraries-extras.cmake
[5.779s] -- Up-to-date: /root/dev_ws/install/origincar_msg/share/origincar_msg/cmake/ament_cmake_export_targets-extras.cmake
[5.779s] -- Up-to-date: /root/dev_ws/install/origincar_msg/share/origincar_msg/cmake/rosidl_cmake_export_typesupport_targets-extras.cmake
[5.780s] -- Up-to-date: /root/dev_ws/install/origincar_msg/share/origincar_msg/cmake/rosidl_cmake_export_typesupport_libraries-extras.cmake
[5.781s] -- Up-to-date: /root/dev_ws/install/origincar_msg/share/origincar_msg/cmake/origincar_msgConfig.cmake
[5.781s] -- Up-to-date: /root/dev_ws/install/origincar_msg/share/origincar_msg/cmake/origincar_msgConfig-version.cmake
[5.782s] -- Up-to-date: /root/dev_ws/install/origincar_msg/share/origincar_msg/package.xml
[5.924s] Invoked command in '/root/dev_ws/build/origincar_msg' returned '0': CMAKE_PREFIX_PATH=${CMAKE_PREFIX_PATH}:/root/dev_ws/install/line_follower_pkg:/root/dev_ws/install/laser_tf_publisher:/userdata/dev_ws/install/utils:/userdata/dev_ws/install/origincar_base:/userdata/dev_ws/install/serial:/userdata/dev_ws/install/origincar_msg:/userdata/dev_ws/install/origincar_description:/userdata/dev_ws/install/origincar_bringup:/userdata/dev_ws/install/line_follower_pkg:/userdata/dev_ws/install/ackermann_msgs:/opt/tros/humble:/opt/ros/humble /usr/bin/cmake --install /root/dev_ws/build/origincar_msg
