[0.272s] Invoking command in '/root/dev_ws/build/origincar_msg': CMAKE_PREFIX_PATH=${CMAKE_PREFIX_PATH}:/root/dev_ws/install/line_follower_pkg:/root/dev_ws/install/laser_tf_publisher:/userdata/dev_ws/install/utils:/userdata/dev_ws/install/origincar_base:/userdata/dev_ws/install/serial:/userdata/dev_ws/install/origincar_msg:/userdata/dev_ws/install/origincar_description:/userdata/dev_ws/install/origincar_bringup:/userdata/dev_ws/install/line_follower_pkg:/userdata/dev_ws/install/ackermann_msgs:/opt/tros/humble:/opt/ros/humble /usr/bin/cmake --build /root/dev_ws/build/origincar_msg -- -j8 -l8
[4.842s] [  2%] Built target origincar_msg__cpp
[4.843s] [ 12%] Built target origincar_msg__rosidl_generator_c
[4.843s] [ 12%] Built target ament_cmake_python_copy_origincar_msg
[4.844s] [ 23%] Built target origincar_msg__rosidl_typesupport_cpp
[4.844s] [ 33%] Built target origincar_msg__rosidl_typesupport_fastrtps_cpp
[4.845s] [ 43%] Built target origincar_msg__rosidl_typesupport_c
[4.845s] [ 53%] Built target origincar_msg__rosidl_typesupport_introspection_c
[4.845s] [ 64%] Built target origincar_msg__rosidl_typesupport_introspection_cpp
[4.846s] [ 74%] Built target origincar_msg__rosidl_typesupport_fastrtps_c
[4.846s] [ 74%] Built target origincar_msg
[4.847s] [ 76%] Built target origincar_msg__py
[4.847s] [ 84%] Built target origincar_msg__rosidl_generator_py
[4.848s] [ 89%] Built target origincar_msg__rosidl_typesupport_fastrtps_c__pyext
[4.848s] [ 94%] Built target origincar_msg__rosidl_typesupport_introspection_c__pyext
[4.848s] [100%] Built target origincar_msg__rosidl_typesupport_c__pyext
[4.849s] running egg_info
[4.849s] writing origincar_msg.egg-info/PKG-INFO
[4.850s] writing dependency_links to origincar_msg.egg-info/dependency_links.txt
[4.850s] writing top-level names to origincar_msg.egg-info/top_level.txt
[4.850s] reading manifest file 'origincar_msg.egg-info/SOURCES.txt'
[4.851s] writing manifest file 'origincar_msg.egg-info/SOURCES.txt'
[4.851s] [100%] Built target ament_cmake_python_build_origincar_msg_egg
[4.905s] Invoked command in '/root/dev_ws/build/origincar_msg' returned '0': CMAKE_PREFIX_PATH=${CMAKE_PREFIX_PATH}:/root/dev_ws/install/line_follower_pkg:/root/dev_ws/install/laser_tf_publisher:/userdata/dev_ws/install/utils:/userdata/dev_ws/install/origincar_base:/userdata/dev_ws/install/serial:/userdata/dev_ws/install/origincar_msg:/userdata/dev_ws/install/origincar_description:/userdata/dev_ws/install/origincar_bringup:/userdata/dev_ws/install/line_follower_pkg:/userdata/dev_ws/install/ackermann_msgs:/opt/tros/humble:/opt/ros/humble /usr/bin/cmake --build /root/dev_ws/build/origincar_msg -- -j8 -l8
[4.916s] Invoking command in '/root/dev_ws/build/origincar_msg': CMAKE_PREFIX_PATH=${CMAKE_PREFIX_PATH}:/root/dev_ws/install/line_follower_pkg:/root/dev_ws/install/laser_tf_publisher:/userdata/dev_ws/install/utils:/userdata/dev_ws/install/origincar_base:/userdata/dev_ws/install/serial:/userdata/dev_ws/install/origincar_msg:/userdata/dev_ws/install/origincar_description:/userdata/dev_ws/install/origincar_bringup:/userdata/dev_ws/install/line_follower_pkg:/userdata/dev_ws/install/ackermann_msgs:/opt/tros/humble:/opt/ros/humble /usr/bin/cmake --install /root/dev_ws/build/origincar_msg
[5.241s] -- Install configuration: ""
[5.242s] -- Up-to-date: /root/dev_ws/install/origincar_msg/share/ament_index/resource_index/rosidl_interfaces/origincar_msg
[5.246s] -- Up-to-date: /root/dev_ws/install/origincar_msg/include/origincar_msg/origincar_msg
[5.247s] -- Up-to-date: /root/dev_ws/install/origincar_msg/include/origincar_msg/origincar_msg/msg
[5.249s] -- Up-to-date: /root/dev_ws/install/origincar_msg/include/origincar_msg/origincar_msg/msg/rosidl_generator_c__visibility_control.h
[5.252s] -- Up-to-date: /root/dev_ws/install/origincar_msg/include/origincar_msg/origincar_msg/msg/sign.h
[5.253s] -- Up-to-date: /root/dev_ws/install/origincar_msg/include/origincar_msg/origincar_msg/msg/detail
[5.259s] -- Up-to-date: /root/dev_ws/install/origincar_msg/include/origincar_msg/origincar_msg/msg/detail/data__type_support.h
[5.260s] -- Up-to-date: /root/dev_ws/install/origincar_msg/include/origincar_msg/origincar_msg/msg/detail/sign__functions.h
[5.261s] -- Up-to-date: /root/dev_ws/install/origincar_msg/include/origincar_msg/origincar_msg/msg/detail/sign__struct.h
[5.262s] -- Up-to-date: /root/dev_ws/install/origincar_msg/include/origincar_msg/origincar_msg/msg/detail/data__functions.c
[5.263s] -- Up-to-date: /root/dev_ws/install/origincar_msg/include/origincar_msg/origincar_msg/msg/detail/data__functions.h
[5.264s] -- Up-to-date: /root/dev_ws/install/origincar_msg/include/origincar_msg/origincar_msg/msg/detail/sign__type_support.h
[5.265s] -- Up-to-date: /root/dev_ws/install/origincar_msg/include/origincar_msg/origincar_msg/msg/detail/sign__functions.c
[5.266s] -- Up-to-date: /root/dev_ws/install/origincar_msg/include/origincar_msg/origincar_msg/msg/detail/data__struct.h
[5.267s] -- Up-to-date: /root/dev_ws/install/origincar_msg/include/origincar_msg/origincar_msg/msg/data.h
[5.268s] -- Up-to-date: /root/dev_ws/install/origincar_msg/share/origincar_msg/environment/library_path.sh
[5.269s] -- Up-to-date: /root/dev_ws/install/origincar_msg/share/origincar_msg/environment/library_path.dsv
[5.270s] -- Up-to-date: /root/dev_ws/install/origincar_msg/lib/liborigincar_msg__rosidl_generator_c.so
[5.270s] -- Up-to-date: /root/dev_ws/install/origincar_msg/include/origincar_msg/origincar_msg
[5.271s] -- Up-to-date: /root/dev_ws/install/origincar_msg/include/origincar_msg/origincar_msg/msg
[5.272s] -- Up-to-date: /root/dev_ws/install/origincar_msg/include/origincar_msg/origincar_msg/msg/rosidl_typesupport_fastrtps_c__visibility_control.h
[5.273s] -- Up-to-date: /root/dev_ws/install/origincar_msg/include/origincar_msg/origincar_msg/msg/detail
[5.273s] -- Up-to-date: /root/dev_ws/install/origincar_msg/include/origincar_msg/origincar_msg/msg/detail/sign__rosidl_typesupport_fastrtps_c.h
[5.274s] -- Up-to-date: /root/dev_ws/install/origincar_msg/include/origincar_msg/origincar_msg/msg/detail/data__rosidl_typesupport_fastrtps_c.h
[5.275s] -- Up-to-date: /root/dev_ws/install/origincar_msg/lib/liborigincar_msg__rosidl_typesupport_fastrtps_c.so
[5.276s] -- Up-to-date: /root/dev_ws/install/origincar_msg/include/origincar_msg/origincar_msg
[5.277s] -- Up-to-date: /root/dev_ws/install/origincar_msg/include/origincar_msg/origincar_msg/msg
[5.277s] -- Up-to-date: /root/dev_ws/install/origincar_msg/include/origincar_msg/origincar_msg/msg/rosidl_typesupport_introspection_c__visibility_control.h
[5.282s] -- Up-to-date: /root/dev_ws/install/origincar_msg/include/origincar_msg/origincar_msg/msg/detail
[5.284s] -- Up-to-date: /root/dev_ws/install/origincar_msg/include/origincar_msg/origincar_msg/msg/detail/sign__rosidl_typesupport_introspection_c.h
[5.285s] -- Up-to-date: /root/dev_ws/install/origincar_msg/include/origincar_msg/origincar_msg/msg/detail/data__rosidl_typesupport_introspection_c.h
[5.287s] -- Up-to-date: /root/dev_ws/install/origincar_msg/include/origincar_msg/origincar_msg/msg/detail/data__type_support.c
[5.289s] -- Up-to-date: /root/dev_ws/install/origincar_msg/include/origincar_msg/origincar_msg/msg/detail/sign__type_support.c
[5.290s] -- Up-to-date: /root/dev_ws/install/origincar_msg/lib/liborigincar_msg__rosidl_typesupport_introspection_c.so
[5.293s] -- Up-to-date: /root/dev_ws/install/origincar_msg/lib/liborigincar_msg__rosidl_typesupport_c.so
[5.295s] -- Up-to-date: /root/dev_ws/install/origincar_msg/include/origincar_msg/origincar_msg
[5.307s] -- Up-to-date: /root/dev_ws/install/origincar_msg/include/origincar_msg/origincar_msg/msg
[5.311s] -- Up-to-date: /root/dev_ws/install/origincar_msg/include/origincar_msg/origincar_msg/msg/data.hpp
[5.312s] -- Up-to-date: /root/dev_ws/install/origincar_msg/include/origincar_msg/origincar_msg/msg/detail
[5.314s] -- Up-to-date: /root/dev_ws/install/origincar_msg/include/origincar_msg/origincar_msg/msg/detail/sign__traits.hpp
[5.319s] -- Up-to-date: /root/dev_ws/install/origincar_msg/include/origincar_msg/origincar_msg/msg/detail/sign__builder.hpp
[5.320s] -- Up-to-date: /root/dev_ws/install/origincar_msg/include/origincar_msg/origincar_msg/msg/detail/data__builder.hpp
[5.321s] -- Up-to-date: /root/dev_ws/install/origincar_msg/include/origincar_msg/origincar_msg/msg/detail/data__struct.hpp
[5.324s] -- Up-to-date: /root/dev_ws/install/origincar_msg/include/origincar_msg/origincar_msg/msg/detail/sign__struct.hpp
[5.327s] -- Up-to-date: /root/dev_ws/install/origincar_msg/include/origincar_msg/origincar_msg/msg/detail/data__traits.hpp
[5.328s] -- Up-to-date: /root/dev_ws/install/origincar_msg/include/origincar_msg/origincar_msg/msg/sign.hpp
[5.330s] -- Up-to-date: /root/dev_ws/install/origincar_msg/include/origincar_msg/origincar_msg
[5.332s] -- Up-to-date: /root/dev_ws/install/origincar_msg/include/origincar_msg/origincar_msg/msg
[5.333s] -- Up-to-date: /root/dev_ws/install/origincar_msg/include/origincar_msg/origincar_msg/msg/detail
[5.336s] -- Up-to-date: /root/dev_ws/install/origincar_msg/include/origincar_msg/origincar_msg/msg/detail/dds_fastrtps
[5.338s] -- Up-to-date: /root/dev_ws/install/origincar_msg/include/origincar_msg/origincar_msg/msg/detail/sign__rosidl_typesupport_fastrtps_cpp.hpp
[5.341s] -- Up-to-date: /root/dev_ws/install/origincar_msg/include/origincar_msg/origincar_msg/msg/detail/data__rosidl_typesupport_fastrtps_cpp.hpp
[5.342s] -- Up-to-date: /root/dev_ws/install/origincar_msg/include/origincar_msg/origincar_msg/msg/rosidl_typesupport_fastrtps_cpp__visibility_control.h
[5.349s] -- Up-to-date: /root/dev_ws/install/origincar_msg/lib/liborigincar_msg__rosidl_typesupport_fastrtps_cpp.so
[5.353s] -- Up-to-date: /root/dev_ws/install/origincar_msg/include/origincar_msg/origincar_msg
[5.354s] -- Up-to-date: /root/dev_ws/install/origincar_msg/include/origincar_msg/origincar_msg/msg
[5.355s] -- Up-to-date: /root/dev_ws/install/origincar_msg/include/origincar_msg/origincar_msg/msg/detail
[5.357s] -- Up-to-date: /root/dev_ws/install/origincar_msg/include/origincar_msg/origincar_msg/msg/detail/data__rosidl_typesupport_introspection_cpp.hpp
[5.358s] -- Up-to-date: /root/dev_ws/install/origincar_msg/include/origincar_msg/origincar_msg/msg/detail/data__type_support.cpp
[5.359s] -- Up-to-date: /root/dev_ws/install/origincar_msg/include/origincar_msg/origincar_msg/msg/detail/sign__rosidl_typesupport_introspection_cpp.hpp
[5.361s] -- Up-to-date: /root/dev_ws/install/origincar_msg/include/origincar_msg/origincar_msg/msg/detail/sign__type_support.cpp
[5.362s] -- Up-to-date: /root/dev_ws/install/origincar_msg/lib/liborigincar_msg__rosidl_typesupport_introspection_cpp.so
[5.363s] -- Up-to-date: /root/dev_ws/install/origincar_msg/lib/liborigincar_msg__rosidl_typesupport_cpp.so
[5.364s] -- Up-to-date: /root/dev_ws/install/origincar_msg/share/origincar_msg/environment/pythonpath.sh
[5.365s] -- Up-to-date: /root/dev_ws/install/origincar_msg/share/origincar_msg/environment/pythonpath.dsv
[5.366s] -- Up-to-date: /root/dev_ws/install/origincar_msg/local/lib/python3.10/dist-packages/origincar_msg-0.0.0-py3.10.egg-info
[5.367s] -- Installing: /root/dev_ws/install/origincar_msg/local/lib/python3.10/dist-packages/origincar_msg-0.0.0-py3.10.egg-info/SOURCES.txt
[5.368s] -- Installing: /root/dev_ws/install/origincar_msg/local/lib/python3.10/dist-packages/origincar_msg-0.0.0-py3.10.egg-info/PKG-INFO
[5.390s] -- Installing: /root/dev_ws/install/origincar_msg/local/lib/python3.10/dist-packages/origincar_msg-0.0.0-py3.10.egg-info/dependency_links.txt
[5.391s] -- Installing: /root/dev_ws/install/origincar_msg/local/lib/python3.10/dist-packages/origincar_msg-0.0.0-py3.10.egg-info/top_level.txt
[5.427s] -- Up-to-date: /root/dev_ws/install/origincar_msg/local/lib/python3.10/dist-packages/origincar_msg
[5.428s] -- Up-to-date: /root/dev_ws/install/origincar_msg/local/lib/python3.10/dist-packages/origincar_msg/_origincar_msg_s.ep.rosidl_typesupport_c.c
[5.429s] -- Up-to-date: /root/dev_ws/install/origincar_msg/local/lib/python3.10/dist-packages/origincar_msg/msg
[5.432s] -- Up-to-date: /root/dev_ws/install/origincar_msg/local/lib/python3.10/dist-packages/origincar_msg/msg/_sign_s.c
[5.452s] -- Up-to-date: /root/dev_ws/install/origincar_msg/local/lib/python3.10/dist-packages/origincar_msg/msg/_sign.py
[5.460s] -- Up-to-date: /root/dev_ws/install/origincar_msg/local/lib/python3.10/dist-packages/origincar_msg/msg/_data.py
[5.461s] -- Up-to-date: /root/dev_ws/install/origincar_msg/local/lib/python3.10/dist-packages/origincar_msg/msg/__init__.py
[5.462s] -- Up-to-date: /root/dev_ws/install/origincar_msg/local/lib/python3.10/dist-packages/origincar_msg/msg/_data_s.c
[5.463s] -- Up-to-date: /root/dev_ws/install/origincar_msg/local/lib/python3.10/dist-packages/origincar_msg/origincar_msg_s__rosidl_typesupport_introspection_c.cpython-310-aarch64-linux-gnu.so
[5.464s] -- Up-to-date: /root/dev_ws/install/origincar_msg/local/lib/python3.10/dist-packages/origincar_msg/__init__.py
[5.467s] -- Up-to-date: /root/dev_ws/install/origincar_msg/local/lib/python3.10/dist-packages/origincar_msg/origincar_msg_s__rosidl_typesupport_c.cpython-310-aarch64-linux-gnu.so
[5.470s] -- Up-to-date: /root/dev_ws/install/origincar_msg/local/lib/python3.10/dist-packages/origincar_msg/origincar_msg_s__rosidl_typesupport_fastrtps_c.cpython-310-aarch64-linux-gnu.so
[5.472s] -- Up-to-date: /root/dev_ws/install/origincar_msg/local/lib/python3.10/dist-packages/origincar_msg/_origincar_msg_s.ep.rosidl_typesupport_fastrtps_c.c
[5.474s] -- Up-to-date: /root/dev_ws/install/origincar_msg/local/lib/python3.10/dist-packages/origincar_msg/liborigincar_msg__rosidl_generator_py.so
[5.475s] -- Up-to-date: /root/dev_ws/install/origincar_msg/local/lib/python3.10/dist-packages/origincar_msg/_origincar_msg_s.ep.rosidl_typesupport_introspection_c.c
[5.790s] Listing '/root/dev_ws/install/origincar_msg/local/lib/python3.10/dist-packages/origincar_msg'...
[5.790s] Listing '/root/dev_ws/install/origincar_msg/local/lib/python3.10/dist-packages/origincar_msg/msg'...
[5.791s] -- Up-to-date: /root/dev_ws/install/origincar_msg/local/lib/python3.10/dist-packages/origincar_msg/origincar_msg_s__rosidl_typesupport_fastrtps_c.cpython-310-aarch64-linux-gnu.so
[5.793s] -- Up-to-date: /root/dev_ws/install/origincar_msg/local/lib/python3.10/dist-packages/origincar_msg/origincar_msg_s__rosidl_typesupport_introspection_c.cpython-310-aarch64-linux-gnu.so
[5.797s] -- Up-to-date: /root/dev_ws/install/origincar_msg/local/lib/python3.10/dist-packages/origincar_msg/origincar_msg_s__rosidl_typesupport_c.cpython-310-aarch64-linux-gnu.so
[5.815s] -- Up-to-date: /root/dev_ws/install/origincar_msg/lib/liborigincar_msg__rosidl_generator_py.so
[5.821s] -- Up-to-date: /root/dev_ws/install/origincar_msg/share/origincar_msg/msg/Data.idl
[5.822s] -- Up-to-date: /root/dev_ws/install/origincar_msg/share/origincar_msg/msg/Sign.idl
[5.826s] -- Up-to-date: /root/dev_ws/install/origincar_msg/share/origincar_msg/msg/Data.msg
[5.827s] -- Up-to-date: /root/dev_ws/install/origincar_msg/share/origincar_msg/msg/Sign.msg
[5.829s] -- Up-to-date: /root/dev_ws/install/origincar_msg/share/ament_index/resource_index/package_run_dependencies/origincar_msg
[5.834s] -- Up-to-date: /root/dev_ws/install/origincar_msg/share/ament_index/resource_index/parent_prefix_path/origincar_msg
[5.835s] -- Up-to-date: /root/dev_ws/install/origincar_msg/share/origincar_msg/environment/ament_prefix_path.sh
[5.845s] -- Up-to-date: /root/dev_ws/install/origincar_msg/share/origincar_msg/environment/ament_prefix_path.dsv
[5.845s] -- Up-to-date: /root/dev_ws/install/origincar_msg/share/origincar_msg/environment/path.sh
[5.847s] -- Up-to-date: /root/dev_ws/install/origincar_msg/share/origincar_msg/environment/path.dsv
[5.847s] -- Up-to-date: /root/dev_ws/install/origincar_msg/share/origincar_msg/local_setup.bash
[5.848s] -- Up-to-date: /root/dev_ws/install/origincar_msg/share/origincar_msg/local_setup.sh
[5.848s] -- Up-to-date: /root/dev_ws/install/origincar_msg/share/origincar_msg/local_setup.zsh
[5.849s] -- Up-to-date: /root/dev_ws/install/origincar_msg/share/origincar_msg/local_setup.dsv
[5.850s] -- Installing: /root/dev_ws/install/origincar_msg/share/origincar_msg/package.dsv
[5.850s] -- Up-to-date: /root/dev_ws/install/origincar_msg/share/ament_index/resource_index/packages/origincar_msg
[5.857s] -- Up-to-date: /root/dev_ws/install/origincar_msg/share/origincar_msg/cmake/export_origincar_msg__rosidl_generator_cExport.cmake
[5.859s] -- Up-to-date: /root/dev_ws/install/origincar_msg/share/origincar_msg/cmake/export_origincar_msg__rosidl_generator_cExport-noconfig.cmake
[5.862s] -- Up-to-date: /root/dev_ws/install/origincar_msg/share/origincar_msg/cmake/export_origincar_msg__rosidl_typesupport_fastrtps_cExport.cmake
[5.863s] -- Up-to-date: /root/dev_ws/install/origincar_msg/share/origincar_msg/cmake/export_origincar_msg__rosidl_typesupport_fastrtps_cExport-noconfig.cmake
[5.867s] -- Up-to-date: /root/dev_ws/install/origincar_msg/share/origincar_msg/cmake/origincar_msg__rosidl_typesupport_introspection_cExport.cmake
[5.868s] -- Up-to-date: /root/dev_ws/install/origincar_msg/share/origincar_msg/cmake/origincar_msg__rosidl_typesupport_introspection_cExport-noconfig.cmake
[5.873s] -- Up-to-date: /root/dev_ws/install/origincar_msg/share/origincar_msg/cmake/origincar_msg__rosidl_typesupport_cExport.cmake
[5.874s] -- Up-to-date: /root/dev_ws/install/origincar_msg/share/origincar_msg/cmake/origincar_msg__rosidl_typesupport_cExport-noconfig.cmake
[5.878s] -- Up-to-date: /root/dev_ws/install/origincar_msg/share/origincar_msg/cmake/export_origincar_msg__rosidl_generator_cppExport.cmake
[5.880s] -- Up-to-date: /root/dev_ws/install/origincar_msg/share/origincar_msg/cmake/export_origincar_msg__rosidl_typesupport_fastrtps_cppExport.cmake
[5.894s] -- Up-to-date: /root/dev_ws/install/origincar_msg/share/origincar_msg/cmake/export_origincar_msg__rosidl_typesupport_fastrtps_cppExport-noconfig.cmake
[5.896s] -- Up-to-date: /root/dev_ws/install/origincar_msg/share/origincar_msg/cmake/origincar_msg__rosidl_typesupport_introspection_cppExport.cmake
[5.898s] -- Up-to-date: /root/dev_ws/install/origincar_msg/share/origincar_msg/cmake/origincar_msg__rosidl_typesupport_introspection_cppExport-noconfig.cmake
[5.911s] -- Up-to-date: /root/dev_ws/install/origincar_msg/share/origincar_msg/cmake/origincar_msg__rosidl_typesupport_cppExport.cmake
[5.912s] -- Up-to-date: /root/dev_ws/install/origincar_msg/share/origincar_msg/cmake/origincar_msg__rosidl_typesupport_cppExport-noconfig.cmake
[5.916s] -- Up-to-date: /root/dev_ws/install/origincar_msg/share/origincar_msg/cmake/export_origincar_msg__rosidl_generator_pyExport.cmake
[5.919s] -- Up-to-date: /root/dev_ws/install/origincar_msg/share/origincar_msg/cmake/export_origincar_msg__rosidl_generator_pyExport-noconfig.cmake
[5.923s] -- Up-to-date: /root/dev_ws/install/origincar_msg/share/origincar_msg/cmake/rosidl_cmake-extras.cmake
[5.923s] -- Up-to-date: /root/dev_ws/install/origincar_msg/share/origincar_msg/cmake/ament_cmake_export_dependencies-extras.cmake
[5.924s] -- Up-to-date: /root/dev_ws/install/origincar_msg/share/origincar_msg/cmake/ament_cmake_export_include_directories-extras.cmake
[5.925s] -- Up-to-date: /root/dev_ws/install/origincar_msg/share/origincar_msg/cmake/ament_cmake_export_libraries-extras.cmake
[5.926s] -- Up-to-date: /root/dev_ws/install/origincar_msg/share/origincar_msg/cmake/ament_cmake_export_targets-extras.cmake
[5.926s] -- Up-to-date: /root/dev_ws/install/origincar_msg/share/origincar_msg/cmake/rosidl_cmake_export_typesupport_targets-extras.cmake
[5.927s] -- Up-to-date: /root/dev_ws/install/origincar_msg/share/origincar_msg/cmake/rosidl_cmake_export_typesupport_libraries-extras.cmake
[5.928s] -- Up-to-date: /root/dev_ws/install/origincar_msg/share/origincar_msg/cmake/origincar_msgConfig.cmake
[5.929s] -- Up-to-date: /root/dev_ws/install/origincar_msg/share/origincar_msg/cmake/origincar_msgConfig-version.cmake
[5.929s] -- Up-to-date: /root/dev_ws/install/origincar_msg/share/origincar_msg/package.xml
[6.058s] Invoked command in '/root/dev_ws/build/origincar_msg' returned '0': CMAKE_PREFIX_PATH=${CMAKE_PREFIX_PATH}:/root/dev_ws/install/line_follower_pkg:/root/dev_ws/install/laser_tf_publisher:/userdata/dev_ws/install/utils:/userdata/dev_ws/install/origincar_base:/userdata/dev_ws/install/serial:/userdata/dev_ws/install/origincar_msg:/userdata/dev_ws/install/origincar_description:/userdata/dev_ws/install/origincar_bringup:/userdata/dev_ws/install/line_follower_pkg:/userdata/dev_ws/install/ackermann_msgs:/opt/tros/humble:/opt/ros/humble /usr/bin/cmake --install /root/dev_ws/build/origincar_msg
