[0.213s] Invoking command in '/root/dev_ws/build/hobot_nav2': CMAKE_PREFIX_PATH=${CMAKE_PREFIX_PATH}:/root/dev_ws/install/line_follower_pkg:/root/dev_ws/install/laser_tf_publisher:/userdata/dev_ws/install/utils:/userdata/dev_ws/install/origincar_base:/userdata/dev_ws/install/serial:/userdata/dev_ws/install/origincar_msg:/userdata/dev_ws/install/origincar_description:/userdata/dev_ws/install/origincar_bringup:/userdata/dev_ws/install/line_follower_pkg:/userdata/dev_ws/install/ackermann_msgs:/opt/tros/humble:/opt/ros/humble /usr/bin/cmake --build /root/dev_ws/build/hobot_nav2 -- -j8 -l8
[4.526s] Invoked command in '/root/dev_ws/build/hobot_nav2' returned '0': CMAKE_PREFIX_PATH=${CMAKE_PREFIX_PATH}:/root/dev_ws/install/line_follower_pkg:/root/dev_ws/install/laser_tf_publisher:/userdata/dev_ws/install/utils:/userdata/dev_ws/install/origincar_base:/userdata/dev_ws/install/serial:/userdata/dev_ws/install/origincar_msg:/userdata/dev_ws/install/origincar_description:/userdata/dev_ws/install/origincar_bringup:/userdata/dev_ws/install/line_follower_pkg:/userdata/dev_ws/install/ackermann_msgs:/opt/tros/humble:/opt/ros/humble /usr/bin/cmake --build /root/dev_ws/build/hobot_nav2 -- -j8 -l8
[4.532s] Invoking command in '/root/dev_ws/build/hobot_nav2': CMAKE_PREFIX_PATH=${CMAKE_PREFIX_PATH}:/root/dev_ws/install/line_follower_pkg:/root/dev_ws/install/laser_tf_publisher:/userdata/dev_ws/install/utils:/userdata/dev_ws/install/origincar_base:/userdata/dev_ws/install/serial:/userdata/dev_ws/install/origincar_msg:/userdata/dev_ws/install/origincar_description:/userdata/dev_ws/install/origincar_bringup:/userdata/dev_ws/install/line_follower_pkg:/userdata/dev_ws/install/ackermann_msgs:/opt/tros/humble:/opt/ros/humble /usr/bin/cmake --install /root/dev_ws/build/hobot_nav2
[4.667s] -- Install configuration: ""
[4.668s] -- Execute custom install script
[4.669s] -- Up-to-date symlink: /root/dev_ws/install/hobot_nav2/share/hobot_nav2/launch/__pycache__/bringup_launch_noremap.cpython-310.pyc
[4.669s] -- Up-to-date symlink: /root/dev_ws/install/hobot_nav2/share/hobot_nav2/launch/__pycache__/hobot_nav2_bringup.launch.cpython-310.pyc
[4.671s] -- Up-to-date symlink: /root/dev_ws/install/hobot_nav2/share/hobot_nav2/launch/__pycache__/hobot_nav2_bringup_noremapping.launch.cpython-310.pyc
[4.672s] -- Up-to-date symlink: /root/dev_ws/install/hobot_nav2/share/hobot_nav2/launch/bringup_launch_noremap.py
[4.673s] -- Up-to-date symlink: /root/dev_ws/install/hobot_nav2/share/hobot_nav2/launch/hobot_nav2_bringup.launch.py
[4.675s] -- Up-to-date symlink: /root/dev_ws/install/hobot_nav2/share/hobot_nav2/launch/hobot_nav2_bringup_noremapping.launch.py
[4.675s] -- Up-to-date symlink: /root/dev_ws/install/hobot_nav2/share/hobot_nav2/param/hobot_nav2.yaml
[4.676s] -- Up-to-date symlink: /root/dev_ws/install/hobot_nav2/share/hobot_nav2/param/hobot_nav2.yaml.bak
[4.678s] -- Up-to-date symlink: /root/dev_ws/install/hobot_nav2/share/hobot_nav2/param/hobot_nav2.yaml.bak.20260601-200917
[4.679s] -- Up-to-date symlink: /root/dev_ws/install/hobot_nav2/share/hobot_nav2/maps/final_1.pgm
[4.680s] -- Up-to-date symlink: /root/dev_ws/install/hobot_nav2/share/hobot_nav2/maps/final_1.yaml
[4.682s] -- Up-to-date symlink: /root/dev_ws/install/hobot_nav2/share/hobot_nav2/maps/final_1_1.pgm
[4.684s] -- Up-to-date symlink: /root/dev_ws/install/hobot_nav2/share/hobot_nav2/maps/final_1_1.yaml
[4.684s] -- Up-to-date symlink: /root/dev_ws/install/hobot_nav2/share/hobot_nav2/maps/final_2.pgm
[4.686s] -- Up-to-date symlink: /root/dev_ws/install/hobot_nav2/share/hobot_nav2/maps/final_2.yaml
[4.688s] -- Up-to-date symlink: /root/dev_ws/install/hobot_nav2/share/hobot_nav2/maps/final_3.pgm
[4.689s] -- Up-to-date symlink: /root/dev_ws/install/hobot_nav2/share/hobot_nav2/maps/final_3.yaml
[4.691s] -- Up-to-date symlink: /root/dev_ws/install/hobot_nav2/share/hobot_nav2/maps/final_4.pgm
[4.693s] -- Up-to-date symlink: /root/dev_ws/install/hobot_nav2/share/hobot_nav2/maps/final_4.yaml
[4.694s] -- Up-to-date symlink: /root/dev_ws/install/hobot_nav2/share/hobot_nav2/maps/keepout_filter_mask.yaml
[4.695s] -- Up-to-date symlink: /root/dev_ws/install/hobot_nav2/share/hobot_nav2/maps/keepout_mask.pgm
[4.696s] -- Up-to-date symlink: /root/dev_ws/install/hobot_nav2/share/hobot_nav2/maps/row_1.pgm
[4.697s] -- Up-to-date symlink: /root/dev_ws/install/hobot_nav2/share/hobot_nav2/maps/row_1.yaml
[4.698s] -- Up-to-date symlink: /root/dev_ws/install/hobot_nav2/share/hobot_nav2/maps/row_2.pgm
[4.699s] -- Up-to-date symlink: /root/dev_ws/install/hobot_nav2/share/hobot_nav2/maps/row_2.yaml
[4.730s] -- Up-to-date symlink: /root/dev_ws/install/hobot_nav2/share/hobot_nav2/maps/row_3.pgm
[4.733s] -- Up-to-date symlink: /root/dev_ws/install/hobot_nav2/share/hobot_nav2/maps/row_3.yaml
[4.734s] -- Up-to-date symlink: /root/dev_ws/install/hobot_nav2/share/hobot_nav2/maps/row_6.pgm
[4.735s] -- Up-to-date symlink: /root/dev_ws/install/hobot_nav2/share/hobot_nav2/maps/row_6.yaml
[4.736s] -- Up-to-date symlink: /root/dev_ws/install/hobot_nav2/share/ament_index/resource_index/package_run_dependencies/hobot_nav2
[4.738s] -- Up-to-date symlink: /root/dev_ws/install/hobot_nav2/share/ament_index/resource_index/parent_prefix_path/hobot_nav2
[4.739s] -- Up-to-date symlink: /root/dev_ws/install/hobot_nav2/share/hobot_nav2/environment/ament_prefix_path.sh
[4.741s] -- Up-to-date symlink: /root/dev_ws/install/hobot_nav2/share/hobot_nav2/environment/ament_prefix_path.dsv
[4.743s] -- Up-to-date symlink: /root/dev_ws/install/hobot_nav2/share/hobot_nav2/environment/path.sh
[4.744s] -- Up-to-date symlink: /root/dev_ws/install/hobot_nav2/share/hobot_nav2/environment/path.dsv
[4.746s] -- Up-to-date symlink: /root/dev_ws/install/hobot_nav2/share/hobot_nav2/local_setup.bash
[4.750s] -- Up-to-date symlink: /root/dev_ws/install/hobot_nav2/share/hobot_nav2/local_setup.sh
[4.756s] -- Up-to-date symlink: /root/dev_ws/install/hobot_nav2/share/hobot_nav2/local_setup.zsh
[4.760s] -- Up-to-date symlink: /root/dev_ws/install/hobot_nav2/share/hobot_nav2/local_setup.dsv
[4.761s] -- Symlinking: /root/dev_ws/install/hobot_nav2/share/hobot_nav2/package.dsv
[5.336s] -- Up-to-date symlink: /root/dev_ws/install/hobot_nav2/share/ament_index/resource_index/packages/hobot_nav2
[5.338s] -- Up-to-date symlink: /root/dev_ws/install/hobot_nav2/share/hobot_nav2/cmake/hobot_nav2Config.cmake
[5.339s] -- Up-to-date symlink: /root/dev_ws/install/hobot_nav2/share/hobot_nav2/cmake/hobot_nav2Config-version.cmake
[5.396s] -- Up-to-date symlink: /root/dev_ws/install/hobot_nav2/share/hobot_nav2/package.xml
[5.676s] Invoked command in '/root/dev_ws/build/hobot_nav2' returned '0': CMAKE_PREFIX_PATH=${CMAKE_PREFIX_PATH}:/root/dev_ws/install/line_follower_pkg:/root/dev_ws/install/laser_tf_publisher:/userdata/dev_ws/install/utils:/userdata/dev_ws/install/origincar_base:/userdata/dev_ws/install/serial:/userdata/dev_ws/install/origincar_msg:/userdata/dev_ws/install/origincar_description:/userdata/dev_ws/install/origincar_bringup:/userdata/dev_ws/install/line_follower_pkg:/userdata/dev_ws/install/ackermann_msgs:/opt/tros/humble:/opt/ros/humble /usr/bin/cmake --install /root/dev_ws/build/hobot_nav2
