[0.337s] Invoking command in '/root/dev_ws/build/lslidar_msgs': CMAKE_PREFIX_PATH=${CMAKE_PREFIX_PATH}:/root/dev_ws/install/line_follower_pkg:/root/dev_ws/install/laser_tf_publisher:/userdata/dev_ws/install/utils:/userdata/dev_ws/install/origincar_base:/userdata/dev_ws/install/serial:/userdata/dev_ws/install/origincar_msg:/userdata/dev_ws/install/origincar_description:/userdata/dev_ws/install/origincar_bringup:/userdata/dev_ws/install/line_follower_pkg:/userdata/dev_ws/install/ackermann_msgs:/opt/tros/humble:/opt/ros/humble /usr/bin/cmake --build /root/dev_ws/build/lslidar_msgs -- -j8 -l8
[5.201s] [  0%] Built target lslidar_msgs__cpp
[5.201s] [ 12%] Built target lslidar_msgs__rosidl_generator_c
[5.201s] [ 24%] Built target lslidar_msgs__rosidl_typesupport_cpp
[5.202s] [ 24%] Built target ament_cmake_python_copy_lslidar_msgs
[5.202s] [ 36%] Built target lslidar_msgs__rosidl_typesupport_introspection_cpp
[5.203s] [ 48%] Built target lslidar_msgs__rosidl_typesupport_c
[5.203s] [ 60%] Built target lslidar_msgs__rosidl_typesupport_fastrtps_cpp
[5.204s] [ 72%] Built target lslidar_msgs__rosidl_typesupport_introspection_c
[5.204s] [ 84%] Built target lslidar_msgs__rosidl_typesupport_fastrtps_c
[5.205s] [ 84%] Built target lslidar_msgs
[5.205s] [ 85%] Built target lslidar_msgs__py
[5.206s] [ 96%] Built target lslidar_msgs__rosidl_generator_py
[5.206s] [ 97%] Built target lslidar_msgs__rosidl_typesupport_fastrtps_c__pyext
[5.207s] [ 99%] Built target lslidar_msgs__rosidl_typesupport_introspection_c__pyext
[5.207s] [100%] Built target lslidar_msgs__rosidl_typesupport_c__pyext
[5.208s] running egg_info
[5.208s] writing lslidar_msgs.egg-info/PKG-INFO
[5.209s] writing dependency_links to lslidar_msgs.egg-info/dependency_links.txt
[5.209s] writing top-level names to lslidar_msgs.egg-info/top_level.txt
[5.210s] reading manifest file 'lslidar_msgs.egg-info/SOURCES.txt'
[5.210s] writing manifest file 'lslidar_msgs.egg-info/SOURCES.txt'
[5.210s] [100%] Built target ament_cmake_python_build_lslidar_msgs_egg
[5.282s] Invoked command in '/root/dev_ws/build/lslidar_msgs' returned '0': CMAKE_PREFIX_PATH=${CMAKE_PREFIX_PATH}:/root/dev_ws/install/line_follower_pkg:/root/dev_ws/install/laser_tf_publisher:/userdata/dev_ws/install/utils:/userdata/dev_ws/install/origincar_base:/userdata/dev_ws/install/serial:/userdata/dev_ws/install/origincar_msg:/userdata/dev_ws/install/origincar_description:/userdata/dev_ws/install/origincar_bringup:/userdata/dev_ws/install/line_follower_pkg:/userdata/dev_ws/install/ackermann_msgs:/opt/tros/humble:/opt/ros/humble /usr/bin/cmake --build /root/dev_ws/build/lslidar_msgs -- -j8 -l8
[5.292s] Invoking command in '/root/dev_ws/build/lslidar_msgs': CMAKE_PREFIX_PATH=${CMAKE_PREFIX_PATH}:/root/dev_ws/install/line_follower_pkg:/root/dev_ws/install/laser_tf_publisher:/userdata/dev_ws/install/utils:/userdata/dev_ws/install/origincar_base:/userdata/dev_ws/install/serial:/userdata/dev_ws/install/origincar_msg:/userdata/dev_ws/install/origincar_description:/userdata/dev_ws/install/origincar_bringup:/userdata/dev_ws/install/line_follower_pkg:/userdata/dev_ws/install/ackermann_msgs:/opt/tros/humble:/opt/ros/humble /usr/bin/cmake --install /root/dev_ws/build/lslidar_msgs
[5.487s] -- Install configuration: ""
[5.490s] -- Up-to-date: /root/dev_ws/install/lslidar_msgs/share/ament_index/resource_index/rosidl_interfaces/lslidar_msgs
[5.493s] -- Up-to-date: /root/dev_ws/install/lslidar_msgs/include/lslidar_msgs/lslidar_msgs
[5.495s] -- Up-to-date: /root/dev_ws/install/lslidar_msgs/include/lslidar_msgs/lslidar_msgs/msg
[5.497s] -- Up-to-date: /root/dev_ws/install/lslidar_msgs/include/lslidar_msgs/lslidar_msgs/msg/lslidar_information.h
[5.498s] -- Up-to-date: /root/dev_ws/install/lslidar_msgs/include/lslidar_msgs/lslidar_msgs/msg/lslidar_packet.h
[5.499s] -- Up-to-date: /root/dev_ws/install/lslidar_msgs/include/lslidar_msgs/lslidar_msgs/msg/rosidl_generator_c__visibility_control.h
[5.500s] -- Up-to-date: /root/dev_ws/install/lslidar_msgs/include/lslidar_msgs/lslidar_msgs/msg/detail
[5.502s] -- Up-to-date: /root/dev_ws/install/lslidar_msgs/include/lslidar_msgs/lslidar_msgs/msg/detail/lslidar_packet__struct.h
[5.504s] -- Up-to-date: /root/dev_ws/install/lslidar_msgs/include/lslidar_msgs/lslidar_msgs/msg/detail/lslidar_information__struct.h
[5.506s] -- Up-to-date: /root/dev_ws/install/lslidar_msgs/include/lslidar_msgs/lslidar_msgs/msg/detail/lslidar_information__functions.h
[5.511s] -- Up-to-date: /root/dev_ws/install/lslidar_msgs/include/lslidar_msgs/lslidar_msgs/msg/detail/lslidar_packet__type_support.h
[5.521s] -- Up-to-date: /root/dev_ws/install/lslidar_msgs/include/lslidar_msgs/lslidar_msgs/msg/detail/lslidar_packet__functions.h
[5.523s] -- Up-to-date: /root/dev_ws/install/lslidar_msgs/include/lslidar_msgs/lslidar_msgs/msg/detail/lslidar_information__functions.c
[5.524s] -- Up-to-date: /root/dev_ws/install/lslidar_msgs/include/lslidar_msgs/lslidar_msgs/msg/detail/lslidar_information__type_support.h
[5.527s] -- Up-to-date: /root/dev_ws/install/lslidar_msgs/include/lslidar_msgs/lslidar_msgs/msg/detail/lslidar_packet__functions.c
[5.528s] -- Up-to-date: /root/dev_ws/install/lslidar_msgs/include/lslidar_msgs/lslidar_msgs/srv
[5.530s] -- Up-to-date: /root/dev_ws/install/lslidar_msgs/include/lslidar_msgs/lslidar_msgs/srv/angle_distortion_correction.h
[5.530s] -- Up-to-date: /root/dev_ws/install/lslidar_msgs/include/lslidar_msgs/lslidar_msgs/srv/power_control.h
[5.531s] -- Up-to-date: /root/dev_ws/install/lslidar_msgs/include/lslidar_msgs/lslidar_msgs/srv/tail_removal.h
[5.536s] -- Up-to-date: /root/dev_ws/install/lslidar_msgs/include/lslidar_msgs/lslidar_msgs/srv/invalid_data.h
[5.537s] -- Up-to-date: /root/dev_ws/install/lslidar_msgs/include/lslidar_msgs/lslidar_msgs/srv/motor_speed.h
[5.571s] -- Up-to-date: /root/dev_ws/install/lslidar_msgs/include/lslidar_msgs/lslidar_msgs/srv/time_mode.h
[5.573s] -- Up-to-date: /root/dev_ws/install/lslidar_msgs/include/lslidar_msgs/lslidar_msgs/srv/frame_rate.h
[5.573s] -- Up-to-date: /root/dev_ws/install/lslidar_msgs/include/lslidar_msgs/lslidar_msgs/srv/standby_mode.h
[5.574s] -- Up-to-date: /root/dev_ws/install/lslidar_msgs/include/lslidar_msgs/lslidar_msgs/srv/ip_and_port.h
[5.575s] -- Up-to-date: /root/dev_ws/install/lslidar_msgs/include/lslidar_msgs/lslidar_msgs/srv/rfd_removal.h
[5.576s] -- Up-to-date: /root/dev_ws/install/lslidar_msgs/include/lslidar_msgs/lslidar_msgs/srv/detail
[5.577s] -- Up-to-date: /root/dev_ws/install/lslidar_msgs/include/lslidar_msgs/lslidar_msgs/srv/detail/tail_removal__struct.h
[5.577s] -- Up-to-date: /root/dev_ws/install/lslidar_msgs/include/lslidar_msgs/lslidar_msgs/srv/detail/standby_mode__type_support.h
[5.578s] -- Up-to-date: /root/dev_ws/install/lslidar_msgs/include/lslidar_msgs/lslidar_msgs/srv/detail/frame_rate__struct.h
[5.579s] -- Up-to-date: /root/dev_ws/install/lslidar_msgs/include/lslidar_msgs/lslidar_msgs/srv/detail/angle_distortion_correction__functions.h
[5.583s] -- Up-to-date: /root/dev_ws/install/lslidar_msgs/include/lslidar_msgs/lslidar_msgs/srv/detail/power_control__functions.c
[5.585s] -- Up-to-date: /root/dev_ws/install/lslidar_msgs/include/lslidar_msgs/lslidar_msgs/srv/detail/motor_speed__functions.c
[5.587s] -- Up-to-date: /root/dev_ws/install/lslidar_msgs/include/lslidar_msgs/lslidar_msgs/srv/detail/power_control__struct.h
[5.589s] -- Up-to-date: /root/dev_ws/install/lslidar_msgs/include/lslidar_msgs/lslidar_msgs/srv/detail/angle_distortion_correction__type_support.h
[5.589s] -- Up-to-date: /root/dev_ws/install/lslidar_msgs/include/lslidar_msgs/lslidar_msgs/srv/detail/ip_and_port__functions.h
[5.590s] -- Up-to-date: /root/dev_ws/install/lslidar_msgs/include/lslidar_msgs/lslidar_msgs/srv/detail/motor_control__type_support.h
[5.592s] -- Up-to-date: /root/dev_ws/install/lslidar_msgs/include/lslidar_msgs/lslidar_msgs/srv/detail/time_mode__struct.h
[5.595s] -- Up-to-date: /root/dev_ws/install/lslidar_msgs/include/lslidar_msgs/lslidar_msgs/srv/detail/frame_rate__functions.h
[5.597s] -- Up-to-date: /root/dev_ws/install/lslidar_msgs/include/lslidar_msgs/lslidar_msgs/srv/detail/time_mode__type_support.h
[5.598s] -- Up-to-date: /root/dev_ws/install/lslidar_msgs/include/lslidar_msgs/lslidar_msgs/srv/detail/ip_and_port__struct.h
[5.603s] -- Up-to-date: /root/dev_ws/install/lslidar_msgs/include/lslidar_msgs/lslidar_msgs/srv/detail/power_control__functions.h
[5.607s] -- Up-to-date: /root/dev_ws/install/lslidar_msgs/include/lslidar_msgs/lslidar_msgs/srv/detail/rfd_removal__functions.h
[5.610s] -- Up-to-date: /root/dev_ws/install/lslidar_msgs/include/lslidar_msgs/lslidar_msgs/srv/detail/motor_speed__functions.h
[5.611s] -- Up-to-date: /root/dev_ws/install/lslidar_msgs/include/lslidar_msgs/lslidar_msgs/srv/detail/motor_control__functions.h
[5.616s] -- Up-to-date: /root/dev_ws/install/lslidar_msgs/include/lslidar_msgs/lslidar_msgs/srv/detail/time_mode__functions.c
[5.619s] -- Up-to-date: /root/dev_ws/install/lslidar_msgs/include/lslidar_msgs/lslidar_msgs/srv/detail/rfd_removal__functions.c
[5.622s] -- Up-to-date: /root/dev_ws/install/lslidar_msgs/include/lslidar_msgs/lslidar_msgs/srv/detail/motor_control__functions.c
[5.623s] -- Up-to-date: /root/dev_ws/install/lslidar_msgs/include/lslidar_msgs/lslidar_msgs/srv/detail/rfd_removal__struct.h
[5.625s] -- Up-to-date: /root/dev_ws/install/lslidar_msgs/include/lslidar_msgs/lslidar_msgs/srv/detail/tail_removal__type_support.h
[5.627s] -- Up-to-date: /root/dev_ws/install/lslidar_msgs/include/lslidar_msgs/lslidar_msgs/srv/detail/invalid_data__functions.h
[5.628s] -- Up-to-date: /root/dev_ws/install/lslidar_msgs/include/lslidar_msgs/lslidar_msgs/srv/detail/invalid_data__type_support.h
[5.630s] -- Up-to-date: /root/dev_ws/install/lslidar_msgs/include/lslidar_msgs/lslidar_msgs/srv/detail/motor_control__struct.h
[5.633s] -- Up-to-date: /root/dev_ws/install/lslidar_msgs/include/lslidar_msgs/lslidar_msgs/srv/detail/tail_removal__functions.c
[5.634s] -- Up-to-date: /root/dev_ws/install/lslidar_msgs/include/lslidar_msgs/lslidar_msgs/srv/detail/rfd_removal__type_support.h
[5.636s] -- Up-to-date: /root/dev_ws/install/lslidar_msgs/include/lslidar_msgs/lslidar_msgs/srv/detail/standby_mode__functions.h
[5.640s] -- Up-to-date: /root/dev_ws/install/lslidar_msgs/include/lslidar_msgs/lslidar_msgs/srv/detail/power_control__type_support.h
[5.641s] -- Up-to-date: /root/dev_ws/install/lslidar_msgs/include/lslidar_msgs/lslidar_msgs/srv/detail/frame_rate__functions.c
[5.653s] -- Up-to-date: /root/dev_ws/install/lslidar_msgs/include/lslidar_msgs/lslidar_msgs/srv/detail/motor_speed__struct.h
[5.654s] -- Up-to-date: /root/dev_ws/install/lslidar_msgs/include/lslidar_msgs/lslidar_msgs/srv/detail/angle_distortion_correction__functions.c
[5.655s] -- Up-to-date: /root/dev_ws/install/lslidar_msgs/include/lslidar_msgs/lslidar_msgs/srv/detail/frame_rate__type_support.h
[5.656s] -- Up-to-date: /root/dev_ws/install/lslidar_msgs/include/lslidar_msgs/lslidar_msgs/srv/detail/time_mode__functions.h
[5.657s] -- Up-to-date: /root/dev_ws/install/lslidar_msgs/include/lslidar_msgs/lslidar_msgs/srv/detail/tail_removal__functions.h
[5.658s] -- Up-to-date: /root/dev_ws/install/lslidar_msgs/include/lslidar_msgs/lslidar_msgs/srv/detail/ip_and_port__type_support.h
[5.659s] -- Up-to-date: /root/dev_ws/install/lslidar_msgs/include/lslidar_msgs/lslidar_msgs/srv/detail/invalid_data__functions.c
[5.660s] -- Up-to-date: /root/dev_ws/install/lslidar_msgs/include/lslidar_msgs/lslidar_msgs/srv/detail/standby_mode__functions.c
[5.663s] -- Up-to-date: /root/dev_ws/install/lslidar_msgs/include/lslidar_msgs/lslidar_msgs/srv/detail/motor_speed__type_support.h
[5.666s] -- Up-to-date: /root/dev_ws/install/lslidar_msgs/include/lslidar_msgs/lslidar_msgs/srv/detail/invalid_data__struct.h
[5.668s] -- Up-to-date: /root/dev_ws/install/lslidar_msgs/include/lslidar_msgs/lslidar_msgs/srv/detail/ip_and_port__functions.c
[5.672s] -- Up-to-date: /root/dev_ws/install/lslidar_msgs/include/lslidar_msgs/lslidar_msgs/srv/detail/angle_distortion_correction__struct.h
[5.673s] -- Up-to-date: /root/dev_ws/install/lslidar_msgs/include/lslidar_msgs/lslidar_msgs/srv/detail/standby_mode__struct.h
[5.675s] -- Up-to-date: /root/dev_ws/install/lslidar_msgs/include/lslidar_msgs/lslidar_msgs/srv/motor_control.h
[5.678s] -- Up-to-date: /root/dev_ws/install/lslidar_msgs/share/lslidar_msgs/environment/library_path.sh
[5.680s] -- Up-to-date: /root/dev_ws/install/lslidar_msgs/share/lslidar_msgs/environment/library_path.dsv
[5.684s] -- Up-to-date: /root/dev_ws/install/lslidar_msgs/lib/liblslidar_msgs__rosidl_generator_c.so
[5.738s] -- Up-to-date: /root/dev_ws/install/lslidar_msgs/include/lslidar_msgs/lslidar_msgs
[5.740s] -- Up-to-date: /root/dev_ws/install/lslidar_msgs/include/lslidar_msgs/lslidar_msgs/msg
[5.741s] -- Up-to-date: /root/dev_ws/install/lslidar_msgs/include/lslidar_msgs/lslidar_msgs/msg/rosidl_typesupport_fastrtps_c__visibility_control.h
[5.742s] -- Up-to-date: /root/dev_ws/install/lslidar_msgs/include/lslidar_msgs/lslidar_msgs/msg/detail
[5.743s] -- Up-to-date: /root/dev_ws/install/lslidar_msgs/include/lslidar_msgs/lslidar_msgs/msg/detail/lslidar_packet__rosidl_typesupport_fastrtps_c.h
[5.744s] -- Up-to-date: /root/dev_ws/install/lslidar_msgs/include/lslidar_msgs/lslidar_msgs/msg/detail/lslidar_information__rosidl_typesupport_fastrtps_c.h
[5.745s] -- Up-to-date: /root/dev_ws/install/lslidar_msgs/include/lslidar_msgs/lslidar_msgs/srv
[5.746s] -- Up-to-date: /root/dev_ws/install/lslidar_msgs/include/lslidar_msgs/lslidar_msgs/srv/detail
[5.746s] -- Up-to-date: /root/dev_ws/install/lslidar_msgs/include/lslidar_msgs/lslidar_msgs/srv/detail/invalid_data__rosidl_typesupport_fastrtps_c.h
[5.754s] -- Up-to-date: /root/dev_ws/install/lslidar_msgs/include/lslidar_msgs/lslidar_msgs/srv/detail/motor_speed__rosidl_typesupport_fastrtps_c.h
[5.755s] -- Up-to-date: /root/dev_ws/install/lslidar_msgs/include/lslidar_msgs/lslidar_msgs/srv/detail/rfd_removal__rosidl_typesupport_fastrtps_c.h
[5.758s] -- Up-to-date: /root/dev_ws/install/lslidar_msgs/include/lslidar_msgs/lslidar_msgs/srv/detail/standby_mode__rosidl_typesupport_fastrtps_c.h
[5.760s] -- Up-to-date: /root/dev_ws/install/lslidar_msgs/include/lslidar_msgs/lslidar_msgs/srv/detail/ip_and_port__rosidl_typesupport_fastrtps_c.h
[5.762s] -- Up-to-date: /root/dev_ws/install/lslidar_msgs/include/lslidar_msgs/lslidar_msgs/srv/detail/frame_rate__rosidl_typesupport_fastrtps_c.h
[5.764s] -- Up-to-date: /root/dev_ws/install/lslidar_msgs/include/lslidar_msgs/lslidar_msgs/srv/detail/power_control__rosidl_typesupport_fastrtps_c.h
[5.765s] -- Up-to-date: /root/dev_ws/install/lslidar_msgs/include/lslidar_msgs/lslidar_msgs/srv/detail/time_mode__rosidl_typesupport_fastrtps_c.h
[5.767s] -- Up-to-date: /root/dev_ws/install/lslidar_msgs/include/lslidar_msgs/lslidar_msgs/srv/detail/motor_control__rosidl_typesupport_fastrtps_c.h
[5.769s] -- Up-to-date: /root/dev_ws/install/lslidar_msgs/include/lslidar_msgs/lslidar_msgs/srv/detail/angle_distortion_correction__rosidl_typesupport_fastrtps_c.h
[5.770s] -- Up-to-date: /root/dev_ws/install/lslidar_msgs/include/lslidar_msgs/lslidar_msgs/srv/detail/tail_removal__rosidl_typesupport_fastrtps_c.h
[5.788s] -- Up-to-date: /root/dev_ws/install/lslidar_msgs/lib/liblslidar_msgs__rosidl_typesupport_fastrtps_c.so
[5.791s] -- Up-to-date: /root/dev_ws/install/lslidar_msgs/include/lslidar_msgs/lslidar_msgs
[5.792s] -- Up-to-date: /root/dev_ws/install/lslidar_msgs/include/lslidar_msgs/lslidar_msgs/msg
[5.796s] -- Up-to-date: /root/dev_ws/install/lslidar_msgs/include/lslidar_msgs/lslidar_msgs/msg/rosidl_typesupport_introspection_c__visibility_control.h
[5.798s] -- Up-to-date: /root/dev_ws/install/lslidar_msgs/include/lslidar_msgs/lslidar_msgs/msg/detail
[5.800s] -- Up-to-date: /root/dev_ws/install/lslidar_msgs/include/lslidar_msgs/lslidar_msgs/msg/detail/lslidar_packet__type_support.c
[5.801s] -- Up-to-date: /root/dev_ws/install/lslidar_msgs/include/lslidar_msgs/lslidar_msgs/msg/detail/lslidar_information__type_support.c
[5.804s] -- Up-to-date: /root/dev_ws/install/lslidar_msgs/include/lslidar_msgs/lslidar_msgs/msg/detail/lslidar_packet__rosidl_typesupport_introspection_c.h
[5.806s] -- Up-to-date: /root/dev_ws/install/lslidar_msgs/include/lslidar_msgs/lslidar_msgs/msg/detail/lslidar_information__rosidl_typesupport_introspection_c.h
[5.809s] -- Up-to-date: /root/dev_ws/install/lslidar_msgs/include/lslidar_msgs/lslidar_msgs/srv
[5.810s] -- Up-to-date: /root/dev_ws/install/lslidar_msgs/include/lslidar_msgs/lslidar_msgs/srv/detail
[5.810s] -- Up-to-date: /root/dev_ws/install/lslidar_msgs/include/lslidar_msgs/lslidar_msgs/srv/detail/tail_removal__type_support.c
[5.812s] -- Up-to-date: /root/dev_ws/install/lslidar_msgs/include/lslidar_msgs/lslidar_msgs/srv/detail/motor_speed__type_support.c
[5.813s] -- Up-to-date: /root/dev_ws/install/lslidar_msgs/include/lslidar_msgs/lslidar_msgs/srv/detail/standby_mode__rosidl_typesupport_introspection_c.h
[5.814s] -- Up-to-date: /root/dev_ws/install/lslidar_msgs/include/lslidar_msgs/lslidar_msgs/srv/detail/ip_and_port__rosidl_typesupport_introspection_c.h
[5.820s] -- Up-to-date: /root/dev_ws/install/lslidar_msgs/include/lslidar_msgs/lslidar_msgs/srv/detail/rfd_removal__rosidl_typesupport_introspection_c.h
[5.824s] -- Up-to-date: /root/dev_ws/install/lslidar_msgs/include/lslidar_msgs/lslidar_msgs/srv/detail/invalid_data__rosidl_typesupport_introspection_c.h
[5.825s] -- Up-to-date: /root/dev_ws/install/lslidar_msgs/include/lslidar_msgs/lslidar_msgs/srv/detail/motor_control__rosidl_typesupport_introspection_c.h
[5.826s] -- Up-to-date: /root/dev_ws/install/lslidar_msgs/include/lslidar_msgs/lslidar_msgs/srv/detail/time_mode__rosidl_typesupport_introspection_c.h
[5.827s] -- Up-to-date: /root/dev_ws/install/lslidar_msgs/include/lslidar_msgs/lslidar_msgs/srv/detail/frame_rate__type_support.c
[5.828s] -- Up-to-date: /root/dev_ws/install/lslidar_msgs/include/lslidar_msgs/lslidar_msgs/srv/detail/invalid_data__type_support.c
[5.829s] -- Up-to-date: /root/dev_ws/install/lslidar_msgs/include/lslidar_msgs/lslidar_msgs/srv/detail/standby_mode__type_support.c
[5.830s] -- Up-to-date: /root/dev_ws/install/lslidar_msgs/include/lslidar_msgs/lslidar_msgs/srv/detail/tail_removal__rosidl_typesupport_introspection_c.h
[5.831s] -- Up-to-date: /root/dev_ws/install/lslidar_msgs/include/lslidar_msgs/lslidar_msgs/srv/detail/time_mode__type_support.c
[5.832s] -- Up-to-date: /root/dev_ws/install/lslidar_msgs/include/lslidar_msgs/lslidar_msgs/srv/detail/angle_distortion_correction__rosidl_typesupport_introspection_c.h
[5.832s] -- Up-to-date: /root/dev_ws/install/lslidar_msgs/include/lslidar_msgs/lslidar_msgs/srv/detail/frame_rate__rosidl_typesupport_introspection_c.h
[5.834s] -- Up-to-date: /root/dev_ws/install/lslidar_msgs/include/lslidar_msgs/lslidar_msgs/srv/detail/power_control__type_support.c
[5.835s] -- Up-to-date: /root/dev_ws/install/lslidar_msgs/include/lslidar_msgs/lslidar_msgs/srv/detail/angle_distortion_correction__type_support.c
[5.836s] -- Up-to-date: /root/dev_ws/install/lslidar_msgs/include/lslidar_msgs/lslidar_msgs/srv/detail/rfd_removal__type_support.c
[5.837s] -- Up-to-date: /root/dev_ws/install/lslidar_msgs/include/lslidar_msgs/lslidar_msgs/srv/detail/ip_and_port__type_support.c
[5.838s] -- Up-to-date: /root/dev_ws/install/lslidar_msgs/include/lslidar_msgs/lslidar_msgs/srv/detail/motor_control__type_support.c
[5.838s] -- Up-to-date: /root/dev_ws/install/lslidar_msgs/include/lslidar_msgs/lslidar_msgs/srv/detail/power_control__rosidl_typesupport_introspection_c.h
[5.839s] -- Up-to-date: /root/dev_ws/install/lslidar_msgs/include/lslidar_msgs/lslidar_msgs/srv/detail/motor_speed__rosidl_typesupport_introspection_c.h
[5.849s] -- Up-to-date: /root/dev_ws/install/lslidar_msgs/lib/liblslidar_msgs__rosidl_typesupport_introspection_c.so
[5.850s] -- Up-to-date: /root/dev_ws/install/lslidar_msgs/lib/liblslidar_msgs__rosidl_typesupport_c.so
[5.851s] -- Up-to-date: /root/dev_ws/install/lslidar_msgs/include/lslidar_msgs/lslidar_msgs
[5.851s] -- Up-to-date: /root/dev_ws/install/lslidar_msgs/include/lslidar_msgs/lslidar_msgs/msg
[5.852s] -- Up-to-date: /root/dev_ws/install/lslidar_msgs/include/lslidar_msgs/lslidar_msgs/msg/lslidar_information.hpp
[5.853s] -- Up-to-date: /root/dev_ws/install/lslidar_msgs/include/lslidar_msgs/lslidar_msgs/msg/lslidar_packet.hpp
[5.854s] -- Up-to-date: /root/dev_ws/install/lslidar_msgs/include/lslidar_msgs/lslidar_msgs/msg/detail
[5.855s] -- Up-to-date: /root/dev_ws/install/lslidar_msgs/include/lslidar_msgs/lslidar_msgs/msg/detail/lslidar_information__builder.hpp
[5.855s] -- Up-to-date: /root/dev_ws/install/lslidar_msgs/include/lslidar_msgs/lslidar_msgs/msg/detail/lslidar_packet__builder.hpp
[5.856s] -- Up-to-date: /root/dev_ws/install/lslidar_msgs/include/lslidar_msgs/lslidar_msgs/msg/detail/lslidar_information__struct.hpp
[5.857s] -- Up-to-date: /root/dev_ws/install/lslidar_msgs/include/lslidar_msgs/lslidar_msgs/msg/detail/lslidar_information__traits.hpp
[5.858s] -- Up-to-date: /root/dev_ws/install/lslidar_msgs/include/lslidar_msgs/lslidar_msgs/msg/detail/lslidar_packet__traits.hpp
[5.859s] -- Up-to-date: /root/dev_ws/install/lslidar_msgs/include/lslidar_msgs/lslidar_msgs/msg/detail/lslidar_packet__struct.hpp
[5.859s] -- Up-to-date: /root/dev_ws/install/lslidar_msgs/include/lslidar_msgs/lslidar_msgs/srv
[5.860s] -- Up-to-date: /root/dev_ws/install/lslidar_msgs/include/lslidar_msgs/lslidar_msgs/srv/rfd_removal.hpp
[5.862s] -- Up-to-date: /root/dev_ws/install/lslidar_msgs/include/lslidar_msgs/lslidar_msgs/srv/invalid_data.hpp
[5.863s] -- Up-to-date: /root/dev_ws/install/lslidar_msgs/include/lslidar_msgs/lslidar_msgs/srv/power_control.hpp
[5.864s] -- Up-to-date: /root/dev_ws/install/lslidar_msgs/include/lslidar_msgs/lslidar_msgs/srv/angle_distortion_correction.hpp
[5.865s] -- Up-to-date: /root/dev_ws/install/lslidar_msgs/include/lslidar_msgs/lslidar_msgs/srv/ip_and_port.hpp
[5.866s] -- Up-to-date: /root/dev_ws/install/lslidar_msgs/include/lslidar_msgs/lslidar_msgs/srv/standby_mode.hpp
[5.867s] -- Up-to-date: /root/dev_ws/install/lslidar_msgs/include/lslidar_msgs/lslidar_msgs/srv/tail_removal.hpp
[5.868s] -- Up-to-date: /root/dev_ws/install/lslidar_msgs/include/lslidar_msgs/lslidar_msgs/srv/frame_rate.hpp
[5.869s] -- Up-to-date: /root/dev_ws/install/lslidar_msgs/include/lslidar_msgs/lslidar_msgs/srv/motor_control.hpp
[5.870s] -- Up-to-date: /root/dev_ws/install/lslidar_msgs/include/lslidar_msgs/lslidar_msgs/srv/time_mode.hpp
[5.871s] -- Up-to-date: /root/dev_ws/install/lslidar_msgs/include/lslidar_msgs/lslidar_msgs/srv/detail
[5.872s] -- Up-to-date: /root/dev_ws/install/lslidar_msgs/include/lslidar_msgs/lslidar_msgs/srv/detail/power_control__traits.hpp
[5.873s] -- Up-to-date: /root/dev_ws/install/lslidar_msgs/include/lslidar_msgs/lslidar_msgs/srv/detail/angle_distortion_correction__traits.hpp
[5.874s] -- Up-to-date: /root/dev_ws/install/lslidar_msgs/include/lslidar_msgs/lslidar_msgs/srv/detail/motor_control__struct.hpp
[5.875s] -- Up-to-date: /root/dev_ws/install/lslidar_msgs/include/lslidar_msgs/lslidar_msgs/srv/detail/time_mode__struct.hpp
[5.876s] -- Up-to-date: /root/dev_ws/install/lslidar_msgs/include/lslidar_msgs/lslidar_msgs/srv/detail/motor_speed__builder.hpp
[5.877s] -- Up-to-date: /root/dev_ws/install/lslidar_msgs/include/lslidar_msgs/lslidar_msgs/srv/detail/rfd_removal__struct.hpp
[5.878s] -- Up-to-date: /root/dev_ws/install/lslidar_msgs/include/lslidar_msgs/lslidar_msgs/srv/detail/power_control__builder.hpp
[5.879s] -- Up-to-date: /root/dev_ws/install/lslidar_msgs/include/lslidar_msgs/lslidar_msgs/srv/detail/rfd_removal__traits.hpp
[5.880s] -- Up-to-date: /root/dev_ws/install/lslidar_msgs/include/lslidar_msgs/lslidar_msgs/srv/detail/ip_and_port__builder.hpp
[5.882s] -- Up-to-date: /root/dev_ws/install/lslidar_msgs/include/lslidar_msgs/lslidar_msgs/srv/detail/motor_speed__traits.hpp
[5.884s] -- Up-to-date: /root/dev_ws/install/lslidar_msgs/include/lslidar_msgs/lslidar_msgs/srv/detail/tail_removal__struct.hpp
[5.887s] -- Up-to-date: /root/dev_ws/install/lslidar_msgs/include/lslidar_msgs/lslidar_msgs/srv/detail/frame_rate__struct.hpp
[5.888s] -- Up-to-date: /root/dev_ws/install/lslidar_msgs/include/lslidar_msgs/lslidar_msgs/srv/detail/rfd_removal__builder.hpp
[5.888s] -- Up-to-date: /root/dev_ws/install/lslidar_msgs/include/lslidar_msgs/lslidar_msgs/srv/detail/tail_removal__traits.hpp
[5.889s] -- Up-to-date: /root/dev_ws/install/lslidar_msgs/include/lslidar_msgs/lslidar_msgs/srv/detail/frame_rate__traits.hpp
[5.890s] -- Up-to-date: /root/dev_ws/install/lslidar_msgs/include/lslidar_msgs/lslidar_msgs/srv/detail/motor_speed__struct.hpp
[5.897s] -- Up-to-date: /root/dev_ws/install/lslidar_msgs/include/lslidar_msgs/lslidar_msgs/srv/detail/standby_mode__builder.hpp
[5.900s] -- Up-to-date: /root/dev_ws/install/lslidar_msgs/include/lslidar_msgs/lslidar_msgs/srv/detail/standby_mode__struct.hpp
[5.901s] -- Up-to-date: /root/dev_ws/install/lslidar_msgs/include/lslidar_msgs/lslidar_msgs/srv/detail/frame_rate__builder.hpp
[5.902s] -- Up-to-date: /root/dev_ws/install/lslidar_msgs/include/lslidar_msgs/lslidar_msgs/srv/detail/invalid_data__struct.hpp
[5.936s] -- Up-to-date: /root/dev_ws/install/lslidar_msgs/include/lslidar_msgs/lslidar_msgs/srv/detail/ip_and_port__struct.hpp
[5.937s] -- Up-to-date: /root/dev_ws/install/lslidar_msgs/include/lslidar_msgs/lslidar_msgs/srv/detail/invalid_data__builder.hpp
[5.938s] -- Up-to-date: /root/dev_ws/install/lslidar_msgs/include/lslidar_msgs/lslidar_msgs/srv/detail/time_mode__traits.hpp
[5.939s] -- Up-to-date: /root/dev_ws/install/lslidar_msgs/include/lslidar_msgs/lslidar_msgs/srv/detail/tail_removal__builder.hpp
[5.940s] -- Up-to-date: /root/dev_ws/install/lslidar_msgs/include/lslidar_msgs/lslidar_msgs/srv/detail/invalid_data__traits.hpp
[5.940s] -- Up-to-date: /root/dev_ws/install/lslidar_msgs/include/lslidar_msgs/lslidar_msgs/srv/detail/motor_control__traits.hpp
[5.941s] -- Up-to-date: /root/dev_ws/install/lslidar_msgs/include/lslidar_msgs/lslidar_msgs/srv/detail/standby_mode__traits.hpp
[5.942s] -- Up-to-date: /root/dev_ws/install/lslidar_msgs/include/lslidar_msgs/lslidar_msgs/srv/detail/motor_control__builder.hpp
[5.943s] -- Up-to-date: /root/dev_ws/install/lslidar_msgs/include/lslidar_msgs/lslidar_msgs/srv/detail/angle_distortion_correction__struct.hpp
[5.945s] -- Up-to-date: /root/dev_ws/install/lslidar_msgs/include/lslidar_msgs/lslidar_msgs/srv/detail/time_mode__builder.hpp
[5.946s] -- Up-to-date: /root/dev_ws/install/lslidar_msgs/include/lslidar_msgs/lslidar_msgs/srv/detail/angle_distortion_correction__builder.hpp
[5.947s] -- Up-to-date: /root/dev_ws/install/lslidar_msgs/include/lslidar_msgs/lslidar_msgs/srv/detail/ip_and_port__traits.hpp
[5.948s] -- Up-to-date: /root/dev_ws/install/lslidar_msgs/include/lslidar_msgs/lslidar_msgs/srv/detail/power_control__struct.hpp
[5.949s] -- Up-to-date: /root/dev_ws/install/lslidar_msgs/include/lslidar_msgs/lslidar_msgs/srv/motor_speed.hpp
[5.950s] -- Up-to-date: /root/dev_ws/install/lslidar_msgs/include/lslidar_msgs/lslidar_msgs
[5.952s] -- Up-to-date: /root/dev_ws/install/lslidar_msgs/include/lslidar_msgs/lslidar_msgs/msg
[5.954s] -- Up-to-date: /root/dev_ws/install/lslidar_msgs/include/lslidar_msgs/lslidar_msgs/msg/detail
[5.956s] -- Up-to-date: /root/dev_ws/install/lslidar_msgs/include/lslidar_msgs/lslidar_msgs/msg/detail/dds_fastrtps
[5.984s] -- Up-to-date: /root/dev_ws/install/lslidar_msgs/include/lslidar_msgs/lslidar_msgs/msg/detail/lslidar_packet__rosidl_typesupport_fastrtps_cpp.hpp
[5.985s] -- Up-to-date: /root/dev_ws/install/lslidar_msgs/include/lslidar_msgs/lslidar_msgs/msg/detail/lslidar_information__rosidl_typesupport_fastrtps_cpp.hpp
[5.988s] -- Up-to-date: /root/dev_ws/install/lslidar_msgs/include/lslidar_msgs/lslidar_msgs/msg/rosidl_typesupport_fastrtps_cpp__visibility_control.h
[5.990s] -- Up-to-date: /root/dev_ws/install/lslidar_msgs/include/lslidar_msgs/lslidar_msgs/srv
[5.992s] -- Up-to-date: /root/dev_ws/install/lslidar_msgs/include/lslidar_msgs/lslidar_msgs/srv/detail
[5.994s] -- Up-to-date: /root/dev_ws/install/lslidar_msgs/include/lslidar_msgs/lslidar_msgs/srv/detail/angle_distortion_correction__rosidl_typesupport_fastrtps_cpp.hpp
[5.996s] -- Up-to-date: /root/dev_ws/install/lslidar_msgs/include/lslidar_msgs/lslidar_msgs/srv/detail/standby_mode__rosidl_typesupport_fastrtps_cpp.hpp
[5.998s] -- Up-to-date: /root/dev_ws/install/lslidar_msgs/include/lslidar_msgs/lslidar_msgs/srv/detail/tail_removal__rosidl_typesupport_fastrtps_cpp.hpp
[5.999s] -- Up-to-date: /root/dev_ws/install/lslidar_msgs/include/lslidar_msgs/lslidar_msgs/srv/detail/invalid_data__rosidl_typesupport_fastrtps_cpp.hpp
[6.000s] -- Up-to-date: /root/dev_ws/install/lslidar_msgs/include/lslidar_msgs/lslidar_msgs/srv/detail/dds_fastrtps
[6.001s] -- Up-to-date: /root/dev_ws/install/lslidar_msgs/include/lslidar_msgs/lslidar_msgs/srv/detail/motor_speed__rosidl_typesupport_fastrtps_cpp.hpp
[6.002s] -- Up-to-date: /root/dev_ws/install/lslidar_msgs/include/lslidar_msgs/lslidar_msgs/srv/detail/rfd_removal__rosidl_typesupport_fastrtps_cpp.hpp
[6.005s] -- Up-to-date: /root/dev_ws/install/lslidar_msgs/include/lslidar_msgs/lslidar_msgs/srv/detail/power_control__rosidl_typesupport_fastrtps_cpp.hpp
[6.009s] -- Up-to-date: /root/dev_ws/install/lslidar_msgs/include/lslidar_msgs/lslidar_msgs/srv/detail/motor_control__rosidl_typesupport_fastrtps_cpp.hpp
[6.011s] -- Up-to-date: /root/dev_ws/install/lslidar_msgs/include/lslidar_msgs/lslidar_msgs/srv/detail/ip_and_port__rosidl_typesupport_fastrtps_cpp.hpp
[6.012s] -- Up-to-date: /root/dev_ws/install/lslidar_msgs/include/lslidar_msgs/lslidar_msgs/srv/detail/time_mode__rosidl_typesupport_fastrtps_cpp.hpp
[6.013s] -- Up-to-date: /root/dev_ws/install/lslidar_msgs/include/lslidar_msgs/lslidar_msgs/srv/detail/frame_rate__rosidl_typesupport_fastrtps_cpp.hpp
[6.014s] -- Up-to-date: /root/dev_ws/install/lslidar_msgs/lib/liblslidar_msgs__rosidl_typesupport_fastrtps_cpp.so
[6.015s] -- Up-to-date: /root/dev_ws/install/lslidar_msgs/include/lslidar_msgs/lslidar_msgs
[6.016s] -- Up-to-date: /root/dev_ws/install/lslidar_msgs/include/lslidar_msgs/lslidar_msgs/msg
[6.017s] -- Up-to-date: /root/dev_ws/install/lslidar_msgs/include/lslidar_msgs/lslidar_msgs/msg/detail
[6.018s] -- Up-to-date: /root/dev_ws/install/lslidar_msgs/include/lslidar_msgs/lslidar_msgs/msg/detail/lslidar_information__type_support.cpp
[6.019s] -- Up-to-date: /root/dev_ws/install/lslidar_msgs/include/lslidar_msgs/lslidar_msgs/msg/detail/lslidar_packet__rosidl_typesupport_introspection_cpp.hpp
[6.020s] -- Up-to-date: /root/dev_ws/install/lslidar_msgs/include/lslidar_msgs/lslidar_msgs/msg/detail/lslidar_packet__type_support.cpp
[6.020s] -- Up-to-date: /root/dev_ws/install/lslidar_msgs/include/lslidar_msgs/lslidar_msgs/msg/detail/lslidar_information__rosidl_typesupport_introspection_cpp.hpp
[6.021s] -- Up-to-date: /root/dev_ws/install/lslidar_msgs/include/lslidar_msgs/lslidar_msgs/srv
[6.023s] -- Up-to-date: /root/dev_ws/install/lslidar_msgs/include/lslidar_msgs/lslidar_msgs/srv/detail
[6.025s] -- Up-to-date: /root/dev_ws/install/lslidar_msgs/include/lslidar_msgs/lslidar_msgs/srv/detail/frame_rate__type_support.cpp
[6.026s] -- Up-to-date: /root/dev_ws/install/lslidar_msgs/include/lslidar_msgs/lslidar_msgs/srv/detail/standby_mode__type_support.cpp
[6.026s] -- Up-to-date: /root/dev_ws/install/lslidar_msgs/include/lslidar_msgs/lslidar_msgs/srv/detail/tail_removal__rosidl_typesupport_introspection_cpp.hpp
[6.027s] -- Up-to-date: /root/dev_ws/install/lslidar_msgs/include/lslidar_msgs/lslidar_msgs/srv/detail/motor_speed__rosidl_typesupport_introspection_cpp.hpp
[6.028s] -- Up-to-date: /root/dev_ws/install/lslidar_msgs/include/lslidar_msgs/lslidar_msgs/srv/detail/frame_rate__rosidl_typesupport_introspection_cpp.hpp
[6.028s] -- Up-to-date: /root/dev_ws/install/lslidar_msgs/include/lslidar_msgs/lslidar_msgs/srv/detail/motor_speed__type_support.cpp
[6.029s] -- Up-to-date: /root/dev_ws/install/lslidar_msgs/include/lslidar_msgs/lslidar_msgs/srv/detail/motor_control__type_support.cpp
[6.030s] -- Up-to-date: /root/dev_ws/install/lslidar_msgs/include/lslidar_msgs/lslidar_msgs/srv/detail/invalid_data__rosidl_typesupport_introspection_cpp.hpp
[6.031s] -- Up-to-date: /root/dev_ws/install/lslidar_msgs/include/lslidar_msgs/lslidar_msgs/srv/detail/time_mode__type_support.cpp
[6.032s] -- Up-to-date: /root/dev_ws/install/lslidar_msgs/include/lslidar_msgs/lslidar_msgs/srv/detail/time_mode__rosidl_typesupport_introspection_cpp.hpp
[6.032s] -- Up-to-date: /root/dev_ws/install/lslidar_msgs/include/lslidar_msgs/lslidar_msgs/srv/detail/rfd_removal__type_support.cpp
[6.036s] -- Up-to-date: /root/dev_ws/install/lslidar_msgs/include/lslidar_msgs/lslidar_msgs/srv/detail/angle_distortion_correction__rosidl_typesupport_introspection_cpp.hpp
[6.037s] -- Up-to-date: /root/dev_ws/install/lslidar_msgs/include/lslidar_msgs/lslidar_msgs/srv/detail/power_control__rosidl_typesupport_introspection_cpp.hpp
[6.039s] -- Up-to-date: /root/dev_ws/install/lslidar_msgs/include/lslidar_msgs/lslidar_msgs/srv/detail/rfd_removal__rosidl_typesupport_introspection_cpp.hpp
[6.039s] -- Up-to-date: /root/dev_ws/install/lslidar_msgs/include/lslidar_msgs/lslidar_msgs/srv/detail/ip_and_port__rosidl_typesupport_introspection_cpp.hpp
[6.041s] -- Up-to-date: /root/dev_ws/install/lslidar_msgs/include/lslidar_msgs/lslidar_msgs/srv/detail/tail_removal__type_support.cpp
[6.043s] -- Up-to-date: /root/dev_ws/install/lslidar_msgs/include/lslidar_msgs/lslidar_msgs/srv/detail/invalid_data__type_support.cpp
[6.044s] -- Up-to-date: /root/dev_ws/install/lslidar_msgs/include/lslidar_msgs/lslidar_msgs/srv/detail/power_control__type_support.cpp
[6.044s] -- Up-to-date: /root/dev_ws/install/lslidar_msgs/include/lslidar_msgs/lslidar_msgs/srv/detail/standby_mode__rosidl_typesupport_introspection_cpp.hpp
[6.046s] -- Up-to-date: /root/dev_ws/install/lslidar_msgs/include/lslidar_msgs/lslidar_msgs/srv/detail/angle_distortion_correction__type_support.cpp
[6.048s] -- Up-to-date: /root/dev_ws/install/lslidar_msgs/include/lslidar_msgs/lslidar_msgs/srv/detail/motor_control__rosidl_typesupport_introspection_cpp.hpp
[6.049s] -- Up-to-date: /root/dev_ws/install/lslidar_msgs/include/lslidar_msgs/lslidar_msgs/srv/detail/ip_and_port__type_support.cpp
[6.050s] -- Up-to-date: /root/dev_ws/install/lslidar_msgs/lib/liblslidar_msgs__rosidl_typesupport_introspection_cpp.so
[6.052s] -- Up-to-date: /root/dev_ws/install/lslidar_msgs/lib/liblslidar_msgs__rosidl_typesupport_cpp.so
[6.057s] -- Up-to-date: /root/dev_ws/install/lslidar_msgs/share/lslidar_msgs/environment/pythonpath.sh
[6.059s] -- Up-to-date: /root/dev_ws/install/lslidar_msgs/share/lslidar_msgs/environment/pythonpath.dsv
[6.060s] -- Up-to-date: /root/dev_ws/install/lslidar_msgs/local/lib/python3.10/dist-packages/lslidar_msgs-5.1.1-py3.10.egg-info
[6.061s] -- Installing: /root/dev_ws/install/lslidar_msgs/local/lib/python3.10/dist-packages/lslidar_msgs-5.1.1-py3.10.egg-info/SOURCES.txt
[6.062s] -- Installing: /root/dev_ws/install/lslidar_msgs/local/lib/python3.10/dist-packages/lslidar_msgs-5.1.1-py3.10.egg-info/PKG-INFO
[6.064s] -- Installing: /root/dev_ws/install/lslidar_msgs/local/lib/python3.10/dist-packages/lslidar_msgs-5.1.1-py3.10.egg-info/dependency_links.txt
[6.065s] -- Installing: /root/dev_ws/install/lslidar_msgs/local/lib/python3.10/dist-packages/lslidar_msgs-5.1.1-py3.10.egg-info/top_level.txt
[6.067s] -- Up-to-date: /root/dev_ws/install/lslidar_msgs/local/lib/python3.10/dist-packages/lslidar_msgs
[6.069s] -- Up-to-date: /root/dev_ws/install/lslidar_msgs/local/lib/python3.10/dist-packages/lslidar_msgs/_lslidar_msgs_s.ep.rosidl_typesupport_introspection_c.c
[6.070s] -- Up-to-date: /root/dev_ws/install/lslidar_msgs/local/lib/python3.10/dist-packages/lslidar_msgs/msg
[6.071s] -- Up-to-date: /root/dev_ws/install/lslidar_msgs/local/lib/python3.10/dist-packages/lslidar_msgs/msg/_lslidar_packet_s.c
[6.074s] -- Up-to-date: /root/dev_ws/install/lslidar_msgs/local/lib/python3.10/dist-packages/lslidar_msgs/msg/_lslidar_information.py
[6.079s] -- Up-to-date: /root/dev_ws/install/lslidar_msgs/local/lib/python3.10/dist-packages/lslidar_msgs/msg/_lslidar_information_s.c
[6.082s] -- Up-to-date: /root/dev_ws/install/lslidar_msgs/local/lib/python3.10/dist-packages/lslidar_msgs/msg/__init__.py
[6.083s] -- Up-to-date: /root/dev_ws/install/lslidar_msgs/local/lib/python3.10/dist-packages/lslidar_msgs/msg/_lslidar_packet.py
[6.084s] -- Up-to-date: /root/dev_ws/install/lslidar_msgs/local/lib/python3.10/dist-packages/lslidar_msgs/liblslidar_msgs__rosidl_generator_py.so
[6.087s] -- Up-to-date: /root/dev_ws/install/lslidar_msgs/local/lib/python3.10/dist-packages/lslidar_msgs/_lslidar_msgs_s.ep.rosidl_typesupport_c.c
[6.088s] -- Up-to-date: /root/dev_ws/install/lslidar_msgs/local/lib/python3.10/dist-packages/lslidar_msgs/lslidar_msgs_s__rosidl_typesupport_fastrtps_c.cpython-310-aarch64-linux-gnu.so
[6.089s] -- Up-to-date: /root/dev_ws/install/lslidar_msgs/local/lib/python3.10/dist-packages/lslidar_msgs/lslidar_msgs_s__rosidl_typesupport_c.cpython-310-aarch64-linux-gnu.so
[6.092s] -- Up-to-date: /root/dev_ws/install/lslidar_msgs/local/lib/python3.10/dist-packages/lslidar_msgs/srv
[6.093s] -- Up-to-date: /root/dev_ws/install/lslidar_msgs/local/lib/python3.10/dist-packages/lslidar_msgs/srv/_motor_speed_s.c
[6.094s] -- Up-to-date: /root/dev_ws/install/lslidar_msgs/local/lib/python3.10/dist-packages/lslidar_msgs/srv/_tail_removal.py
[6.096s] -- Up-to-date: /root/dev_ws/install/lslidar_msgs/local/lib/python3.10/dist-packages/lslidar_msgs/srv/_angle_distortion_correction.py
[6.097s] -- Up-to-date: /root/dev_ws/install/lslidar_msgs/local/lib/python3.10/dist-packages/lslidar_msgs/srv/_frame_rate.py
[6.099s] -- Up-to-date: /root/dev_ws/install/lslidar_msgs/local/lib/python3.10/dist-packages/lslidar_msgs/srv/_motor_speed.py
[6.101s] -- Up-to-date: /root/dev_ws/install/lslidar_msgs/local/lib/python3.10/dist-packages/lslidar_msgs/srv/_tail_removal_s.c
[6.102s] -- Up-to-date: /root/dev_ws/install/lslidar_msgs/local/lib/python3.10/dist-packages/lslidar_msgs/srv/_motor_control_s.c
[6.103s] -- Up-to-date: /root/dev_ws/install/lslidar_msgs/local/lib/python3.10/dist-packages/lslidar_msgs/srv/_frame_rate_s.c
[6.104s] -- Up-to-date: /root/dev_ws/install/lslidar_msgs/local/lib/python3.10/dist-packages/lslidar_msgs/srv/_angle_distortion_correction_s.c
[6.105s] -- Up-to-date: /root/dev_ws/install/lslidar_msgs/local/lib/python3.10/dist-packages/lslidar_msgs/srv/_time_mode.py
[6.106s] -- Up-to-date: /root/dev_ws/install/lslidar_msgs/local/lib/python3.10/dist-packages/lslidar_msgs/srv/_motor_control.py
[6.107s] -- Up-to-date: /root/dev_ws/install/lslidar_msgs/local/lib/python3.10/dist-packages/lslidar_msgs/srv/_power_control.py
[6.110s] -- Up-to-date: /root/dev_ws/install/lslidar_msgs/local/lib/python3.10/dist-packages/lslidar_msgs/srv/_rfd_removal.py
[6.115s] -- Up-to-date: /root/dev_ws/install/lslidar_msgs/local/lib/python3.10/dist-packages/lslidar_msgs/srv/_standby_mode_s.c
[6.116s] -- Up-to-date: /root/dev_ws/install/lslidar_msgs/local/lib/python3.10/dist-packages/lslidar_msgs/srv/_time_mode_s.c
[6.116s] -- Up-to-date: /root/dev_ws/install/lslidar_msgs/local/lib/python3.10/dist-packages/lslidar_msgs/srv/_invalid_data_s.c
[6.117s] -- Up-to-date: /root/dev_ws/install/lslidar_msgs/local/lib/python3.10/dist-packages/lslidar_msgs/srv/_ip_and_port.py
[6.118s] -- Up-to-date: /root/dev_ws/install/lslidar_msgs/local/lib/python3.10/dist-packages/lslidar_msgs/srv/__init__.py
[6.119s] -- Up-to-date: /root/dev_ws/install/lslidar_msgs/local/lib/python3.10/dist-packages/lslidar_msgs/srv/_standby_mode.py
[6.120s] -- Up-to-date: /root/dev_ws/install/lslidar_msgs/local/lib/python3.10/dist-packages/lslidar_msgs/srv/_ip_and_port_s.c
[6.121s] -- Up-to-date: /root/dev_ws/install/lslidar_msgs/local/lib/python3.10/dist-packages/lslidar_msgs/srv/_rfd_removal_s.c
[6.122s] -- Up-to-date: /root/dev_ws/install/lslidar_msgs/local/lib/python3.10/dist-packages/lslidar_msgs/srv/_power_control_s.c
[6.124s] -- Up-to-date: /root/dev_ws/install/lslidar_msgs/local/lib/python3.10/dist-packages/lslidar_msgs/srv/_invalid_data.py
[6.125s] -- Up-to-date: /root/dev_ws/install/lslidar_msgs/local/lib/python3.10/dist-packages/lslidar_msgs/lslidar_msgs_s__rosidl_typesupport_introspection_c.cpython-310-aarch64-linux-gnu.so
[6.126s] -- Up-to-date: /root/dev_ws/install/lslidar_msgs/local/lib/python3.10/dist-packages/lslidar_msgs/__init__.py
[6.126s] -- Up-to-date: /root/dev_ws/install/lslidar_msgs/local/lib/python3.10/dist-packages/lslidar_msgs/_lslidar_msgs_s.ep.rosidl_typesupport_fastrtps_c.c
[6.275s] Listing '/root/dev_ws/install/lslidar_msgs/local/lib/python3.10/dist-packages/lslidar_msgs'...
[6.276s] Listing '/root/dev_ws/install/lslidar_msgs/local/lib/python3.10/dist-packages/lslidar_msgs/msg'...
[6.276s] Listing '/root/dev_ws/install/lslidar_msgs/local/lib/python3.10/dist-packages/lslidar_msgs/srv'...
[6.290s] -- Up-to-date: /root/dev_ws/install/lslidar_msgs/local/lib/python3.10/dist-packages/lslidar_msgs/lslidar_msgs_s__rosidl_typesupport_fastrtps_c.cpython-310-aarch64-linux-gnu.so
[6.291s] -- Up-to-date: /root/dev_ws/install/lslidar_msgs/local/lib/python3.10/dist-packages/lslidar_msgs/lslidar_msgs_s__rosidl_typesupport_introspection_c.cpython-310-aarch64-linux-gnu.so
[6.291s] -- Up-to-date: /root/dev_ws/install/lslidar_msgs/local/lib/python3.10/dist-packages/lslidar_msgs/lslidar_msgs_s__rosidl_typesupport_c.cpython-310-aarch64-linux-gnu.so
[6.292s] -- Up-to-date: /root/dev_ws/install/lslidar_msgs/lib/liblslidar_msgs__rosidl_generator_py.so
[6.293s] -- Up-to-date: /root/dev_ws/install/lslidar_msgs/share/lslidar_msgs/msg/LslidarInformation.idl
[6.294s] -- Up-to-date: /root/dev_ws/install/lslidar_msgs/share/lslidar_msgs/msg/LslidarPacket.idl
[6.294s] -- Up-to-date: /root/dev_ws/install/lslidar_msgs/share/lslidar_msgs/srv/AngleDistortionCorrection.idl
[6.295s] -- Up-to-date: /root/dev_ws/install/lslidar_msgs/share/lslidar_msgs/srv/FrameRate.idl
[6.296s] -- Up-to-date: /root/dev_ws/install/lslidar_msgs/share/lslidar_msgs/srv/InvalidData.idl
[6.296s] -- Up-to-date: /root/dev_ws/install/lslidar_msgs/share/lslidar_msgs/srv/IpAndPort.idl
[6.297s] -- Up-to-date: /root/dev_ws/install/lslidar_msgs/share/lslidar_msgs/srv/MotorControl.idl
[6.298s] -- Up-to-date: /root/dev_ws/install/lslidar_msgs/share/lslidar_msgs/srv/MotorSpeed.idl
[6.298s] -- Up-to-date: /root/dev_ws/install/lslidar_msgs/share/lslidar_msgs/srv/PowerControl.idl
[6.299s] -- Up-to-date: /root/dev_ws/install/lslidar_msgs/share/lslidar_msgs/srv/RfdRemoval.idl
[6.300s] -- Up-to-date: /root/dev_ws/install/lslidar_msgs/share/lslidar_msgs/srv/StandbyMode.idl
[6.300s] -- Up-to-date: /root/dev_ws/install/lslidar_msgs/share/lslidar_msgs/srv/TailRemoval.idl
[6.302s] -- Up-to-date: /root/dev_ws/install/lslidar_msgs/share/lslidar_msgs/srv/TimeMode.idl
[6.302s] -- Up-to-date: /root/dev_ws/install/lslidar_msgs/share/lslidar_msgs/msg/LslidarInformation.msg
[6.303s] -- Up-to-date: /root/dev_ws/install/lslidar_msgs/share/lslidar_msgs/msg/LslidarPacket.msg
[6.305s] -- Up-to-date: /root/dev_ws/install/lslidar_msgs/share/lslidar_msgs/srv/AngleDistortionCorrection.srv
[6.306s] -- Up-to-date: /root/dev_ws/install/lslidar_msgs/share/lslidar_msgs/srv/AngleDistortionCorrection_Request.msg
[6.308s] -- Up-to-date: /root/dev_ws/install/lslidar_msgs/share/lslidar_msgs/srv/AngleDistortionCorrection_Response.msg
[6.310s] -- Up-to-date: /root/dev_ws/install/lslidar_msgs/share/lslidar_msgs/srv/FrameRate.srv
[6.311s] -- Up-to-date: /root/dev_ws/install/lslidar_msgs/share/lslidar_msgs/srv/FrameRate_Request.msg
[6.313s] -- Up-to-date: /root/dev_ws/install/lslidar_msgs/share/lslidar_msgs/srv/FrameRate_Response.msg
[6.314s] -- Up-to-date: /root/dev_ws/install/lslidar_msgs/share/lslidar_msgs/srv/InvalidData.srv
[6.314s] -- Up-to-date: /root/dev_ws/install/lslidar_msgs/share/lslidar_msgs/srv/InvalidData_Request.msg
[6.316s] -- Up-to-date: /root/dev_ws/install/lslidar_msgs/share/lslidar_msgs/srv/InvalidData_Response.msg
[6.324s] -- Up-to-date: /root/dev_ws/install/lslidar_msgs/share/lslidar_msgs/srv/IpAndPort.srv
[6.327s] -- Up-to-date: /root/dev_ws/install/lslidar_msgs/share/lslidar_msgs/srv/IpAndPort_Request.msg
[6.332s] -- Up-to-date: /root/dev_ws/install/lslidar_msgs/share/lslidar_msgs/srv/IpAndPort_Response.msg
[6.333s] -- Up-to-date: /root/dev_ws/install/lslidar_msgs/share/lslidar_msgs/srv/MotorControl.srv
[6.335s] -- Up-to-date: /root/dev_ws/install/lslidar_msgs/share/lslidar_msgs/srv/MotorControl_Request.msg
[6.337s] -- Up-to-date: /root/dev_ws/install/lslidar_msgs/share/lslidar_msgs/srv/MotorControl_Response.msg
[6.338s] -- Up-to-date: /root/dev_ws/install/lslidar_msgs/share/lslidar_msgs/srv/MotorSpeed.srv
[6.340s] -- Up-to-date: /root/dev_ws/install/lslidar_msgs/share/lslidar_msgs/srv/MotorSpeed_Request.msg
[6.341s] -- Up-to-date: /root/dev_ws/install/lslidar_msgs/share/lslidar_msgs/srv/MotorSpeed_Response.msg
[6.343s] -- Up-to-date: /root/dev_ws/install/lslidar_msgs/share/lslidar_msgs/srv/PowerControl.srv
[6.346s] -- Up-to-date: /root/dev_ws/install/lslidar_msgs/share/lslidar_msgs/srv/PowerControl_Request.msg
[6.348s] -- Up-to-date: /root/dev_ws/install/lslidar_msgs/share/lslidar_msgs/srv/PowerControl_Response.msg
[6.349s] -- Up-to-date: /root/dev_ws/install/lslidar_msgs/share/lslidar_msgs/srv/RfdRemoval.srv
[6.350s] -- Up-to-date: /root/dev_ws/install/lslidar_msgs/share/lslidar_msgs/srv/RfdRemoval_Request.msg
[6.351s] -- Up-to-date: /root/dev_ws/install/lslidar_msgs/share/lslidar_msgs/srv/RfdRemoval_Response.msg
[6.352s] -- Up-to-date: /root/dev_ws/install/lslidar_msgs/share/lslidar_msgs/srv/StandbyMode.srv
[6.354s] -- Up-to-date: /root/dev_ws/install/lslidar_msgs/share/lslidar_msgs/srv/StandbyMode_Request.msg
[6.357s] -- Up-to-date: /root/dev_ws/install/lslidar_msgs/share/lslidar_msgs/srv/StandbyMode_Response.msg
[6.361s] -- Up-to-date: /root/dev_ws/install/lslidar_msgs/share/lslidar_msgs/srv/TailRemoval.srv
[6.362s] -- Up-to-date: /root/dev_ws/install/lslidar_msgs/share/lslidar_msgs/srv/TailRemoval_Request.msg
[6.363s] -- Up-to-date: /root/dev_ws/install/lslidar_msgs/share/lslidar_msgs/srv/TailRemoval_Response.msg
[6.364s] -- Up-to-date: /root/dev_ws/install/lslidar_msgs/share/lslidar_msgs/srv/TimeMode.srv
[6.365s] -- Up-to-date: /root/dev_ws/install/lslidar_msgs/share/lslidar_msgs/srv/TimeMode_Request.msg
[6.366s] -- Up-to-date: /root/dev_ws/install/lslidar_msgs/share/lslidar_msgs/srv/TimeMode_Response.msg
[6.367s] -- Up-to-date: /root/dev_ws/install/lslidar_msgs/share/ament_index/resource_index/package_run_dependencies/lslidar_msgs
[6.368s] -- Up-to-date: /root/dev_ws/install/lslidar_msgs/share/ament_index/resource_index/parent_prefix_path/lslidar_msgs
[6.369s] -- Up-to-date: /root/dev_ws/install/lslidar_msgs/share/lslidar_msgs/environment/ament_prefix_path.sh
[6.369s] -- Up-to-date: /root/dev_ws/install/lslidar_msgs/share/lslidar_msgs/environment/ament_prefix_path.dsv
[6.370s] -- Up-to-date: /root/dev_ws/install/lslidar_msgs/share/lslidar_msgs/environment/path.sh
[6.371s] -- Up-to-date: /root/dev_ws/install/lslidar_msgs/share/lslidar_msgs/environment/path.dsv
[6.372s] -- Up-to-date: /root/dev_ws/install/lslidar_msgs/share/lslidar_msgs/local_setup.bash
[6.374s] -- Up-to-date: /root/dev_ws/install/lslidar_msgs/share/lslidar_msgs/local_setup.sh
[6.374s] -- Up-to-date: /root/dev_ws/install/lslidar_msgs/share/lslidar_msgs/local_setup.zsh
[6.375s] -- Up-to-date: /root/dev_ws/install/lslidar_msgs/share/lslidar_msgs/local_setup.dsv
[6.376s] -- Installing: /root/dev_ws/install/lslidar_msgs/share/lslidar_msgs/package.dsv
[6.377s] -- Up-to-date: /root/dev_ws/install/lslidar_msgs/share/ament_index/resource_index/packages/lslidar_msgs
[6.385s] -- Up-to-date: /root/dev_ws/install/lslidar_msgs/share/lslidar_msgs/cmake/export_lslidar_msgs__rosidl_generator_cExport.cmake
[6.387s] -- Up-to-date: /root/dev_ws/install/lslidar_msgs/share/lslidar_msgs/cmake/export_lslidar_msgs__rosidl_generator_cExport-noconfig.cmake
[6.389s] -- Up-to-date: /root/dev_ws/install/lslidar_msgs/share/lslidar_msgs/cmake/export_lslidar_msgs__rosidl_typesupport_fastrtps_cExport.cmake
[6.391s] -- Up-to-date: /root/dev_ws/install/lslidar_msgs/share/lslidar_msgs/cmake/export_lslidar_msgs__rosidl_typesupport_fastrtps_cExport-noconfig.cmake
[6.394s] -- Up-to-date: /root/dev_ws/install/lslidar_msgs/share/lslidar_msgs/cmake/lslidar_msgs__rosidl_typesupport_introspection_cExport.cmake
[6.395s] -- Up-to-date: /root/dev_ws/install/lslidar_msgs/share/lslidar_msgs/cmake/lslidar_msgs__rosidl_typesupport_introspection_cExport-noconfig.cmake
[6.396s] -- Up-to-date: /root/dev_ws/install/lslidar_msgs/share/lslidar_msgs/cmake/lslidar_msgs__rosidl_typesupport_cExport.cmake
[6.399s] -- Up-to-date: /root/dev_ws/install/lslidar_msgs/share/lslidar_msgs/cmake/lslidar_msgs__rosidl_typesupport_cExport-noconfig.cmake
[6.399s] -- Up-to-date: /root/dev_ws/install/lslidar_msgs/share/lslidar_msgs/cmake/export_lslidar_msgs__rosidl_generator_cppExport.cmake
[6.400s] -- Up-to-date: /root/dev_ws/install/lslidar_msgs/share/lslidar_msgs/cmake/export_lslidar_msgs__rosidl_typesupport_fastrtps_cppExport.cmake
[6.404s] -- Up-to-date: /root/dev_ws/install/lslidar_msgs/share/lslidar_msgs/cmake/export_lslidar_msgs__rosidl_typesupport_fastrtps_cppExport-noconfig.cmake
[6.406s] -- Up-to-date: /root/dev_ws/install/lslidar_msgs/share/lslidar_msgs/cmake/lslidar_msgs__rosidl_typesupport_introspection_cppExport.cmake
[6.407s] -- Up-to-date: /root/dev_ws/install/lslidar_msgs/share/lslidar_msgs/cmake/lslidar_msgs__rosidl_typesupport_introspection_cppExport-noconfig.cmake
[6.409s] -- Up-to-date: /root/dev_ws/install/lslidar_msgs/share/lslidar_msgs/cmake/lslidar_msgs__rosidl_typesupport_cppExport.cmake
[6.411s] -- Up-to-date: /root/dev_ws/install/lslidar_msgs/share/lslidar_msgs/cmake/lslidar_msgs__rosidl_typesupport_cppExport-noconfig.cmake
[6.412s] -- Up-to-date: /root/dev_ws/install/lslidar_msgs/share/lslidar_msgs/cmake/export_lslidar_msgs__rosidl_generator_pyExport.cmake
[6.413s] -- Up-to-date: /root/dev_ws/install/lslidar_msgs/share/lslidar_msgs/cmake/export_lslidar_msgs__rosidl_generator_pyExport-noconfig.cmake
[6.415s] -- Up-to-date: /root/dev_ws/install/lslidar_msgs/share/lslidar_msgs/cmake/rosidl_cmake-extras.cmake
[6.416s] -- Up-to-date: /root/dev_ws/install/lslidar_msgs/share/lslidar_msgs/cmake/ament_cmake_export_dependencies-extras.cmake
[6.418s] -- Up-to-date: /root/dev_ws/install/lslidar_msgs/share/lslidar_msgs/cmake/ament_cmake_export_include_directories-extras.cmake
[6.422s] -- Up-to-date: /root/dev_ws/install/lslidar_msgs/share/lslidar_msgs/cmake/ament_cmake_export_libraries-extras.cmake
[6.426s] -- Up-to-date: /root/dev_ws/install/lslidar_msgs/share/lslidar_msgs/cmake/ament_cmake_export_targets-extras.cmake
[6.430s] -- Up-to-date: /root/dev_ws/install/lslidar_msgs/share/lslidar_msgs/cmake/rosidl_cmake_export_typesupport_targets-extras.cmake
[6.431s] -- Up-to-date: /root/dev_ws/install/lslidar_msgs/share/lslidar_msgs/cmake/rosidl_cmake_export_typesupport_libraries-extras.cmake
[6.434s] -- Up-to-date: /root/dev_ws/install/lslidar_msgs/share/lslidar_msgs/cmake/lslidar_msgsConfig.cmake
[6.435s] -- Up-to-date: /root/dev_ws/install/lslidar_msgs/share/lslidar_msgs/cmake/lslidar_msgsConfig-version.cmake
[6.437s] -- Up-to-date: /root/dev_ws/install/lslidar_msgs/share/lslidar_msgs/package.xml
[6.469s] Invoked command in '/root/dev_ws/build/lslidar_msgs' returned '0': CMAKE_PREFIX_PATH=${CMAKE_PREFIX_PATH}:/root/dev_ws/install/line_follower_pkg:/root/dev_ws/install/laser_tf_publisher:/userdata/dev_ws/install/utils:/userdata/dev_ws/install/origincar_base:/userdata/dev_ws/install/serial:/userdata/dev_ws/install/origincar_msg:/userdata/dev_ws/install/origincar_description:/userdata/dev_ws/install/origincar_bringup:/userdata/dev_ws/install/line_follower_pkg:/userdata/dev_ws/install/ackermann_msgs:/opt/tros/humble:/opt/ros/humble /usr/bin/cmake --install /root/dev_ws/build/lslidar_msgs
