[7.368s] Invoking command in '/root/dev_ws/src/origincar/line_follower_pkg': PYTHONPATH=/root/dev_ws/build/line_follower_pkg/prefix_override:/usr/lib/python3/dist-packages/colcon_core/task/python/colcon_distutils_commands:/root/dev_ws/install/line_follower_pkg/lib/python3.10/site-packages:${PYTHONPATH} /usr/bin/python3 -W ignore:setup.py install is deprecated -W ignore:easy_install command is deprecated setup.py egg_info --egg-base ../../../build/line_follower_pkg build --build-base /root/dev_ws/build/line_follower_pkg/build install --record /root/dev_ws/build/line_follower_pkg/install.log --single-version-externally-managed install_data
[9.150s] running egg_info
[9.155s] writing ../../../build/line_follower_pkg/line_follower_pkg.egg-info/PKG-INFO
[9.156s] writing dependency_links to ../../../build/line_follower_pkg/line_follower_pkg.egg-info/dependency_links.txt
[9.157s] writing entry points to ../../../build/line_follower_pkg/line_follower_pkg.egg-info/entry_points.txt
[9.157s] writing requirements to ../../../build/line_follower_pkg/line_follower_pkg.egg-info/requires.txt
[9.158s] writing top-level names to ../../../build/line_follower_pkg/line_follower_pkg.egg-info/top_level.txt
[9.168s] reading manifest file '../../../build/line_follower_pkg/line_follower_pkg.egg-info/SOURCES.txt'
[9.173s] writing manifest file '../../../build/line_follower_pkg/line_follower_pkg.egg-info/SOURCES.txt'
[9.174s] running build
[9.174s] running build_py
[9.175s] running install
[9.177s] running install_lib
[9.184s] running install_data
[9.185s] running install_egg_info
[9.196s] removing '/root/dev_ws/install/line_follower_pkg/lib/python3.10/site-packages/line_follower_pkg-0.0.1-py3.10.egg-info' (and everything under it)
[9.197s] Copying ../../../build/line_follower_pkg/line_follower_pkg.egg-info to /root/dev_ws/install/line_follower_pkg/lib/python3.10/site-packages/line_follower_pkg-0.0.1-py3.10.egg-info
[9.201s] running install_scripts
[9.330s] Installing line_follower script to /root/dev_ws/install/line_follower_pkg/lib/line_follower_pkg
[9.332s] writing list of installed files to '/root/dev_ws/build/line_follower_pkg/install.log'
[9.534s] Invoked command in '/root/dev_ws/src/origincar/line_follower_pkg' returned '0': PYTHONPATH=/root/dev_ws/build/line_follower_pkg/prefix_override:/usr/lib/python3/dist-packages/colcon_core/task/python/colcon_distutils_commands:/root/dev_ws/install/line_follower_pkg/lib/python3.10/site-packages:${PYTHONPATH} /usr/bin/python3 -W ignore:setup.py install is deprecated -W ignore:easy_install command is deprecated setup.py egg_info --egg-base ../../../build/line_follower_pkg build --build-base /root/dev_ws/build/line_follower_pkg/build install --record /root/dev_ws/build/line_follower_pkg/install.log --single-version-externally-managed install_data
