[0.229s] Invoking command in '/root/dev_ws/build/serial': CMAKE_PREFIX_PATH=${CMAKE_PREFIX_PATH}:/root/dev_ws/install/line_follower_pkg:/root/dev_ws/install/laser_tf_publisher:/userdata/dev_ws/install/utils:/userdata/dev_ws/install/origincar_base:/userdata/dev_ws/install/serial:/userdata/dev_ws/install/origincar_msg:/userdata/dev_ws/install/origincar_description:/userdata/dev_ws/install/origincar_bringup:/userdata/dev_ws/install/line_follower_pkg:/userdata/dev_ws/install/ackermann_msgs:/opt/tros/humble:/opt/ros/humble /usr/bin/cmake --build /root/dev_ws/build/serial -- -j8 -l8
[4.517s] [100%] Built target serial
[4.548s] Invoked command in '/root/dev_ws/build/serial' returned '0': CMAKE_PREFIX_PATH=${CMAKE_PREFIX_PATH}:/root/dev_ws/install/line_follower_pkg:/root/dev_ws/install/laser_tf_publisher:/userdata/dev_ws/install/utils:/userdata/dev_ws/install/origincar_base:/userdata/dev_ws/install/serial:/userdata/dev_ws/install/origincar_msg:/userdata/dev_ws/install/origincar_description:/userdata/dev_ws/install/origincar_bringup:/userdata/dev_ws/install/line_follower_pkg:/userdata/dev_ws/install/ackermann_msgs:/opt/tros/humble:/opt/ros/humble /usr/bin/cmake --build /root/dev_ws/build/serial -- -j8 -l8
[4.555s] Invoking command in '/root/dev_ws/build/serial': CMAKE_PREFIX_PATH=${CMAKE_PREFIX_PATH}:/root/dev_ws/install/line_follower_pkg:/root/dev_ws/install/laser_tf_publisher:/userdata/dev_ws/install/utils:/userdata/dev_ws/install/origincar_base:/userdata/dev_ws/install/serial:/userdata/dev_ws/install/origincar_msg:/userdata/dev_ws/install/origincar_description:/userdata/dev_ws/install/origincar_bringup:/userdata/dev_ws/install/line_follower_pkg:/userdata/dev_ws/install/ackermann_msgs:/opt/tros/humble:/opt/ros/humble /usr/bin/cmake --install /root/dev_ws/build/serial
[4.734s] -- Install configuration: ""
[4.736s] -- Up-to-date: /root/dev_ws/install/serial/lib/libserial.a
[4.738s] -- Up-to-date: /root/dev_ws/install/serial/share/serial/environment/library_path.sh
[4.739s] -- Up-to-date: /root/dev_ws/install/serial/share/serial/environment/library_path.dsv
[4.741s] -- Up-to-date: /root/dev_ws/install/serial/include/serial
[4.743s] -- Up-to-date: /root/dev_ws/install/serial/include/serial/impl
[4.755s] -- Up-to-date: /root/dev_ws/install/serial/include/serial/impl/unix.h
[4.756s] -- Up-to-date: /root/dev_ws/install/serial/include/serial/impl/win.h
[4.758s] -- Up-to-date: /root/dev_ws/install/serial/include/serial/serial.h
[4.761s] -- Up-to-date: /root/dev_ws/install/serial/include/serial/v8stdint.h
[4.762s] -- Up-to-date: /root/dev_ws/install/serial/share/ament_index/resource_index/package_run_dependencies/serial
[4.764s] -- Up-to-date: /root/dev_ws/install/serial/share/ament_index/resource_index/parent_prefix_path/serial
[4.768s] -- Up-to-date: /root/dev_ws/install/serial/share/serial/environment/ament_prefix_path.sh
[4.770s] -- Up-to-date: /root/dev_ws/install/serial/share/serial/environment/ament_prefix_path.dsv
[4.775s] -- Up-to-date: /root/dev_ws/install/serial/share/serial/environment/path.sh
[4.776s] -- Up-to-date: /root/dev_ws/install/serial/share/serial/environment/path.dsv
[4.778s] -- Up-to-date: /root/dev_ws/install/serial/share/serial/local_setup.bash
[4.782s] -- Up-to-date: /root/dev_ws/install/serial/share/serial/local_setup.sh
[4.783s] -- Up-to-date: /root/dev_ws/install/serial/share/serial/local_setup.zsh
[4.785s] -- Up-to-date: /root/dev_ws/install/serial/share/serial/local_setup.dsv
[4.786s] -- Installing: /root/dev_ws/install/serial/share/serial/package.dsv
[4.787s] -- Up-to-date: /root/dev_ws/install/serial/share/ament_index/resource_index/packages/serial
[4.788s] -- Up-to-date: /root/dev_ws/install/serial/share/serial/cmake/ament_cmake_export_include_directories-extras.cmake
[4.789s] -- Up-to-date: /root/dev_ws/install/serial/share/serial/cmake/ament_cmake_export_libraries-extras.cmake
[4.793s] -- Up-to-date: /root/dev_ws/install/serial/share/serial/cmake/ament_cmake_export_dependencies-extras.cmake
[4.796s] -- Up-to-date: /root/dev_ws/install/serial/share/serial/cmake/serialConfig.cmake
[4.797s] -- Up-to-date: /root/dev_ws/install/serial/share/serial/cmake/serialConfig-version.cmake
[4.798s] -- Up-to-date: /root/dev_ws/install/serial/share/serial/package.xml
[5.677s] Invoked command in '/root/dev_ws/build/serial' returned '0': CMAKE_PREFIX_PATH=${CMAKE_PREFIX_PATH}:/root/dev_ws/install/line_follower_pkg:/root/dev_ws/install/laser_tf_publisher:/userdata/dev_ws/install/utils:/userdata/dev_ws/install/origincar_base:/userdata/dev_ws/install/serial:/userdata/dev_ws/install/origincar_msg:/userdata/dev_ws/install/origincar_description:/userdata/dev_ws/install/origincar_bringup:/userdata/dev_ws/install/line_follower_pkg:/userdata/dev_ws/install/ackermann_msgs:/opt/tros/humble:/opt/ros/humble /usr/bin/cmake --install /root/dev_ws/build/serial
