[0.242s] Invoking command in '/root/dev_ws/build/serial': CMAKE_PREFIX_PATH=${CMAKE_PREFIX_PATH}:/root/dev_ws/install/line_follower_pkg:/root/dev_ws/install/laser_tf_publisher:/userdata/dev_ws/install/utils:/userdata/dev_ws/install/origincar_base:/userdata/dev_ws/install/serial:/userdata/dev_ws/install/origincar_msg:/userdata/dev_ws/install/origincar_description:/userdata/dev_ws/install/origincar_bringup:/userdata/dev_ws/install/line_follower_pkg:/userdata/dev_ws/install/ackermann_msgs:/opt/tros/humble:/opt/ros/humble /usr/bin/cmake --build /root/dev_ws/build/serial -- -j8 -l8
[4.583s] [100%] Built target serial
[4.619s] Invoked command in '/root/dev_ws/build/serial' returned '0': CMAKE_PREFIX_PATH=${CMAKE_PREFIX_PATH}:/root/dev_ws/install/line_follower_pkg:/root/dev_ws/install/laser_tf_publisher:/userdata/dev_ws/install/utils:/userdata/dev_ws/install/origincar_base:/userdata/dev_ws/install/serial:/userdata/dev_ws/install/origincar_msg:/userdata/dev_ws/install/origincar_description:/userdata/dev_ws/install/origincar_bringup:/userdata/dev_ws/install/line_follower_pkg:/userdata/dev_ws/install/ackermann_msgs:/opt/tros/humble:/opt/ros/humble /usr/bin/cmake --build /root/dev_ws/build/serial -- -j8 -l8
[4.626s] Invoking command in '/root/dev_ws/build/serial': CMAKE_PREFIX_PATH=${CMAKE_PREFIX_PATH}:/root/dev_ws/install/line_follower_pkg:/root/dev_ws/install/laser_tf_publisher:/userdata/dev_ws/install/utils:/userdata/dev_ws/install/origincar_base:/userdata/dev_ws/install/serial:/userdata/dev_ws/install/origincar_msg:/userdata/dev_ws/install/origincar_description:/userdata/dev_ws/install/origincar_bringup:/userdata/dev_ws/install/line_follower_pkg:/userdata/dev_ws/install/ackermann_msgs:/opt/tros/humble:/opt/ros/humble /usr/bin/cmake --install /root/dev_ws/build/serial
[4.791s] -- Install configuration: ""
[4.792s] -- Up-to-date: /root/dev_ws/install/serial/lib/libserial.a
[4.793s] -- Up-to-date: /root/dev_ws/install/serial/share/serial/environment/library_path.sh
[4.794s] -- Up-to-date: /root/dev_ws/install/serial/share/serial/environment/library_path.dsv
[4.798s] -- Up-to-date: /root/dev_ws/install/serial/include/serial
[4.799s] -- Up-to-date: /root/dev_ws/install/serial/include/serial/impl
[4.800s] -- Up-to-date: /root/dev_ws/install/serial/include/serial/impl/unix.h
[4.801s] -- Up-to-date: /root/dev_ws/install/serial/include/serial/impl/win.h
[4.804s] -- Up-to-date: /root/dev_ws/install/serial/include/serial/serial.h
[4.805s] -- Up-to-date: /root/dev_ws/install/serial/include/serial/v8stdint.h
[4.806s] -- Up-to-date: /root/dev_ws/install/serial/share/ament_index/resource_index/package_run_dependencies/serial
[4.809s] -- Up-to-date: /root/dev_ws/install/serial/share/ament_index/resource_index/parent_prefix_path/serial
[4.809s] -- Up-to-date: /root/dev_ws/install/serial/share/serial/environment/ament_prefix_path.sh
[4.812s] -- Up-to-date: /root/dev_ws/install/serial/share/serial/environment/ament_prefix_path.dsv
[4.815s] -- Up-to-date: /root/dev_ws/install/serial/share/serial/environment/path.sh
[4.824s] -- Up-to-date: /root/dev_ws/install/serial/share/serial/environment/path.dsv
[4.826s] -- Up-to-date: /root/dev_ws/install/serial/share/serial/local_setup.bash
[4.827s] -- Up-to-date: /root/dev_ws/install/serial/share/serial/local_setup.sh
[4.827s] -- Up-to-date: /root/dev_ws/install/serial/share/serial/local_setup.zsh
[4.828s] -- Up-to-date: /root/dev_ws/install/serial/share/serial/local_setup.dsv
[4.830s] -- Installing: /root/dev_ws/install/serial/share/serial/package.dsv
[4.832s] -- Up-to-date: /root/dev_ws/install/serial/share/ament_index/resource_index/packages/serial
[4.833s] -- Up-to-date: /root/dev_ws/install/serial/share/serial/cmake/ament_cmake_export_include_directories-extras.cmake
[4.835s] -- Up-to-date: /root/dev_ws/install/serial/share/serial/cmake/ament_cmake_export_libraries-extras.cmake
[4.839s] -- Up-to-date: /root/dev_ws/install/serial/share/serial/cmake/ament_cmake_export_dependencies-extras.cmake
[4.840s] -- Up-to-date: /root/dev_ws/install/serial/share/serial/cmake/serialConfig.cmake
[4.847s] -- Up-to-date: /root/dev_ws/install/serial/share/serial/cmake/serialConfig-version.cmake
[4.848s] -- Up-to-date: /root/dev_ws/install/serial/share/serial/package.xml
[5.733s] Invoked command in '/root/dev_ws/build/serial' returned '0': CMAKE_PREFIX_PATH=${CMAKE_PREFIX_PATH}:/root/dev_ws/install/line_follower_pkg:/root/dev_ws/install/laser_tf_publisher:/userdata/dev_ws/install/utils:/userdata/dev_ws/install/origincar_base:/userdata/dev_ws/install/serial:/userdata/dev_ws/install/origincar_msg:/userdata/dev_ws/install/origincar_description:/userdata/dev_ws/install/origincar_bringup:/userdata/dev_ws/install/line_follower_pkg:/userdata/dev_ws/install/ackermann_msgs:/opt/tros/humble:/opt/ros/humble /usr/bin/cmake --install /root/dev_ws/build/serial
